<?xml version="1.0" encoding="UTF-8"?>
<testsuite xmlns:xsi="http://www.w3.org/2001/XMLSchema-instance" xsi:noNamespaceSchemaLocation="https://maven.apache.org/surefire/maven-failsafe-plugin/xsd/failsafe-test-report-3.0.xsd" version="3.0" name="starter.CucumberTestSuite" time="42.741" tests="1" errors="0" skipped="0" failures="0">
  <properties>
    <property name="sun.desktop" value="windows"/>
    <property name="awt.toolkit" value="sun.awt.windows.WToolkit"/>
    <property name="java.specification.version" value="11"/>
    <property name="webdriver.chrome.driver" value="C:\Users\alimu\.cache\selenium\chromedriver\win32\114.0.5735.90\chromedriver.exe"/>
    <property name="sun.cpu.isalist" value="amd64"/>
    <property name="sun.jnu.encoding" value="Cp1252"/>
    <property name="java.class.path" value="D:\CapstoneWeb\target\test-classes;C:\Users\alimu\.m2\repository\net\serenity-bdd\serenity-core\3.6.21\serenity-core-3.6.21.jar;C:\Users\alimu\.m2\repository\net\serenity-bdd\serenity-model\3.6.21\serenity-model-3.6.21.jar;C:\Users\alimu\.m2\repository\org\apache\commons\commons-text\1.10.0\commons-text-1.10.0.jar;C:\Users\alimu\.m2\repository\commons-net\commons-net\3.9.0\commons-net-3.9.0.jar;C:\Users\alimu\.m2\repository\com\google\guava\guava\31.1-jre\guava-31.1-jre.jar;C:\Users\alimu\.m2\repository\com\google\guava\failureaccess\1.0.1\failureaccess-1.0.1.jar;C:\Users\alimu\.m2\repository\com\google\guava\listenablefuture\9999.0-empty-to-avoid-conflict-with-guava\listenablefuture-9999.0-empty-to-avoid-conflict-with-guava.jar;C:\Users\alimu\.m2\repository\com\google\code\findbugs\jsr305\3.0.2\jsr305-3.0.2.jar;C:\Users\alimu\.m2\repository\org\checkerframework\checker-qual\3.12.0\checker-qual-3.12.0.jar;C:\Users\alimu\.m2\repository\com\google\errorprone\error_prone_annotations\2.11.0\error_prone_annotations-2.11.0.jar;C:\Users\alimu\.m2\repository\com\google\j2objc\j2objc-annotations\1.3\j2objc-annotations-1.3.jar;C:\Users\alimu\.m2\repository\com\google\inject\guice\5.1.0\guice-5.1.0.jar;C:\Users\alimu\.m2\repository\javax\inject\javax.inject\1\javax.inject-1.jar;C:\Users\alimu\.m2\repository\aopalliance\aopalliance\1.0\aopalliance-1.0.jar;C:\Users\alimu\.m2\repository\org\jsoup\jsoup\1.14.3\jsoup-1.14.3.jar;C:\Users\alimu\.m2\repository\com\thoughtworks\xstream\xstream\1.4.20\xstream-1.4.20.jar;C:\Users\alimu\.m2\repository\io\github\x-stream\mxparser\1.2.2\mxparser-1.2.2.jar;C:\Users\alimu\.m2\repository\xmlpull\xmlpull\1.1.3.1\xmlpull-1.1.3.1.jar;C:\Users\alimu\.m2\repository\com\typesafe\config\1.4.2\config-1.4.2.jar;C:\Users\alimu\.m2\repository\org\imgscalr\imgscalr-lib\4.2\imgscalr-lib-4.2.jar;C:\Users\alimu\.m2\repository\org\awaitility\awaitility\4.2.0\awaitility-4.2.0.jar;C:\Users\alimu\.m2\repository\org\freemarker\freemarker\2.3.31\freemarker-2.3.31.jar;C:\Users\alimu\.m2\repository\io\github\classgraph\classgraph\4.8.138\classgraph-4.8.138.jar;C:\Users\alimu\.m2\repository\net\sourceforge\jexcelapi\jxl\2.6.12\jxl-2.6.12.jar;C:\Users\alimu\.m2\repository\net\bytebuddy\byte-buddy-agent\1.14.2\byte-buddy-agent-1.14.2.jar;C:\Users\alimu\.m2\repository\org\objenesis\objenesis\3.3\objenesis-3.3.jar;C:\Users\alimu\.m2\repository\net\serenity-bdd\serenity-reports\3.6.21\serenity-reports-3.6.21.jar;C:\Users\alimu\.m2\repository\net\serenity-bdd\serenity-stats\3.6.21\serenity-stats-3.6.21.jar;C:\Users\alimu\.m2\repository\net\serenity-bdd\serenity-reports-configuration\3.6.21\serenity-reports-configuration-3.6.21.jar;C:\Users\alimu\.m2\repository\com\vladsch\flexmark\flexmark-all\0.62.2\flexmark-all-0.62.2.jar;C:\Users\alimu\.m2\repository\com\vladsch\flexmark\flexmark\0.62.2\flexmark-0.62.2.jar;C:\Users\alimu\.m2\repository\com\vladsch\flexmark\flexmark-ext-abbreviation\0.62.2\flexmark-ext-abbreviation-0.62.2.jar;C:\Users\alimu\.m2\repository\com\vladsch\flexmark\flexmark-util\0.62.2\flexmark-util-0.62.2.jar;C:\Users\alimu\.m2\repository\com\vladsch\flexmark\flexmark-ext-admonition\0.62.2\flexmark-ext-admonition-0.62.2.jar;C:\Users\alimu\.m2\repository\com\vladsch\flexmark\flexmark-ext-anchorlink\0.62.2\flexmark-ext-anchorlink-0.62.2.jar;C:\Users\alimu\.m2\repository\com\vladsch\flexmark\flexmark-ext-aside\0.62.2\flexmark-ext-aside-0.62.2.jar;C:\Users\alimu\.m2\repository\com\vladsch\flexmark\flexmark-ext-attributes\0.62.2\flexmark-ext-attributes-0.62.2.jar;C:\Users\alimu\.m2\repository\com\vladsch\flexmark\flexmark-ext-autolink\0.62.2\flexmark-ext-autolink-0.62.2.jar;C:\Users\alimu\.m2\repository\org\nibor\autolink\autolink\0.6.0\autolink-0.6.0.jar;C:\Users\alimu\.m2\repository\com\vladsch\flexmark\flexmark-ext-definition\0.62.2\flexmark-ext-definition-0.62.2.jar;C:\Users\alimu\.m2\repository\com\vladsch\flexmark\flexmark-ext-emoji\0.62.2\flexmark-ext-emoji-0.62.2.jar;C:\Users\alimu\.m2\repository\com\vladsch\flexmark\flexmark-ext-enumerated-reference\0.62.2\flexmark-ext-enumerated-reference-0.62.2.jar;C:\Users\alimu\.m2\repository\com\vladsch\flexmark\flexmark-ext-escaped-character\0.62.2\flexmark-ext-escaped-character-0.62.2.jar;C:\Users\alimu\.m2\repository\com\vladsch\flexmark\flexmark-ext-footnotes\0.62.2\flexmark-ext-footnotes-0.62.2.jar;C:\Users\alimu\.m2\repository\com\vladsch\flexmark\flexmark-ext-gfm-issues\0.62.2\flexmark-ext-gfm-issues-0.62.2.jar;C:\Users\alimu\.m2\repository\com\vladsch\flexmark\flexmark-ext-gfm-strikethrough\0.62.2\flexmark-ext-gfm-strikethrough-0.62.2.jar;C:\Users\alimu\.m2\repository\com\vladsch\flexmark\flexmark-ext-gfm-tasklist\0.62.2\flexmark-ext-gfm-tasklist-0.62.2.jar;C:\Users\alimu\.m2\repository\com\vladsch\flexmark\flexmark-ext-gfm-users\0.62.2\flexmark-ext-gfm-users-0.62.2.jar;C:\Users\alimu\.m2\repository\com\vladsch\flexmark\flexmark-ext-gitlab\0.62.2\flexmark-ext-gitlab-0.62.2.jar;C:\Users\alimu\.m2\repository\com\vladsch\flexmark\flexmark-ext-jekyll-front-matter\0.62.2\flexmark-ext-jekyll-front-matter-0.62.2.jar;C:\Users\alimu\.m2\repository\com\vladsch\flexmark\flexmark-ext-jekyll-tag\0.62.2\flexmark-ext-jekyll-tag-0.62.2.jar;C:\Users\alimu\.m2\repository\com\vladsch\flexmark\flexmark-ext-media-tags\0.62.2\flexmark-ext-media-tags-0.62.2.jar;C:\Users\alimu\.m2\repository\com\vladsch\flexmark\flexmark-ext-macros\0.62.2\flexmark-ext-macros-0.62.2.jar;C:\Users\alimu\.m2\repository\com\vladsch\flexmark\flexmark-ext-ins\0.62.2\flexmark-ext-ins-0.62.2.jar;C:\Users\alimu\.m2\repository\com\vladsch\flexmark\flexmark-ext-xwiki-macros\0.62.2\flexmark-ext-xwiki-macros-0.62.2.jar;C:\Users\alimu\.m2\repository\com\vladsch\flexmark\flexmark-ext-superscript\0.62.2\flexmark-ext-superscript-0.62.2.jar;C:\Users\alimu\.m2\repository\com\vladsch\flexmark\flexmark-ext-tables\0.62.2\flexmark-ext-tables-0.62.2.jar;C:\Users\alimu\.m2\repository\com\vladsch\flexmark\flexmark-ext-toc\0.62.2\flexmark-ext-toc-0.62.2.jar;C:\Users\alimu\.m2\repository\com\vladsch\flexmark\flexmark-ext-typographic\0.62.2\flexmark-ext-typographic-0.62.2.jar;C:\Users\alimu\.m2\repository\com\vladsch\flexmark\flexmark-ext-wikilink\0.62.2\flexmark-ext-wikilink-0.62.2.jar;C:\Users\alimu\.m2\repository\com\vladsch\flexmark\flexmark-ext-yaml-front-matter\0.62.2\flexmark-ext-yaml-front-matter-0.62.2.jar;C:\Users\alimu\.m2\repository\com\vladsch\flexmark\flexmark-ext-youtube-embedded\0.62.2\flexmark-ext-youtube-embedded-0.62.2.jar;C:\Users\alimu\.m2\repository\com\vladsch\flexmark\flexmark-html2md-converter\0.62.2\flexmark-html2md-converter-0.62.2.jar;C:\Users\alimu\.m2\repository\com\vladsch\flexmark\flexmark-jira-converter\0.62.2\flexmark-jira-converter-0.62.2.jar;C:\Users\alimu\.m2\repository\com\vladsch\flexmark\flexmark-pdf-converter\0.62.2\flexmark-pdf-converter-0.62.2.jar;C:\Users\alimu\.m2\repository\com\openhtmltopdf\openhtmltopdf-core\1.0.0\openhtmltopdf-core-1.0.0.jar;C:\Users\alimu\.m2\repository\com\openhtmltopdf\openhtmltopdf-pdfbox\1.0.0\openhtmltopdf-pdfbox-1.0.0.jar;C:\Users\alimu\.m2\repository\org\apache\pdfbox\pdfbox\2.0.16\pdfbox-2.0.16.jar;C:\Users\alimu\.m2\repository\org\apache\pdfbox\fontbox\2.0.16\fontbox-2.0.16.jar;C:\Users\alimu\.m2\repository\org\apache\pdfbox\xmpbox\2.0.16\xmpbox-2.0.16.jar;C:\Users\alimu\.m2\repository\de\rototor\pdfbox\graphics2d\0.24\graphics2d-0.24.jar;C:\Users\alimu\.m2\repository\com\openhtmltopdf\openhtmltopdf-rtl-support\1.0.0\openhtmltopdf-rtl-support-1.0.0.jar;C:\Users\alimu\.m2\repository\com\openhtmltopdf\openhtmltopdf-jsoup-dom-converter\1.0.0\openhtmltopdf-jsoup-dom-converter-1.0.0.jar;C:\Users\alimu\.m2\repository\com\vladsch\flexmark\flexmark-profile-pegdown\0.62.2\flexmark-profile-pegdown-0.62.2.jar;C:\Users\alimu\.m2\repository\com\vladsch\flexmark\flexmark-util-ast\0.62.2\flexmark-util-ast-0.62.2.jar;C:\Users\alimu\.m2\repository\com\vladsch\flexmark\flexmark-util-builder\0.62.2\flexmark-util-builder-0.62.2.jar;C:\Users\alimu\.m2\repository\com\vladsch\flexmark\flexmark-util-collection\0.62.2\flexmark-util-collection-0.62.2.jar;C:\Users\alimu\.m2\repository\com\vladsch\flexmark\flexmark-util-data\0.62.2\flexmark-util-data-0.62.2.jar;C:\Users\alimu\.m2\repository\com\vladsch\flexmark\flexmark-util-dependency\0.62.2\flexmark-util-dependency-0.62.2.jar;C:\Users\alimu\.m2\repository\com\vladsch\flexmark\flexmark-util-format\0.62.2\flexmark-util-format-0.62.2.jar;C:\Users\alimu\.m2\repository\com\vladsch\flexmark\flexmark-util-html\0.62.2\flexmark-util-html-0.62.2.jar;C:\Users\alimu\.m2\repository\com\vladsch\flexmark\flexmark-util-misc\0.62.2\flexmark-util-misc-0.62.2.jar;C:\Users\alimu\.m2\repository\com\vladsch\flexmark\flexmark-util-options\0.62.2\flexmark-util-options-0.62.2.jar;C:\Users\alimu\.m2\repository\com\vladsch\flexmark\flexmark-util-sequence\0.62.2\flexmark-util-sequence-0.62.2.jar;C:\Users\alimu\.m2\repository\com\vladsch\flexmark\flexmark-util-visitor\0.62.2\flexmark-util-visitor-0.62.2.jar;C:\Users\alimu\.m2\repository\com\vladsch\flexmark\flexmark-youtrack-converter\0.62.2\flexmark-youtrack-converter-0.62.2.jar;C:\Users\alimu\.m2\repository\com\ibm\icu\icu4j\72.1\icu4j-72.1.jar;C:\Users\alimu\.m2\repository\es\nitaur\markdown\txtmark\0.16\txtmark-0.16.jar;C:\Users\alimu\.m2\repository\net\serenity-bdd\serenity-report-resources\3.6.21\serenity-report-resources-3.6.21.jar;C:\Users\alimu\.m2\repository\com\google\code\gson\gson\2.10.1\gson-2.10.1.jar;C:\Users\alimu\.m2\repository\com\fasterxml\jackson\core\jackson-core\2.15.0-rc1\jackson-core-2.15.0-rc1.jar;C:\Users\alimu\.m2\repository\com\fasterxml\jackson\core\jackson-databind\2.15.0-rc1\jackson-databind-2.15.0-rc1.jar;C:\Users\alimu\.m2\repository\com\fasterxml\jackson\core\jackson-annotations\2.15.0-rc1\jackson-annotations-2.15.0-rc1.jar;C:\Users\alimu\.m2\repository\commons-codec\commons-codec\1.15\commons-codec-1.15.jar;C:\Users\alimu\.m2\repository\commons-io\commons-io\2.11.0\commons-io-2.11.0.jar;C:\Users\alimu\.m2\repository\org\apache\httpcomponents\httpclient\4.5.13\httpclient-4.5.13.jar;C:\Users\alimu\.m2\repository\org\apache\httpcomponents\httpcore\4.4.13\httpcore-4.4.13.jar;C:\Users\alimu\.m2\repository\commons-logging\commons-logging\1.2\commons-logging-1.2.jar;C:\Users\alimu\.m2\repository\org\seleniumhq\selenium\selenium-java\4.8.1\selenium-java-4.8.1.jar;C:\Users\alimu\.m2\repository\org\seleniumhq\selenium\selenium-devtools-v108\4.8.1\selenium-devtools-v108-4.8.1.jar;C:\Users\alimu\.m2\repository\org\seleniumhq\selenium\selenium-devtools-v109\4.8.1\selenium-devtools-v109-4.8.1.jar;C:\Users\alimu\.m2\repository\org\seleniumhq\selenium\selenium-devtools-v110\4.8.1\selenium-devtools-v110-4.8.1.jar;C:\Users\alimu\.m2\repository\org\seleniumhq\selenium\selenium-devtools-v85\4.8.1\selenium-devtools-v85-4.8.1.jar;C:\Users\alimu\.m2\repository\org\seleniumhq\selenium\selenium-remote-driver\4.8.1\selenium-remote-driver-4.8.1.jar;C:\Users\alimu\.m2\repository\com\beust\jcommander\1.82\jcommander-1.82.jar;C:\Users\alimu\.m2\repository\io\netty\netty-buffer\4.1.87.Final\netty-buffer-4.1.87.Final.jar;C:\Users\alimu\.m2\repository\io\netty\netty-codec-http\4.1.87.Final\netty-codec-http-4.1.87.Final.jar;C:\Users\alimu\.m2\repository\io\netty\netty-codec\4.1.87.Final\netty-codec-4.1.87.Final.jar;C:\Users\alimu\.m2\repository\io\netty\netty-handler\4.1.87.Final\netty-handler-4.1.87.Final.jar;C:\Users\alimu\.m2\repository\io\netty\netty-common\4.1.87.Final\netty-common-4.1.87.Final.jar;C:\Users\alimu\.m2\repository\io\netty\netty-transport-classes-epoll\4.1.87.Final\netty-transport-classes-epoll-4.1.87.Final.jar;C:\Users\alimu\.m2\repository\io\netty\netty-transport-classes-kqueue\4.1.87.Final\netty-transport-classes-kqueue-4.1.87.Final.jar;C:\Users\alimu\.m2\repository\io\netty\netty-transport-native-epoll\4.1.87.Final\netty-transport-native-epoll-4.1.87.Final.jar;C:\Users\alimu\.m2\repository\io\netty\netty-transport-native-kqueue\4.1.87.Final\netty-transport-native-kqueue-4.1.87.Final.jar;C:\Users\alimu\.m2\repository\io\netty\netty-transport-native-unix-common\4.1.87.Final\netty-transport-native-unix-common-4.1.87.Final.jar;C:\Users\alimu\.m2\repository\io\netty\netty-transport\4.1.87.Final\netty-transport-4.1.87.Final.jar;C:\Users\alimu\.m2\repository\io\netty\netty-resolver\4.1.87.Final\netty-resolver-4.1.87.Final.jar;C:\Users\alimu\.m2\repository\io\opentelemetry\opentelemetry-api\1.22.0\opentelemetry-api-1.22.0.jar;C:\Users\alimu\.m2\repository\io\opentelemetry\opentelemetry-context\1.22.0\opentelemetry-context-1.22.0.jar;C:\Users\alimu\.m2\repository\io\opentelemetry\opentelemetry-exporter-logging\1.22.0\opentelemetry-exporter-logging-1.22.0.jar;C:\Users\alimu\.m2\repository\io\opentelemetry\opentelemetry-sdk-metrics\1.22.0\opentelemetry-sdk-metrics-1.22.0.jar;C:\Users\alimu\.m2\repository\io\opentelemetry\opentelemetry-sdk-logs\1.22.0-alpha\opentelemetry-sdk-logs-1.22.0-alpha.jar;C:\Users\alimu\.m2\repository\io\opentelemetry\opentelemetry-api-logs\1.22.0-alpha\opentelemetry-api-logs-1.22.0-alpha.jar;C:\Users\alimu\.m2\repository\io\opentelemetry\opentelemetry-sdk-common\1.22.0\opentelemetry-sdk-common-1.22.0.jar;C:\Users\alimu\.m2\repository\io\opentelemetry\opentelemetry-sdk-extension-autoconfigure-spi\1.22.0\opentelemetry-sdk-extension-autoconfigure-spi-1.22.0.jar;C:\Users\alimu\.m2\repository\io\opentelemetry\opentelemetry-sdk-extension-autoconfigure\1.22.0-alpha\opentelemetry-sdk-extension-autoconfigure-1.22.0-alpha.jar;C:\Users\alimu\.m2\repository\io\opentelemetry\opentelemetry-sdk-trace\1.22.0\opentelemetry-sdk-trace-1.22.0.jar;C:\Users\alimu\.m2\repository\io\opentelemetry\opentelemetry-sdk\1.22.0\opentelemetry-sdk-1.22.0.jar;C:\Users\alimu\.m2\repository\io\opentelemetry\opentelemetry-semconv\1.22.0-alpha\opentelemetry-semconv-1.22.0-alpha.jar;C:\Users\alimu\.m2\repository\io\ous\jtoml\2.0.0\jtoml-2.0.0.jar;C:\Users\alimu\.m2\repository\org\apache\commons\commons-exec\1.3\commons-exec-1.3.jar;C:\Users\alimu\.m2\repository\org\asynchttpclient\async-http-client\2.12.3\async-http-client-2.12.3.jar;C:\Users\alimu\.m2\repository\org\asynchttpclient\async-http-client-netty-utils\2.12.3\async-http-client-netty-utils-2.12.3.jar;C:\Users\alimu\.m2\repository\io\netty\netty-codec-socks\4.1.60.Final\netty-codec-socks-4.1.60.Final.jar;C:\Users\alimu\.m2\repository\io\netty\netty-handler-proxy\4.1.60.Final\netty-handler-proxy-4.1.60.Final.jar;C:\Users\alimu\.m2\repository\io\netty\netty-transport-native-epoll\4.1.60.Final\netty-transport-native-epoll-4.1.60.Final-linux-x86_64.jar;C:\Users\alimu\.m2\repository\io\netty\netty-transport-native-kqueue\4.1.60.Final\netty-transport-native-kqueue-4.1.60.Final-osx-x86_64.jar;C:\Users\alimu\.m2\repository\org\reactivestreams\reactive-streams\1.0.3\reactive-streams-1.0.3.jar;C:\Users\alimu\.m2\repository\com\typesafe\netty\netty-reactive-streams\2.0.4\netty-reactive-streams-2.0.4.jar;C:\Users\alimu\.m2\repository\org\seleniumhq\selenium\selenium-manager\4.8.1\selenium-manager-4.8.1.jar;C:\Users\alimu\.m2\repository\org\seleniumhq\selenium\selenium-safari-driver\4.8.1\selenium-safari-driver-4.8.1.jar;C:\Users\alimu\.m2\repository\org\seleniumhq\selenium\selenium-api\4.8.1\selenium-api-4.8.1.jar;C:\Users\alimu\.m2\repository\org\seleniumhq\selenium\selenium-support\4.8.1\selenium-support-4.8.1.jar;C:\Users\alimu\.m2\repository\com\google\auto\service\auto-service-annotations\1.0.1\auto-service-annotations-1.0.1.jar;C:\Users\alimu\.m2\repository\com\google\auto\service\auto-service\1.0.1\auto-service-1.0.1.jar;C:\Users\alimu\.m2\repository\com\google\auto\auto-common\1.2\auto-common-1.2.jar;C:\Users\alimu\.m2\repository\org\seleniumhq\selenium\selenium-json\4.8.1\selenium-json-4.8.1.jar;C:\Users\alimu\.m2\repository\org\seleniumhq\selenium\selenium-chrome-driver\4.8.1\selenium-chrome-driver-4.8.1.jar;C:\Users\alimu\.m2\repository\org\seleniumhq\selenium\selenium-chromium-driver\4.8.1\selenium-chromium-driver-4.8.1.jar;C:\Users\alimu\.m2\repository\org\seleniumhq\selenium\selenium-firefox-driver\4.8.1\selenium-firefox-driver-4.8.1.jar;C:\Users\alimu\.m2\repository\org\seleniumhq\selenium\selenium-http\4.8.1\selenium-http-4.8.1.jar;C:\Users\alimu\.m2\repository\dev\failsafe\failsafe\3.3.0\failsafe-3.3.0.jar;C:\Users\alimu\.m2\repository\org\seleniumhq\selenium\selenium-edge-driver\4.8.1\selenium-edge-driver-4.8.1.jar;C:\Users\alimu\.m2\repository\org\seleniumhq\selenium\selenium-ie-driver\4.8.1\selenium-ie-driver-4.8.1.jar;C:\Users\alimu\.m2\repository\org\projectlombok\lombok\1.18.20\lombok-1.18.20.jar;C:\Users\alimu\.m2\repository\io\appium\java-client\8.3.0\java-client-8.3.0.jar;C:\Users\alimu\.m2\repository\commons-validator\commons-validator\1.7\commons-validator-1.7.jar;C:\Users\alimu\.m2\repository\commons-digester\commons-digester\2.1\commons-digester-2.1.jar;C:\Users\alimu\.m2\repository\org\apache\groovy\groovy\4.0.10\groovy-4.0.10.jar;C:\Users\alimu\.m2\repository\net\sf\opencsv\opencsv\2.0\opencsv-2.0.jar;C:\Users\alimu\.m2\repository\commons-beanutils\commons-beanutils\1.9.4\commons-beanutils-1.9.4.jar;C:\Users\alimu\.m2\repository\org\apache\commons\commons-lang3\3.12.0\commons-lang3-3.12.0.jar;C:\Users\alimu\.m2\repository\commons-collections\commons-collections\3.2.2\commons-collections-3.2.2.jar;C:\Users\alimu\.m2\repository\org\fluentlenium\fluentlenium-core\0.10.2\fluentlenium-core-0.10.2.jar;C:\Users\alimu\.m2\repository\io\github\bonigarcia\webdrivermanager\5.3.0\webdrivermanager-5.3.0.jar;C:\Users\alimu\.m2\repository\com\github\docker-java\docker-java\3.2.13\docker-java-3.2.13.jar;C:\Users\alimu\.m2\repository\com\github\docker-java\docker-java-core\3.2.13\docker-java-core-3.2.13.jar;C:\Users\alimu\.m2\repository\com\github\docker-java\docker-java-api\3.2.13\docker-java-api-3.2.13.jar;C:\Users\alimu\.m2\repository\org\apache\commons\commons-compress\1.21\commons-compress-1.21.jar;C:\Users\alimu\.m2\repository\org\bouncycastle\bcpkix-jdk15on\1.64\bcpkix-jdk15on-1.64.jar;C:\Users\alimu\.m2\repository\org\bouncycastle\bcprov-jdk15on\1.64\bcprov-jdk15on-1.64.jar;C:\Users\alimu\.m2\repository\org\slf4j\jcl-over-slf4j\1.7.30\jcl-over-slf4j-1.7.30.jar;C:\Users\alimu\.m2\repository\com\github\docker-java\docker-java-transport-httpclient5\3.2.13\docker-java-transport-httpclient5-3.2.13.jar;C:\Users\alimu\.m2\repository\com\github\docker-java\docker-java-transport\3.2.13\docker-java-transport-3.2.13.jar;C:\Users\alimu\.m2\repository\net\java\dev\jna\jna\5.8.0\jna-5.8.0.jar;C:\Users\alimu\.m2\repository\org\brotli\dec\0.1.2\dec-0.1.2.jar;C:\Users\alimu\.m2\repository\org\apache\httpcomponents\client5\httpclient5\5.1.3\httpclient5-5.1.3.jar;C:\Users\alimu\.m2\repository\org\apache\httpcomponents\core5\httpcore5\5.1.3\httpcore5-5.1.3.jar;C:\Users\alimu\.m2\repository\org\apache\httpcomponents\core5\httpcore5-h2\5.1.3\httpcore5-h2-5.1.3.jar;C:\Users\alimu\.m2\repository\com\jhlabs\filters\2.0.235\filters-2.0.235.jar;C:\Users\alimu\.m2\repository\com\paulhammant\ngwebdriver\1.1.6\ngwebdriver-1.1.6.jar;C:\Users\alimu\.m2\repository\joda-time\joda-time\2.12.2\joda-time-2.12.2.jar;C:\Users\alimu\.m2\repository\org\hamcrest\hamcrest\2.2\hamcrest-2.2.jar;C:\Users\alimu\.m2\repository\com\google\jimfs\jimfs\1.2\jimfs-1.2.jar;C:\Users\alimu\.m2\repository\org\mockito\mockito-core\3.3.3\mockito-core-3.3.3.jar;C:\Users\alimu\.m2\repository\javax\xml\bind\jaxb-api\2.3.1\jaxb-api-2.3.1.jar;C:\Users\alimu\.m2\repository\javax\activation\javax.activation-api\1.2.0\javax.activation-api-1.2.0.jar;C:\Users\alimu\.m2\repository\com\sun\xml\bind\jaxb-core\2.3.0.1\jaxb-core-2.3.0.1.jar;C:\Users\alimu\.m2\repository\com\sun\xml\bind\jaxb-impl\2.3.3\jaxb-impl-2.3.3.jar;C:\Users\alimu\.m2\repository\jakarta\xml\bind\jakarta.xml.bind-api\2.3.3\jakarta.xml.bind-api-2.3.3.jar;C:\Users\alimu\.m2\repository\com\sun\activation\jakarta.activation\1.2.2\jakarta.activation-1.2.2.jar;C:\Users\alimu\.m2\repository\javax\activation\activation\1.1.1\activation-1.1.1.jar;C:\Users\alimu\.m2\repository\net\serenity-bdd\serenity-cucumber\3.6.21\serenity-cucumber-3.6.21.jar;C:\Users\alimu\.m2\repository\io\cucumber\cucumber-core\7.11.0\cucumber-core-7.11.0.jar;C:\Users\alimu\.m2\repository\io\cucumber\cucumber-gherkin\7.11.0\cucumber-gherkin-7.11.0.jar;C:\Users\alimu\.m2\repository\io\cucumber\cucumber-gherkin-messages\7.11.0\cucumber-gherkin-messages-7.11.0.jar;C:\Users\alimu\.m2\repository\io\cucumber\gherkin\26.0.3\gherkin-26.0.3.jar;C:\Users\alimu\.m2\repository\io\cucumber\messages\21.0.1\messages-21.0.1.jar;C:\Users\alimu\.m2\repository\io\cucumber\tag-expressions\5.0.1\tag-expressions-5.0.1.jar;C:\Users\alimu\.m2\repository\io\cucumber\cucumber-expressions\16.1.1\cucumber-expressions-16.1.1.jar;C:\Users\alimu\.m2\repository\io\cucumber\datatable\7.11.0\datatable-7.11.0.jar;C:\Users\alimu\.m2\repository\io\cucumber\cucumber-plugin\7.11.0\cucumber-plugin-7.11.0.jar;C:\Users\alimu\.m2\repository\io\cucumber\docstring\7.11.0\docstring-7.11.0.jar;C:\Users\alimu\.m2\repository\io\cucumber\html-formatter\20.2.1\html-formatter-20.2.1.jar;C:\Users\alimu\.m2\repository\io\cucumber\junit-xml-formatter\0.1.0\junit-xml-formatter-0.1.0.jar;C:\Users\alimu\.m2\repository\io\cucumber\ci-environment\9.1.0\ci-environment-9.1.0.jar;C:\Users\alimu\.m2\repository\io\cucumber\cucumber-java\7.11.0\cucumber-java-7.11.0.jar;C:\Users\alimu\.m2\repository\io\cucumber\cucumber-junit\7.11.0\cucumber-junit-7.11.0.jar;C:\Users\alimu\.m2\repository\org\apache\commons\commons-csv\1.5\commons-csv-1.5.jar;C:\Users\alimu\.m2\repository\net\serenity-bdd\serenity-screenplay\3.6.21\serenity-screenplay-3.6.21.jar;C:\Users\alimu\.m2\repository\net\serenity-bdd\serenity-screenplay-webdriver\3.6.21\serenity-screenplay-webdriver-3.6.21.jar;C:\Users\alimu\.m2\repository\net\serenity-bdd\serenity-ensure\3.6.21\serenity-ensure-3.6.21.jar;C:\Users\alimu\.m2\repository\net\serenity-bdd\serenity-junit\3.6.21\serenity-junit-3.6.21.jar;C:\Users\alimu\.m2\repository\org\jetbrains\kotlin\kotlin-stdlib\1.8.10\kotlin-stdlib-1.8.10.jar;C:\Users\alimu\.m2\repository\org\jetbrains\kotlin\kotlin-stdlib-common\1.8.10\kotlin-stdlib-common-1.8.10.jar;C:\Users\alimu\.m2\repository\org\jetbrains\annotations\13.0\annotations-13.0.jar;C:\Users\alimu\.m2\repository\org\junit\platform\junit-platform-launcher\1.8.2\junit-platform-launcher-1.8.2.jar;C:\Users\alimu\.m2\repository\org\junit\platform\junit-platform-engine\1.8.2\junit-platform-engine-1.8.2.jar;C:\Users\alimu\.m2\repository\org\opentest4j\opentest4j\1.2.0\opentest4j-1.2.0.jar;C:\Users\alimu\.m2\repository\org\junit\platform\junit-platform-commons\1.8.2\junit-platform-commons-1.8.2.jar;C:\Users\alimu\.m2\repository\org\apiguardian\apiguardian-api\1.1.2\apiguardian-api-1.1.2.jar;C:\Users\alimu\.m2\repository\org\junit\jupiter\junit-jupiter-engine\5.8.2\junit-jupiter-engine-5.8.2.jar;C:\Users\alimu\.m2\repository\org\junit\jupiter\junit-jupiter-api\5.8.2\junit-jupiter-api-5.8.2.jar;C:\Users\alimu\.m2\repository\org\junit\vintage\junit-vintage-engine\5.8.2\junit-vintage-engine-5.8.2.jar;C:\Users\alimu\.m2\repository\junit\junit\4.13.2\junit-4.13.2.jar;C:\Users\alimu\.m2\repository\org\hamcrest\hamcrest-core\1.3\hamcrest-core-1.3.jar;C:\Users\alimu\.m2\repository\ch\qos\logback\logback-classic\1.2.10\logback-classic-1.2.10.jar;C:\Users\alimu\.m2\repository\ch\qos\logback\logback-core\1.2.10\logback-core-1.2.10.jar;C:\Users\alimu\.m2\repository\org\slf4j\slf4j-api\1.7.32\slf4j-api-1.7.32.jar;C:\Users\alimu\.m2\repository\org\assertj\assertj-core\3.23.1\assertj-core-3.23.1.jar;C:\Users\alimu\.m2\repository\net\bytebuddy\byte-buddy\1.12.10\byte-buddy-1.12.10.jar;"/>
    <property name="java.vm.vendor" value="AdoptOpenJDK"/>
    <property name="sun.arch.data.model" value="64"/>
    <property name="user.variant" value=""/>
    <property name="java.vendor.url" value="https://adoptopenjdk.net/"/>
    <property name="user.timezone" value="Asia/Bangkok"/>
    <property name="user.country.format" value="ID"/>
    <property name="java.vm.specification.version" value="11"/>
    <property name="os.name" value="Windows 10"/>
    <property name="sun.java.launcher" value="SUN_STANDARD"/>
    <property name="user.country" value="US"/>
    <property name="sun.boot.library.path" value="C:\Program Files\AdoptOpenJDK\jdk-11.0.11.9-hotspot\bin"/>
    <property name="sun.java.command" value="org.apache.maven.surefire.booter.ForkedBooter C:\Users\alimu\AppData\Local\Temp\surefire18030665019908037394 2023-06-25T06-02-40_023-jvmRun1 surefire5363846879704210701tmp surefire_09401213010069568096tmp"/>
    <property name="jdk.debug" value="release"/>
    <property name="surefire.test.class.path" value="D:\CapstoneWeb\target\test-classes;C:\Users\alimu\.m2\repository\net\serenity-bdd\serenity-core\3.6.21\serenity-core-3.6.21.jar;C:\Users\alimu\.m2\repository\net\serenity-bdd\serenity-model\3.6.21\serenity-model-3.6.21.jar;C:\Users\alimu\.m2\repository\org\apache\commons\commons-text\1.10.0\commons-text-1.10.0.jar;C:\Users\alimu\.m2\repository\commons-net\commons-net\3.9.0\commons-net-3.9.0.jar;C:\Users\alimu\.m2\repository\com\google\guava\guava\31.1-jre\guava-31.1-jre.jar;C:\Users\alimu\.m2\repository\com\google\guava\failureaccess\1.0.1\failureaccess-1.0.1.jar;C:\Users\alimu\.m2\repository\com\google\guava\listenablefuture\9999.0-empty-to-avoid-conflict-with-guava\listenablefuture-9999.0-empty-to-avoid-conflict-with-guava.jar;C:\Users\alimu\.m2\repository\com\google\code\findbugs\jsr305\3.0.2\jsr305-3.0.2.jar;C:\Users\alimu\.m2\repository\org\checkerframework\checker-qual\3.12.0\checker-qual-3.12.0.jar;C:\Users\alimu\.m2\repository\com\google\errorprone\error_prone_annotations\2.11.0\error_prone_annotations-2.11.0.jar;C:\Users\alimu\.m2\repository\com\google\j2objc\j2objc-annotations\1.3\j2objc-annotations-1.3.jar;C:\Users\alimu\.m2\repository\com\google\inject\guice\5.1.0\guice-5.1.0.jar;C:\Users\alimu\.m2\repository\javax\inject\javax.inject\1\javax.inject-1.jar;C:\Users\alimu\.m2\repository\aopalliance\aopalliance\1.0\aopalliance-1.0.jar;C:\Users\alimu\.m2\repository\org\jsoup\jsoup\1.14.3\jsoup-1.14.3.jar;C:\Users\alimu\.m2\repository\com\thoughtworks\xstream\xstream\1.4.20\xstream-1.4.20.jar;C:\Users\alimu\.m2\repository\io\github\x-stream\mxparser\1.2.2\mxparser-1.2.2.jar;C:\Users\alimu\.m2\repository\xmlpull\xmlpull\1.1.3.1\xmlpull-1.1.3.1.jar;C:\Users\alimu\.m2\repository\com\typesafe\config\1.4.2\config-1.4.2.jar;C:\Users\alimu\.m2\repository\org\imgscalr\imgscalr-lib\4.2\imgscalr-lib-4.2.jar;C:\Users\alimu\.m2\repository\org\awaitility\awaitility\4.2.0\awaitility-4.2.0.jar;C:\Users\alimu\.m2\repository\org\freemarker\freemarker\2.3.31\freemarker-2.3.31.jar;C:\Users\alimu\.m2\repository\io\github\classgraph\classgraph\4.8.138\classgraph-4.8.138.jar;C:\Users\alimu\.m2\repository\net\sourceforge\jexcelapi\jxl\2.6.12\jxl-2.6.12.jar;C:\Users\alimu\.m2\repository\net\bytebuddy\byte-buddy-agent\1.14.2\byte-buddy-agent-1.14.2.jar;C:\Users\alimu\.m2\repository\org\objenesis\objenesis\3.3\objenesis-3.3.jar;C:\Users\alimu\.m2\repository\net\serenity-bdd\serenity-reports\3.6.21\serenity-reports-3.6.21.jar;C:\Users\alimu\.m2\repository\net\serenity-bdd\serenity-stats\3.6.21\serenity-stats-3.6.21.jar;C:\Users\alimu\.m2\repository\net\serenity-bdd\serenity-reports-configuration\3.6.21\serenity-reports-configuration-3.6.21.jar;C:\Users\alimu\.m2\repository\com\vladsch\flexmark\flexmark-all\0.62.2\flexmark-all-0.62.2.jar;C:\Users\alimu\.m2\repository\com\vladsch\flexmark\flexmark\0.62.2\flexmark-0.62.2.jar;C:\Users\alimu\.m2\repository\com\vladsch\flexmark\flexmark-ext-abbreviation\0.62.2\flexmark-ext-abbreviation-0.62.2.jar;C:\Users\alimu\.m2\repository\com\vladsch\flexmark\flexmark-util\0.62.2\flexmark-util-0.62.2.jar;C:\Users\alimu\.m2\repository\com\vladsch\flexmark\flexmark-ext-admonition\0.62.2\flexmark-ext-admonition-0.62.2.jar;C:\Users\alimu\.m2\repository\com\vladsch\flexmark\flexmark-ext-anchorlink\0.62.2\flexmark-ext-anchorlink-0.62.2.jar;C:\Users\alimu\.m2\repository\com\vladsch\flexmark\flexmark-ext-aside\0.62.2\flexmark-ext-aside-0.62.2.jar;C:\Users\alimu\.m2\repository\com\vladsch\flexmark\flexmark-ext-attributes\0.62.2\flexmark-ext-attributes-0.62.2.jar;C:\Users\alimu\.m2\repository\com\vladsch\flexmark\flexmark-ext-autolink\0.62.2\flexmark-ext-autolink-0.62.2.jar;C:\Users\alimu\.m2\repository\org\nibor\autolink\autolink\0.6.0\autolink-0.6.0.jar;C:\Users\alimu\.m2\repository\com\vladsch\flexmark\flexmark-ext-definition\0.62.2\flexmark-ext-definition-0.62.2.jar;C:\Users\alimu\.m2\repository\com\vladsch\flexmark\flexmark-ext-emoji\0.62.2\flexmark-ext-emoji-0.62.2.jar;C:\Users\alimu\.m2\repository\com\vladsch\flexmark\flexmark-ext-enumerated-reference\0.62.2\flexmark-ext-enumerated-reference-0.62.2.jar;C:\Users\alimu\.m2\repository\com\vladsch\flexmark\flexmark-ext-escaped-character\0.62.2\flexmark-ext-escaped-character-0.62.2.jar;C:\Users\alimu\.m2\repository\com\vladsch\flexmark\flexmark-ext-footnotes\0.62.2\flexmark-ext-footnotes-0.62.2.jar;C:\Users\alimu\.m2\repository\com\vladsch\flexmark\flexmark-ext-gfm-issues\0.62.2\flexmark-ext-gfm-issues-0.62.2.jar;C:\Users\alimu\.m2\repository\com\vladsch\flexmark\flexmark-ext-gfm-strikethrough\0.62.2\flexmark-ext-gfm-strikethrough-0.62.2.jar;C:\Users\alimu\.m2\repository\com\vladsch\flexmark\flexmark-ext-gfm-tasklist\0.62.2\flexmark-ext-gfm-tasklist-0.62.2.jar;C:\Users\alimu\.m2\repository\com\vladsch\flexmark\flexmark-ext-gfm-users\0.62.2\flexmark-ext-gfm-users-0.62.2.jar;C:\Users\alimu\.m2\repository\com\vladsch\flexmark\flexmark-ext-gitlab\0.62.2\flexmark-ext-gitlab-0.62.2.jar;C:\Users\alimu\.m2\repository\com\vladsch\flexmark\flexmark-ext-jekyll-front-matter\0.62.2\flexmark-ext-jekyll-front-matter-0.62.2.jar;C:\Users\alimu\.m2\repository\com\vladsch\flexmark\flexmark-ext-jekyll-tag\0.62.2\flexmark-ext-jekyll-tag-0.62.2.jar;C:\Users\alimu\.m2\repository\com\vladsch\flexmark\flexmark-ext-media-tags\0.62.2\flexmark-ext-media-tags-0.62.2.jar;C:\Users\alimu\.m2\repository\com\vladsch\flexmark\flexmark-ext-macros\0.62.2\flexmark-ext-macros-0.62.2.jar;C:\Users\alimu\.m2\repository\com\vladsch\flexmark\flexmark-ext-ins\0.62.2\flexmark-ext-ins-0.62.2.jar;C:\Users\alimu\.m2\repository\com\vladsch\flexmark\flexmark-ext-xwiki-macros\0.62.2\flexmark-ext-xwiki-macros-0.62.2.jar;C:\Users\alimu\.m2\repository\com\vladsch\flexmark\flexmark-ext-superscript\0.62.2\flexmark-ext-superscript-0.62.2.jar;C:\Users\alimu\.m2\repository\com\vladsch\flexmark\flexmark-ext-tables\0.62.2\flexmark-ext-tables-0.62.2.jar;C:\Users\alimu\.m2\repository\com\vladsch\flexmark\flexmark-ext-toc\0.62.2\flexmark-ext-toc-0.62.2.jar;C:\Users\alimu\.m2\repository\com\vladsch\flexmark\flexmark-ext-typographic\0.62.2\flexmark-ext-typographic-0.62.2.jar;C:\Users\alimu\.m2\repository\com\vladsch\flexmark\flexmark-ext-wikilink\0.62.2\flexmark-ext-wikilink-0.62.2.jar;C:\Users\alimu\.m2\repository\com\vladsch\flexmark\flexmark-ext-yaml-front-matter\0.62.2\flexmark-ext-yaml-front-matter-0.62.2.jar;C:\Users\alimu\.m2\repository\com\vladsch\flexmark\flexmark-ext-youtube-embedded\0.62.2\flexmark-ext-youtube-embedded-0.62.2.jar;C:\Users\alimu\.m2\repository\com\vladsch\flexmark\flexmark-html2md-converter\0.62.2\flexmark-html2md-converter-0.62.2.jar;C:\Users\alimu\.m2\repository\com\vladsch\flexmark\flexmark-jira-converter\0.62.2\flexmark-jira-converter-0.62.2.jar;C:\Users\alimu\.m2\repository\com\vladsch\flexmark\flexmark-pdf-converter\0.62.2\flexmark-pdf-converter-0.62.2.jar;C:\Users\alimu\.m2\repository\com\openhtmltopdf\openhtmltopdf-core\1.0.0\openhtmltopdf-core-1.0.0.jar;C:\Users\alimu\.m2\repository\com\openhtmltopdf\openhtmltopdf-pdfbox\1.0.0\openhtmltopdf-pdfbox-1.0.0.jar;C:\Users\alimu\.m2\repository\org\apache\pdfbox\pdfbox\2.0.16\pdfbox-2.0.16.jar;C:\Users\alimu\.m2\repository\org\apache\pdfbox\fontbox\2.0.16\fontbox-2.0.16.jar;C:\Users\alimu\.m2\repository\org\apache\pdfbox\xmpbox\2.0.16\xmpbox-2.0.16.jar;C:\Users\alimu\.m2\repository\de\rototor\pdfbox\graphics2d\0.24\graphics2d-0.24.jar;C:\Users\alimu\.m2\repository\com\openhtmltopdf\openhtmltopdf-rtl-support\1.0.0\openhtmltopdf-rtl-support-1.0.0.jar;C:\Users\alimu\.m2\repository\com\openhtmltopdf\openhtmltopdf-jsoup-dom-converter\1.0.0\openhtmltopdf-jsoup-dom-converter-1.0.0.jar;C:\Users\alimu\.m2\repository\com\vladsch\flexmark\flexmark-profile-pegdown\0.62.2\flexmark-profile-pegdown-0.62.2.jar;C:\Users\alimu\.m2\repository\com\vladsch\flexmark\flexmark-util-ast\0.62.2\flexmark-util-ast-0.62.2.jar;C:\Users\alimu\.m2\repository\com\vladsch\flexmark\flexmark-util-builder\0.62.2\flexmark-util-builder-0.62.2.jar;C:\Users\alimu\.m2\repository\com\vladsch\flexmark\flexmark-util-collection\0.62.2\flexmark-util-collection-0.62.2.jar;C:\Users\alimu\.m2\repository\com\vladsch\flexmark\flexmark-util-data\0.62.2\flexmark-util-data-0.62.2.jar;C:\Users\alimu\.m2\repository\com\vladsch\flexmark\flexmark-util-dependency\0.62.2\flexmark-util-dependency-0.62.2.jar;C:\Users\alimu\.m2\repository\com\vladsch\flexmark\flexmark-util-format\0.62.2\flexmark-util-format-0.62.2.jar;C:\Users\alimu\.m2\repository\com\vladsch\flexmark\flexmark-util-html\0.62.2\flexmark-util-html-0.62.2.jar;C:\Users\alimu\.m2\repository\com\vladsch\flexmark\flexmark-util-misc\0.62.2\flexmark-util-misc-0.62.2.jar;C:\Users\alimu\.m2\repository\com\vladsch\flexmark\flexmark-util-options\0.62.2\flexmark-util-options-0.62.2.jar;C:\Users\alimu\.m2\repository\com\vladsch\flexmark\flexmark-util-sequence\0.62.2\flexmark-util-sequence-0.62.2.jar;C:\Users\alimu\.m2\repository\com\vladsch\flexmark\flexmark-util-visitor\0.62.2\flexmark-util-visitor-0.62.2.jar;C:\Users\alimu\.m2\repository\com\vladsch\flexmark\flexmark-youtrack-converter\0.62.2\flexmark-youtrack-converter-0.62.2.jar;C:\Users\alimu\.m2\repository\com\ibm\icu\icu4j\72.1\icu4j-72.1.jar;C:\Users\alimu\.m2\repository\es\nitaur\markdown\txtmark\0.16\txtmark-0.16.jar;C:\Users\alimu\.m2\repository\net\serenity-bdd\serenity-report-resources\3.6.21\serenity-report-resources-3.6.21.jar;C:\Users\alimu\.m2\repository\com\google\code\gson\gson\2.10.1\gson-2.10.1.jar;C:\Users\alimu\.m2\repository\com\fasterxml\jackson\core\jackson-core\2.15.0-rc1\jackson-core-2.15.0-rc1.jar;C:\Users\alimu\.m2\repository\com\fasterxml\jackson\core\jackson-databind\2.15.0-rc1\jackson-databind-2.15.0-rc1.jar;C:\Users\alimu\.m2\repository\com\fasterxml\jackson\core\jackson-annotations\2.15.0-rc1\jackson-annotations-2.15.0-rc1.jar;C:\Users\alimu\.m2\repository\commons-codec\commons-codec\1.15\commons-codec-1.15.jar;C:\Users\alimu\.m2\repository\commons-io\commons-io\2.11.0\commons-io-2.11.0.jar;C:\Users\alimu\.m2\repository\org\apache\httpcomponents\httpclient\4.5.13\httpclient-4.5.13.jar;C:\Users\alimu\.m2\repository\org\apache\httpcomponents\httpcore\4.4.13\httpcore-4.4.13.jar;C:\Users\alimu\.m2\repository\commons-logging\commons-logging\1.2\commons-logging-1.2.jar;C:\Users\alimu\.m2\repository\org\seleniumhq\selenium\selenium-java\4.8.1\selenium-java-4.8.1.jar;C:\Users\alimu\.m2\repository\org\seleniumhq\selenium\selenium-devtools-v108\4.8.1\selenium-devtools-v108-4.8.1.jar;C:\Users\alimu\.m2\repository\org\seleniumhq\selenium\selenium-devtools-v109\4.8.1\selenium-devtools-v109-4.8.1.jar;C:\Users\alimu\.m2\repository\org\seleniumhq\selenium\selenium-devtools-v110\4.8.1\selenium-devtools-v110-4.8.1.jar;C:\Users\alimu\.m2\repository\org\seleniumhq\selenium\selenium-devtools-v85\4.8.1\selenium-devtools-v85-4.8.1.jar;C:\Users\alimu\.m2\repository\org\seleniumhq\selenium\selenium-remote-driver\4.8.1\selenium-remote-driver-4.8.1.jar;C:\Users\alimu\.m2\repository\com\beust\jcommander\1.82\jcommander-1.82.jar;C:\Users\alimu\.m2\repository\io\netty\netty-buffer\4.1.87.Final\netty-buffer-4.1.87.Final.jar;C:\Users\alimu\.m2\repository\io\netty\netty-codec-http\4.1.87.Final\netty-codec-http-4.1.87.Final.jar;C:\Users\alimu\.m2\repository\io\netty\netty-codec\4.1.87.Final\netty-codec-4.1.87.Final.jar;C:\Users\alimu\.m2\repository\io\netty\netty-handler\4.1.87.Final\netty-handler-4.1.87.Final.jar;C:\Users\alimu\.m2\repository\io\netty\netty-common\4.1.87.Final\netty-common-4.1.87.Final.jar;C:\Users\alimu\.m2\repository\io\netty\netty-transport-classes-epoll\4.1.87.Final\netty-transport-classes-epoll-4.1.87.Final.jar;C:\Users\alimu\.m2\repository\io\netty\netty-transport-classes-kqueue\4.1.87.Final\netty-transport-classes-kqueue-4.1.87.Final.jar;C:\Users\alimu\.m2\repository\io\netty\netty-transport-native-epoll\4.1.87.Final\netty-transport-native-epoll-4.1.87.Final.jar;C:\Users\alimu\.m2\repository\io\netty\netty-transport-native-kqueue\4.1.87.Final\netty-transport-native-kqueue-4.1.87.Final.jar;C:\Users\alimu\.m2\repository\io\netty\netty-transport-native-unix-common\4.1.87.Final\netty-transport-native-unix-common-4.1.87.Final.jar;C:\Users\alimu\.m2\repository\io\netty\netty-transport\4.1.87.Final\netty-transport-4.1.87.Final.jar;C:\Users\alimu\.m2\repository\io\netty\netty-resolver\4.1.87.Final\netty-resolver-4.1.87.Final.jar;C:\Users\alimu\.m2\repository\io\opentelemetry\opentelemetry-api\1.22.0\opentelemetry-api-1.22.0.jar;C:\Users\alimu\.m2\repository\io\opentelemetry\opentelemetry-context\1.22.0\opentelemetry-context-1.22.0.jar;C:\Users\alimu\.m2\repository\io\opentelemetry\opentelemetry-exporter-logging\1.22.0\opentelemetry-exporter-logging-1.22.0.jar;C:\Users\alimu\.m2\repository\io\opentelemetry\opentelemetry-sdk-metrics\1.22.0\opentelemetry-sdk-metrics-1.22.0.jar;C:\Users\alimu\.m2\repository\io\opentelemetry\opentelemetry-sdk-logs\1.22.0-alpha\opentelemetry-sdk-logs-1.22.0-alpha.jar;C:\Users\alimu\.m2\repository\io\opentelemetry\opentelemetry-api-logs\1.22.0-alpha\opentelemetry-api-logs-1.22.0-alpha.jar;C:\Users\alimu\.m2\repository\io\opentelemetry\opentelemetry-sdk-common\1.22.0\opentelemetry-sdk-common-1.22.0.jar;C:\Users\alimu\.m2\repository\io\opentelemetry\opentelemetry-sdk-extension-autoconfigure-spi\1.22.0\opentelemetry-sdk-extension-autoconfigure-spi-1.22.0.jar;C:\Users\alimu\.m2\repository\io\opentelemetry\opentelemetry-sdk-extension-autoconfigure\1.22.0-alpha\opentelemetry-sdk-extension-autoconfigure-1.22.0-alpha.jar;C:\Users\alimu\.m2\repository\io\opentelemetry\opentelemetry-sdk-trace\1.22.0\opentelemetry-sdk-trace-1.22.0.jar;C:\Users\alimu\.m2\repository\io\opentelemetry\opentelemetry-sdk\1.22.0\opentelemetry-sdk-1.22.0.jar;C:\Users\alimu\.m2\repository\io\opentelemetry\opentelemetry-semconv\1.22.0-alpha\opentelemetry-semconv-1.22.0-alpha.jar;C:\Users\alimu\.m2\repository\io\ous\jtoml\2.0.0\jtoml-2.0.0.jar;C:\Users\alimu\.m2\repository\org\apache\commons\commons-exec\1.3\commons-exec-1.3.jar;C:\Users\alimu\.m2\repository\org\asynchttpclient\async-http-client\2.12.3\async-http-client-2.12.3.jar;C:\Users\alimu\.m2\repository\org\asynchttpclient\async-http-client-netty-utils\2.12.3\async-http-client-netty-utils-2.12.3.jar;C:\Users\alimu\.m2\repository\io\netty\netty-codec-socks\4.1.60.Final\netty-codec-socks-4.1.60.Final.jar;C:\Users\alimu\.m2\repository\io\netty\netty-handler-proxy\4.1.60.Final\netty-handler-proxy-4.1.60.Final.jar;C:\Users\alimu\.m2\repository\io\netty\netty-transport-native-epoll\4.1.60.Final\netty-transport-native-epoll-4.1.60.Final-linux-x86_64.jar;C:\Users\alimu\.m2\repository\io\netty\netty-transport-native-kqueue\4.1.60.Final\netty-transport-native-kqueue-4.1.60.Final-osx-x86_64.jar;C:\Users\alimu\.m2\repository\org\reactivestreams\reactive-streams\1.0.3\reactive-streams-1.0.3.jar;C:\Users\alimu\.m2\repository\com\typesafe\netty\netty-reactive-streams\2.0.4\netty-reactive-streams-2.0.4.jar;C:\Users\alimu\.m2\repository\org\seleniumhq\selenium\selenium-manager\4.8.1\selenium-manager-4.8.1.jar;C:\Users\alimu\.m2\repository\org\seleniumhq\selenium\selenium-safari-driver\4.8.1\selenium-safari-driver-4.8.1.jar;C:\Users\alimu\.m2\repository\org\seleniumhq\selenium\selenium-api\4.8.1\selenium-api-4.8.1.jar;C:\Users\alimu\.m2\repository\org\seleniumhq\selenium\selenium-support\4.8.1\selenium-support-4.8.1.jar;C:\Users\alimu\.m2\repository\com\google\auto\service\auto-service-annotations\1.0.1\auto-service-annotations-1.0.1.jar;C:\Users\alimu\.m2\repository\com\google\auto\service\auto-service\1.0.1\auto-service-1.0.1.jar;C:\Users\alimu\.m2\repository\com\google\auto\auto-common\1.2\auto-common-1.2.jar;C:\Users\alimu\.m2\repository\org\seleniumhq\selenium\selenium-json\4.8.1\selenium-json-4.8.1.jar;C:\Users\alimu\.m2\repository\org\seleniumhq\selenium\selenium-chrome-driver\4.8.1\selenium-chrome-driver-4.8.1.jar;C:\Users\alimu\.m2\repository\org\seleniumhq\selenium\selenium-chromium-driver\4.8.1\selenium-chromium-driver-4.8.1.jar;C:\Users\alimu\.m2\repository\org\seleniumhq\selenium\selenium-firefox-driver\4.8.1\selenium-firefox-driver-4.8.1.jar;C:\Users\alimu\.m2\repository\org\seleniumhq\selenium\selenium-http\4.8.1\selenium-http-4.8.1.jar;C:\Users\alimu\.m2\repository\dev\failsafe\failsafe\3.3.0\failsafe-3.3.0.jar;C:\Users\alimu\.m2\repository\org\seleniumhq\selenium\selenium-edge-driver\4.8.1\selenium-edge-driver-4.8.1.jar;C:\Users\alimu\.m2\repository\org\seleniumhq\selenium\selenium-ie-driver\4.8.1\selenium-ie-driver-4.8.1.jar;C:\Users\alimu\.m2\repository\org\projectlombok\lombok\1.18.20\lombok-1.18.20.jar;C:\Users\alimu\.m2\repository\io\appium\java-client\8.3.0\java-client-8.3.0.jar;C:\Users\alimu\.m2\repository\commons-validator\commons-validator\1.7\commons-validator-1.7.jar;C:\Users\alimu\.m2\repository\commons-digester\commons-digester\2.1\commons-digester-2.1.jar;C:\Users\alimu\.m2\repository\org\apache\groovy\groovy\4.0.10\groovy-4.0.10.jar;C:\Users\alimu\.m2\repository\net\sf\opencsv\opencsv\2.0\opencsv-2.0.jar;C:\Users\alimu\.m2\repository\commons-beanutils\commons-beanutils\1.9.4\commons-beanutils-1.9.4.jar;C:\Users\alimu\.m2\repository\org\apache\commons\commons-lang3\3.12.0\commons-lang3-3.12.0.jar;C:\Users\alimu\.m2\repository\commons-collections\commons-collections\3.2.2\commons-collections-3.2.2.jar;C:\Users\alimu\.m2\repository\org\fluentlenium\fluentlenium-core\0.10.2\fluentlenium-core-0.10.2.jar;C:\Users\alimu\.m2\repository\io\github\bonigarcia\webdrivermanager\5.3.0\webdrivermanager-5.3.0.jar;C:\Users\alimu\.m2\repository\com\github\docker-java\docker-java\3.2.13\docker-java-3.2.13.jar;C:\Users\alimu\.m2\repository\com\github\docker-java\docker-java-core\3.2.13\docker-java-core-3.2.13.jar;C:\Users\alimu\.m2\repository\com\github\docker-java\docker-java-api\3.2.13\docker-java-api-3.2.13.jar;C:\Users\alimu\.m2\repository\org\apache\commons\commons-compress\1.21\commons-compress-1.21.jar;C:\Users\alimu\.m2\repository\org\bouncycastle\bcpkix-jdk15on\1.64\bcpkix-jdk15on-1.64.jar;C:\Users\alimu\.m2\repository\org\bouncycastle\bcprov-jdk15on\1.64\bcprov-jdk15on-1.64.jar;C:\Users\alimu\.m2\repository\org\slf4j\jcl-over-slf4j\1.7.30\jcl-over-slf4j-1.7.30.jar;C:\Users\alimu\.m2\repository\com\github\docker-java\docker-java-transport-httpclient5\3.2.13\docker-java-transport-httpclient5-3.2.13.jar;C:\Users\alimu\.m2\repository\com\github\docker-java\docker-java-transport\3.2.13\docker-java-transport-3.2.13.jar;C:\Users\alimu\.m2\repository\net\java\dev\jna\jna\5.8.0\jna-5.8.0.jar;C:\Users\alimu\.m2\repository\org\brotli\dec\0.1.2\dec-0.1.2.jar;C:\Users\alimu\.m2\repository\org\apache\httpcomponents\client5\httpclient5\5.1.3\httpclient5-5.1.3.jar;C:\Users\alimu\.m2\repository\org\apache\httpcomponents\core5\httpcore5\5.1.3\httpcore5-5.1.3.jar;C:\Users\alimu\.m2\repository\org\apache\httpcomponents\core5\httpcore5-h2\5.1.3\httpcore5-h2-5.1.3.jar;C:\Users\alimu\.m2\repository\com\jhlabs\filters\2.0.235\filters-2.0.235.jar;C:\Users\alimu\.m2\repository\com\paulhammant\ngwebdriver\1.1.6\ngwebdriver-1.1.6.jar;C:\Users\alimu\.m2\repository\joda-time\joda-time\2.12.2\joda-time-2.12.2.jar;C:\Users\alimu\.m2\repository\org\hamcrest\hamcrest\2.2\hamcrest-2.2.jar;C:\Users\alimu\.m2\repository\com\google\jimfs\jimfs\1.2\jimfs-1.2.jar;C:\Users\alimu\.m2\repository\org\mockito\mockito-core\3.3.3\mockito-core-3.3.3.jar;C:\Users\alimu\.m2\repository\javax\xml\bind\jaxb-api\2.3.1\jaxb-api-2.3.1.jar;C:\Users\alimu\.m2\repository\javax\activation\javax.activation-api\1.2.0\javax.activation-api-1.2.0.jar;C:\Users\alimu\.m2\repository\com\sun\xml\bind\jaxb-core\2.3.0.1\jaxb-core-2.3.0.1.jar;C:\Users\alimu\.m2\repository\com\sun\xml\bind\jaxb-impl\2.3.3\jaxb-impl-2.3.3.jar;C:\Users\alimu\.m2\repository\jakarta\xml\bind\jakarta.xml.bind-api\2.3.3\jakarta.xml.bind-api-2.3.3.jar;C:\Users\alimu\.m2\repository\com\sun\activation\jakarta.activation\1.2.2\jakarta.activation-1.2.2.jar;C:\Users\alimu\.m2\repository\javax\activation\activation\1.1.1\activation-1.1.1.jar;C:\Users\alimu\.m2\repository\net\serenity-bdd\serenity-cucumber\3.6.21\serenity-cucumber-3.6.21.jar;C:\Users\alimu\.m2\repository\io\cucumber\cucumber-core\7.11.0\cucumber-core-7.11.0.jar;C:\Users\alimu\.m2\repository\io\cucumber\cucumber-gherkin\7.11.0\cucumber-gherkin-7.11.0.jar;C:\Users\alimu\.m2\repository\io\cucumber\cucumber-gherkin-messages\7.11.0\cucumber-gherkin-messages-7.11.0.jar;C:\Users\alimu\.m2\repository\io\cucumber\gherkin\26.0.3\gherkin-26.0.3.jar;C:\Users\alimu\.m2\repository\io\cucumber\messages\21.0.1\messages-21.0.1.jar;C:\Users\alimu\.m2\repository\io\cucumber\tag-expressions\5.0.1\tag-expressions-5.0.1.jar;C:\Users\alimu\.m2\repository\io\cucumber\cucumber-expressions\16.1.1\cucumber-expressions-16.1.1.jar;C:\Users\alimu\.m2\repository\io\cucumber\datatable\7.11.0\datatable-7.11.0.jar;C:\Users\alimu\.m2\repository\io\cucumber\cucumber-plugin\7.11.0\cucumber-plugin-7.11.0.jar;C:\Users\alimu\.m2\repository\io\cucumber\docstring\7.11.0\docstring-7.11.0.jar;C:\Users\alimu\.m2\repository\io\cucumber\html-formatter\20.2.1\html-formatter-20.2.1.jar;C:\Users\alimu\.m2\repository\io\cucumber\junit-xml-formatter\0.1.0\junit-xml-formatter-0.1.0.jar;C:\Users\alimu\.m2\repository\io\cucumber\ci-environment\9.1.0\ci-environment-9.1.0.jar;C:\Users\alimu\.m2\repository\io\cucumber\cucumber-java\7.11.0\cucumber-java-7.11.0.jar;C:\Users\alimu\.m2\repository\io\cucumber\cucumber-junit\7.11.0\cucumber-junit-7.11.0.jar;C:\Users\alimu\.m2\repository\org\apache\commons\commons-csv\1.5\commons-csv-1.5.jar;C:\Users\alimu\.m2\repository\net\serenity-bdd\serenity-screenplay\3.6.21\serenity-screenplay-3.6.21.jar;C:\Users\alimu\.m2\repository\net\serenity-bdd\serenity-screenplay-webdriver\3.6.21\serenity-screenplay-webdriver-3.6.21.jar;C:\Users\alimu\.m2\repository\net\serenity-bdd\serenity-ensure\3.6.21\serenity-ensure-3.6.21.jar;C:\Users\alimu\.m2\repository\net\serenity-bdd\serenity-junit\3.6.21\serenity-junit-3.6.21.jar;C:\Users\alimu\.m2\repository\org\jetbrains\kotlin\kotlin-stdlib\1.8.10\kotlin-stdlib-1.8.10.jar;C:\Users\alimu\.m2\repository\org\jetbrains\kotlin\kotlin-stdlib-common\1.8.10\kotlin-stdlib-common-1.8.10.jar;C:\Users\alimu\.m2\repository\org\jetbrains\annotations\13.0\annotations-13.0.jar;C:\Users\alimu\.m2\repository\org\junit\platform\junit-platform-launcher\1.8.2\junit-platform-launcher-1.8.2.jar;C:\Users\alimu\.m2\repository\org\junit\platform\junit-platform-engine\1.8.2\junit-platform-engine-1.8.2.jar;C:\Users\alimu\.m2\repository\org\opentest4j\opentest4j\1.2.0\opentest4j-1.2.0.jar;C:\Users\alimu\.m2\repository\org\junit\platform\junit-platform-commons\1.8.2\junit-platform-commons-1.8.2.jar;C:\Users\alimu\.m2\repository\org\apiguardian\apiguardian-api\1.1.2\apiguardian-api-1.1.2.jar;C:\Users\alimu\.m2\repository\org\junit\jupiter\junit-jupiter-engine\5.8.2\junit-jupiter-engine-5.8.2.jar;C:\Users\alimu\.m2\repository\org\junit\jupiter\junit-jupiter-api\5.8.2\junit-jupiter-api-5.8.2.jar;C:\Users\alimu\.m2\repository\org\junit\vintage\junit-vintage-engine\5.8.2\junit-vintage-engine-5.8.2.jar;C:\Users\alimu\.m2\repository\junit\junit\4.13.2\junit-4.13.2.jar;C:\Users\alimu\.m2\repository\org\hamcrest\hamcrest-core\1.3\hamcrest-core-1.3.jar;C:\Users\alimu\.m2\repository\ch\qos\logback\logback-classic\1.2.10\logback-classic-1.2.10.jar;C:\Users\alimu\.m2\repository\ch\qos\logback\logback-core\1.2.10\logback-core-1.2.10.jar;C:\Users\alimu\.m2\repository\org\slf4j\slf4j-api\1.7.32\slf4j-api-1.7.32.jar;C:\Users\alimu\.m2\repository\org\assertj\assertj-core\3.23.1\assertj-core-3.23.1.jar;C:\Users\alimu\.m2\repository\net\bytebuddy\byte-buddy\1.12.10\byte-buddy-1.12.10.jar;"/>
    <property name="sun.cpu.endian" value="little"/>
    <property name="user.home" value="C:\Users\alimu"/>
    <property name="user.language" value="en"/>
    <property name="java.specification.vendor" value="Oracle Corporation"/>
    <property name="jdk.module.path" value="D:\CapstoneWeb\target\CapstoneWeb-1.0-SNAPSHOT.jar"/>
    <property name="java.version.date" value="2021-04-20"/>
    <property name="java.home" value="C:\Program Files\AdoptOpenJDK\jdk-11.0.11.9-hotspot"/>
    <property name="tags" value="@SortByNewest"/>
    <property name="file.separator" value="\"/>
    <property name="basedir" value="D:\CapstoneWeb"/>
    <property name="java.vm.compressedOopsMode" value="32-bit"/>
    <property name="line.separator" value="&#10;"/>
    <property name="java.specification.name" value="Java Platform API Specification"/>
    <property name="java.vm.specification.vendor" value="Oracle Corporation"/>
    <property name="java.awt.graphicsenv" value="sun.awt.Win32GraphicsEnvironment"/>
    <property name="surefire.real.class.path" value="C:\Users\alimu\.m2\repository\org\apache\maven\surefire\surefire-booter\3.0.0-M5\surefire-booter-3.0.0-M5.jar;C:\Users\alimu\.m2\repository\org\apache\maven\surefire\surefire-api\3.0.0-M5\surefire-api-3.0.0-M5.jar;C:\Users\alimu\.m2\repository\org\apache\maven\surefire\surefire-logger-api\3.0.0-M5\surefire-logger-api-3.0.0-M5.jar;C:\Users\alimu\.m2\repository\org\apache\maven\surefire\surefire-shared-utils\3.0.0-M4\surefire-shared-utils-3.0.0-M4.jar;C:\Users\alimu\.m2\repository\org\apache\maven\surefire\surefire-extensions-spi\3.0.0-M5\surefire-extensions-spi-3.0.0-M5.jar;D:\CapstoneWeb\target\test-classes;C:\Users\alimu\.m2\repository\net\serenity-bdd\serenity-core\3.6.21\serenity-core-3.6.21.jar;C:\Users\alimu\.m2\repository\net\serenity-bdd\serenity-model\3.6.21\serenity-model-3.6.21.jar;C:\Users\alimu\.m2\repository\org\apache\commons\commons-text\1.10.0\commons-text-1.10.0.jar;C:\Users\alimu\.m2\repository\commons-net\commons-net\3.9.0\commons-net-3.9.0.jar;C:\Users\alimu\.m2\repository\com\google\guava\guava\31.1-jre\guava-31.1-jre.jar;C:\Users\alimu\.m2\repository\com\google\guava\failureaccess\1.0.1\failureaccess-1.0.1.jar;C:\Users\alimu\.m2\repository\com\google\guava\listenablefuture\9999.0-empty-to-avoid-conflict-with-guava\listenablefuture-9999.0-empty-to-avoid-conflict-with-guava.jar;C:\Users\alimu\.m2\repository\com\google\code\findbugs\jsr305\3.0.2\jsr305-3.0.2.jar;C:\Users\alimu\.m2\repository\org\checkerframework\checker-qual\3.12.0\checker-qual-3.12.0.jar;C:\Users\alimu\.m2\repository\com\google\errorprone\error_prone_annotations\2.11.0\error_prone_annotations-2.11.0.jar;C:\Users\alimu\.m2\repository\com\google\j2objc\j2objc-annotations\1.3\j2objc-annotations-1.3.jar;C:\Users\alimu\.m2\repository\com\google\inject\guice\5.1.0\guice-5.1.0.jar;C:\Users\alimu\.m2\repository\javax\inject\javax.inject\1\javax.inject-1.jar;C:\Users\alimu\.m2\repository\aopalliance\aopalliance\1.0\aopalliance-1.0.jar;C:\Users\alimu\.m2\repository\org\jsoup\jsoup\1.14.3\jsoup-1.14.3.jar;C:\Users\alimu\.m2\repository\com\thoughtworks\xstream\xstream\1.4.20\xstream-1.4.20.jar;C:\Users\alimu\.m2\repository\io\github\x-stream\mxparser\1.2.2\mxparser-1.2.2.jar;C:\Users\alimu\.m2\repository\xmlpull\xmlpull\1.1.3.1\xmlpull-1.1.3.1.jar;C:\Users\alimu\.m2\repository\com\typesafe\config\1.4.2\config-1.4.2.jar;C:\Users\alimu\.m2\repository\org\imgscalr\imgscalr-lib\4.2\imgscalr-lib-4.2.jar;C:\Users\alimu\.m2\repository\org\awaitility\awaitility\4.2.0\awaitility-4.2.0.jar;C:\Users\alimu\.m2\repository\org\freemarker\freemarker\2.3.31\freemarker-2.3.31.jar;C:\Users\alimu\.m2\repository\io\github\classgraph\classgraph\4.8.138\classgraph-4.8.138.jar;C:\Users\alimu\.m2\repository\net\sourceforge\jexcelapi\jxl\2.6.12\jxl-2.6.12.jar;C:\Users\alimu\.m2\repository\net\bytebuddy\byte-buddy-agent\1.14.2\byte-buddy-agent-1.14.2.jar;C:\Users\alimu\.m2\repository\org\objenesis\objenesis\3.3\objenesis-3.3.jar;C:\Users\alimu\.m2\repository\net\serenity-bdd\serenity-reports\3.6.21\serenity-reports-3.6.21.jar;C:\Users\alimu\.m2\repository\net\serenity-bdd\serenity-stats\3.6.21\serenity-stats-3.6.21.jar;C:\Users\alimu\.m2\repository\net\serenity-bdd\serenity-reports-configuration\3.6.21\serenity-reports-configuration-3.6.21.jar;C:\Users\alimu\.m2\repository\com\vladsch\flexmark\flexmark-all\0.62.2\flexmark-all-0.62.2.jar;C:\Users\alimu\.m2\repository\com\vladsch\flexmark\flexmark\0.62.2\flexmark-0.62.2.jar;C:\Users\alimu\.m2\repository\com\vladsch\flexmark\flexmark-ext-abbreviation\0.62.2\flexmark-ext-abbreviation-0.62.2.jar;C:\Users\alimu\.m2\repository\com\vladsch\flexmark\flexmark-util\0.62.2\flexmark-util-0.62.2.jar;C:\Users\alimu\.m2\repository\com\vladsch\flexmark\flexmark-ext-admonition\0.62.2\flexmark-ext-admonition-0.62.2.jar;C:\Users\alimu\.m2\repository\com\vladsch\flexmark\flexmark-ext-anchorlink\0.62.2\flexmark-ext-anchorlink-0.62.2.jar;C:\Users\alimu\.m2\repository\com\vladsch\flexmark\flexmark-ext-aside\0.62.2\flexmark-ext-aside-0.62.2.jar;C:\Users\alimu\.m2\repository\com\vladsch\flexmark\flexmark-ext-attributes\0.62.2\flexmark-ext-attributes-0.62.2.jar;C:\Users\alimu\.m2\repository\com\vladsch\flexmark\flexmark-ext-autolink\0.62.2\flexmark-ext-autolink-0.62.2.jar;C:\Users\alimu\.m2\repository\org\nibor\autolink\autolink\0.6.0\autolink-0.6.0.jar;C:\Users\alimu\.m2\repository\com\vladsch\flexmark\flexmark-ext-definition\0.62.2\flexmark-ext-definition-0.62.2.jar;C:\Users\alimu\.m2\repository\com\vladsch\flexmark\flexmark-ext-emoji\0.62.2\flexmark-ext-emoji-0.62.2.jar;C:\Users\alimu\.m2\repository\com\vladsch\flexmark\flexmark-ext-enumerated-reference\0.62.2\flexmark-ext-enumerated-reference-0.62.2.jar;C:\Users\alimu\.m2\repository\com\vladsch\flexmark\flexmark-ext-escaped-character\0.62.2\flexmark-ext-escaped-character-0.62.2.jar;C:\Users\alimu\.m2\repository\com\vladsch\flexmark\flexmark-ext-footnotes\0.62.2\flexmark-ext-footnotes-0.62.2.jar;C:\Users\alimu\.m2\repository\com\vladsch\flexmark\flexmark-ext-gfm-issues\0.62.2\flexmark-ext-gfm-issues-0.62.2.jar;C:\Users\alimu\.m2\repository\com\vladsch\flexmark\flexmark-ext-gfm-strikethrough\0.62.2\flexmark-ext-gfm-strikethrough-0.62.2.jar;C:\Users\alimu\.m2\repository\com\vladsch\flexmark\flexmark-ext-gfm-tasklist\0.62.2\flexmark-ext-gfm-tasklist-0.62.2.jar;C:\Users\alimu\.m2\repository\com\vladsch\flexmark\flexmark-ext-gfm-users\0.62.2\flexmark-ext-gfm-users-0.62.2.jar;C:\Users\alimu\.m2\repository\com\vladsch\flexmark\flexmark-ext-gitlab\0.62.2\flexmark-ext-gitlab-0.62.2.jar;C:\Users\alimu\.m2\repository\com\vladsch\flexmark\flexmark-ext-jekyll-front-matter\0.62.2\flexmark-ext-jekyll-front-matter-0.62.2.jar;C:\Users\alimu\.m2\repository\com\vladsch\flexmark\flexmark-ext-jekyll-tag\0.62.2\flexmark-ext-jekyll-tag-0.62.2.jar;C:\Users\alimu\.m2\repository\com\vladsch\flexmark\flexmark-ext-media-tags\0.62.2\flexmark-ext-media-tags-0.62.2.jar;C:\Users\alimu\.m2\repository\com\vladsch\flexmark\flexmark-ext-macros\0.62.2\flexmark-ext-macros-0.62.2.jar;C:\Users\alimu\.m2\repository\com\vladsch\flexmark\flexmark-ext-ins\0.62.2\flexmark-ext-ins-0.62.2.jar;C:\Users\alimu\.m2\repository\com\vladsch\flexmark\flexmark-ext-xwiki-macros\0.62.2\flexmark-ext-xwiki-macros-0.62.2.jar;C:\Users\alimu\.m2\repository\com\vladsch\flexmark\flexmark-ext-superscript\0.62.2\flexmark-ext-superscript-0.62.2.jar;C:\Users\alimu\.m2\repository\com\vladsch\flexmark\flexmark-ext-tables\0.62.2\flexmark-ext-tables-0.62.2.jar;C:\Users\alimu\.m2\repository\com\vladsch\flexmark\flexmark-ext-toc\0.62.2\flexmark-ext-toc-0.62.2.jar;C:\Users\alimu\.m2\repository\com\vladsch\flexmark\flexmark-ext-typographic\0.62.2\flexmark-ext-typographic-0.62.2.jar;C:\Users\alimu\.m2\repository\com\vladsch\flexmark\flexmark-ext-wikilink\0.62.2\flexmark-ext-wikilink-0.62.2.jar;C:\Users\alimu\.m2\repository\com\vladsch\flexmark\flexmark-ext-yaml-front-matter\0.62.2\flexmark-ext-yaml-front-matter-0.62.2.jar;C:\Users\alimu\.m2\repository\com\vladsch\flexmark\flexmark-ext-youtube-embedded\0.62.2\flexmark-ext-youtube-embedded-0.62.2.jar;C:\Users\alimu\.m2\repository\com\vladsch\flexmark\flexmark-html2md-converter\0.62.2\flexmark-html2md-converter-0.62.2.jar;C:\Users\alimu\.m2\repository\com\vladsch\flexmark\flexmark-jira-converter\0.62.2\flexmark-jira-converter-0.62.2.jar;C:\Users\alimu\.m2\repository\com\vladsch\flexmark\flexmark-pdf-converter\0.62.2\flexmark-pdf-converter-0.62.2.jar;C:\Users\alimu\.m2\repository\com\openhtmltopdf\openhtmltopdf-core\1.0.0\openhtmltopdf-core-1.0.0.jar;C:\Users\alimu\.m2\repository\com\openhtmltopdf\openhtmltopdf-pdfbox\1.0.0\openhtmltopdf-pdfbox-1.0.0.jar;C:\Users\alimu\.m2\repository\org\apache\pdfbox\pdfbox\2.0.16\pdfbox-2.0.16.jar;C:\Users\alimu\.m2\repository\org\apache\pdfbox\fontbox\2.0.16\fontbox-2.0.16.jar;C:\Users\alimu\.m2\repository\org\apache\pdfbox\xmpbox\2.0.16\xmpbox-2.0.16.jar;C:\Users\alimu\.m2\repository\de\rototor\pdfbox\graphics2d\0.24\graphics2d-0.24.jar;C:\Users\alimu\.m2\repository\com\openhtmltopdf\openhtmltopdf-rtl-support\1.0.0\openhtmltopdf-rtl-support-1.0.0.jar;C:\Users\alimu\.m2\repository\com\openhtmltopdf\openhtmltopdf-jsoup-dom-converter\1.0.0\openhtmltopdf-jsoup-dom-converter-1.0.0.jar;C:\Users\alimu\.m2\repository\com\vladsch\flexmark\flexmark-profile-pegdown\0.62.2\flexmark-profile-pegdown-0.62.2.jar;C:\Users\alimu\.m2\repository\com\vladsch\flexmark\flexmark-util-ast\0.62.2\flexmark-util-ast-0.62.2.jar;C:\Users\alimu\.m2\repository\com\vladsch\flexmark\flexmark-util-builder\0.62.2\flexmark-util-builder-0.62.2.jar;C:\Users\alimu\.m2\repository\com\vladsch\flexmark\flexmark-util-collection\0.62.2\flexmark-util-collection-0.62.2.jar;C:\Users\alimu\.m2\repository\com\vladsch\flexmark\flexmark-util-data\0.62.2\flexmark-util-data-0.62.2.jar;C:\Users\alimu\.m2\repository\com\vladsch\flexmark\flexmark-util-dependency\0.62.2\flexmark-util-dependency-0.62.2.jar;C:\Users\alimu\.m2\repository\com\vladsch\flexmark\flexmark-util-format\0.62.2\flexmark-util-format-0.62.2.jar;C:\Users\alimu\.m2\repository\com\vladsch\flexmark\flexmark-util-html\0.62.2\flexmark-util-html-0.62.2.jar;C:\Users\alimu\.m2\repository\com\vladsch\flexmark\flexmark-util-misc\0.62.2\flexmark-util-misc-0.62.2.jar;C:\Users\alimu\.m2\repository\com\vladsch\flexmark\flexmark-util-options\0.62.2\flexmark-util-options-0.62.2.jar;C:\Users\alimu\.m2\repository\com\vladsch\flexmark\flexmark-util-sequence\0.62.2\flexmark-util-sequence-0.62.2.jar;C:\Users\alimu\.m2\repository\com\vladsch\flexmark\flexmark-util-visitor\0.62.2\flexmark-util-visitor-0.62.2.jar;C:\Users\alimu\.m2\repository\com\vladsch\flexmark\flexmark-youtrack-converter\0.62.2\flexmark-youtrack-converter-0.62.2.jar;C:\Users\alimu\.m2\repository\com\ibm\icu\icu4j\72.1\icu4j-72.1.jar;C:\Users\alimu\.m2\repository\es\nitaur\markdown\txtmark\0.16\txtmark-0.16.jar;C:\Users\alimu\.m2\repository\net\serenity-bdd\serenity-report-resources\3.6.21\serenity-report-resources-3.6.21.jar;C:\Users\alimu\.m2\repository\com\google\code\gson\gson\2.10.1\gson-2.10.1.jar;C:\Users\alimu\.m2\repository\com\fasterxml\jackson\core\jackson-core\2.15.0-rc1\jackson-core-2.15.0-rc1.jar;C:\Users\alimu\.m2\repository\com\fasterxml\jackson\core\jackson-databind\2.15.0-rc1\jackson-databind-2.15.0-rc1.jar;C:\Users\alimu\.m2\repository\com\fasterxml\jackson\core\jackson-annotations\2.15.0-rc1\jackson-annotations-2.15.0-rc1.jar;C:\Users\alimu\.m2\repository\commons-codec\commons-codec\1.15\commons-codec-1.15.jar;C:\Users\alimu\.m2\repository\commons-io\commons-io\2.11.0\commons-io-2.11.0.jar;C:\Users\alimu\.m2\repository\org\apache\httpcomponents\httpclient\4.5.13\httpclient-4.5.13.jar;C:\Users\alimu\.m2\repository\org\apache\httpcomponents\httpcore\4.4.13\httpcore-4.4.13.jar;C:\Users\alimu\.m2\repository\commons-logging\commons-logging\1.2\commons-logging-1.2.jar;C:\Users\alimu\.m2\repository\org\seleniumhq\selenium\selenium-java\4.8.1\selenium-java-4.8.1.jar;C:\Users\alimu\.m2\repository\org\seleniumhq\selenium\selenium-devtools-v108\4.8.1\selenium-devtools-v108-4.8.1.jar;C:\Users\alimu\.m2\repository\org\seleniumhq\selenium\selenium-devtools-v109\4.8.1\selenium-devtools-v109-4.8.1.jar;C:\Users\alimu\.m2\repository\org\seleniumhq\selenium\selenium-devtools-v110\4.8.1\selenium-devtools-v110-4.8.1.jar;C:\Users\alimu\.m2\repository\org\seleniumhq\selenium\selenium-devtools-v85\4.8.1\selenium-devtools-v85-4.8.1.jar;C:\Users\alimu\.m2\repository\org\seleniumhq\selenium\selenium-remote-driver\4.8.1\selenium-remote-driver-4.8.1.jar;C:\Users\alimu\.m2\repository\com\beust\jcommander\1.82\jcommander-1.82.jar;C:\Users\alimu\.m2\repository\io\netty\netty-buffer\4.1.87.Final\netty-buffer-4.1.87.Final.jar;C:\Users\alimu\.m2\repository\io\netty\netty-codec-http\4.1.87.Final\netty-codec-http-4.1.87.Final.jar;C:\Users\alimu\.m2\repository\io\netty\netty-codec\4.1.87.Final\netty-codec-4.1.87.Final.jar;C:\Users\alimu\.m2\repository\io\netty\netty-handler\4.1.87.Final\netty-handler-4.1.87.Final.jar;C:\Users\alimu\.m2\repository\io\netty\netty-common\4.1.87.Final\netty-common-4.1.87.Final.jar;C:\Users\alimu\.m2\repository\io\netty\netty-transport-classes-epoll\4.1.87.Final\netty-transport-classes-epoll-4.1.87.Final.jar;C:\Users\alimu\.m2\repository\io\netty\netty-transport-classes-kqueue\4.1.87.Final\netty-transport-classes-kqueue-4.1.87.Final.jar;C:\Users\alimu\.m2\repository\io\netty\netty-transport-native-epoll\4.1.87.Final\netty-transport-native-epoll-4.1.87.Final.jar;C:\Users\alimu\.m2\repository\io\netty\netty-transport-native-kqueue\4.1.87.Final\netty-transport-native-kqueue-4.1.87.Final.jar;C:\Users\alimu\.m2\repository\io\netty\netty-transport-native-unix-common\4.1.87.Final\netty-transport-native-unix-common-4.1.87.Final.jar;C:\Users\alimu\.m2\repository\io\netty\netty-transport\4.1.87.Final\netty-transport-4.1.87.Final.jar;C:\Users\alimu\.m2\repository\io\netty\netty-resolver\4.1.87.Final\netty-resolver-4.1.87.Final.jar;C:\Users\alimu\.m2\repository\io\opentelemetry\opentelemetry-api\1.22.0\opentelemetry-api-1.22.0.jar;C:\Users\alimu\.m2\repository\io\opentelemetry\opentelemetry-context\1.22.0\opentelemetry-context-1.22.0.jar;C:\Users\alimu\.m2\repository\io\opentelemetry\opentelemetry-exporter-logging\1.22.0\opentelemetry-exporter-logging-1.22.0.jar;C:\Users\alimu\.m2\repository\io\opentelemetry\opentelemetry-sdk-metrics\1.22.0\opentelemetry-sdk-metrics-1.22.0.jar;C:\Users\alimu\.m2\repository\io\opentelemetry\opentelemetry-sdk-logs\1.22.0-alpha\opentelemetry-sdk-logs-1.22.0-alpha.jar;C:\Users\alimu\.m2\repository\io\opentelemetry\opentelemetry-api-logs\1.22.0-alpha\opentelemetry-api-logs-1.22.0-alpha.jar;C:\Users\alimu\.m2\repository\io\opentelemetry\opentelemetry-sdk-common\1.22.0\opentelemetry-sdk-common-1.22.0.jar;C:\Users\alimu\.m2\repository\io\opentelemetry\opentelemetry-sdk-extension-autoconfigure-spi\1.22.0\opentelemetry-sdk-extension-autoconfigure-spi-1.22.0.jar;C:\Users\alimu\.m2\repository\io\opentelemetry\opentelemetry-sdk-extension-autoconfigure\1.22.0-alpha\opentelemetry-sdk-extension-autoconfigure-1.22.0-alpha.jar;C:\Users\alimu\.m2\repository\io\opentelemetry\opentelemetry-sdk-trace\1.22.0\opentelemetry-sdk-trace-1.22.0.jar;C:\Users\alimu\.m2\repository\io\opentelemetry\opentelemetry-sdk\1.22.0\opentelemetry-sdk-1.22.0.jar;C:\Users\alimu\.m2\repository\io\opentelemetry\opentelemetry-semconv\1.22.0-alpha\opentelemetry-semconv-1.22.0-alpha.jar;C:\Users\alimu\.m2\repository\io\ous\jtoml\2.0.0\jtoml-2.0.0.jar;C:\Users\alimu\.m2\repository\org\apache\commons\commons-exec\1.3\commons-exec-1.3.jar;C:\Users\alimu\.m2\repository\org\asynchttpclient\async-http-client\2.12.3\async-http-client-2.12.3.jar;C:\Users\alimu\.m2\repository\org\asynchttpclient\async-http-client-netty-utils\2.12.3\async-http-client-netty-utils-2.12.3.jar;C:\Users\alimu\.m2\repository\io\netty\netty-codec-socks\4.1.60.Final\netty-codec-socks-4.1.60.Final.jar;C:\Users\alimu\.m2\repository\io\netty\netty-handler-proxy\4.1.60.Final\netty-handler-proxy-4.1.60.Final.jar;C:\Users\alimu\.m2\repository\io\netty\netty-transport-native-epoll\4.1.60.Final\netty-transport-native-epoll-4.1.60.Final-linux-x86_64.jar;C:\Users\alimu\.m2\repository\io\netty\netty-transport-native-kqueue\4.1.60.Final\netty-transport-native-kqueue-4.1.60.Final-osx-x86_64.jar;C:\Users\alimu\.m2\repository\org\reactivestreams\reactive-streams\1.0.3\reactive-streams-1.0.3.jar;C:\Users\alimu\.m2\repository\com\typesafe\netty\netty-reactive-streams\2.0.4\netty-reactive-streams-2.0.4.jar;C:\Users\alimu\.m2\repository\org\seleniumhq\selenium\selenium-manager\4.8.1\selenium-manager-4.8.1.jar;C:\Users\alimu\.m2\repository\org\seleniumhq\selenium\selenium-safari-driver\4.8.1\selenium-safari-driver-4.8.1.jar;C:\Users\alimu\.m2\repository\org\seleniumhq\selenium\selenium-api\4.8.1\selenium-api-4.8.1.jar;C:\Users\alimu\.m2\repository\org\seleniumhq\selenium\selenium-support\4.8.1\selenium-support-4.8.1.jar;C:\Users\alimu\.m2\repository\com\google\auto\service\auto-service-annotations\1.0.1\auto-service-annotations-1.0.1.jar;C:\Users\alimu\.m2\repository\com\google\auto\service\auto-service\1.0.1\auto-service-1.0.1.jar;C:\Users\alimu\.m2\repository\com\google\auto\auto-common\1.2\auto-common-1.2.jar;C:\Users\alimu\.m2\repository\org\seleniumhq\selenium\selenium-json\4.8.1\selenium-json-4.8.1.jar;C:\Users\alimu\.m2\repository\org\seleniumhq\selenium\selenium-chrome-driver\4.8.1\selenium-chrome-driver-4.8.1.jar;C:\Users\alimu\.m2\repository\org\seleniumhq\selenium\selenium-chromium-driver\4.8.1\selenium-chromium-driver-4.8.1.jar;C:\Users\alimu\.m2\repository\org\seleniumhq\selenium\selenium-firefox-driver\4.8.1\selenium-firefox-driver-4.8.1.jar;C:\Users\alimu\.m2\repository\org\seleniumhq\selenium\selenium-http\4.8.1\selenium-http-4.8.1.jar;C:\Users\alimu\.m2\repository\dev\failsafe\failsafe\3.3.0\failsafe-3.3.0.jar;C:\Users\alimu\.m2\repository\org\seleniumhq\selenium\selenium-edge-driver\4.8.1\selenium-edge-driver-4.8.1.jar;C:\Users\alimu\.m2\repository\org\seleniumhq\selenium\selenium-ie-driver\4.8.1\selenium-ie-driver-4.8.1.jar;C:\Users\alimu\.m2\repository\org\projectlombok\lombok\1.18.20\lombok-1.18.20.jar;C:\Users\alimu\.m2\repository\io\appium\java-client\8.3.0\java-client-8.3.0.jar;C:\Users\alimu\.m2\repository\commons-validator\commons-validator\1.7\commons-validator-1.7.jar;C:\Users\alimu\.m2\repository\commons-digester\commons-digester\2.1\commons-digester-2.1.jar;C:\Users\alimu\.m2\repository\org\apache\groovy\groovy\4.0.10\groovy-4.0.10.jar;C:\Users\alimu\.m2\repository\net\sf\opencsv\opencsv\2.0\opencsv-2.0.jar;C:\Users\alimu\.m2\repository\commons-beanutils\commons-beanutils\1.9.4\commons-beanutils-1.9.4.jar;C:\Users\alimu\.m2\repository\org\apache\commons\commons-lang3\3.12.0\commons-lang3-3.12.0.jar;C:\Users\alimu\.m2\repository\commons-collections\commons-collections\3.2.2\commons-collections-3.2.2.jar;C:\Users\alimu\.m2\repository\org\fluentlenium\fluentlenium-core\0.10.2\fluentlenium-core-0.10.2.jar;C:\Users\alimu\.m2\repository\io\github\bonigarcia\webdrivermanager\5.3.0\webdrivermanager-5.3.0.jar;C:\Users\alimu\.m2\repository\com\github\docker-java\docker-java\3.2.13\docker-java-3.2.13.jar;C:\Users\alimu\.m2\repository\com\github\docker-java\docker-java-core\3.2.13\docker-java-core-3.2.13.jar;C:\Users\alimu\.m2\repository\com\github\docker-java\docker-java-api\3.2.13\docker-java-api-3.2.13.jar;C:\Users\alimu\.m2\repository\org\apache\commons\commons-compress\1.21\commons-compress-1.21.jar;C:\Users\alimu\.m2\repository\org\bouncycastle\bcpkix-jdk15on\1.64\bcpkix-jdk15on-1.64.jar;C:\Users\alimu\.m2\repository\org\bouncycastle\bcprov-jdk15on\1.64\bcprov-jdk15on-1.64.jar;C:\Users\alimu\.m2\repository\org\slf4j\jcl-over-slf4j\1.7.30\jcl-over-slf4j-1.7.30.jar;C:\Users\alimu\.m2\repository\com\github\docker-java\docker-java-transport-httpclient5\3.2.13\docker-java-transport-httpclient5-3.2.13.jar;C:\Users\alimu\.m2\repository\com\github\docker-java\docker-java-transport\3.2.13\docker-java-transport-3.2.13.jar;C:\Users\alimu\.m2\repository\net\java\dev\jna\jna\5.8.0\jna-5.8.0.jar;C:\Users\alimu\.m2\repository\org\brotli\dec\0.1.2\dec-0.1.2.jar;C:\Users\alimu\.m2\repository\org\apache\httpcomponents\client5\httpclient5\5.1.3\httpclient5-5.1.3.jar;C:\Users\alimu\.m2\repository\org\apache\httpcomponents\core5\httpcore5\5.1.3\httpcore5-5.1.3.jar;C:\Users\alimu\.m2\repository\org\apache\httpcomponents\core5\httpcore5-h2\5.1.3\httpcore5-h2-5.1.3.jar;C:\Users\alimu\.m2\repository\com\jhlabs\filters\2.0.235\filters-2.0.235.jar;C:\Users\alimu\.m2\repository\com\paulhammant\ngwebdriver\1.1.6\ngwebdriver-1.1.6.jar;C:\Users\alimu\.m2\repository\joda-time\joda-time\2.12.2\joda-time-2.12.2.jar;C:\Users\alimu\.m2\repository\org\hamcrest\hamcrest\2.2\hamcrest-2.2.jar;C:\Users\alimu\.m2\repository\com\google\jimfs\jimfs\1.2\jimfs-1.2.jar;C:\Users\alimu\.m2\repository\org\mockito\mockito-core\3.3.3\mockito-core-3.3.3.jar;C:\Users\alimu\.m2\repository\javax\xml\bind\jaxb-api\2.3.1\jaxb-api-2.3.1.jar;C:\Users\alimu\.m2\repository\javax\activation\javax.activation-api\1.2.0\javax.activation-api-1.2.0.jar;C:\Users\alimu\.m2\repository\com\sun\xml\bind\jaxb-core\2.3.0.1\jaxb-core-2.3.0.1.jar;C:\Users\alimu\.m2\repository\com\sun\xml\bind\jaxb-impl\2.3.3\jaxb-impl-2.3.3.jar;C:\Users\alimu\.m2\repository\jakarta\xml\bind\jakarta.xml.bind-api\2.3.3\jakarta.xml.bind-api-2.3.3.jar;C:\Users\alimu\.m2\repository\com\sun\activation\jakarta.activation\1.2.2\jakarta.activation-1.2.2.jar;C:\Users\alimu\.m2\repository\javax\activation\activation\1.1.1\activation-1.1.1.jar;C:\Users\alimu\.m2\repository\net\serenity-bdd\serenity-cucumber\3.6.21\serenity-cucumber-3.6.21.jar;C:\Users\alimu\.m2\repository\io\cucumber\cucumber-core\7.11.0\cucumber-core-7.11.0.jar;C:\Users\alimu\.m2\repository\io\cucumber\cucumber-gherkin\7.11.0\cucumber-gherkin-7.11.0.jar;C:\Users\alimu\.m2\repository\io\cucumber\cucumber-gherkin-messages\7.11.0\cucumber-gherkin-messages-7.11.0.jar;C:\Users\alimu\.m2\repository\io\cucumber\gherkin\26.0.3\gherkin-26.0.3.jar;C:\Users\alimu\.m2\repository\io\cucumber\messages\21.0.1\messages-21.0.1.jar;C:\Users\alimu\.m2\repository\io\cucumber\tag-expressions\5.0.1\tag-expressions-5.0.1.jar;C:\Users\alimu\.m2\repository\io\cucumber\cucumber-expressions\16.1.1\cucumber-expressions-16.1.1.jar;C:\Users\alimu\.m2\repository\io\cucumber\datatable\7.11.0\datatable-7.11.0.jar;C:\Users\alimu\.m2\repository\io\cucumber\cucumber-plugin\7.11.0\cucumber-plugin-7.11.0.jar;C:\Users\alimu\.m2\repository\io\cucumber\docstring\7.11.0\docstring-7.11.0.jar;C:\Users\alimu\.m2\repository\io\cucumber\html-formatter\20.2.1\html-formatter-20.2.1.jar;C:\Users\alimu\.m2\repository\io\cucumber\junit-xml-formatter\0.1.0\junit-xml-formatter-0.1.0.jar;C:\Users\alimu\.m2\repository\io\cucumber\ci-environment\9.1.0\ci-environment-9.1.0.jar;C:\Users\alimu\.m2\repository\io\cucumber\cucumber-java\7.11.0\cucumber-java-7.11.0.jar;C:\Users\alimu\.m2\repository\io\cucumber\cucumber-junit\7.11.0\cucumber-junit-7.11.0.jar;C:\Users\alimu\.m2\repository\org\apache\commons\commons-csv\1.5\commons-csv-1.5.jar;C:\Users\alimu\.m2\repository\net\serenity-bdd\serenity-screenplay\3.6.21\serenity-screenplay-3.6.21.jar;C:\Users\alimu\.m2\repository\net\serenity-bdd\serenity-screenplay-webdriver\3.6.21\serenity-screenplay-webdriver-3.6.21.jar;C:\Users\alimu\.m2\repository\net\serenity-bdd\serenity-ensure\3.6.21\serenity-ensure-3.6.21.jar;C:\Users\alimu\.m2\repository\net\serenity-bdd\serenity-junit\3.6.21\serenity-junit-3.6.21.jar;C:\Users\alimu\.m2\repository\org\jetbrains\kotlin\kotlin-stdlib\1.8.10\kotlin-stdlib-1.8.10.jar;C:\Users\alimu\.m2\repository\org\jetbrains\kotlin\kotlin-stdlib-common\1.8.10\kotlin-stdlib-common-1.8.10.jar;C:\Users\alimu\.m2\repository\org\jetbrains\annotations\13.0\annotations-13.0.jar;C:\Users\alimu\.m2\repository\org\junit\platform\junit-platform-launcher\1.8.2\junit-platform-launcher-1.8.2.jar;C:\Users\alimu\.m2\repository\org\junit\platform\junit-platform-engine\1.8.2\junit-platform-engine-1.8.2.jar;C:\Users\alimu\.m2\repository\org\opentest4j\opentest4j\1.2.0\opentest4j-1.2.0.jar;C:\Users\alimu\.m2\repository\org\junit\platform\junit-platform-commons\1.8.2\junit-platform-commons-1.8.2.jar;C:\Users\alimu\.m2\repository\org\apiguardian\apiguardian-api\1.1.2\apiguardian-api-1.1.2.jar;C:\Users\alimu\.m2\repository\org\junit\jupiter\junit-jupiter-engine\5.8.2\junit-jupiter-engine-5.8.2.jar;C:\Users\alimu\.m2\repository\org\junit\jupiter\junit-jupiter-api\5.8.2\junit-jupiter-api-5.8.2.jar;C:\Users\alimu\.m2\repository\org\junit\vintage\junit-vintage-engine\5.8.2\junit-vintage-engine-5.8.2.jar;C:\Users\alimu\.m2\repository\junit\junit\4.13.2\junit-4.13.2.jar;C:\Users\alimu\.m2\repository\org\hamcrest\hamcrest-core\1.3\hamcrest-core-1.3.jar;C:\Users\alimu\.m2\repository\ch\qos\logback\logback-classic\1.2.10\logback-classic-1.2.10.jar;C:\Users\alimu\.m2\repository\ch\qos\logback\logback-core\1.2.10\logback-core-1.2.10.jar;C:\Users\alimu\.m2\repository\org\slf4j\slf4j-api\1.7.32\slf4j-api-1.7.32.jar;C:\Users\alimu\.m2\repository\org\assertj\assertj-core\3.23.1\assertj-core-3.23.1.jar;C:\Users\alimu\.m2\repository\net\bytebuddy\byte-buddy\1.12.10\byte-buddy-1.12.10.jar;C:\Users\alimu\.m2\repository\org\apache\maven\surefire\surefire-junit-platform\3.0.0-M5\surefire-junit-platform-3.0.0-M5.jar;C:\Users\alimu\.m2\repository\org\apache\maven\surefire\common-java5\3.0.0-M5\common-java5-3.0.0-M5.jar"/>
    <property name="user.script" value=""/>
    <property name="java.protocol.handler.pkgs" value="com.google.common"/>
    <property name="sun.management.compiler" value="HotSpot 64-Bit Tiered Compilers"/>
    <property name="java.runtime.version" value="11.0.11+9"/>
    <property name="user.name" value="alimu"/>
    <property name="path.separator" value=";"/>
    <property name="os.version" value="10.0"/>
    <property name="java.runtime.name" value="OpenJDK Runtime Environment"/>
    <property name="file.encoding" value="Cp1252"/>
    <property name="webdriver.base.url" value=""/>
    <property name="java.vm.name" value="OpenJDK 64-Bit Server VM"/>
    <property name="java.vendor.version" value="AdoptOpenJDK-11.0.11+9"/>
    <property name="localRepository" value="C:\Users\alimu\.m2\repository"/>
    <property name="java.vendor.url.bug" value="https://github.com/AdoptOpenJDK/openjdk-support/issues"/>
    <property name="java.io.tmpdir" value="C:\Users\alimu\AppData\Local\Temp\"/>
    <property name="java.version" value="11.0.11"/>
    <property name="user.dir" value="D:\CapstoneWeb"/>
    <property name="os.arch" value="amd64"/>
    <property name="java.vm.specification.name" value="Java Virtual Machine Specification"/>
    <property name="java.awt.printerjob" value="sun.awt.windows.WPrinterJob"/>
    <property name="user.language.format" value="id"/>
    <property name="sun.os.patch.level" value=""/>
    <property name="java.library.path" value="C:\Program Files\AdoptOpenJDK\jdk-11.0.11.9-hotspot\bin;C:\WINDOWS\Sun\Java\bin;C:\WINDOWS\system32;C:\WINDOWS;C:\platform-tools;C:\Program Files\Common Files\Oracle\Java\javapath;C:\Program Files\AdoptOpenJDK\jdk-11.0.11.9-hotspot\bin;C:\Program Files (x86)\Common Files\Oracle\Java\javapath;C:\Program Files (x86)\Common Files\Intel\Shared Files\cpp\bin\Intel64;C:\ProgramData\Oracle\Java\javapath;C:\WINDOWS\system32;C:\WINDOWS;C:\WINDOWS\System32\Wbem;C:\WINDOWS\System32\WindowsPowerShell\v1.0\;C:\WINDOWS\System32\OpenSSH\;C:\Program Files\nodejs\;C:\Program Files (x86)\Microsoft SQL Server\100\Tools\Binn\;C:\Program Files\Microsoft SQL Server\100\Tools\Binn\;C:\Program Files\Microsoft SQL Server\100\DTS\Binn\;C:\Program Files\Git\cmd;C:\xampp\php;C:\ProgramData\ComposerSetup\bin;C:\Program Files\MATLAB\R2020a\runtime\win64;C:\Program Files\MATLAB\R2020a\bin;C:\Program Files\MATLAB\R2020a\polyspace\bin;C:\apache-maven-3.9.1\bin;C:\webdriver;%ANDROID_HOME%\platform-tools;;C:\Program Files\Docker\Docker\resources\bin;C:\Users\alimu\AppData\Local\Programs\Python\Python39\Scripts\;C:\Users\alimu\AppData\Local\Programs\Python\Python39\;C:\Users\alimu\AppData\Local\Microsoft\WindowsApps;C:\Users\alimu\AppData\Roaming\npm;C:\Program Files (x86)\Jar2Exe Wizard\;C:\Users\alimu\VScode\Microsoft VS Code\bin;C:\Users\alimu\AppData\Roaming\Composer\vendor\bin;C:\WebDriver;;."/>
    <property name="java.vm.info" value="mixed mode"/>
    <property name="java.vendor" value="AdoptOpenJDK"/>
    <property name="java.vm.version" value="11.0.11+9"/>
    <property name="sun.io.unicode.encoding" value="UnicodeLittle"/>
    <property name="java.class.version" value="55.0"/>
  </properties>
  <testcase name="As Admin, I can filter user sort by newest" classname="User" time="28.688">
    <system-out><![CDATA[06:02:50.056 [main] DEBUG net.thucydides.core.guice.Injectors - Created injector for module net.thucydides.core.guice.ThucydidesModule
06:02:50.821 [main] DEBUG io.cucumber.core.plugin.SerenityReporter - Running feature from file:///D:/CapstoneWeb/src/test/resources/features/Login.feature
06:02:51.292 [main] DEBUG net.thucydides.core.guice.Injectors - Created injector for module net.thucydides.core.guice.webdriver.WebDriverModule
06:02:51.383 [main] INFO  - 

-------------------------------------------------------------------------------------
     _______. _______ .______       _______ .__   __.  __  .___________.____    ____ 
    /       ||   ____||   _  \     |   ____||  \ |  | |  | |           |\   \  /   / 
   |   (----`|  |__   |  |_)  |    |  |__   |   \|  | |  | `---|  |----` \   \/   /  
    \   \    |   __|  |      /     |   __|  |  . `  | |  |     |  |       \_    _/   
.----)   |   |  |____ |  |\  \----.|  |____ |  |\   | |  |     |  |         |  |     
|_______/    |_______|| _| `._____||_______||__| \__| |__|     |__|         |__|    
                                                                                     
 News and tutorials at http://www.serenity-bdd.info                                  
 Documentation at https://wakaleo.gitbooks.io/the-serenity-book/content/             
 Join the Serenity Community on Gitter: https://gitter.im/serenity-bdd/serenity-core 
 Serenity BDD Support and Training at http://serenity-bdd.info/#/trainingandsupport  
-------------------------------------------------------------------------------------

06:02:51.391 [main] DEBUG net.thucydides.core.steps.StepEventBus - Test suite started for story net.thucydides.core.model.Story@23282f08
06:02:51.399 [main] INFO  - Test Suite Started: Login
06:02:51.442 [main] DEBUG io.cucumber.core.plugin.SerenityReporter - Running feature from file:///D:/CapstoneWeb/src/test/resources/features/Logout.feature
06:02:51.453 [main] DEBUG net.thucydides.core.steps.StepEventBus - Test suite started for story net.thucydides.core.model.Story@7960de68
06:02:51.456 [main] INFO  - Test Suite Started: Logout
06:02:51.457 [main] DEBUG io.cucumber.core.plugin.SerenityReporter - Running feature from file:///D:/CapstoneWeb/src/test/resources/features/User.feature
06:02:51.476 [main] DEBUG net.thucydides.core.steps.StepEventBus - Test suite started for story net.thucydides.core.model.Story@4eea5d88
06:02:51.477 [main] INFO  - Test Suite Started: User
06:02:51.479 [main] DEBUG io.cucumber.core.plugin.SerenityReporter - Running feature from file:///D:/CapstoneWeb/src/test/resources/features/User.feature
06:02:51.491 [main] DEBUG net.thucydides.core.steps.StepEventBus - Test suite started for story net.thucydides.core.model.Story@4eea5d88
06:02:51.493 [main] INFO  - Test Suite Started: User

@User @SortByNewest
Scenario: As Admin, I can filter user sort by newest &amp#27;[90m# src/test/resources/features/User.feature:46&amp#27;[0m
06:02:51.769 [main] DEBUG io.cucumber.core.plugin.SerenityReporter - Running feature from file:///D:/CapstoneWeb/src/test/resources/features/User.feature
06:02:52.187 [main] INFO  - 
  _____   ___   ___   _____     ___   _____     _     ___   _____   ___   ___  
 |_   _| | __| / __| |_   _|   / __| |_   _|   /_\   | _ \ |_   _| | __| |   \ 
   | |   | _|  \__ \   | |     \__ \   | |    / _ \  |   /   | |   | _|  | |) |
   |_|   |___| |___/   |_|     |___/   |_|   /_/ \_\ |_|_\   |_|   |___| |___/ 

As Admin, I can filter user sort by newest(user;as-admin--i-can-filter-user-sort-by-newest)
--------------------------------------------------------------------------------
06:02:52.338 [main] DEBUG net.thucydides.core.requirements.model.cucumber.CucumberParser - Loading feature D:\CapstoneWeb\src\test\resources\features\Login.feature
06:02:52.394 [main] DEBUG net.thucydides.core.requirements.model.cucumber.CucumberParser - Loading feature D:\CapstoneWeb\src\test\resources\features\Logout.feature
06:02:52.413 [main] DEBUG net.thucydides.core.requirements.model.cucumber.CucumberParser - Loading feature D:\CapstoneWeb\src\test\resources\features\User.feature
06:02:54.456 [main] INFO net.serenitybdd.core.webdriver.driverproviders.DriverProvider - Using WebDriverManager configuration for chrome
06:02:55.860 [main] DEBUG io.github.bonigarcia.wdm.cache.ResolutionCache - Resolution chrome=114 in cache (valid until 06:26:12 25/06/2023 ICT)
06:02:55.863 [main] DEBUG io.github.bonigarcia.wdm.cache.ResolutionCache - Resolution chrome114=114.0.5735.90 in cache (valid until 15:51:49 25/06/2023 ICT)
06:02:55.865 [main] INFO io.github.bonigarcia.wdm.WebDriverManager - Using chromedriver 114.0.5735.90 (resolved driver for Chrome 114)
06:02:55.915 [main] DEBUG io.github.bonigarcia.wdm.WebDriverManager - Driver chromedriver 114.0.5735.90 found in cache
06:02:55.920 [main] INFO io.github.bonigarcia.wdm.WebDriverManager - Exporting webdriver.chrome.driver as C:\Users\alimu\.cache\selenium\chromedriver\win32\114.0.5735.90\chromedriver.exe
06:02:56.164 [main] INFO net.serenitybdd.core.webdriver.driverproviders.ChromeDriverProvider - Starting Chrome driver instance with capabilities:
06:02:56.173 [main] INFO net.serenitybdd.core.webdriver.driverproviders.ChromeDriverProvider - Capabilities {acceptInsecureCerts: true, browserName: chrome, goog:chromeOptions: {args: [remote-allow-origins=*, test-type, no-sandbox, ignore-certificate-errors, start-maximized, incognito, disable-infobars, disable-gpu, disable-default-apps, disable-popup-blocking, remote-allow-origins=*, test-type, no-sandbox, ignore-certificate-errors, start-maximized, incognito, disable-infobars, disable-gpu, disable-default-apps, disable-popup-blocking, remote-allow-origins=*], extensions: []}}
06:02:56.493 [main] DEBUG io.netty.util.internal.logging.InternalLoggerFactory - Using SLF4J as the default logging framework
06:02:56.506 [main] DEBUG io.netty.util.ResourceLeakDetector - -Dio.netty.leakDetection.level: simple
06:02:56.507 [main] DEBUG io.netty.util.ResourceLeakDetector - -Dio.netty.leakDetection.targetRecords: 4
06:02:56.521 [main] DEBUG io.netty.util.ResourceLeakDetectorFactory - Loaded default ResourceLeakDetector: io.netty.util.ResourceLeakDetector@2b7facc7
06:02:56.611 [main] DEBUG io.netty.util.internal.PlatformDependent0 - -Dio.netty.noUnsafe: false
06:02:56.612 [main] DEBUG io.netty.util.internal.PlatformDependent0 - Java version: 11
06:02:56.615 [main] DEBUG io.netty.util.internal.PlatformDependent0 - sun.misc.Unsafe.theUnsafe: available
06:02:56.617 [main] DEBUG io.netty.util.internal.PlatformDependent0 - sun.misc.Unsafe.copyMemory: available
06:02:56.619 [main] DEBUG io.netty.util.internal.PlatformDependent0 - sun.misc.Unsafe.storeFence: available
06:02:56.621 [main] DEBUG io.netty.util.internal.PlatformDependent0 - java.nio.Buffer.address: available
06:02:56.623 [main] DEBUG io.netty.util.internal.PlatformDependent0 - direct buffer constructor: unavailable: Reflective setAccessible(true) disabled
06:02:56.627 [main] DEBUG io.netty.util.internal.PlatformDependent0 - java.nio.Bits.unaligned: available, true
06:02:56.630 [main] DEBUG io.netty.util.internal.PlatformDependent0 - jdk.internal.misc.Unsafe.allocateUninitializedArray(int): unavailable: class io.netty.util.internal.PlatformDependent0$7 cannot access class jdk.internal.misc.Unsafe (in module java.base) because module java.base does not export jdk.internal.misc to unnamed module @58783f6c
06:02:56.643 [main] DEBUG io.netty.util.internal.PlatformDependent0 - java.nio.DirectByteBuffer.<init>(long, int): unavailable
06:02:56.643 [main] DEBUG io.netty.util.internal.PlatformDependent - sun.misc.Unsafe: available
06:02:56.648 [main] DEBUG io.netty.util.internal.PlatformDependent - maxDirectMemory: 1595932672 bytes (maybe)
06:02:56.649 [main] DEBUG io.netty.util.internal.PlatformDependent - -Dio.netty.tmpdir: C:\Users\alimu\AppData\Local\Temp (java.io.tmpdir)
06:02:56.649 [main] DEBUG io.netty.util.internal.PlatformDependent - -Dio.netty.bitMode: 64 (sun.arch.data.model)
06:02:56.650 [main] DEBUG io.netty.util.internal.PlatformDependent - Platform: Windows
06:02:56.653 [main] DEBUG io.netty.util.internal.PlatformDependent - -Dio.netty.maxDirectMemory: -1 bytes
06:02:56.653 [main] DEBUG io.netty.util.internal.PlatformDependent - -Dio.netty.uninitializedArrayAllocationThreshold: -1
06:02:56.656 [main] DEBUG io.netty.util.internal.CleanerJava9 - java.nio.ByteBuffer.cleaner(): available
06:02:56.657 [main] DEBUG io.netty.util.internal.PlatformDependent - -Dio.netty.noPreferDirect: false
06:02:56.693 [main] DEBUG io.netty.util.internal.PlatformDependent - org.jctools-core.MpscChunkedArrayQueue: available
06:02:56.775 [main] DEBUG io.netty.util.internal.InternalThreadLocalMap - -Dio.netty.threadLocalMap.stringBuilder.initialSize: 1024
06:02:56.776 [main] DEBUG io.netty.util.internal.InternalThreadLocalMap - -Dio.netty.threadLocalMap.stringBuilder.maxSize: 4096
06:02:56.872 [main] DEBUG io.netty.handler.ssl.JdkSslContext - Default protocols (JDK): [TLSv1.3, TLSv1.2] 
06:02:56.872 [main] DEBUG io.netty.handler.ssl.JdkSslContext - Default cipher suites (JDK): [TLS_ECDHE_ECDSA_WITH_AES_256_GCM_SHA384, TLS_ECDHE_ECDSA_WITH_AES_128_GCM_SHA256, TLS_ECDHE_RSA_WITH_AES_128_GCM_SHA256, TLS_ECDHE_RSA_WITH_AES_256_GCM_SHA384, TLS_ECDHE_RSA_WITH_AES_128_CBC_SHA, TLS_ECDHE_RSA_WITH_AES_256_CBC_SHA, TLS_RSA_WITH_AES_128_GCM_SHA256, TLS_RSA_WITH_AES_128_CBC_SHA, TLS_RSA_WITH_AES_256_CBC_SHA, TLS_AES_128_GCM_SHA256, TLS_AES_256_GCM_SHA384]
06:02:56.969 [main] DEBUG io.netty.channel.MultithreadEventLoopGroup - -Dio.netty.eventLoopThreads: 16
06:02:57.004 [main] DEBUG io.netty.channel.nio.NioEventLoop - -Dio.netty.noKeySetOptimization: false
06:02:57.005 [main] DEBUG io.netty.channel.nio.NioEventLoop - -Dio.netty.selectorAutoRebuildThreshold: 512
06:02:57.144 [main] DEBUG io.netty.buffer.PooledByteBufAllocator - -Dio.netty.allocator.numHeapArenas: 16
06:02:57.144 [main] DEBUG io.netty.buffer.PooledByteBufAllocator - -Dio.netty.allocator.numDirectArenas: 16
06:02:57.144 [main] DEBUG io.netty.buffer.PooledByteBufAllocator - -Dio.netty.allocator.pageSize: 8192
06:02:57.144 [main] DEBUG io.netty.buffer.PooledByteBufAllocator - -Dio.netty.allocator.maxOrder: 9
06:02:57.144 [main] DEBUG io.netty.buffer.PooledByteBufAllocator - -Dio.netty.allocator.chunkSize: 4194304
06:02:57.145 [main] DEBUG io.netty.buffer.PooledByteBufAllocator - -Dio.netty.allocator.smallCacheSize: 256
06:02:57.145 [main] DEBUG io.netty.buffer.PooledByteBufAllocator - -Dio.netty.allocator.normalCacheSize: 64
06:02:57.145 [main] DEBUG io.netty.buffer.PooledByteBufAllocator - -Dio.netty.allocator.maxCachedBufferCapacity: 32768
06:02:57.145 [main] DEBUG io.netty.buffer.PooledByteBufAllocator - -Dio.netty.allocator.cacheTrimInterval: 8192
06:02:57.145 [main] DEBUG io.netty.buffer.PooledByteBufAllocator - -Dio.netty.allocator.cacheTrimIntervalMillis: 0
06:02:57.145 [main] DEBUG io.netty.buffer.PooledByteBufAllocator - -Dio.netty.allocator.useCacheForAllThreads: false
06:02:57.145 [main] DEBUG io.netty.buffer.PooledByteBufAllocator - -Dio.netty.allocator.maxCachedByteBuffersPerChunk: 1023
06:02:57.184 [main] DEBUG io.netty.buffer.ByteBufUtil - -Dio.netty.allocator.type: pooled
06:02:57.184 [main] DEBUG io.netty.buffer.ByteBufUtil - -Dio.netty.threadLocalDirectBufferSize: 0
06:02:57.184 [main] DEBUG io.netty.buffer.ByteBufUtil - -Dio.netty.maxThreadLocalCharBufferSize: 16384
06:02:58.382 [Forwarding newSession on session null to remote] DEBUG io.netty.channel.DefaultChannelId - -Dio.netty.processId: 3976 (auto-detected)
06:02:58.386 [Forwarding newSession on session null to remote] DEBUG io.netty.util.NetUtil - -Djava.net.preferIPv4Stack: false
06:02:58.387 [Forwarding newSession on session null to remote] DEBUG io.netty.util.NetUtil - -Djava.net.preferIPv6Addresses: false
06:02:58.767 [Forwarding newSession on session null to remote] DEBUG io.netty.util.NetUtilInitializations - Loopback interface: lo (Software Loopback Interface 1, 127.0.0.1)
06:02:58.770 [Forwarding newSession on session null to remote] DEBUG io.netty.util.NetUtil - Failed to get SOMAXCONN from sysctl and file \proc\sys\net\core\somaxconn. Default: 200
06:02:58.822 [Forwarding newSession on session null to remote] DEBUG io.netty.channel.DefaultChannelId - -Dio.netty.machineId: 8c:c8:4b:ff:fe:f2:d5:d1 (auto-detected)
06:02:59.054 [AsyncHttpClient-1-2] DEBUG io.netty.buffer.AbstractByteBuf - -Dio.netty.buffer.checkAccessible: true
06:02:59.055 [AsyncHttpClient-1-2] DEBUG io.netty.buffer.AbstractByteBuf - -Dio.netty.buffer.checkBounds: true
06:02:59.055 [AsyncHttpClient-1-2] DEBUG io.netty.util.ResourceLeakDetectorFactory - Loaded default ResourceLeakDetector: io.netty.util.ResourceLeakDetector@3a39aa07
06:02:59.098 [AsyncHttpClient-1-2] DEBUG org.asynchttpclient.netty.channel.NettyConnectListener - Using new Channel '[id: 0xf9219739, L:/127.0.0.1:51463 - R:localhost/127.0.0.1:27420]' for 'POST' to '/session'
06:02:59.141 [AsyncHttpClient-1-2] DEBUG io.netty.util.Recycler - -Dio.netty.recycler.maxCapacityPerThread: 4096
06:02:59.141 [AsyncHttpClient-1-2] DEBUG io.netty.util.Recycler - -Dio.netty.recycler.ratio: 8
06:02:59.141 [AsyncHttpClient-1-2] DEBUG io.netty.util.Recycler - -Dio.netty.recycler.chunkSize: 32
06:02:59.141 [AsyncHttpClient-1-2] DEBUG io.netty.util.Recycler - -Dio.netty.recycler.blocking: false
06:03:00.649 [AsyncHttpClient-1-2] DEBUG io.netty.handler.codec.compression.Brotli - brotli4j not in the classpath; Brotli support will be unavailable.
06:03:00.649 [AsyncHttpClient-1-2] DEBUG org.asynchttpclient.netty.handler.HttpHandler - 

Request DefaultHttpRequest(decodeResult: success, version: HTTP/1.1)
POST /session HTTP/1.1
User-Agent: selenium/4.8.1 (java windows)
Content-Length: 1701
Content-Type: application/json; charset=utf-8
host: localhost:27420
accept: */*

Response DefaultHttpResponse(decodeResult: success, version: HTTP/1.1)
HTTP/1.1 200 OK
Content-Length: 843
Content-Type: application/json; charset=utf-8
cache-control: no-cache

06:03:00.692 [AsyncHttpClient-1-2] DEBUG org.asynchttpclient.netty.channel.ChannelManager - Adding key: http://localhost:27420 for channel [id: 0xf9219739, L:/127.0.0.1:51463 - R:localhost/127.0.0.1:27420]
06:03:01.010 [AsyncHttpClient-1-3] DEBUG org.asynchttpclient.netty.channel.NettyConnectListener - Using new Channel '[id: 0xd00532b7, L:/127.0.0.1:51473 - R:localhost/127.0.0.1:51465]' for 'GET' to '/json/version'
06:03:01.024 [AsyncHttpClient-1-3] DEBUG org.asynchttpclient.netty.handler.HttpHandler - 

Request DefaultFullHttpRequest(decodeResult: success, version: HTTP/1.1, content: EmptyByteBufBE)
GET /json/version HTTP/1.1
User-Agent: selenium/4.8.1 (java windows)
host: localhost:51465
accept: */*

Response DefaultHttpResponse(decodeResult: success, version: HTTP/1.1)
HTTP/1.1 200 OK
Content-Security-Policy: frame-ancestors 'none'
Content-Length: 424
Content-Type: application/json; charset=UTF-8

06:03:01.026 [AsyncHttpClient-1-3] DEBUG org.asynchttpclient.netty.channel.ChannelManager - Adding key: http://localhost:51465 for channel [id: 0xd00532b7, L:/127.0.0.1:51473 - R:localhost/127.0.0.1:51465]
06:03:01.057 [main] DEBUG io.netty.util.internal.ThreadLocalRandom - -Dio.netty.initialSeedUniquifier: 0xd8ca80346e7a32b7
06:03:01.077 [AsyncHttpClient-1-4] DEBUG org.asynchttpclient.netty.channel.NettyConnectListener - Using new Channel '[id: 0x6c4fc173, L:/127.0.0.1:51474 - R:localhost/127.0.0.1:51465]' for 'GET' to '/devtools/browser/e3330292-4f86-4fa4-818e-cb2214c5cc0e'
06:03:01.089 [AsyncHttpClient-1-4] DEBUG org.asynchttpclient.netty.handler.WebSocketHandler - 

Request DefaultFullHttpRequest(decodeResult: success, version: HTTP/1.1, content: EmptyByteBufBE)
GET /devtools/browser/e3330292-4f86-4fa4-818e-cb2214c5cc0e HTTP/1.1
upgrade: websocket
connection: upgrade
sec-websocket-key: +th5bYyIri5QS/PXVb7LMQ==
sec-websocket-version: 13
origin: http://localhost:51465
host: localhost:51465
accept: */*
user-agent: AHC/2.1

Response DefaultHttpResponse(decodeResult: success, version: HTTP/1.1)
HTTP/1.1 101 WebSocket Protocol Handshake
Upgrade: WebSocket
Connection: Upgrade
Sec-WebSocket-Accept: 7co2/l4Zvw/yNA//lPMm4HmTRkg=

06:03:01.213 [AsyncHttpClient-1-1] DEBUG org.asynchttpclient.netty.channel.DefaultChannelPool - Entry count for : http://localhost:27420 : 1
06:03:01.214 [AsyncHttpClient-1-1] DEBUG org.asynchttpclient.netty.channel.DefaultChannelPool - Entry count for : http://localhost:51465 : 1
06:03:01.416 [Forwarding get on session 2cf5151f26810885d723368074bec302 to remote] DEBUG org.asynchttpclient.netty.request.NettyRequestSender - Using pooled Channel '[id: 0xf9219739, L:/127.0.0.1:51463 - R:localhost/127.0.0.1:27420]' for 'POST' to 'http://localhost:27420/session/2cf5151f26810885d723368074bec302/url'
06:03:01.416 [Forwarding get on session 2cf5151f26810885d723368074bec302 to remote] DEBUG org.asynchttpclient.netty.request.NettyRequestSender - Using open Channel [id: 0xf9219739, L:/127.0.0.1:51463 - R:localhost/127.0.0.1:27420] for POST '/session/2cf5151f26810885d723368074bec302/url'
06:03:02.311 [AsyncHttpClient-1-1] DEBUG org.asynchttpclient.netty.channel.DefaultChannelPool - Entry count for : http://localhost:51465 : 1
06:03:02.790 [AsyncHttpClient-1-2] DEBUG org.asynchttpclient.netty.handler.HttpHandler - 

Request DefaultHttpRequest(decodeResult: success, version: HTTP/1.1)
POST /session/2cf5151f26810885d723368074bec302/url HTTP/1.1
User-Agent: selenium/4.8.1 (java windows)
Content-Length: 69
Content-Type: application/json; charset=utf-8
host: localhost:27420
accept: */*

Response DefaultHttpResponse(decodeResult: success, version: HTTP/1.1)
HTTP/1.1 200 OK
Content-Length: 14
Content-Type: application/json; charset=utf-8
cache-control: no-cache

06:03:02.791 [AsyncHttpClient-1-2] DEBUG org.asynchttpclient.netty.channel.ChannelManager - Adding key: http://localhost:27420 for channel [id: 0xf9219739, L:/127.0.0.1:51463 - R:localhost/127.0.0.1:27420]
06:03:02.806 [Forwarding setTimeout on session 2cf5151f26810885d723368074bec302 to remote] DEBUG org.asynchttpclient.netty.request.NettyRequestSender - Using pooled Channel '[id: 0xf9219739, L:/127.0.0.1:51463 - R:localhost/127.0.0.1:27420]' for 'POST' to 'http://localhost:27420/session/2cf5151f26810885d723368074bec302/timeouts'
06:03:02.806 [Forwarding setTimeout on session 2cf5151f26810885d723368074bec302 to remote] DEBUG org.asynchttpclient.netty.request.NettyRequestSender - Using open Channel [id: 0xf9219739, L:/127.0.0.1:51463 - R:localhost/127.0.0.1:27420] for POST '/session/2cf5151f26810885d723368074bec302/timeouts'
06:03:02.810 [AsyncHttpClient-1-2] DEBUG org.asynchttpclient.netty.handler.HttpHandler - 

Request DefaultHttpRequest(decodeResult: success, version: HTTP/1.1)
POST /session/2cf5151f26810885d723368074bec302/timeouts HTTP/1.1
User-Agent: selenium/4.8.1 (java windows)
Content-Length: 22
Content-Type: application/json; charset=utf-8
host: localhost:27420
accept: */*

Response DefaultHttpResponse(decodeResult: success, version: HTTP/1.1)
HTTP/1.1 200 OK
Content-Length: 14
Content-Type: application/json; charset=utf-8
cache-control: no-cache

06:03:02.811 [AsyncHttpClient-1-2] DEBUG org.asynchttpclient.netty.channel.ChannelManager - Adding key: http://localhost:27420 for channel [id: 0xf9219739, L:/127.0.0.1:51463 - R:localhost/127.0.0.1:27420]
  &amp#27;[32mGiven &amp#27;[0m&amp#27;[32mI am on the landing page&amp#27;[0m                     &amp#27;[90m# starter.stepdefinitions.LoginSteps.onTheLandingPage()&amp#27;[0m
06:03:02.891 [main] DEBUG net.serenitybdd.core.photography.Darkroom - Opening darkroom
06:03:02.895 [Darkroom Processing Line] DEBUG net.serenitybdd.core.photography.DarkroomProcessingLine - Darkroom processing line starting up
06:03:02.927 [Forwarding getAlertText on session 2cf5151f26810885d723368074bec302 to remote] DEBUG org.asynchttpclient.netty.request.NettyRequestSender - Using pooled Channel '[id: 0xf9219739, L:/127.0.0.1:51463 - R:localhost/127.0.0.1:27420]' for 'GET' to 'http://localhost:27420/session/2cf5151f26810885d723368074bec302/alert/text'
06:03:02.927 [Forwarding getAlertText on session 2cf5151f26810885d723368074bec302 to remote] DEBUG org.asynchttpclient.netty.request.NettyRequestSender - Using open Channel [id: 0xf9219739, L:/127.0.0.1:51463 - R:localhost/127.0.0.1:27420] for GET '/session/2cf5151f26810885d723368074bec302/alert/text'
06:03:02.932 [AsyncHttpClient-1-2] DEBUG org.asynchttpclient.netty.handler.HttpHandler - 

Request DefaultFullHttpRequest(decodeResult: success, version: HTTP/1.1, content: EmptyByteBufBE)
GET /session/2cf5151f26810885d723368074bec302/alert/text HTTP/1.1
User-Agent: selenium/4.8.1 (java windows)
Cache-Control: no-cache
Content-Type: application/json; charset=utf-8
host: localhost:27420
accept: */*

Response DefaultHttpResponse(decodeResult: success, version: HTTP/1.1)
HTTP/1.1 404 Not Found
Content-Length: 828
Content-Type: application/json; charset=utf-8
cache-control: no-cache

06:03:02.933 [AsyncHttpClient-1-2] DEBUG org.asynchttpclient.netty.channel.ChannelManager - Adding key: http://localhost:27420 for channel [id: 0xf9219739, L:/127.0.0.1:51463 - R:localhost/127.0.0.1:27420]
06:03:02.948 [Forwarding getCurrentUrl on session 2cf5151f26810885d723368074bec302 to remote] DEBUG org.asynchttpclient.netty.request.NettyRequestSender - Using pooled Channel '[id: 0xf9219739, L:/127.0.0.1:51463 - R:localhost/127.0.0.1:27420]' for 'GET' to 'http://localhost:27420/session/2cf5151f26810885d723368074bec302/url'
06:03:02.948 [Forwarding getCurrentUrl on session 2cf5151f26810885d723368074bec302 to remote] DEBUG org.asynchttpclient.netty.request.NettyRequestSender - Using open Channel [id: 0xf9219739, L:/127.0.0.1:51463 - R:localhost/127.0.0.1:27420] for GET '/session/2cf5151f26810885d723368074bec302/url'
06:03:02.963 [AsyncHttpClient-1-2] DEBUG org.asynchttpclient.netty.handler.HttpHandler - 

Request DefaultFullHttpRequest(decodeResult: success, version: HTTP/1.1, content: EmptyByteBufBE)
GET /session/2cf5151f26810885d723368074bec302/url HTTP/1.1
User-Agent: selenium/4.8.1 (java windows)
Cache-Control: no-cache
Content-Type: application/json; charset=utf-8
host: localhost:27420
accept: */*

Response DefaultHttpResponse(decodeResult: success, version: HTTP/1.1)
HTTP/1.1 200 OK
Content-Length: 51
Content-Type: application/json; charset=utf-8
cache-control: no-cache

06:03:02.964 [AsyncHttpClient-1-2] DEBUG org.asynchttpclient.netty.channel.ChannelManager - Adding key: http://localhost:27420 for channel [id: 0xf9219739, L:/127.0.0.1:51463 - R:localhost/127.0.0.1:27420]
06:03:02.974 [Forwarding screenshot on session 2cf5151f26810885d723368074bec302 to remote] DEBUG org.asynchttpclient.netty.request.NettyRequestSender - Using pooled Channel '[id: 0xf9219739, L:/127.0.0.1:51463 - R:localhost/127.0.0.1:27420]' for 'GET' to 'http://localhost:27420/session/2cf5151f26810885d723368074bec302/screenshot'
06:03:02.974 [Forwarding screenshot on session 2cf5151f26810885d723368074bec302 to remote] DEBUG org.asynchttpclient.netty.request.NettyRequestSender - Using open Channel [id: 0xf9219739, L:/127.0.0.1:51463 - R:localhost/127.0.0.1:27420] for GET '/session/2cf5151f26810885d723368074bec302/screenshot'
06:03:03.245 [AsyncHttpClient-1-2] DEBUG org.asynchttpclient.netty.handler.HttpHandler - 

Request DefaultFullHttpRequest(decodeResult: success, version: HTTP/1.1, content: EmptyByteBufBE)
GET /session/2cf5151f26810885d723368074bec302/screenshot HTTP/1.1
User-Agent: selenium/4.8.1 (java windows)
Cache-Control: no-cache
Content-Type: application/json; charset=utf-8
host: localhost:27420
accept: */*

Response DefaultHttpResponse(decodeResult: success, version: HTTP/1.1)
HTTP/1.1 200 OK
Content-Length: 137360
Content-Type: application/json; charset=utf-8
cache-control: no-cache

06:03:03.251 [AsyncHttpClient-1-2] DEBUG org.asynchttpclient.netty.channel.ChannelManager - Adding key: http://localhost:27420 for channel [id: 0xf9219739, L:/127.0.0.1:51463 - R:localhost/127.0.0.1:27420]
06:03:03.414 [AsyncHttpClient-1-1] DEBUG org.asynchttpclient.netty.channel.DefaultChannelPool - Entry count for : http://localhost:27420 : 1
06:03:03.415 [AsyncHttpClient-1-1] DEBUG org.asynchttpclient.netty.channel.DefaultChannelPool - Entry count for : http://localhost:51465 : 1
06:03:03.456 [main] DEBUG net.serenitybdd.core.photography.Darkroom - Send negative for processing for target\site\serenity\59959dd2953e44cf82950644ef97b7f44e2ae1c5eb39fc1fc4b33334f9f7ca2e.png
06:03:03.458 [Darkroom Processing Line] DEBUG net.serenitybdd.core.photography.DarkroomProcessingLine - Processing screenshot image in /var/screenshots/screenshot-14373468160299024028
06:03:03.458 [Darkroom Processing Line] DEBUG net.serenitybdd.core.photography.DarkroomProcessingLine - Saving screenshot to target\site\serenity\59959dd2953e44cf82950644ef97b7f44e2ae1c5eb39fc1fc4b33334f9f7ca2e.png
06:03:03.496 [Forwarding getPageSource on session 2cf5151f26810885d723368074bec302 to remote] DEBUG org.asynchttpclient.netty.request.NettyRequestSender - Using pooled Channel '[id: 0xf9219739, L:/127.0.0.1:51463 - R:localhost/127.0.0.1:27420]' for 'POST' to 'http://localhost:27420/session/2cf5151f26810885d723368074bec302/execute/sync'
06:03:03.496 [Forwarding getPageSource on session 2cf5151f26810885d723368074bec302 to remote] DEBUG org.asynchttpclient.netty.request.NettyRequestSender - Using open Channel [id: 0xf9219739, L:/127.0.0.1:51463 - R:localhost/127.0.0.1:27420] for POST '/session/2cf5151f26810885d723368074bec302/execute/sync'
06:03:03.513 [AsyncHttpClient-1-2] DEBUG org.asynchttpclient.netty.handler.HttpHandler - 

Request DefaultHttpRequest(decodeResult: success, version: HTTP/1.1)
POST /session/2cf5151f26810885d723368074bec302/execute/sync HTTP/1.1
User-Agent: selenium/4.8.1 (java windows)
Content-Length: 176
Content-Type: application/json; charset=utf-8
host: localhost:27420
accept: */*

Response DefaultHttpResponse(decodeResult: success, version: HTTP/1.1)
HTTP/1.1 200 OK
Content-Length: 2008
Content-Type: application/json; charset=utf-8
cache-control: no-cache

06:03:03.513 [AsyncHttpClient-1-2] DEBUG org.asynchttpclient.netty.channel.ChannelManager - Adding key: http://localhost:27420 for channel [id: 0xf9219739, L:/127.0.0.1:51463 - R:localhost/127.0.0.1:27420]
06:03:03.746 [Forwarding getCurrentUrl on session 2cf5151f26810885d723368074bec302 to remote] DEBUG org.asynchttpclient.netty.request.NettyRequestSender - Using pooled Channel '[id: 0xf9219739, L:/127.0.0.1:51463 - R:localhost/127.0.0.1:27420]' for 'GET' to 'http://localhost:27420/session/2cf5151f26810885d723368074bec302/url'
06:03:03.747 [Forwarding getCurrentUrl on session 2cf5151f26810885d723368074bec302 to remote] DEBUG org.asynchttpclient.netty.request.NettyRequestSender - Using open Channel [id: 0xf9219739, L:/127.0.0.1:51463 - R:localhost/127.0.0.1:27420] for GET '/session/2cf5151f26810885d723368074bec302/url'
06:03:03.759 [AsyncHttpClient-1-2] DEBUG org.asynchttpclient.netty.handler.HttpHandler - 

Request DefaultFullHttpRequest(decodeResult: success, version: HTTP/1.1, content: EmptyByteBufBE)
GET /session/2cf5151f26810885d723368074bec302/url HTTP/1.1
User-Agent: selenium/4.8.1 (java windows)
Cache-Control: no-cache
Content-Type: application/json; charset=utf-8
host: localhost:27420
accept: */*

Response DefaultHttpResponse(decodeResult: success, version: HTTP/1.1)
HTTP/1.1 200 OK
Content-Length: 51
Content-Type: application/json; charset=utf-8
cache-control: no-cache

06:03:03.760 [AsyncHttpClient-1-2] DEBUG org.asynchttpclient.netty.channel.ChannelManager - Adding key: http://localhost:27420 for channel [id: 0xf9219739, L:/127.0.0.1:51463 - R:localhost/127.0.0.1:27420]
06:03:03.823 [Forwarding getAlertText on session 2cf5151f26810885d723368074bec302 to remote] DEBUG org.asynchttpclient.netty.request.NettyRequestSender - Using pooled Channel '[id: 0xf9219739, L:/127.0.0.1:51463 - R:localhost/127.0.0.1:27420]' for 'GET' to 'http://localhost:27420/session/2cf5151f26810885d723368074bec302/alert/text'
06:03:03.824 [Forwarding getAlertText on session 2cf5151f26810885d723368074bec302 to remote] DEBUG org.asynchttpclient.netty.request.NettyRequestSender - Using open Channel [id: 0xf9219739, L:/127.0.0.1:51463 - R:localhost/127.0.0.1:27420] for GET '/session/2cf5151f26810885d723368074bec302/alert/text'
06:03:03.829 [AsyncHttpClient-1-2] DEBUG org.asynchttpclient.netty.handler.HttpHandler - 

Request DefaultFullHttpRequest(decodeResult: success, version: HTTP/1.1, content: EmptyByteBufBE)
GET /session/2cf5151f26810885d723368074bec302/alert/text HTTP/1.1
User-Agent: selenium/4.8.1 (java windows)
Cache-Control: no-cache
Content-Type: application/json; charset=utf-8
host: localhost:27420
accept: */*

Response DefaultHttpResponse(decodeResult: success, version: HTTP/1.1)
HTTP/1.1 404 Not Found
Content-Length: 828
Content-Type: application/json; charset=utf-8
cache-control: no-cache

06:03:03.829 [AsyncHttpClient-1-2] DEBUG org.asynchttpclient.netty.channel.ChannelManager - Adding key: http://localhost:27420 for channel [id: 0xf9219739, L:/127.0.0.1:51463 - R:localhost/127.0.0.1:27420]
06:03:03.837 [Forwarding getCurrentUrl on session 2cf5151f26810885d723368074bec302 to remote] DEBUG org.asynchttpclient.netty.request.NettyRequestSender - Using pooled Channel '[id: 0xf9219739, L:/127.0.0.1:51463 - R:localhost/127.0.0.1:27420]' for 'GET' to 'http://localhost:27420/session/2cf5151f26810885d723368074bec302/url'
06:03:03.837 [Forwarding getCurrentUrl on session 2cf5151f26810885d723368074bec302 to remote] DEBUG org.asynchttpclient.netty.request.NettyRequestSender - Using open Channel [id: 0xf9219739, L:/127.0.0.1:51463 - R:localhost/127.0.0.1:27420] for GET '/session/2cf5151f26810885d723368074bec302/url'
06:03:03.850 [AsyncHttpClient-1-2] DEBUG org.asynchttpclient.netty.handler.HttpHandler - 

Request DefaultFullHttpRequest(decodeResult: success, version: HTTP/1.1, content: EmptyByteBufBE)
GET /session/2cf5151f26810885d723368074bec302/url HTTP/1.1
User-Agent: selenium/4.8.1 (java windows)
Cache-Control: no-cache
Content-Type: application/json; charset=utf-8
host: localhost:27420
accept: */*

Response DefaultHttpResponse(decodeResult: success, version: HTTP/1.1)
HTTP/1.1 200 OK
Content-Length: 51
Content-Type: application/json; charset=utf-8
cache-control: no-cache

06:03:03.851 [AsyncHttpClient-1-2] DEBUG org.asynchttpclient.netty.channel.ChannelManager - Adding key: http://localhost:27420 for channel [id: 0xf9219739, L:/127.0.0.1:51463 - R:localhost/127.0.0.1:27420]
06:03:03.854 [Forwarding screenshot on session 2cf5151f26810885d723368074bec302 to remote] DEBUG org.asynchttpclient.netty.request.NettyRequestSender - Using pooled Channel '[id: 0xf9219739, L:/127.0.0.1:51463 - R:localhost/127.0.0.1:27420]' for 'GET' to 'http://localhost:27420/session/2cf5151f26810885d723368074bec302/screenshot'
06:03:03.854 [Forwarding screenshot on session 2cf5151f26810885d723368074bec302 to remote] DEBUG org.asynchttpclient.netty.request.NettyRequestSender - Using open Channel [id: 0xf9219739, L:/127.0.0.1:51463 - R:localhost/127.0.0.1:27420] for GET '/session/2cf5151f26810885d723368074bec302/screenshot'
06:03:04.132 [AsyncHttpClient-1-2] DEBUG org.asynchttpclient.netty.handler.HttpHandler - 

Request DefaultFullHttpRequest(decodeResult: success, version: HTTP/1.1, content: EmptyByteBufBE)
GET /session/2cf5151f26810885d723368074bec302/screenshot HTTP/1.1
User-Agent: selenium/4.8.1 (java windows)
Cache-Control: no-cache
Content-Type: application/json; charset=utf-8
host: localhost:27420
accept: */*

Response DefaultHttpResponse(decodeResult: success, version: HTTP/1.1)
HTTP/1.1 200 OK
Content-Length: 137360
Content-Type: application/json; charset=utf-8
cache-control: no-cache

06:03:04.137 [AsyncHttpClient-1-2] DEBUG org.asynchttpclient.netty.channel.ChannelManager - Adding key: http://localhost:27420 for channel [id: 0xf9219739, L:/127.0.0.1:51463 - R:localhost/127.0.0.1:27420]
06:03:04.175 [main] DEBUG net.serenitybdd.core.photography.Darkroom - Send negative for processing for target\site\serenity\59959dd2953e44cf82950644ef97b7f44e2ae1c5eb39fc1fc4b33334f9f7ca2e.png
06:03:04.184 [Forwarding getPageSource on session 2cf5151f26810885d723368074bec302 to remote] DEBUG org.asynchttpclient.netty.request.NettyRequestSender - Using pooled Channel '[id: 0xf9219739, L:/127.0.0.1:51463 - R:localhost/127.0.0.1:27420]' for 'POST' to 'http://localhost:27420/session/2cf5151f26810885d723368074bec302/execute/sync'
06:03:04.185 [Forwarding getPageSource on session 2cf5151f26810885d723368074bec302 to remote] DEBUG org.asynchttpclient.netty.request.NettyRequestSender - Using open Channel [id: 0xf9219739, L:/127.0.0.1:51463 - R:localhost/127.0.0.1:27420] for POST '/session/2cf5151f26810885d723368074bec302/execute/sync'
06:03:04.221 [AsyncHttpClient-1-2] DEBUG org.asynchttpclient.netty.handler.HttpHandler - 

Request DefaultHttpRequest(decodeResult: success, version: HTTP/1.1)
POST /session/2cf5151f26810885d723368074bec302/execute/sync HTTP/1.1
User-Agent: selenium/4.8.1 (java windows)
Content-Length: 176
Content-Type: application/json; charset=utf-8
host: localhost:27420
accept: */*

Response DefaultHttpResponse(decodeResult: success, version: HTTP/1.1)
HTTP/1.1 200 OK
Content-Length: 2008
Content-Type: application/json; charset=utf-8
cache-control: no-cache

06:03:04.222 [AsyncHttpClient-1-2] DEBUG org.asynchttpclient.netty.channel.ChannelManager - Adding key: http://localhost:27420 for channel [id: 0xf9219739, L:/127.0.0.1:51463 - R:localhost/127.0.0.1:27420]
06:03:04.233 [Forwarding getCurrentUrl on session 2cf5151f26810885d723368074bec302 to remote] DEBUG org.asynchttpclient.netty.request.NettyRequestSender - Using pooled Channel '[id: 0xf9219739, L:/127.0.0.1:51463 - R:localhost/127.0.0.1:27420]' for 'GET' to 'http://localhost:27420/session/2cf5151f26810885d723368074bec302/url'
06:03:04.234 [Forwarding getCurrentUrl on session 2cf5151f26810885d723368074bec302 to remote] DEBUG org.asynchttpclient.netty.request.NettyRequestSender - Using open Channel [id: 0xf9219739, L:/127.0.0.1:51463 - R:localhost/127.0.0.1:27420] for GET '/session/2cf5151f26810885d723368074bec302/url'
06:03:04.248 [AsyncHttpClient-1-2] DEBUG org.asynchttpclient.netty.handler.HttpHandler - 

Request DefaultFullHttpRequest(decodeResult: success, version: HTTP/1.1, content: EmptyByteBufBE)
GET /session/2cf5151f26810885d723368074bec302/url HTTP/1.1
User-Agent: selenium/4.8.1 (java windows)
Cache-Control: no-cache
Content-Type: application/json; charset=utf-8
host: localhost:27420
accept: */*

Response DefaultHttpResponse(decodeResult: success, version: HTTP/1.1)
HTTP/1.1 200 OK
Content-Length: 51
Content-Type: application/json; charset=utf-8
cache-control: no-cache

06:03:04.249 [AsyncHttpClient-1-2] DEBUG org.asynchttpclient.netty.channel.ChannelManager - Adding key: http://localhost:27420 for channel [id: 0xf9219739, L:/127.0.0.1:51463 - R:localhost/127.0.0.1:27420]
06:03:04.257 [main] DEBUG net.thucydides.core.steps.StepInterceptor - STARTING STEP: LoginSteps.clickGetIntoTheDashboardButton - clickIntoTheDashboard
06:03:04.298 [Forwarding findElement on session 2cf5151f26810885d723368074bec302 to remote] DEBUG org.asynchttpclient.netty.request.NettyRequestSender - Using pooled Channel '[id: 0xf9219739, L:/127.0.0.1:51463 - R:localhost/127.0.0.1:27420]' for 'POST' to 'http://localhost:27420/session/2cf5151f26810885d723368074bec302/element'
06:03:04.299 [Forwarding findElement on session 2cf5151f26810885d723368074bec302 to remote] DEBUG org.asynchttpclient.netty.request.NettyRequestSender - Using open Channel [id: 0xf9219739, L:/127.0.0.1:51463 - R:localhost/127.0.0.1:27420] for POST '/session/2cf5151f26810885d723368074bec302/element'
06:03:04.336 [AsyncHttpClient-1-2] DEBUG org.asynchttpclient.netty.handler.HttpHandler - 

Request DefaultHttpRequest(decodeResult: success, version: HTTP/1.1)
POST /session/2cf5151f26810885d723368074bec302/element HTTP/1.1
User-Agent: selenium/4.8.1 (java windows)
Content-Length: 266
Content-Type: application/json; charset=utf-8
host: localhost:27420
accept: */*

Response DefaultHttpResponse(decodeResult: success, version: HTTP/1.1)
HTTP/1.1 200 OK
Content-Length: 94
Content-Type: application/json; charset=utf-8
cache-control: no-cache

06:03:04.337 [AsyncHttpClient-1-2] DEBUG org.asynchttpclient.netty.channel.ChannelManager - Adding key: http://localhost:27420 for channel [id: 0xf9219739, L:/127.0.0.1:51463 - R:localhost/127.0.0.1:27420]
06:03:04.346 [Forwarding getElementTagName on session 2cf5151f26810885d723368074bec302 to remote] DEBUG org.asynchttpclient.netty.request.NettyRequestSender - Using pooled Channel '[id: 0xf9219739, L:/127.0.0.1:51463 - R:localhost/127.0.0.1:27420]' for 'GET' to 'http://localhost:27420/session/2cf5151f26810885d723368074bec302/element/55F4A78BF08480C0A78762C2798D34E1_element_5/name'
06:03:04.346 [Forwarding getElementTagName on session 2cf5151f26810885d723368074bec302 to remote] DEBUG org.asynchttpclient.netty.request.NettyRequestSender - Using open Channel [id: 0xf9219739, L:/127.0.0.1:51463 - R:localhost/127.0.0.1:27420] for GET '/session/2cf5151f26810885d723368074bec302/element/55F4A78BF08480C0A78762C2798D34E1_element_5/name'
06:03:04.359 [AsyncHttpClient-1-2] DEBUG org.asynchttpclient.netty.handler.HttpHandler - 

Request DefaultFullHttpRequest(decodeResult: success, version: HTTP/1.1, content: EmptyByteBufBE)
GET /session/2cf5151f26810885d723368074bec302/element/55F4A78BF08480C0A78762C2798D34E1_element_5/name HTTP/1.1
User-Agent: selenium/4.8.1 (java windows)
Cache-Control: no-cache
Content-Type: application/json; charset=utf-8
host: localhost:27420
accept: */*

Response DefaultHttpResponse(decodeResult: success, version: HTTP/1.1)
HTTP/1.1 200 OK
Content-Length: 18
Content-Type: application/json; charset=utf-8
cache-control: no-cache

06:03:04.359 [AsyncHttpClient-1-2] DEBUG org.asynchttpclient.netty.channel.ChannelManager - Adding key: http://localhost:27420 for channel [id: 0xf9219739, L:/127.0.0.1:51463 - R:localhost/127.0.0.1:27420]
06:03:04.365 [Forwarding getElementTagName on session 2cf5151f26810885d723368074bec302 to remote] DEBUG org.asynchttpclient.netty.request.NettyRequestSender - Using pooled Channel '[id: 0xf9219739, L:/127.0.0.1:51463 - R:localhost/127.0.0.1:27420]' for 'GET' to 'http://localhost:27420/session/2cf5151f26810885d723368074bec302/element/55F4A78BF08480C0A78762C2798D34E1_element_5/name'
06:03:04.366 [Forwarding getElementTagName on session 2cf5151f26810885d723368074bec302 to remote] DEBUG org.asynchttpclient.netty.request.NettyRequestSender - Using open Channel [id: 0xf9219739, L:/127.0.0.1:51463 - R:localhost/127.0.0.1:27420] for GET '/session/2cf5151f26810885d723368074bec302/element/55F4A78BF08480C0A78762C2798D34E1_element_5/name'
06:03:04.378 [AsyncHttpClient-1-2] DEBUG org.asynchttpclient.netty.handler.HttpHandler - 

Request DefaultFullHttpRequest(decodeResult: success, version: HTTP/1.1, content: EmptyByteBufBE)
GET /session/2cf5151f26810885d723368074bec302/element/55F4A78BF08480C0A78762C2798D34E1_element_5/name HTTP/1.1
User-Agent: selenium/4.8.1 (java windows)
Cache-Control: no-cache
Content-Type: application/json; charset=utf-8
host: localhost:27420
accept: */*

Response DefaultHttpResponse(decodeResult: success, version: HTTP/1.1)
HTTP/1.1 200 OK
Content-Length: 18
Content-Type: application/json; charset=utf-8
cache-control: no-cache

06:03:04.379 [AsyncHttpClient-1-2] DEBUG org.asynchttpclient.netty.channel.ChannelManager - Adding key: http://localhost:27420 for channel [id: 0xf9219739, L:/127.0.0.1:51463 - R:localhost/127.0.0.1:27420]
06:03:04.394 [Forwarding isElementEnabled on session 2cf5151f26810885d723368074bec302 to remote] DEBUG org.asynchttpclient.netty.request.NettyRequestSender - Using pooled Channel '[id: 0xf9219739, L:/127.0.0.1:51463 - R:localhost/127.0.0.1:27420]' for 'GET' to 'http://localhost:27420/session/2cf5151f26810885d723368074bec302/element/55F4A78BF08480C0A78762C2798D34E1_element_5/enabled'
06:03:04.394 [Forwarding isElementEnabled on session 2cf5151f26810885d723368074bec302 to remote] DEBUG org.asynchttpclient.netty.request.NettyRequestSender - Using open Channel [id: 0xf9219739, L:/127.0.0.1:51463 - R:localhost/127.0.0.1:27420] for GET '/session/2cf5151f26810885d723368074bec302/element/55F4A78BF08480C0A78762C2798D34E1_element_5/enabled'
06:03:04.421 [AsyncHttpClient-1-2] DEBUG org.asynchttpclient.netty.handler.HttpHandler - 

Request DefaultFullHttpRequest(decodeResult: success, version: HTTP/1.1, content: EmptyByteBufBE)
GET /session/2cf5151f26810885d723368074bec302/element/55F4A78BF08480C0A78762C2798D34E1_element_5/enabled HTTP/1.1
User-Agent: selenium/4.8.1 (java windows)
Cache-Control: no-cache
Content-Type: application/json; charset=utf-8
host: localhost:27420
accept: */*

Response DefaultHttpResponse(decodeResult: success, version: HTTP/1.1)
HTTP/1.1 200 OK
Content-Length: 14
Content-Type: application/json; charset=utf-8
cache-control: no-cache

06:03:04.422 [AsyncHttpClient-1-2] DEBUG org.asynchttpclient.netty.channel.ChannelManager - Adding key: http://localhost:27420 for channel [id: 0xf9219739, L:/127.0.0.1:51463 - R:localhost/127.0.0.1:27420]
06:03:04.427 [Forwarding isElementEnabled on session 2cf5151f26810885d723368074bec302 to remote] DEBUG org.asynchttpclient.netty.request.NettyRequestSender - Using pooled Channel '[id: 0xf9219739, L:/127.0.0.1:51463 - R:localhost/127.0.0.1:27420]' for 'GET' to 'http://localhost:27420/session/2cf5151f26810885d723368074bec302/element/55F4A78BF08480C0A78762C2798D34E1_element_5/enabled'
06:03:04.427 [Forwarding isElementEnabled on session 2cf5151f26810885d723368074bec302 to remote] DEBUG org.asynchttpclient.netty.request.NettyRequestSender - Using open Channel [id: 0xf9219739, L:/127.0.0.1:51463 - R:localhost/127.0.0.1:27420] for GET '/session/2cf5151f26810885d723368074bec302/element/55F4A78BF08480C0A78762C2798D34E1_element_5/enabled'
06:03:04.443 [AsyncHttpClient-1-2] DEBUG org.asynchttpclient.netty.handler.HttpHandler - 

Request DefaultFullHttpRequest(decodeResult: success, version: HTTP/1.1, content: EmptyByteBufBE)
GET /session/2cf5151f26810885d723368074bec302/element/55F4A78BF08480C0A78762C2798D34E1_element_5/enabled HTTP/1.1
User-Agent: selenium/4.8.1 (java windows)
Cache-Control: no-cache
Content-Type: application/json; charset=utf-8
host: localhost:27420
accept: */*

Response DefaultHttpResponse(decodeResult: success, version: HTTP/1.1)
HTTP/1.1 200 OK
Content-Length: 14
Content-Type: application/json; charset=utf-8
cache-control: no-cache

06:03:04.444 [AsyncHttpClient-1-2] DEBUG org.asynchttpclient.netty.channel.ChannelManager - Adding key: http://localhost:27420 for channel [id: 0xf9219739, L:/127.0.0.1:51463 - R:localhost/127.0.0.1:27420]
06:03:04.455 [Forwarding findElement on session 2cf5151f26810885d723368074bec302 to remote] DEBUG org.asynchttpclient.netty.request.NettyRequestSender - Using pooled Channel '[id: 0xf9219739, L:/127.0.0.1:51463 - R:localhost/127.0.0.1:27420]' for 'POST' to 'http://localhost:27420/session/2cf5151f26810885d723368074bec302/element'
06:03:04.455 [Forwarding findElement on session 2cf5151f26810885d723368074bec302 to remote] DEBUG org.asynchttpclient.netty.request.NettyRequestSender - Using open Channel [id: 0xf9219739, L:/127.0.0.1:51463 - R:localhost/127.0.0.1:27420] for POST '/session/2cf5151f26810885d723368074bec302/element'
06:03:04.477 [AsyncHttpClient-1-2] DEBUG org.asynchttpclient.netty.handler.HttpHandler - 

Request DefaultHttpRequest(decodeResult: success, version: HTTP/1.1)
POST /session/2cf5151f26810885d723368074bec302/element HTTP/1.1
User-Agent: selenium/4.8.1 (java windows)
Content-Length: 266
Content-Type: application/json; charset=utf-8
host: localhost:27420
accept: */*

Response DefaultHttpResponse(decodeResult: success, version: HTTP/1.1)
HTTP/1.1 200 OK
Content-Length: 94
Content-Type: application/json; charset=utf-8
cache-control: no-cache

06:03:04.477 [AsyncHttpClient-1-2] DEBUG org.asynchttpclient.netty.channel.ChannelManager - Adding key: http://localhost:27420 for channel [id: 0xf9219739, L:/127.0.0.1:51463 - R:localhost/127.0.0.1:27420]
06:03:04.482 [Forwarding clickElement on session 2cf5151f26810885d723368074bec302 to remote] DEBUG org.asynchttpclient.netty.request.NettyRequestSender - Using pooled Channel '[id: 0xf9219739, L:/127.0.0.1:51463 - R:localhost/127.0.0.1:27420]' for 'POST' to 'http://localhost:27420/session/2cf5151f26810885d723368074bec302/element/55F4A78BF08480C0A78762C2798D34E1_element_5/click'
06:03:04.482 [Forwarding clickElement on session 2cf5151f26810885d723368074bec302 to remote] DEBUG org.asynchttpclient.netty.request.NettyRequestSender - Using open Channel [id: 0xf9219739, L:/127.0.0.1:51463 - R:localhost/127.0.0.1:27420] for POST '/session/2cf5151f26810885d723368074bec302/element/55F4A78BF08480C0A78762C2798D34E1_element_5/click'
06:03:04.512 [AsyncHttpClient-1-1] DEBUG org.asynchttpclient.netty.channel.DefaultChannelPool - Entry count for : http://localhost:51465 : 1
06:03:04.656 [AsyncHttpClient-1-2] DEBUG org.asynchttpclient.netty.handler.HttpHandler - 

Request DefaultHttpRequest(decodeResult: success, version: HTTP/1.1)
POST /session/2cf5151f26810885d723368074bec302/element/55F4A78BF08480C0A78762C2798D34E1_element_5/click HTTP/1.1
User-Agent: selenium/4.8.1 (java windows)
Content-Length: 56
Content-Type: application/json; charset=utf-8
host: localhost:27420
accept: */*

Response DefaultHttpResponse(decodeResult: success, version: HTTP/1.1)
HTTP/1.1 200 OK
Content-Length: 14
Content-Type: application/json; charset=utf-8
cache-control: no-cache

06:03:04.657 [AsyncHttpClient-1-2] DEBUG org.asynchttpclient.netty.channel.ChannelManager - Adding key: http://localhost:27420 for channel [id: 0xf9219739, L:/127.0.0.1:51463 - R:localhost/127.0.0.1:27420]
06:03:04.686 [Forwarding getAlertText on session 2cf5151f26810885d723368074bec302 to remote] DEBUG org.asynchttpclient.netty.request.NettyRequestSender - Using pooled Channel '[id: 0xf9219739, L:/127.0.0.1:51463 - R:localhost/127.0.0.1:27420]' for 'GET' to 'http://localhost:27420/session/2cf5151f26810885d723368074bec302/alert/text'
06:03:04.687 [Forwarding getAlertText on session 2cf5151f26810885d723368074bec302 to remote] DEBUG org.asynchttpclient.netty.request.NettyRequestSender - Using open Channel [id: 0xf9219739, L:/127.0.0.1:51463 - R:localhost/127.0.0.1:27420] for GET '/session/2cf5151f26810885d723368074bec302/alert/text'
06:03:04.692 [AsyncHttpClient-1-2] DEBUG org.asynchttpclient.netty.handler.HttpHandler - 

Request DefaultFullHttpRequest(decodeResult: success, version: HTTP/1.1, content: EmptyByteBufBE)
GET /session/2cf5151f26810885d723368074bec302/alert/text HTTP/1.1
User-Agent: selenium/4.8.1 (java windows)
Cache-Control: no-cache
Content-Type: application/json; charset=utf-8
host: localhost:27420
accept: */*

Response DefaultHttpResponse(decodeResult: success, version: HTTP/1.1)
HTTP/1.1 404 Not Found
Content-Length: 828
Content-Type: application/json; charset=utf-8
cache-control: no-cache

06:03:04.693 [AsyncHttpClient-1-2] DEBUG org.asynchttpclient.netty.channel.ChannelManager - Adding key: http://localhost:27420 for channel [id: 0xf9219739, L:/127.0.0.1:51463 - R:localhost/127.0.0.1:27420]
06:03:04.699 [Forwarding getCurrentUrl on session 2cf5151f26810885d723368074bec302 to remote] DEBUG org.asynchttpclient.netty.request.NettyRequestSender - Using pooled Channel '[id: 0xf9219739, L:/127.0.0.1:51463 - R:localhost/127.0.0.1:27420]' for 'GET' to 'http://localhost:27420/session/2cf5151f26810885d723368074bec302/url'
06:03:04.699 [Forwarding getCurrentUrl on session 2cf5151f26810885d723368074bec302 to remote] DEBUG org.asynchttpclient.netty.request.NettyRequestSender - Using open Channel [id: 0xf9219739, L:/127.0.0.1:51463 - R:localhost/127.0.0.1:27420] for GET '/session/2cf5151f26810885d723368074bec302/url'
06:03:04.713 [AsyncHttpClient-1-2] DEBUG org.asynchttpclient.netty.handler.HttpHandler - 

Request DefaultFullHttpRequest(decodeResult: success, version: HTTP/1.1, content: EmptyByteBufBE)
GET /session/2cf5151f26810885d723368074bec302/url HTTP/1.1
User-Agent: selenium/4.8.1 (java windows)
Cache-Control: no-cache
Content-Type: application/json; charset=utf-8
host: localhost:27420
accept: */*

Response DefaultHttpResponse(decodeResult: success, version: HTTP/1.1)
HTTP/1.1 200 OK
Content-Length: 56
Content-Type: application/json; charset=utf-8
cache-control: no-cache

06:03:04.714 [AsyncHttpClient-1-2] DEBUG org.asynchttpclient.netty.channel.ChannelManager - Adding key: http://localhost:27420 for channel [id: 0xf9219739, L:/127.0.0.1:51463 - R:localhost/127.0.0.1:27420]
06:03:04.717 [Forwarding screenshot on session 2cf5151f26810885d723368074bec302 to remote] DEBUG org.asynchttpclient.netty.request.NettyRequestSender - Using pooled Channel '[id: 0xf9219739, L:/127.0.0.1:51463 - R:localhost/127.0.0.1:27420]' for 'GET' to 'http://localhost:27420/session/2cf5151f26810885d723368074bec302/screenshot'
06:03:04.717 [Forwarding screenshot on session 2cf5151f26810885d723368074bec302 to remote] DEBUG org.asynchttpclient.netty.request.NettyRequestSender - Using open Channel [id: 0xf9219739, L:/127.0.0.1:51463 - R:localhost/127.0.0.1:27420] for GET '/session/2cf5151f26810885d723368074bec302/screenshot'
06:03:04.980 [AsyncHttpClient-1-2] DEBUG org.asynchttpclient.netty.handler.HttpHandler - 

Request DefaultFullHttpRequest(decodeResult: success, version: HTTP/1.1, content: EmptyByteBufBE)
GET /session/2cf5151f26810885d723368074bec302/screenshot HTTP/1.1
User-Agent: selenium/4.8.1 (java windows)
Cache-Control: no-cache
Content-Type: application/json; charset=utf-8
host: localhost:27420
accept: */*

Response DefaultHttpResponse(decodeResult: success, version: HTTP/1.1)
HTTP/1.1 200 OK
Content-Length: 115920
Content-Type: application/json; charset=utf-8
cache-control: no-cache

06:03:04.983 [AsyncHttpClient-1-2] DEBUG org.asynchttpclient.netty.channel.ChannelManager - Adding key: http://localhost:27420 for channel [id: 0xf9219739, L:/127.0.0.1:51463 - R:localhost/127.0.0.1:27420]
06:03:04.992 [main] DEBUG net.serenitybdd.core.photography.Darkroom - Send negative for processing for target\site\serenity\17b761db86950adf452c33ac0c5826e70494a35b1202adb5e49aa124d82ed99d.png
06:03:04.993 [Darkroom Processing Line] DEBUG net.serenitybdd.core.photography.DarkroomProcessingLine - Processing screenshot image in /var/screenshots/screenshot-8683098427453790538
06:03:04.993 [Darkroom Processing Line] DEBUG net.serenitybdd.core.photography.DarkroomProcessingLine - Saving screenshot to target\site\serenity\17b761db86950adf452c33ac0c5826e70494a35b1202adb5e49aa124d82ed99d.png
06:03:04.999 [Forwarding getPageSource on session 2cf5151f26810885d723368074bec302 to remote] DEBUG org.asynchttpclient.netty.request.NettyRequestSender - Using pooled Channel '[id: 0xf9219739, L:/127.0.0.1:51463 - R:localhost/127.0.0.1:27420]' for 'POST' to 'http://localhost:27420/session/2cf5151f26810885d723368074bec302/execute/sync'
06:03:04.999 [Forwarding getPageSource on session 2cf5151f26810885d723368074bec302 to remote] DEBUG org.asynchttpclient.netty.request.NettyRequestSender - Using open Channel [id: 0xf9219739, L:/127.0.0.1:51463 - R:localhost/127.0.0.1:27420] for POST '/session/2cf5151f26810885d723368074bec302/execute/sync'
06:03:05.014 [AsyncHttpClient-1-2] DEBUG org.asynchttpclient.netty.handler.HttpHandler - 

Request DefaultHttpRequest(decodeResult: success, version: HTTP/1.1)
POST /session/2cf5151f26810885d723368074bec302/execute/sync HTTP/1.1
User-Agent: selenium/4.8.1 (java windows)
Content-Length: 176
Content-Type: application/json; charset=utf-8
host: localhost:27420
accept: */*

Response DefaultHttpResponse(decodeResult: success, version: HTTP/1.1)
HTTP/1.1 200 OK
Content-Length: 3427
Content-Type: application/json; charset=utf-8
cache-control: no-cache

06:03:05.015 [AsyncHttpClient-1-2] DEBUG org.asynchttpclient.netty.channel.ChannelManager - Adding key: http://localhost:27420 for channel [id: 0xf9219739, L:/127.0.0.1:51463 - R:localhost/127.0.0.1:27420]
06:03:05.029 [Forwarding getCurrentUrl on session 2cf5151f26810885d723368074bec302 to remote] DEBUG org.asynchttpclient.netty.request.NettyRequestSender - Using pooled Channel '[id: 0xf9219739, L:/127.0.0.1:51463 - R:localhost/127.0.0.1:27420]' for 'GET' to 'http://localhost:27420/session/2cf5151f26810885d723368074bec302/url'
06:03:05.029 [Forwarding getCurrentUrl on session 2cf5151f26810885d723368074bec302 to remote] DEBUG org.asynchttpclient.netty.request.NettyRequestSender - Using open Channel [id: 0xf9219739, L:/127.0.0.1:51463 - R:localhost/127.0.0.1:27420] for GET '/session/2cf5151f26810885d723368074bec302/url'
06:03:05.042 [AsyncHttpClient-1-2] DEBUG org.asynchttpclient.netty.handler.HttpHandler - 

Request DefaultFullHttpRequest(decodeResult: success, version: HTTP/1.1, content: EmptyByteBufBE)
GET /session/2cf5151f26810885d723368074bec302/url HTTP/1.1
User-Agent: selenium/4.8.1 (java windows)
Cache-Control: no-cache
Content-Type: application/json; charset=utf-8
host: localhost:27420
accept: */*

Response DefaultHttpResponse(decodeResult: success, version: HTTP/1.1)
HTTP/1.1 200 OK
Content-Length: 56
Content-Type: application/json; charset=utf-8
cache-control: no-cache

06:03:05.043 [AsyncHttpClient-1-2] DEBUG org.asynchttpclient.netty.channel.ChannelManager - Adding key: http://localhost:27420 for channel [id: 0xf9219739, L:/127.0.0.1:51463 - R:localhost/127.0.0.1:27420]
06:03:05.063 [Forwarding getAlertText on session 2cf5151f26810885d723368074bec302 to remote] DEBUG org.asynchttpclient.netty.request.NettyRequestSender - Using pooled Channel '[id: 0xf9219739, L:/127.0.0.1:51463 - R:localhost/127.0.0.1:27420]' for 'GET' to 'http://localhost:27420/session/2cf5151f26810885d723368074bec302/alert/text'
06:03:05.064 [Forwarding getAlertText on session 2cf5151f26810885d723368074bec302 to remote] DEBUG org.asynchttpclient.netty.request.NettyRequestSender - Using open Channel [id: 0xf9219739, L:/127.0.0.1:51463 - R:localhost/127.0.0.1:27420] for GET '/session/2cf5151f26810885d723368074bec302/alert/text'
06:03:05.068 [AsyncHttpClient-1-2] DEBUG org.asynchttpclient.netty.handler.HttpHandler - 

Request DefaultFullHttpRequest(decodeResult: success, version: HTTP/1.1, content: EmptyByteBufBE)
GET /session/2cf5151f26810885d723368074bec302/alert/text HTTP/1.1
User-Agent: selenium/4.8.1 (java windows)
Cache-Control: no-cache
Content-Type: application/json; charset=utf-8
host: localhost:27420
accept: */*

Response DefaultHttpResponse(decodeResult: success, version: HTTP/1.1)
HTTP/1.1 404 Not Found
Content-Length: 828
Content-Type: application/json; charset=utf-8
cache-control: no-cache

06:03:05.069 [AsyncHttpClient-1-2] DEBUG org.asynchttpclient.netty.channel.ChannelManager - Adding key: http://localhost:27420 for channel [id: 0xf9219739, L:/127.0.0.1:51463 - R:localhost/127.0.0.1:27420]
06:03:05.075 [Forwarding getCurrentUrl on session 2cf5151f26810885d723368074bec302 to remote] DEBUG org.asynchttpclient.netty.request.NettyRequestSender - Using pooled Channel '[id: 0xf9219739, L:/127.0.0.1:51463 - R:localhost/127.0.0.1:27420]' for 'GET' to 'http://localhost:27420/session/2cf5151f26810885d723368074bec302/url'
06:03:05.075 [Forwarding getCurrentUrl on session 2cf5151f26810885d723368074bec302 to remote] DEBUG org.asynchttpclient.netty.request.NettyRequestSender - Using open Channel [id: 0xf9219739, L:/127.0.0.1:51463 - R:localhost/127.0.0.1:27420] for GET '/session/2cf5151f26810885d723368074bec302/url'
06:03:05.088 [AsyncHttpClient-1-2] DEBUG org.asynchttpclient.netty.handler.HttpHandler - 

Request DefaultFullHttpRequest(decodeResult: success, version: HTTP/1.1, content: EmptyByteBufBE)
GET /session/2cf5151f26810885d723368074bec302/url HTTP/1.1
User-Agent: selenium/4.8.1 (java windows)
Cache-Control: no-cache
Content-Type: application/json; charset=utf-8
host: localhost:27420
accept: */*

Response DefaultHttpResponse(decodeResult: success, version: HTTP/1.1)
HTTP/1.1 200 OK
Content-Length: 56
Content-Type: application/json; charset=utf-8
cache-control: no-cache

06:03:05.089 [AsyncHttpClient-1-2] DEBUG org.asynchttpclient.netty.channel.ChannelManager - Adding key: http://localhost:27420 for channel [id: 0xf9219739, L:/127.0.0.1:51463 - R:localhost/127.0.0.1:27420]
06:03:05.092 [Forwarding screenshot on session 2cf5151f26810885d723368074bec302 to remote] DEBUG org.asynchttpclient.netty.request.NettyRequestSender - Using pooled Channel '[id: 0xf9219739, L:/127.0.0.1:51463 - R:localhost/127.0.0.1:27420]' for 'GET' to 'http://localhost:27420/session/2cf5151f26810885d723368074bec302/screenshot'
06:03:05.093 [Forwarding screenshot on session 2cf5151f26810885d723368074bec302 to remote] DEBUG org.asynchttpclient.netty.request.NettyRequestSender - Using open Channel [id: 0xf9219739, L:/127.0.0.1:51463 - R:localhost/127.0.0.1:27420] for GET '/session/2cf5151f26810885d723368074bec302/screenshot'
06:03:05.364 [AsyncHttpClient-1-2] DEBUG org.asynchttpclient.netty.handler.HttpHandler - 

Request DefaultFullHttpRequest(decodeResult: success, version: HTTP/1.1, content: EmptyByteBufBE)
GET /session/2cf5151f26810885d723368074bec302/screenshot HTTP/1.1
User-Agent: selenium/4.8.1 (java windows)
Cache-Control: no-cache
Content-Type: application/json; charset=utf-8
host: localhost:27420
accept: */*

Response DefaultHttpResponse(decodeResult: success, version: HTTP/1.1)
HTTP/1.1 200 OK
Content-Length: 115920
Content-Type: application/json; charset=utf-8
cache-control: no-cache

06:03:05.367 [AsyncHttpClient-1-2] DEBUG org.asynchttpclient.netty.channel.ChannelManager - Adding key: http://localhost:27420 for channel [id: 0xf9219739, L:/127.0.0.1:51463 - R:localhost/127.0.0.1:27420]
06:03:05.377 [main] DEBUG net.serenitybdd.core.photography.Darkroom - Send negative for processing for target\site\serenity\17b761db86950adf452c33ac0c5826e70494a35b1202adb5e49aa124d82ed99d.png
06:03:05.378 [main] DEBUG net.thucydides.core.steps.StepInterceptor - STEP DONE: clickIntoTheDashboard
  &amp#27;[32mWhen &amp#27;[0m&amp#27;[32mI click get into the dashboard button&amp#27;[0m         &amp#27;[90m# starter.stepdefinitions.LoginSteps.clickGetIntoTheDashboardButton()&amp#27;[0m
06:03:05.429 [Forwarding getPageSource on session 2cf5151f26810885d723368074bec302 to remote] DEBUG org.asynchttpclient.netty.request.NettyRequestSender - Using pooled Channel '[id: 0xf9219739, L:/127.0.0.1:51463 - R:localhost/127.0.0.1:27420]' for 'POST' to 'http://localhost:27420/session/2cf5151f26810885d723368074bec302/execute/sync'
06:03:05.430 [Forwarding getPageSource on session 2cf5151f26810885d723368074bec302 to remote] DEBUG org.asynchttpclient.netty.request.NettyRequestSender - Using open Channel [id: 0xf9219739, L:/127.0.0.1:51463 - R:localhost/127.0.0.1:27420] for POST '/session/2cf5151f26810885d723368074bec302/execute/sync'
06:03:05.447 [AsyncHttpClient-1-2] DEBUG org.asynchttpclient.netty.handler.HttpHandler - 

Request DefaultHttpRequest(decodeResult: success, version: HTTP/1.1)
POST /session/2cf5151f26810885d723368074bec302/execute/sync HTTP/1.1
User-Agent: selenium/4.8.1 (java windows)
Content-Length: 176
Content-Type: application/json; charset=utf-8
host: localhost:27420
accept: */*

Response DefaultHttpResponse(decodeResult: success, version: HTTP/1.1)
HTTP/1.1 200 OK
Content-Length: 3427
Content-Type: application/json; charset=utf-8
cache-control: no-cache

06:03:05.448 [AsyncHttpClient-1-2] DEBUG org.asynchttpclient.netty.channel.ChannelManager - Adding key: http://localhost:27420 for channel [id: 0xf9219739, L:/127.0.0.1:51463 - R:localhost/127.0.0.1:27420]
06:03:05.457 [Forwarding getCurrentUrl on session 2cf5151f26810885d723368074bec302 to remote] DEBUG org.asynchttpclient.netty.request.NettyRequestSender - Using pooled Channel '[id: 0xf9219739, L:/127.0.0.1:51463 - R:localhost/127.0.0.1:27420]' for 'GET' to 'http://localhost:27420/session/2cf5151f26810885d723368074bec302/url'
06:03:05.458 [Forwarding getCurrentUrl on session 2cf5151f26810885d723368074bec302 to remote] DEBUG org.asynchttpclient.netty.request.NettyRequestSender - Using open Channel [id: 0xf9219739, L:/127.0.0.1:51463 - R:localhost/127.0.0.1:27420] for GET '/session/2cf5151f26810885d723368074bec302/url'
06:03:05.473 [AsyncHttpClient-1-2] DEBUG org.asynchttpclient.netty.handler.HttpHandler - 

Request DefaultFullHttpRequest(decodeResult: success, version: HTTP/1.1, content: EmptyByteBufBE)
GET /session/2cf5151f26810885d723368074bec302/url HTTP/1.1
User-Agent: selenium/4.8.1 (java windows)
Cache-Control: no-cache
Content-Type: application/json; charset=utf-8
host: localhost:27420
accept: */*

Response DefaultHttpResponse(decodeResult: success, version: HTTP/1.1)
HTTP/1.1 200 OK
Content-Length: 56
Content-Type: application/json; charset=utf-8
cache-control: no-cache

06:03:05.474 [AsyncHttpClient-1-2] DEBUG org.asynchttpclient.netty.channel.ChannelManager - Adding key: http://localhost:27420 for channel [id: 0xf9219739, L:/127.0.0.1:51463 - R:localhost/127.0.0.1:27420]
06:03:05.507 [Forwarding getAlertText on session 2cf5151f26810885d723368074bec302 to remote] DEBUG org.asynchttpclient.netty.request.NettyRequestSender - Using pooled Channel '[id: 0xf9219739, L:/127.0.0.1:51463 - R:localhost/127.0.0.1:27420]' for 'GET' to 'http://localhost:27420/session/2cf5151f26810885d723368074bec302/alert/text'
06:03:05.507 [Forwarding getAlertText on session 2cf5151f26810885d723368074bec302 to remote] DEBUG org.asynchttpclient.netty.request.NettyRequestSender - Using open Channel [id: 0xf9219739, L:/127.0.0.1:51463 - R:localhost/127.0.0.1:27420] for GET '/session/2cf5151f26810885d723368074bec302/alert/text'
06:03:05.512 [AsyncHttpClient-1-2] DEBUG org.asynchttpclient.netty.handler.HttpHandler - 

Request DefaultFullHttpRequest(decodeResult: success, version: HTTP/1.1, content: EmptyByteBufBE)
GET /session/2cf5151f26810885d723368074bec302/alert/text HTTP/1.1
User-Agent: selenium/4.8.1 (java windows)
Cache-Control: no-cache
Content-Type: application/json; charset=utf-8
host: localhost:27420
accept: */*

Response DefaultHttpResponse(decodeResult: success, version: HTTP/1.1)
HTTP/1.1 404 Not Found
Content-Length: 828
Content-Type: application/json; charset=utf-8
cache-control: no-cache

06:03:05.513 [AsyncHttpClient-1-2] DEBUG org.asynchttpclient.netty.channel.ChannelManager - Adding key: http://localhost:27420 for channel [id: 0xf9219739, L:/127.0.0.1:51463 - R:localhost/127.0.0.1:27420]
06:03:05.519 [Forwarding getCurrentUrl on session 2cf5151f26810885d723368074bec302 to remote] DEBUG org.asynchttpclient.netty.request.NettyRequestSender - Using pooled Channel '[id: 0xf9219739, L:/127.0.0.1:51463 - R:localhost/127.0.0.1:27420]' for 'GET' to 'http://localhost:27420/session/2cf5151f26810885d723368074bec302/url'
06:03:05.519 [Forwarding getCurrentUrl on session 2cf5151f26810885d723368074bec302 to remote] DEBUG org.asynchttpclient.netty.request.NettyRequestSender - Using open Channel [id: 0xf9219739, L:/127.0.0.1:51463 - R:localhost/127.0.0.1:27420] for GET '/session/2cf5151f26810885d723368074bec302/url'
06:03:05.538 [AsyncHttpClient-1-2] DEBUG org.asynchttpclient.netty.handler.HttpHandler - 

Request DefaultFullHttpRequest(decodeResult: success, version: HTTP/1.1, content: EmptyByteBufBE)
GET /session/2cf5151f26810885d723368074bec302/url HTTP/1.1
User-Agent: selenium/4.8.1 (java windows)
Cache-Control: no-cache
Content-Type: application/json; charset=utf-8
host: localhost:27420
accept: */*

Response DefaultHttpResponse(decodeResult: success, version: HTTP/1.1)
HTTP/1.1 200 OK
Content-Length: 56
Content-Type: application/json; charset=utf-8
cache-control: no-cache

06:03:05.539 [AsyncHttpClient-1-2] DEBUG org.asynchttpclient.netty.channel.ChannelManager - Adding key: http://localhost:27420 for channel [id: 0xf9219739, L:/127.0.0.1:51463 - R:localhost/127.0.0.1:27420]
06:03:05.543 [Forwarding screenshot on session 2cf5151f26810885d723368074bec302 to remote] DEBUG org.asynchttpclient.netty.request.NettyRequestSender - Using pooled Channel '[id: 0xf9219739, L:/127.0.0.1:51463 - R:localhost/127.0.0.1:27420]' for 'GET' to 'http://localhost:27420/session/2cf5151f26810885d723368074bec302/screenshot'
06:03:05.544 [Forwarding screenshot on session 2cf5151f26810885d723368074bec302 to remote] DEBUG org.asynchttpclient.netty.request.NettyRequestSender - Using open Channel [id: 0xf9219739, L:/127.0.0.1:51463 - R:localhost/127.0.0.1:27420] for GET '/session/2cf5151f26810885d723368074bec302/screenshot'
06:03:05.620 [AsyncHttpClient-1-1] DEBUG org.asynchttpclient.netty.channel.DefaultChannelPool - Entry count for : http://localhost:51465 : 1
06:03:05.818 [AsyncHttpClient-1-2] DEBUG org.asynchttpclient.netty.handler.HttpHandler - 

Request DefaultFullHttpRequest(decodeResult: success, version: HTTP/1.1, content: EmptyByteBufBE)
GET /session/2cf5151f26810885d723368074bec302/screenshot HTTP/1.1
User-Agent: selenium/4.8.1 (java windows)
Cache-Control: no-cache
Content-Type: application/json; charset=utf-8
host: localhost:27420
accept: */*

Response DefaultHttpResponse(decodeResult: success, version: HTTP/1.1)
HTTP/1.1 200 OK
Content-Length: 115920
Content-Type: application/json; charset=utf-8
cache-control: no-cache

06:03:05.822 [AsyncHttpClient-1-2] DEBUG org.asynchttpclient.netty.channel.ChannelManager - Adding key: http://localhost:27420 for channel [id: 0xf9219739, L:/127.0.0.1:51463 - R:localhost/127.0.0.1:27420]
06:03:05.830 [main] DEBUG net.serenitybdd.core.photography.Darkroom - Send negative for processing for target\site\serenity\17b761db86950adf452c33ac0c5826e70494a35b1202adb5e49aa124d82ed99d.png
06:03:05.836 [Forwarding getPageSource on session 2cf5151f26810885d723368074bec302 to remote] DEBUG org.asynchttpclient.netty.request.NettyRequestSender - Using pooled Channel '[id: 0xf9219739, L:/127.0.0.1:51463 - R:localhost/127.0.0.1:27420]' for 'POST' to 'http://localhost:27420/session/2cf5151f26810885d723368074bec302/execute/sync'
06:03:05.836 [Forwarding getPageSource on session 2cf5151f26810885d723368074bec302 to remote] DEBUG org.asynchttpclient.netty.request.NettyRequestSender - Using open Channel [id: 0xf9219739, L:/127.0.0.1:51463 - R:localhost/127.0.0.1:27420] for POST '/session/2cf5151f26810885d723368074bec302/execute/sync'
06:03:05.855 [AsyncHttpClient-1-2] DEBUG org.asynchttpclient.netty.handler.HttpHandler - 

Request DefaultHttpRequest(decodeResult: success, version: HTTP/1.1)
POST /session/2cf5151f26810885d723368074bec302/execute/sync HTTP/1.1
User-Agent: selenium/4.8.1 (java windows)
Content-Length: 176
Content-Type: application/json; charset=utf-8
host: localhost:27420
accept: */*

Response DefaultHttpResponse(decodeResult: success, version: HTTP/1.1)
HTTP/1.1 200 OK
Content-Length: 3427
Content-Type: application/json; charset=utf-8
cache-control: no-cache

06:03:05.856 [AsyncHttpClient-1-2] DEBUG org.asynchttpclient.netty.channel.ChannelManager - Adding key: http://localhost:27420 for channel [id: 0xf9219739, L:/127.0.0.1:51463 - R:localhost/127.0.0.1:27420]
06:03:05.865 [Forwarding getCurrentUrl on session 2cf5151f26810885d723368074bec302 to remote] DEBUG org.asynchttpclient.netty.request.NettyRequestSender - Using pooled Channel '[id: 0xf9219739, L:/127.0.0.1:51463 - R:localhost/127.0.0.1:27420]' for 'GET' to 'http://localhost:27420/session/2cf5151f26810885d723368074bec302/url'
06:03:05.866 [Forwarding getCurrentUrl on session 2cf5151f26810885d723368074bec302 to remote] DEBUG org.asynchttpclient.netty.request.NettyRequestSender - Using open Channel [id: 0xf9219739, L:/127.0.0.1:51463 - R:localhost/127.0.0.1:27420] for GET '/session/2cf5151f26810885d723368074bec302/url'
06:03:05.879 [AsyncHttpClient-1-2] DEBUG org.asynchttpclient.netty.handler.HttpHandler - 

Request DefaultFullHttpRequest(decodeResult: success, version: HTTP/1.1, content: EmptyByteBufBE)
GET /session/2cf5151f26810885d723368074bec302/url HTTP/1.1
User-Agent: selenium/4.8.1 (java windows)
Cache-Control: no-cache
Content-Type: application/json; charset=utf-8
host: localhost:27420
accept: */*

Response DefaultHttpResponse(decodeResult: success, version: HTTP/1.1)
HTTP/1.1 200 OK
Content-Length: 56
Content-Type: application/json; charset=utf-8
cache-control: no-cache

06:03:05.880 [AsyncHttpClient-1-2] DEBUG org.asynchttpclient.netty.channel.ChannelManager - Adding key: http://localhost:27420 for channel [id: 0xf9219739, L:/127.0.0.1:51463 - R:localhost/127.0.0.1:27420]
06:03:05.887 [main] DEBUG net.thucydides.core.steps.StepInterceptor - STARTING STEP: LoginSteps.enterUsername - enterUsername
06:03:05.901 [Forwarding findElement on session 2cf5151f26810885d723368074bec302 to remote] DEBUG org.asynchttpclient.netty.request.NettyRequestSender - Using pooled Channel '[id: 0xf9219739, L:/127.0.0.1:51463 - R:localhost/127.0.0.1:27420]' for 'POST' to 'http://localhost:27420/session/2cf5151f26810885d723368074bec302/element'
06:03:05.902 [Forwarding findElement on session 2cf5151f26810885d723368074bec302 to remote] DEBUG org.asynchttpclient.netty.request.NettyRequestSender - Using open Channel [id: 0xf9219739, L:/127.0.0.1:51463 - R:localhost/127.0.0.1:27420] for POST '/session/2cf5151f26810885d723368074bec302/element'
06:03:05.929 [AsyncHttpClient-1-2] DEBUG org.asynchttpclient.netty.handler.HttpHandler - 

Request DefaultHttpRequest(decodeResult: success, version: HTTP/1.1)
POST /session/2cf5151f26810885d723368074bec302/element HTTP/1.1
User-Agent: selenium/4.8.1 (java windows)
Content-Length: 53
Content-Type: application/json; charset=utf-8
host: localhost:27420
accept: */*

Response DefaultHttpResponse(decodeResult: success, version: HTTP/1.1)
HTTP/1.1 200 OK
Content-Length: 95
Content-Type: application/json; charset=utf-8
cache-control: no-cache

06:03:05.930 [AsyncHttpClient-1-2] DEBUG org.asynchttpclient.netty.channel.ChannelManager - Adding key: http://localhost:27420 for channel [id: 0xf9219739, L:/127.0.0.1:51463 - R:localhost/127.0.0.1:27420]
06:03:05.933 [Forwarding clearElement on session 2cf5151f26810885d723368074bec302 to remote] DEBUG org.asynchttpclient.netty.request.NettyRequestSender - Using pooled Channel '[id: 0xf9219739, L:/127.0.0.1:51463 - R:localhost/127.0.0.1:27420]' for 'POST' to 'http://localhost:27420/session/2cf5151f26810885d723368074bec302/element/55F4A78BF08480C0A78762C2798D34E1_element_13/clear'
06:03:05.934 [Forwarding clearElement on session 2cf5151f26810885d723368074bec302 to remote] DEBUG org.asynchttpclient.netty.request.NettyRequestSender - Using open Channel [id: 0xf9219739, L:/127.0.0.1:51463 - R:localhost/127.0.0.1:27420] for POST '/session/2cf5151f26810885d723368074bec302/element/55F4A78BF08480C0A78762C2798D34E1_element_13/clear'
06:03:06.018 [AsyncHttpClient-1-2] DEBUG org.asynchttpclient.netty.handler.HttpHandler - 

Request DefaultHttpRequest(decodeResult: success, version: HTTP/1.1)
POST /session/2cf5151f26810885d723368074bec302/element/55F4A78BF08480C0A78762C2798D34E1_element_13/clear HTTP/1.1
User-Agent: selenium/4.8.1 (java windows)
Content-Length: 57
Content-Type: application/json; charset=utf-8
host: localhost:27420
accept: */*

Response DefaultHttpResponse(decodeResult: success, version: HTTP/1.1)
HTTP/1.1 200 OK
Content-Length: 14
Content-Type: application/json; charset=utf-8
cache-control: no-cache

06:03:06.019 [AsyncHttpClient-1-2] DEBUG org.asynchttpclient.netty.channel.ChannelManager - Adding key: http://localhost:27420 for channel [id: 0xf9219739, L:/127.0.0.1:51463 - R:localhost/127.0.0.1:27420]
06:03:06.026 [Forwarding sendKeysToElement on session 2cf5151f26810885d723368074bec302 to remote] DEBUG org.asynchttpclient.netty.request.NettyRequestSender - Using pooled Channel '[id: 0xf9219739, L:/127.0.0.1:51463 - R:localhost/127.0.0.1:27420]' for 'POST' to 'http://localhost:27420/session/2cf5151f26810885d723368074bec302/element/55F4A78BF08480C0A78762C2798D34E1_element_13/value'
06:03:06.027 [Forwarding sendKeysToElement on session 2cf5151f26810885d723368074bec302 to remote] DEBUG org.asynchttpclient.netty.request.NettyRequestSender - Using open Channel [id: 0xf9219739, L:/127.0.0.1:51463 - R:localhost/127.0.0.1:27420] for POST '/session/2cf5151f26810885d723368074bec302/element/55F4A78BF08480C0A78762C2798D34E1_element_13/value'
06:03:06.178 [AsyncHttpClient-1-2] DEBUG org.asynchttpclient.netty.handler.HttpHandler - 

Request DefaultHttpRequest(decodeResult: success, version: HTTP/1.1)
POST /session/2cf5151f26810885d723368074bec302/element/55F4A78BF08480C0A78762C2798D34E1_element_13/value HTTP/1.1
User-Agent: selenium/4.8.1 (java windows)
Content-Length: 138
Content-Type: application/json; charset=utf-8
host: localhost:27420
accept: */*

Response DefaultHttpResponse(decodeResult: success, version: HTTP/1.1)
HTTP/1.1 200 OK
Content-Length: 14
Content-Type: application/json; charset=utf-8
cache-control: no-cache

06:03:06.179 [AsyncHttpClient-1-2] DEBUG org.asynchttpclient.netty.channel.ChannelManager - Adding key: http://localhost:27420 for channel [id: 0xf9219739, L:/127.0.0.1:51463 - R:localhost/127.0.0.1:27420]
06:03:06.193 [Forwarding getAlertText on session 2cf5151f26810885d723368074bec302 to remote] DEBUG org.asynchttpclient.netty.request.NettyRequestSender - Using pooled Channel '[id: 0xf9219739, L:/127.0.0.1:51463 - R:localhost/127.0.0.1:27420]' for 'GET' to 'http://localhost:27420/session/2cf5151f26810885d723368074bec302/alert/text'
06:03:06.193 [Forwarding getAlertText on session 2cf5151f26810885d723368074bec302 to remote] DEBUG org.asynchttpclient.netty.request.NettyRequestSender - Using open Channel [id: 0xf9219739, L:/127.0.0.1:51463 - R:localhost/127.0.0.1:27420] for GET '/session/2cf5151f26810885d723368074bec302/alert/text'
06:03:06.198 [AsyncHttpClient-1-2] DEBUG org.asynchttpclient.netty.handler.HttpHandler - 

Request DefaultFullHttpRequest(decodeResult: success, version: HTTP/1.1, content: EmptyByteBufBE)
GET /session/2cf5151f26810885d723368074bec302/alert/text HTTP/1.1
User-Agent: selenium/4.8.1 (java windows)
Cache-Control: no-cache
Content-Type: application/json; charset=utf-8
host: localhost:27420
accept: */*

Response DefaultHttpResponse(decodeResult: success, version: HTTP/1.1)
HTTP/1.1 404 Not Found
Content-Length: 828
Content-Type: application/json; charset=utf-8
cache-control: no-cache

06:03:06.199 [AsyncHttpClient-1-2] DEBUG org.asynchttpclient.netty.channel.ChannelManager - Adding key: http://localhost:27420 for channel [id: 0xf9219739, L:/127.0.0.1:51463 - R:localhost/127.0.0.1:27420]
06:03:06.204 [Forwarding getCurrentUrl on session 2cf5151f26810885d723368074bec302 to remote] DEBUG org.asynchttpclient.netty.request.NettyRequestSender - Using pooled Channel '[id: 0xf9219739, L:/127.0.0.1:51463 - R:localhost/127.0.0.1:27420]' for 'GET' to 'http://localhost:27420/session/2cf5151f26810885d723368074bec302/url'
06:03:06.204 [Forwarding getCurrentUrl on session 2cf5151f26810885d723368074bec302 to remote] DEBUG org.asynchttpclient.netty.request.NettyRequestSender - Using open Channel [id: 0xf9219739, L:/127.0.0.1:51463 - R:localhost/127.0.0.1:27420] for GET '/session/2cf5151f26810885d723368074bec302/url'
06:03:06.223 [AsyncHttpClient-1-2] DEBUG org.asynchttpclient.netty.handler.HttpHandler - 

Request DefaultFullHttpRequest(decodeResult: success, version: HTTP/1.1, content: EmptyByteBufBE)
GET /session/2cf5151f26810885d723368074bec302/url HTTP/1.1
User-Agent: selenium/4.8.1 (java windows)
Cache-Control: no-cache
Content-Type: application/json; charset=utf-8
host: localhost:27420
accept: */*

Response DefaultHttpResponse(decodeResult: success, version: HTTP/1.1)
HTTP/1.1 200 OK
Content-Length: 56
Content-Type: application/json; charset=utf-8
cache-control: no-cache

06:03:06.224 [AsyncHttpClient-1-2] DEBUG org.asynchttpclient.netty.channel.ChannelManager - Adding key: http://localhost:27420 for channel [id: 0xf9219739, L:/127.0.0.1:51463 - R:localhost/127.0.0.1:27420]
06:03:06.227 [Forwarding screenshot on session 2cf5151f26810885d723368074bec302 to remote] DEBUG org.asynchttpclient.netty.request.NettyRequestSender - Using pooled Channel '[id: 0xf9219739, L:/127.0.0.1:51463 - R:localhost/127.0.0.1:27420]' for 'GET' to 'http://localhost:27420/session/2cf5151f26810885d723368074bec302/screenshot'
06:03:06.228 [Forwarding screenshot on session 2cf5151f26810885d723368074bec302 to remote] DEBUG org.asynchttpclient.netty.request.NettyRequestSender - Using open Channel [id: 0xf9219739, L:/127.0.0.1:51463 - R:localhost/127.0.0.1:27420] for GET '/session/2cf5151f26810885d723368074bec302/screenshot'
06:03:06.579 [AsyncHttpClient-1-2] DEBUG org.asynchttpclient.netty.handler.HttpHandler - 

Request DefaultFullHttpRequest(decodeResult: success, version: HTTP/1.1, content: EmptyByteBufBE)
GET /session/2cf5151f26810885d723368074bec302/screenshot HTTP/1.1
User-Agent: selenium/4.8.1 (java windows)
Cache-Control: no-cache
Content-Type: application/json; charset=utf-8
host: localhost:27420
accept: */*

Response DefaultHttpResponse(decodeResult: success, version: HTTP/1.1)
HTTP/1.1 200 OK
Content-Length: 116024
Content-Type: application/json; charset=utf-8
cache-control: no-cache

06:03:06.582 [AsyncHttpClient-1-2] DEBUG org.asynchttpclient.netty.channel.ChannelManager - Adding key: http://localhost:27420 for channel [id: 0xf9219739, L:/127.0.0.1:51463 - R:localhost/127.0.0.1:27420]
06:03:06.590 [main] DEBUG net.serenitybdd.core.photography.Darkroom - Send negative for processing for target\site\serenity\ee761de0174fda31809a61addf9933dc97e22ba6ba3825b4f67b075b31ffaf0e.png
06:03:06.591 [Darkroom Processing Line] DEBUG net.serenitybdd.core.photography.DarkroomProcessingLine - Processing screenshot image in /var/screenshots/screenshot-1491676914350288459
06:03:06.591 [Darkroom Processing Line] DEBUG net.serenitybdd.core.photography.DarkroomProcessingLine - Saving screenshot to target\site\serenity\ee761de0174fda31809a61addf9933dc97e22ba6ba3825b4f67b075b31ffaf0e.png
06:03:06.595 [Forwarding getPageSource on session 2cf5151f26810885d723368074bec302 to remote] DEBUG org.asynchttpclient.netty.request.NettyRequestSender - Using pooled Channel '[id: 0xf9219739, L:/127.0.0.1:51463 - R:localhost/127.0.0.1:27420]' for 'POST' to 'http://localhost:27420/session/2cf5151f26810885d723368074bec302/execute/sync'
06:03:06.596 [Forwarding getPageSource on session 2cf5151f26810885d723368074bec302 to remote] DEBUG org.asynchttpclient.netty.request.NettyRequestSender - Using open Channel [id: 0xf9219739, L:/127.0.0.1:51463 - R:localhost/127.0.0.1:27420] for POST '/session/2cf5151f26810885d723368074bec302/execute/sync'
06:03:06.611 [AsyncHttpClient-1-2] DEBUG org.asynchttpclient.netty.handler.HttpHandler - 

Request DefaultHttpRequest(decodeResult: success, version: HTTP/1.1)
POST /session/2cf5151f26810885d723368074bec302/execute/sync HTTP/1.1
User-Agent: selenium/4.8.1 (java windows)
Content-Length: 176
Content-Type: application/json; charset=utf-8
host: localhost:27420
accept: */*

Response DefaultHttpResponse(decodeResult: success, version: HTTP/1.1)
HTTP/1.1 200 OK
Content-Length: 3427
Content-Type: application/json; charset=utf-8
cache-control: no-cache

06:03:06.612 [AsyncHttpClient-1-2] DEBUG org.asynchttpclient.netty.channel.ChannelManager - Adding key: http://localhost:27420 for channel [id: 0xf9219739, L:/127.0.0.1:51463 - R:localhost/127.0.0.1:27420]
06:03:06.618 [Forwarding getCurrentUrl on session 2cf5151f26810885d723368074bec302 to remote] DEBUG org.asynchttpclient.netty.request.NettyRequestSender - Using pooled Channel '[id: 0xf9219739, L:/127.0.0.1:51463 - R:localhost/127.0.0.1:27420]' for 'GET' to 'http://localhost:27420/session/2cf5151f26810885d723368074bec302/url'
06:03:06.618 [Forwarding getCurrentUrl on session 2cf5151f26810885d723368074bec302 to remote] DEBUG org.asynchttpclient.netty.request.NettyRequestSender - Using open Channel [id: 0xf9219739, L:/127.0.0.1:51463 - R:localhost/127.0.0.1:27420] for GET '/session/2cf5151f26810885d723368074bec302/url'
06:03:06.631 [AsyncHttpClient-1-2] DEBUG org.asynchttpclient.netty.handler.HttpHandler - 

Request DefaultFullHttpRequest(decodeResult: success, version: HTTP/1.1, content: EmptyByteBufBE)
GET /session/2cf5151f26810885d723368074bec302/url HTTP/1.1
User-Agent: selenium/4.8.1 (java windows)
Cache-Control: no-cache
Content-Type: application/json; charset=utf-8
host: localhost:27420
accept: */*

Response DefaultHttpResponse(decodeResult: success, version: HTTP/1.1)
HTTP/1.1 200 OK
Content-Length: 56
Content-Type: application/json; charset=utf-8
cache-control: no-cache

06:03:06.632 [AsyncHttpClient-1-2] DEBUG org.asynchttpclient.netty.channel.ChannelManager - Adding key: http://localhost:27420 for channel [id: 0xf9219739, L:/127.0.0.1:51463 - R:localhost/127.0.0.1:27420]
06:03:06.652 [Forwarding getAlertText on session 2cf5151f26810885d723368074bec302 to remote] DEBUG org.asynchttpclient.netty.request.NettyRequestSender - Using pooled Channel '[id: 0xf9219739, L:/127.0.0.1:51463 - R:localhost/127.0.0.1:27420]' for 'GET' to 'http://localhost:27420/session/2cf5151f26810885d723368074bec302/alert/text'
06:03:06.653 [Forwarding getAlertText on session 2cf5151f26810885d723368074bec302 to remote] DEBUG org.asynchttpclient.netty.request.NettyRequestSender - Using open Channel [id: 0xf9219739, L:/127.0.0.1:51463 - R:localhost/127.0.0.1:27420] for GET '/session/2cf5151f26810885d723368074bec302/alert/text'
06:03:06.657 [AsyncHttpClient-1-2] DEBUG org.asynchttpclient.netty.handler.HttpHandler - 

Request DefaultFullHttpRequest(decodeResult: success, version: HTTP/1.1, content: EmptyByteBufBE)
GET /session/2cf5151f26810885d723368074bec302/alert/text HTTP/1.1
User-Agent: selenium/4.8.1 (java windows)
Cache-Control: no-cache
Content-Type: application/json; charset=utf-8
host: localhost:27420
accept: */*

Response DefaultHttpResponse(decodeResult: success, version: HTTP/1.1)
HTTP/1.1 404 Not Found
Content-Length: 828
Content-Type: application/json; charset=utf-8
cache-control: no-cache

06:03:06.658 [AsyncHttpClient-1-2] DEBUG org.asynchttpclient.netty.channel.ChannelManager - Adding key: http://localhost:27420 for channel [id: 0xf9219739, L:/127.0.0.1:51463 - R:localhost/127.0.0.1:27420]
06:03:06.662 [Forwarding getCurrentUrl on session 2cf5151f26810885d723368074bec302 to remote] DEBUG org.asynchttpclient.netty.request.NettyRequestSender - Using pooled Channel '[id: 0xf9219739, L:/127.0.0.1:51463 - R:localhost/127.0.0.1:27420]' for 'GET' to 'http://localhost:27420/session/2cf5151f26810885d723368074bec302/url'
06:03:06.662 [Forwarding getCurrentUrl on session 2cf5151f26810885d723368074bec302 to remote] DEBUG org.asynchttpclient.netty.request.NettyRequestSender - Using open Channel [id: 0xf9219739, L:/127.0.0.1:51463 - R:localhost/127.0.0.1:27420] for GET '/session/2cf5151f26810885d723368074bec302/url'
06:03:06.676 [AsyncHttpClient-1-2] DEBUG org.asynchttpclient.netty.handler.HttpHandler - 

Request DefaultFullHttpRequest(decodeResult: success, version: HTTP/1.1, content: EmptyByteBufBE)
GET /session/2cf5151f26810885d723368074bec302/url HTTP/1.1
User-Agent: selenium/4.8.1 (java windows)
Cache-Control: no-cache
Content-Type: application/json; charset=utf-8
host: localhost:27420
accept: */*

Response DefaultHttpResponse(decodeResult: success, version: HTTP/1.1)
HTTP/1.1 200 OK
Content-Length: 56
Content-Type: application/json; charset=utf-8
cache-control: no-cache

06:03:06.677 [AsyncHttpClient-1-2] DEBUG org.asynchttpclient.netty.channel.ChannelManager - Adding key: http://localhost:27420 for channel [id: 0xf9219739, L:/127.0.0.1:51463 - R:localhost/127.0.0.1:27420]
06:03:06.680 [Forwarding screenshot on session 2cf5151f26810885d723368074bec302 to remote] DEBUG org.asynchttpclient.netty.request.NettyRequestSender - Using pooled Channel '[id: 0xf9219739, L:/127.0.0.1:51463 - R:localhost/127.0.0.1:27420]' for 'GET' to 'http://localhost:27420/session/2cf5151f26810885d723368074bec302/screenshot'
06:03:06.680 [Forwarding screenshot on session 2cf5151f26810885d723368074bec302 to remote] DEBUG org.asynchttpclient.netty.request.NettyRequestSender - Using open Channel [id: 0xf9219739, L:/127.0.0.1:51463 - R:localhost/127.0.0.1:27420] for GET '/session/2cf5151f26810885d723368074bec302/screenshot'
06:03:06.715 [AsyncHttpClient-1-1] DEBUG org.asynchttpclient.netty.channel.DefaultChannelPool - Entry count for : http://localhost:51465 : 1
06:03:06.992 [AsyncHttpClient-1-2] DEBUG org.asynchttpclient.netty.handler.HttpHandler - 

Request DefaultFullHttpRequest(decodeResult: success, version: HTTP/1.1, content: EmptyByteBufBE)
GET /session/2cf5151f26810885d723368074bec302/screenshot HTTP/1.1
User-Agent: selenium/4.8.1 (java windows)
Cache-Control: no-cache
Content-Type: application/json; charset=utf-8
host: localhost:27420
accept: */*

Response DefaultHttpResponse(decodeResult: success, version: HTTP/1.1)
HTTP/1.1 200 OK
Content-Length: 116024
Content-Type: application/json; charset=utf-8
cache-control: no-cache

06:03:06.995 [AsyncHttpClient-1-2] DEBUG org.asynchttpclient.netty.channel.ChannelManager - Adding key: http://localhost:27420 for channel [id: 0xf9219739, L:/127.0.0.1:51463 - R:localhost/127.0.0.1:27420]
06:03:07.003 [main] DEBUG net.serenitybdd.core.photography.Darkroom - Send negative for processing for target\site\serenity\ee761de0174fda31809a61addf9933dc97e22ba6ba3825b4f67b075b31ffaf0e.png
06:03:07.004 [main] DEBUG net.thucydides.core.steps.StepInterceptor - STEP DONE: enterUsername
  &amp#27;[32mAnd &amp#27;[0m&amp#27;[32mI enter username&amp#27;[0m                               &amp#27;[90m# starter.stepdefinitions.LoginSteps.enterUsername()&amp#27;[0m
06:03:07.038 [Forwarding getPageSource on session 2cf5151f26810885d723368074bec302 to remote] DEBUG org.asynchttpclient.netty.request.NettyRequestSender - Using pooled Channel '[id: 0xf9219739, L:/127.0.0.1:51463 - R:localhost/127.0.0.1:27420]' for 'POST' to 'http://localhost:27420/session/2cf5151f26810885d723368074bec302/execute/sync'
06:03:07.039 [Forwarding getPageSource on session 2cf5151f26810885d723368074bec302 to remote] DEBUG org.asynchttpclient.netty.request.NettyRequestSender - Using open Channel [id: 0xf9219739, L:/127.0.0.1:51463 - R:localhost/127.0.0.1:27420] for POST '/session/2cf5151f26810885d723368074bec302/execute/sync'
06:03:07.054 [AsyncHttpClient-1-2] DEBUG org.asynchttpclient.netty.handler.HttpHandler - 

Request DefaultHttpRequest(decodeResult: success, version: HTTP/1.1)
POST /session/2cf5151f26810885d723368074bec302/execute/sync HTTP/1.1
User-Agent: selenium/4.8.1 (java windows)
Content-Length: 176
Content-Type: application/json; charset=utf-8
host: localhost:27420
accept: */*

Response DefaultHttpResponse(decodeResult: success, version: HTTP/1.1)
HTTP/1.1 200 OK
Content-Length: 3427
Content-Type: application/json; charset=utf-8
cache-control: no-cache

06:03:07.055 [AsyncHttpClient-1-2] DEBUG org.asynchttpclient.netty.channel.ChannelManager - Adding key: http://localhost:27420 for channel [id: 0xf9219739, L:/127.0.0.1:51463 - R:localhost/127.0.0.1:27420]
06:03:07.061 [Forwarding getCurrentUrl on session 2cf5151f26810885d723368074bec302 to remote] DEBUG org.asynchttpclient.netty.request.NettyRequestSender - Using pooled Channel '[id: 0xf9219739, L:/127.0.0.1:51463 - R:localhost/127.0.0.1:27420]' for 'GET' to 'http://localhost:27420/session/2cf5151f26810885d723368074bec302/url'
06:03:07.061 [Forwarding getCurrentUrl on session 2cf5151f26810885d723368074bec302 to remote] DEBUG org.asynchttpclient.netty.request.NettyRequestSender - Using open Channel [id: 0xf9219739, L:/127.0.0.1:51463 - R:localhost/127.0.0.1:27420] for GET '/session/2cf5151f26810885d723368074bec302/url'
06:03:07.074 [AsyncHttpClient-1-2] DEBUG org.asynchttpclient.netty.handler.HttpHandler - 

Request DefaultFullHttpRequest(decodeResult: success, version: HTTP/1.1, content: EmptyByteBufBE)
GET /session/2cf5151f26810885d723368074bec302/url HTTP/1.1
User-Agent: selenium/4.8.1 (java windows)
Cache-Control: no-cache
Content-Type: application/json; charset=utf-8
host: localhost:27420
accept: */*

Response DefaultHttpResponse(decodeResult: success, version: HTTP/1.1)
HTTP/1.1 200 OK
Content-Length: 56
Content-Type: application/json; charset=utf-8
cache-control: no-cache

06:03:07.075 [AsyncHttpClient-1-2] DEBUG org.asynchttpclient.netty.channel.ChannelManager - Adding key: http://localhost:27420 for channel [id: 0xf9219739, L:/127.0.0.1:51463 - R:localhost/127.0.0.1:27420]
06:03:07.102 [Forwarding getAlertText on session 2cf5151f26810885d723368074bec302 to remote] DEBUG org.asynchttpclient.netty.request.NettyRequestSender - Using pooled Channel '[id: 0xf9219739, L:/127.0.0.1:51463 - R:localhost/127.0.0.1:27420]' for 'GET' to 'http://localhost:27420/session/2cf5151f26810885d723368074bec302/alert/text'
06:03:07.102 [Forwarding getAlertText on session 2cf5151f26810885d723368074bec302 to remote] DEBUG org.asynchttpclient.netty.request.NettyRequestSender - Using open Channel [id: 0xf9219739, L:/127.0.0.1:51463 - R:localhost/127.0.0.1:27420] for GET '/session/2cf5151f26810885d723368074bec302/alert/text'
06:03:07.107 [AsyncHttpClient-1-2] DEBUG org.asynchttpclient.netty.handler.HttpHandler - 

Request DefaultFullHttpRequest(decodeResult: success, version: HTTP/1.1, content: EmptyByteBufBE)
GET /session/2cf5151f26810885d723368074bec302/alert/text HTTP/1.1
User-Agent: selenium/4.8.1 (java windows)
Cache-Control: no-cache
Content-Type: application/json; charset=utf-8
host: localhost:27420
accept: */*

Response DefaultHttpResponse(decodeResult: success, version: HTTP/1.1)
HTTP/1.1 404 Not Found
Content-Length: 828
Content-Type: application/json; charset=utf-8
cache-control: no-cache

06:03:07.108 [AsyncHttpClient-1-2] DEBUG org.asynchttpclient.netty.channel.ChannelManager - Adding key: http://localhost:27420 for channel [id: 0xf9219739, L:/127.0.0.1:51463 - R:localhost/127.0.0.1:27420]
06:03:07.113 [Forwarding getCurrentUrl on session 2cf5151f26810885d723368074bec302 to remote] DEBUG org.asynchttpclient.netty.request.NettyRequestSender - Using pooled Channel '[id: 0xf9219739, L:/127.0.0.1:51463 - R:localhost/127.0.0.1:27420]' for 'GET' to 'http://localhost:27420/session/2cf5151f26810885d723368074bec302/url'
06:03:07.113 [Forwarding getCurrentUrl on session 2cf5151f26810885d723368074bec302 to remote] DEBUG org.asynchttpclient.netty.request.NettyRequestSender - Using open Channel [id: 0xf9219739, L:/127.0.0.1:51463 - R:localhost/127.0.0.1:27420] for GET '/session/2cf5151f26810885d723368074bec302/url'
06:03:07.124 [AsyncHttpClient-1-2] DEBUG org.asynchttpclient.netty.handler.HttpHandler - 

Request DefaultFullHttpRequest(decodeResult: success, version: HTTP/1.1, content: EmptyByteBufBE)
GET /session/2cf5151f26810885d723368074bec302/url HTTP/1.1
User-Agent: selenium/4.8.1 (java windows)
Cache-Control: no-cache
Content-Type: application/json; charset=utf-8
host: localhost:27420
accept: */*

Response DefaultHttpResponse(decodeResult: success, version: HTTP/1.1)
HTTP/1.1 200 OK
Content-Length: 56
Content-Type: application/json; charset=utf-8
cache-control: no-cache

06:03:07.124 [AsyncHttpClient-1-2] DEBUG org.asynchttpclient.netty.channel.ChannelManager - Adding key: http://localhost:27420 for channel [id: 0xf9219739, L:/127.0.0.1:51463 - R:localhost/127.0.0.1:27420]
06:03:07.127 [Forwarding screenshot on session 2cf5151f26810885d723368074bec302 to remote] DEBUG org.asynchttpclient.netty.request.NettyRequestSender - Using pooled Channel '[id: 0xf9219739, L:/127.0.0.1:51463 - R:localhost/127.0.0.1:27420]' for 'GET' to 'http://localhost:27420/session/2cf5151f26810885d723368074bec302/screenshot'
06:03:07.128 [Forwarding screenshot on session 2cf5151f26810885d723368074bec302 to remote] DEBUG org.asynchttpclient.netty.request.NettyRequestSender - Using open Channel [id: 0xf9219739, L:/127.0.0.1:51463 - R:localhost/127.0.0.1:27420] for GET '/session/2cf5151f26810885d723368074bec302/screenshot'
06:03:07.396 [AsyncHttpClient-1-2] DEBUG org.asynchttpclient.netty.handler.HttpHandler - 

Request DefaultFullHttpRequest(decodeResult: success, version: HTTP/1.1, content: EmptyByteBufBE)
GET /session/2cf5151f26810885d723368074bec302/screenshot HTTP/1.1
User-Agent: selenium/4.8.1 (java windows)
Cache-Control: no-cache
Content-Type: application/json; charset=utf-8
host: localhost:27420
accept: */*

Response DefaultHttpResponse(decodeResult: success, version: HTTP/1.1)
HTTP/1.1 200 OK
Content-Length: 116000
Content-Type: application/json; charset=utf-8
cache-control: no-cache

06:03:07.399 [AsyncHttpClient-1-2] DEBUG org.asynchttpclient.netty.channel.ChannelManager - Adding key: http://localhost:27420 for channel [id: 0xf9219739, L:/127.0.0.1:51463 - R:localhost/127.0.0.1:27420]
06:03:07.406 [main] DEBUG net.serenitybdd.core.photography.Darkroom - Send negative for processing for target\site\serenity\fa6e7d1ce747d8d8f5cee351f9c3b7277262e462f23251f582b63e2e355429f7.png
06:03:07.407 [Darkroom Processing Line] DEBUG net.serenitybdd.core.photography.DarkroomProcessingLine - Processing screenshot image in /var/screenshots/screenshot-6618808207961212530
06:03:07.407 [Darkroom Processing Line] DEBUG net.serenitybdd.core.photography.DarkroomProcessingLine - Saving screenshot to target\site\serenity\fa6e7d1ce747d8d8f5cee351f9c3b7277262e462f23251f582b63e2e355429f7.png
06:03:07.411 [Forwarding getPageSource on session 2cf5151f26810885d723368074bec302 to remote] DEBUG org.asynchttpclient.netty.request.NettyRequestSender - Using pooled Channel '[id: 0xf9219739, L:/127.0.0.1:51463 - R:localhost/127.0.0.1:27420]' for 'POST' to 'http://localhost:27420/session/2cf5151f26810885d723368074bec302/execute/sync'
06:03:07.411 [Forwarding getPageSource on session 2cf5151f26810885d723368074bec302 to remote] DEBUG org.asynchttpclient.netty.request.NettyRequestSender - Using open Channel [id: 0xf9219739, L:/127.0.0.1:51463 - R:localhost/127.0.0.1:27420] for POST '/session/2cf5151f26810885d723368074bec302/execute/sync'
06:03:07.427 [AsyncHttpClient-1-2] DEBUG org.asynchttpclient.netty.handler.HttpHandler - 

Request DefaultHttpRequest(decodeResult: success, version: HTTP/1.1)
POST /session/2cf5151f26810885d723368074bec302/execute/sync HTTP/1.1
User-Agent: selenium/4.8.1 (java windows)
Content-Length: 176
Content-Type: application/json; charset=utf-8
host: localhost:27420
accept: */*

Response DefaultHttpResponse(decodeResult: success, version: HTTP/1.1)
HTTP/1.1 200 OK
Content-Length: 3427
Content-Type: application/json; charset=utf-8
cache-control: no-cache

06:03:07.428 [AsyncHttpClient-1-2] DEBUG org.asynchttpclient.netty.channel.ChannelManager - Adding key: http://localhost:27420 for channel [id: 0xf9219739, L:/127.0.0.1:51463 - R:localhost/127.0.0.1:27420]
06:03:07.435 [Forwarding getCurrentUrl on session 2cf5151f26810885d723368074bec302 to remote] DEBUG org.asynchttpclient.netty.request.NettyRequestSender - Using pooled Channel '[id: 0xf9219739, L:/127.0.0.1:51463 - R:localhost/127.0.0.1:27420]' for 'GET' to 'http://localhost:27420/session/2cf5151f26810885d723368074bec302/url'
06:03:07.436 [Forwarding getCurrentUrl on session 2cf5151f26810885d723368074bec302 to remote] DEBUG org.asynchttpclient.netty.request.NettyRequestSender - Using open Channel [id: 0xf9219739, L:/127.0.0.1:51463 - R:localhost/127.0.0.1:27420] for GET '/session/2cf5151f26810885d723368074bec302/url'
06:03:07.449 [AsyncHttpClient-1-2] DEBUG org.asynchttpclient.netty.handler.HttpHandler - 

Request DefaultFullHttpRequest(decodeResult: success, version: HTTP/1.1, content: EmptyByteBufBE)
GET /session/2cf5151f26810885d723368074bec302/url HTTP/1.1
User-Agent: selenium/4.8.1 (java windows)
Cache-Control: no-cache
Content-Type: application/json; charset=utf-8
host: localhost:27420
accept: */*

Response DefaultHttpResponse(decodeResult: success, version: HTTP/1.1)
HTTP/1.1 200 OK
Content-Length: 56
Content-Type: application/json; charset=utf-8
cache-control: no-cache

06:03:07.450 [AsyncHttpClient-1-2] DEBUG org.asynchttpclient.netty.channel.ChannelManager - Adding key: http://localhost:27420 for channel [id: 0xf9219739, L:/127.0.0.1:51463 - R:localhost/127.0.0.1:27420]
06:03:07.456 [main] DEBUG net.thucydides.core.steps.StepInterceptor - STARTING STEP: LoginSteps.enterPassword - enterPassword
06:03:07.462 [Forwarding findElement on session 2cf5151f26810885d723368074bec302 to remote] DEBUG org.asynchttpclient.netty.request.NettyRequestSender - Using pooled Channel '[id: 0xf9219739, L:/127.0.0.1:51463 - R:localhost/127.0.0.1:27420]' for 'POST' to 'http://localhost:27420/session/2cf5151f26810885d723368074bec302/element'
06:03:07.462 [Forwarding findElement on session 2cf5151f26810885d723368074bec302 to remote] DEBUG org.asynchttpclient.netty.request.NettyRequestSender - Using open Channel [id: 0xf9219739, L:/127.0.0.1:51463 - R:localhost/127.0.0.1:27420] for POST '/session/2cf5151f26810885d723368074bec302/element'
06:03:07.492 [AsyncHttpClient-1-2] DEBUG org.asynchttpclient.netty.handler.HttpHandler - 

Request DefaultHttpRequest(decodeResult: success, version: HTTP/1.1)
POST /session/2cf5151f26810885d723368074bec302/element HTTP/1.1
User-Agent: selenium/4.8.1 (java windows)
Content-Length: 72
Content-Type: application/json; charset=utf-8
host: localhost:27420
accept: */*

Response DefaultHttpResponse(decodeResult: success, version: HTTP/1.1)
HTTP/1.1 200 OK
Content-Length: 95
Content-Type: application/json; charset=utf-8
cache-control: no-cache

06:03:07.492 [AsyncHttpClient-1-2] DEBUG org.asynchttpclient.netty.channel.ChannelManager - Adding key: http://localhost:27420 for channel [id: 0xf9219739, L:/127.0.0.1:51463 - R:localhost/127.0.0.1:27420]
06:03:07.495 [Forwarding clearElement on session 2cf5151f26810885d723368074bec302 to remote] DEBUG org.asynchttpclient.netty.request.NettyRequestSender - Using pooled Channel '[id: 0xf9219739, L:/127.0.0.1:51463 - R:localhost/127.0.0.1:27420]' for 'POST' to 'http://localhost:27420/session/2cf5151f26810885d723368074bec302/element/55F4A78BF08480C0A78762C2798D34E1_element_11/clear'
06:03:07.496 [Forwarding clearElement on session 2cf5151f26810885d723368074bec302 to remote] DEBUG org.asynchttpclient.netty.request.NettyRequestSender - Using open Channel [id: 0xf9219739, L:/127.0.0.1:51463 - R:localhost/127.0.0.1:27420] for POST '/session/2cf5151f26810885d723368074bec302/element/55F4A78BF08480C0A78762C2798D34E1_element_11/clear'
06:03:07.562 [AsyncHttpClient-1-2] DEBUG org.asynchttpclient.netty.handler.HttpHandler - 

Request DefaultHttpRequest(decodeResult: success, version: HTTP/1.1)
POST /session/2cf5151f26810885d723368074bec302/element/55F4A78BF08480C0A78762C2798D34E1_element_11/clear HTTP/1.1
User-Agent: selenium/4.8.1 (java windows)
Content-Length: 57
Content-Type: application/json; charset=utf-8
host: localhost:27420
accept: */*

Response DefaultHttpResponse(decodeResult: success, version: HTTP/1.1)
HTTP/1.1 200 OK
Content-Length: 14
Content-Type: application/json; charset=utf-8
cache-control: no-cache

06:03:07.563 [AsyncHttpClient-1-2] DEBUG org.asynchttpclient.netty.channel.ChannelManager - Adding key: http://localhost:27420 for channel [id: 0xf9219739, L:/127.0.0.1:51463 - R:localhost/127.0.0.1:27420]
06:03:07.569 [Forwarding sendKeysToElement on session 2cf5151f26810885d723368074bec302 to remote] DEBUG org.asynchttpclient.netty.request.NettyRequestSender - Using pooled Channel '[id: 0xf9219739, L:/127.0.0.1:51463 - R:localhost/127.0.0.1:27420]' for 'POST' to 'http://localhost:27420/session/2cf5151f26810885d723368074bec302/element/55F4A78BF08480C0A78762C2798D34E1_element_11/value'
06:03:07.569 [Forwarding sendKeysToElement on session 2cf5151f26810885d723368074bec302 to remote] DEBUG org.asynchttpclient.netty.request.NettyRequestSender - Using open Channel [id: 0xf9219739, L:/127.0.0.1:51463 - R:localhost/127.0.0.1:27420] for POST '/session/2cf5151f26810885d723368074bec302/element/55F4A78BF08480C0A78762C2798D34E1_element_11/value'
06:03:07.701 [AsyncHttpClient-1-2] DEBUG org.asynchttpclient.netty.handler.HttpHandler - 

Request DefaultHttpRequest(decodeResult: success, version: HTTP/1.1)
POST /session/2cf5151f26810885d723368074bec302/element/55F4A78BF08480C0A78762C2798D34E1_element_11/value HTTP/1.1
User-Agent: selenium/4.8.1 (java windows)
Content-Length: 138
Content-Type: application/json; charset=utf-8
host: localhost:27420
accept: */*

Response DefaultHttpResponse(decodeResult: success, version: HTTP/1.1)
HTTP/1.1 200 OK
Content-Length: 14
Content-Type: application/json; charset=utf-8
cache-control: no-cache

06:03:07.702 [AsyncHttpClient-1-2] DEBUG org.asynchttpclient.netty.channel.ChannelManager - Adding key: http://localhost:27420 for channel [id: 0xf9219739, L:/127.0.0.1:51463 - R:localhost/127.0.0.1:27420]
06:03:07.720 [Forwarding getAlertText on session 2cf5151f26810885d723368074bec302 to remote] DEBUG org.asynchttpclient.netty.request.NettyRequestSender - Using pooled Channel '[id: 0xf9219739, L:/127.0.0.1:51463 - R:localhost/127.0.0.1:27420]' for 'GET' to 'http://localhost:27420/session/2cf5151f26810885d723368074bec302/alert/text'
06:03:07.720 [Forwarding getAlertText on session 2cf5151f26810885d723368074bec302 to remote] DEBUG org.asynchttpclient.netty.request.NettyRequestSender - Using open Channel [id: 0xf9219739, L:/127.0.0.1:51463 - R:localhost/127.0.0.1:27420] for GET '/session/2cf5151f26810885d723368074bec302/alert/text'
06:03:07.726 [AsyncHttpClient-1-2] DEBUG org.asynchttpclient.netty.handler.HttpHandler - 

Request DefaultFullHttpRequest(decodeResult: success, version: HTTP/1.1, content: EmptyByteBufBE)
GET /session/2cf5151f26810885d723368074bec302/alert/text HTTP/1.1
User-Agent: selenium/4.8.1 (java windows)
Cache-Control: no-cache
Content-Type: application/json; charset=utf-8
host: localhost:27420
accept: */*

Response DefaultHttpResponse(decodeResult: success, version: HTTP/1.1)
HTTP/1.1 404 Not Found
Content-Length: 828
Content-Type: application/json; charset=utf-8
cache-control: no-cache

06:03:07.726 [AsyncHttpClient-1-2] DEBUG org.asynchttpclient.netty.channel.ChannelManager - Adding key: http://localhost:27420 for channel [id: 0xf9219739, L:/127.0.0.1:51463 - R:localhost/127.0.0.1:27420]
06:03:07.730 [Forwarding getCurrentUrl on session 2cf5151f26810885d723368074bec302 to remote] DEBUG org.asynchttpclient.netty.request.NettyRequestSender - Using pooled Channel '[id: 0xf9219739, L:/127.0.0.1:51463 - R:localhost/127.0.0.1:27420]' for 'GET' to 'http://localhost:27420/session/2cf5151f26810885d723368074bec302/url'
06:03:07.730 [Forwarding getCurrentUrl on session 2cf5151f26810885d723368074bec302 to remote] DEBUG org.asynchttpclient.netty.request.NettyRequestSender - Using open Channel [id: 0xf9219739, L:/127.0.0.1:51463 - R:localhost/127.0.0.1:27420] for GET '/session/2cf5151f26810885d723368074bec302/url'
06:03:07.744 [AsyncHttpClient-1-2] DEBUG org.asynchttpclient.netty.handler.HttpHandler - 

Request DefaultFullHttpRequest(decodeResult: success, version: HTTP/1.1, content: EmptyByteBufBE)
GET /session/2cf5151f26810885d723368074bec302/url HTTP/1.1
User-Agent: selenium/4.8.1 (java windows)
Cache-Control: no-cache
Content-Type: application/json; charset=utf-8
host: localhost:27420
accept: */*

Response DefaultHttpResponse(decodeResult: success, version: HTTP/1.1)
HTTP/1.1 200 OK
Content-Length: 56
Content-Type: application/json; charset=utf-8
cache-control: no-cache

06:03:07.745 [AsyncHttpClient-1-2] DEBUG org.asynchttpclient.netty.channel.ChannelManager - Adding key: http://localhost:27420 for channel [id: 0xf9219739, L:/127.0.0.1:51463 - R:localhost/127.0.0.1:27420]
06:03:07.747 [Forwarding screenshot on session 2cf5151f26810885d723368074bec302 to remote] DEBUG org.asynchttpclient.netty.request.NettyRequestSender - Using pooled Channel '[id: 0xf9219739, L:/127.0.0.1:51463 - R:localhost/127.0.0.1:27420]' for 'GET' to 'http://localhost:27420/session/2cf5151f26810885d723368074bec302/screenshot'
06:03:07.748 [Forwarding screenshot on session 2cf5151f26810885d723368074bec302 to remote] DEBUG org.asynchttpclient.netty.request.NettyRequestSender - Using open Channel [id: 0xf9219739, L:/127.0.0.1:51463 - R:localhost/127.0.0.1:27420] for GET '/session/2cf5151f26810885d723368074bec302/screenshot'
06:03:07.821 [AsyncHttpClient-1-1] DEBUG org.asynchttpclient.netty.channel.DefaultChannelPool - Entry count for : http://localhost:51465 : 1
06:03:08.027 [AsyncHttpClient-1-2] DEBUG org.asynchttpclient.netty.handler.HttpHandler - 

Request DefaultFullHttpRequest(decodeResult: success, version: HTTP/1.1, content: EmptyByteBufBE)
GET /session/2cf5151f26810885d723368074bec302/screenshot HTTP/1.1
User-Agent: selenium/4.8.1 (java windows)
Cache-Control: no-cache
Content-Type: application/json; charset=utf-8
host: localhost:27420
accept: */*

Response DefaultHttpResponse(decodeResult: success, version: HTTP/1.1)
HTTP/1.1 200 OK
Content-Length: 114304
Content-Type: application/json; charset=utf-8
cache-control: no-cache

06:03:08.029 [AsyncHttpClient-1-2] DEBUG org.asynchttpclient.netty.channel.ChannelManager - Adding key: http://localhost:27420 for channel [id: 0xf9219739, L:/127.0.0.1:51463 - R:localhost/127.0.0.1:27420]
06:03:08.037 [main] DEBUG net.serenitybdd.core.photography.Darkroom - Send negative for processing for target\site\serenity\b04a5dd1876b579190d5b0cc18907b3adc1b7bc41d148c4d8b79fb630c74b73e.png
06:03:08.038 [Darkroom Processing Line] DEBUG net.serenitybdd.core.photography.DarkroomProcessingLine - Processing screenshot image in /var/screenshots/screenshot-1828510524693036201
06:03:08.038 [Darkroom Processing Line] DEBUG net.serenitybdd.core.photography.DarkroomProcessingLine - Saving screenshot to target\site\serenity\b04a5dd1876b579190d5b0cc18907b3adc1b7bc41d148c4d8b79fb630c74b73e.png
06:03:08.043 [Forwarding getPageSource on session 2cf5151f26810885d723368074bec302 to remote] DEBUG org.asynchttpclient.netty.request.NettyRequestSender - Using pooled Channel '[id: 0xf9219739, L:/127.0.0.1:51463 - R:localhost/127.0.0.1:27420]' for 'POST' to 'http://localhost:27420/session/2cf5151f26810885d723368074bec302/execute/sync'
06:03:08.043 [Forwarding getPageSource on session 2cf5151f26810885d723368074bec302 to remote] DEBUG org.asynchttpclient.netty.request.NettyRequestSender - Using open Channel [id: 0xf9219739, L:/127.0.0.1:51463 - R:localhost/127.0.0.1:27420] for POST '/session/2cf5151f26810885d723368074bec302/execute/sync'
06:03:08.055 [AsyncHttpClient-1-2] DEBUG org.asynchttpclient.netty.handler.HttpHandler - 

Request DefaultHttpRequest(decodeResult: success, version: HTTP/1.1)
POST /session/2cf5151f26810885d723368074bec302/execute/sync HTTP/1.1
User-Agent: selenium/4.8.1 (java windows)
Content-Length: 176
Content-Type: application/json; charset=utf-8
host: localhost:27420
accept: */*

Response DefaultHttpResponse(decodeResult: success, version: HTTP/1.1)
HTTP/1.1 200 OK
Content-Length: 3427
Content-Type: application/json; charset=utf-8
cache-control: no-cache

06:03:08.056 [AsyncHttpClient-1-2] DEBUG org.asynchttpclient.netty.channel.ChannelManager - Adding key: http://localhost:27420 for channel [id: 0xf9219739, L:/127.0.0.1:51463 - R:localhost/127.0.0.1:27420]
06:03:08.064 [Forwarding getCurrentUrl on session 2cf5151f26810885d723368074bec302 to remote] DEBUG org.asynchttpclient.netty.request.NettyRequestSender - Using pooled Channel '[id: 0xf9219739, L:/127.0.0.1:51463 - R:localhost/127.0.0.1:27420]' for 'GET' to 'http://localhost:27420/session/2cf5151f26810885d723368074bec302/url'
06:03:08.064 [Forwarding getCurrentUrl on session 2cf5151f26810885d723368074bec302 to remote] DEBUG org.asynchttpclient.netty.request.NettyRequestSender - Using open Channel [id: 0xf9219739, L:/127.0.0.1:51463 - R:localhost/127.0.0.1:27420] for GET '/session/2cf5151f26810885d723368074bec302/url'
06:03:08.073 [AsyncHttpClient-1-2] DEBUG org.asynchttpclient.netty.handler.HttpHandler - 

Request DefaultFullHttpRequest(decodeResult: success, version: HTTP/1.1, content: EmptyByteBufBE)
GET /session/2cf5151f26810885d723368074bec302/url HTTP/1.1
User-Agent: selenium/4.8.1 (java windows)
Cache-Control: no-cache
Content-Type: application/json; charset=utf-8
host: localhost:27420
accept: */*

Response DefaultHttpResponse(decodeResult: success, version: HTTP/1.1)
HTTP/1.1 200 OK
Content-Length: 56
Content-Type: application/json; charset=utf-8
cache-control: no-cache

06:03:08.074 [AsyncHttpClient-1-2] DEBUG org.asynchttpclient.netty.channel.ChannelManager - Adding key: http://localhost:27420 for channel [id: 0xf9219739, L:/127.0.0.1:51463 - R:localhost/127.0.0.1:27420]
06:03:08.092 [Forwarding getAlertText on session 2cf5151f26810885d723368074bec302 to remote] DEBUG org.asynchttpclient.netty.request.NettyRequestSender - Using pooled Channel '[id: 0xf9219739, L:/127.0.0.1:51463 - R:localhost/127.0.0.1:27420]' for 'GET' to 'http://localhost:27420/session/2cf5151f26810885d723368074bec302/alert/text'
06:03:08.092 [Forwarding getAlertText on session 2cf5151f26810885d723368074bec302 to remote] DEBUG org.asynchttpclient.netty.request.NettyRequestSender - Using open Channel [id: 0xf9219739, L:/127.0.0.1:51463 - R:localhost/127.0.0.1:27420] for GET '/session/2cf5151f26810885d723368074bec302/alert/text'
06:03:08.096 [AsyncHttpClient-1-2] DEBUG org.asynchttpclient.netty.handler.HttpHandler - 

Request DefaultFullHttpRequest(decodeResult: success, version: HTTP/1.1, content: EmptyByteBufBE)
GET /session/2cf5151f26810885d723368074bec302/alert/text HTTP/1.1
User-Agent: selenium/4.8.1 (java windows)
Cache-Control: no-cache
Content-Type: application/json; charset=utf-8
host: localhost:27420
accept: */*

Response DefaultHttpResponse(decodeResult: success, version: HTTP/1.1)
HTTP/1.1 404 Not Found
Content-Length: 828
Content-Type: application/json; charset=utf-8
cache-control: no-cache

06:03:08.097 [AsyncHttpClient-1-2] DEBUG org.asynchttpclient.netty.channel.ChannelManager - Adding key: http://localhost:27420 for channel [id: 0xf9219739, L:/127.0.0.1:51463 - R:localhost/127.0.0.1:27420]
06:03:08.102 [Forwarding getCurrentUrl on session 2cf5151f26810885d723368074bec302 to remote] DEBUG org.asynchttpclient.netty.request.NettyRequestSender - Using pooled Channel '[id: 0xf9219739, L:/127.0.0.1:51463 - R:localhost/127.0.0.1:27420]' for 'GET' to 'http://localhost:27420/session/2cf5151f26810885d723368074bec302/url'
06:03:08.103 [Forwarding getCurrentUrl on session 2cf5151f26810885d723368074bec302 to remote] DEBUG org.asynchttpclient.netty.request.NettyRequestSender - Using open Channel [id: 0xf9219739, L:/127.0.0.1:51463 - R:localhost/127.0.0.1:27420] for GET '/session/2cf5151f26810885d723368074bec302/url'
06:03:08.116 [AsyncHttpClient-1-2] DEBUG org.asynchttpclient.netty.handler.HttpHandler - 

Request DefaultFullHttpRequest(decodeResult: success, version: HTTP/1.1, content: EmptyByteBufBE)
GET /session/2cf5151f26810885d723368074bec302/url HTTP/1.1
User-Agent: selenium/4.8.1 (java windows)
Cache-Control: no-cache
Content-Type: application/json; charset=utf-8
host: localhost:27420
accept: */*

Response DefaultHttpResponse(decodeResult: success, version: HTTP/1.1)
HTTP/1.1 200 OK
Content-Length: 56
Content-Type: application/json; charset=utf-8
cache-control: no-cache

06:03:08.117 [AsyncHttpClient-1-2] DEBUG org.asynchttpclient.netty.channel.ChannelManager - Adding key: http://localhost:27420 for channel [id: 0xf9219739, L:/127.0.0.1:51463 - R:localhost/127.0.0.1:27420]
06:03:08.120 [Forwarding screenshot on session 2cf5151f26810885d723368074bec302 to remote] DEBUG org.asynchttpclient.netty.request.NettyRequestSender - Using pooled Channel '[id: 0xf9219739, L:/127.0.0.1:51463 - R:localhost/127.0.0.1:27420]' for 'GET' to 'http://localhost:27420/session/2cf5151f26810885d723368074bec302/screenshot'
06:03:08.120 [Forwarding screenshot on session 2cf5151f26810885d723368074bec302 to remote] DEBUG org.asynchttpclient.netty.request.NettyRequestSender - Using open Channel [id: 0xf9219739, L:/127.0.0.1:51463 - R:localhost/127.0.0.1:27420] for GET '/session/2cf5151f26810885d723368074bec302/screenshot'
06:03:08.408 [AsyncHttpClient-1-2] DEBUG org.asynchttpclient.netty.handler.HttpHandler - 

Request DefaultFullHttpRequest(decodeResult: success, version: HTTP/1.1, content: EmptyByteBufBE)
GET /session/2cf5151f26810885d723368074bec302/screenshot HTTP/1.1
User-Agent: selenium/4.8.1 (java windows)
Cache-Control: no-cache
Content-Type: application/json; charset=utf-8
host: localhost:27420
accept: */*

Response DefaultHttpResponse(decodeResult: success, version: HTTP/1.1)
HTTP/1.1 200 OK
Content-Length: 114304
Content-Type: application/json; charset=utf-8
cache-control: no-cache

06:03:08.410 [AsyncHttpClient-1-2] DEBUG org.asynchttpclient.netty.channel.ChannelManager - Adding key: http://localhost:27420 for channel [id: 0xf9219739, L:/127.0.0.1:51463 - R:localhost/127.0.0.1:27420]
06:03:08.421 [main] DEBUG net.serenitybdd.core.photography.Darkroom - Send negative for processing for target\site\serenity\b04a5dd1876b579190d5b0cc18907b3adc1b7bc41d148c4d8b79fb630c74b73e.png
06:03:08.422 [main] DEBUG net.thucydides.core.steps.StepInterceptor - STEP DONE: enterPassword
  &amp#27;[32mAnd &amp#27;[0m&amp#27;[32mI enter password&amp#27;[0m                               &amp#27;[90m# starter.stepdefinitions.LoginSteps.enterPassword()&amp#27;[0m
06:03:08.447 [Forwarding getPageSource on session 2cf5151f26810885d723368074bec302 to remote] DEBUG org.asynchttpclient.netty.request.NettyRequestSender - Using pooled Channel '[id: 0xf9219739, L:/127.0.0.1:51463 - R:localhost/127.0.0.1:27420]' for 'POST' to 'http://localhost:27420/session/2cf5151f26810885d723368074bec302/execute/sync'
06:03:08.448 [Forwarding getPageSource on session 2cf5151f26810885d723368074bec302 to remote] DEBUG org.asynchttpclient.netty.request.NettyRequestSender - Using open Channel [id: 0xf9219739, L:/127.0.0.1:51463 - R:localhost/127.0.0.1:27420] for POST '/session/2cf5151f26810885d723368074bec302/execute/sync'
06:03:08.461 [AsyncHttpClient-1-2] DEBUG org.asynchttpclient.netty.handler.HttpHandler - 

Request DefaultHttpRequest(decodeResult: success, version: HTTP/1.1)
POST /session/2cf5151f26810885d723368074bec302/execute/sync HTTP/1.1
User-Agent: selenium/4.8.1 (java windows)
Content-Length: 176
Content-Type: application/json; charset=utf-8
host: localhost:27420
accept: */*

Response DefaultHttpResponse(decodeResult: success, version: HTTP/1.1)
HTTP/1.1 200 OK
Content-Length: 3427
Content-Type: application/json; charset=utf-8
cache-control: no-cache

06:03:08.461 [AsyncHttpClient-1-2] DEBUG org.asynchttpclient.netty.channel.ChannelManager - Adding key: http://localhost:27420 for channel [id: 0xf9219739, L:/127.0.0.1:51463 - R:localhost/127.0.0.1:27420]
06:03:08.468 [Forwarding getCurrentUrl on session 2cf5151f26810885d723368074bec302 to remote] DEBUG org.asynchttpclient.netty.request.NettyRequestSender - Using pooled Channel '[id: 0xf9219739, L:/127.0.0.1:51463 - R:localhost/127.0.0.1:27420]' for 'GET' to 'http://localhost:27420/session/2cf5151f26810885d723368074bec302/url'
06:03:08.468 [Forwarding getCurrentUrl on session 2cf5151f26810885d723368074bec302 to remote] DEBUG org.asynchttpclient.netty.request.NettyRequestSender - Using open Channel [id: 0xf9219739, L:/127.0.0.1:51463 - R:localhost/127.0.0.1:27420] for GET '/session/2cf5151f26810885d723368074bec302/url'
06:03:08.480 [AsyncHttpClient-1-2] DEBUG org.asynchttpclient.netty.handler.HttpHandler - 

Request DefaultFullHttpRequest(decodeResult: success, version: HTTP/1.1, content: EmptyByteBufBE)
GET /session/2cf5151f26810885d723368074bec302/url HTTP/1.1
User-Agent: selenium/4.8.1 (java windows)
Cache-Control: no-cache
Content-Type: application/json; charset=utf-8
host: localhost:27420
accept: */*

Response DefaultHttpResponse(decodeResult: success, version: HTTP/1.1)
HTTP/1.1 200 OK
Content-Length: 56
Content-Type: application/json; charset=utf-8
cache-control: no-cache

06:03:08.481 [AsyncHttpClient-1-2] DEBUG org.asynchttpclient.netty.channel.ChannelManager - Adding key: http://localhost:27420 for channel [id: 0xf9219739, L:/127.0.0.1:51463 - R:localhost/127.0.0.1:27420]
06:03:08.502 [Forwarding getAlertText on session 2cf5151f26810885d723368074bec302 to remote] DEBUG org.asynchttpclient.netty.request.NettyRequestSender - Using pooled Channel '[id: 0xf9219739, L:/127.0.0.1:51463 - R:localhost/127.0.0.1:27420]' for 'GET' to 'http://localhost:27420/session/2cf5151f26810885d723368074bec302/alert/text'
06:03:08.502 [Forwarding getAlertText on session 2cf5151f26810885d723368074bec302 to remote] DEBUG org.asynchttpclient.netty.request.NettyRequestSender - Using open Channel [id: 0xf9219739, L:/127.0.0.1:51463 - R:localhost/127.0.0.1:27420] for GET '/session/2cf5151f26810885d723368074bec302/alert/text'
06:03:08.506 [AsyncHttpClient-1-2] DEBUG org.asynchttpclient.netty.handler.HttpHandler - 

Request DefaultFullHttpRequest(decodeResult: success, version: HTTP/1.1, content: EmptyByteBufBE)
GET /session/2cf5151f26810885d723368074bec302/alert/text HTTP/1.1
User-Agent: selenium/4.8.1 (java windows)
Cache-Control: no-cache
Content-Type: application/json; charset=utf-8
host: localhost:27420
accept: */*

Response DefaultHttpResponse(decodeResult: success, version: HTTP/1.1)
HTTP/1.1 404 Not Found
Content-Length: 828
Content-Type: application/json; charset=utf-8
cache-control: no-cache

06:03:08.506 [AsyncHttpClient-1-2] DEBUG org.asynchttpclient.netty.channel.ChannelManager - Adding key: http://localhost:27420 for channel [id: 0xf9219739, L:/127.0.0.1:51463 - R:localhost/127.0.0.1:27420]
06:03:08.509 [Forwarding getCurrentUrl on session 2cf5151f26810885d723368074bec302 to remote] DEBUG org.asynchttpclient.netty.request.NettyRequestSender - Using pooled Channel '[id: 0xf9219739, L:/127.0.0.1:51463 - R:localhost/127.0.0.1:27420]' for 'GET' to 'http://localhost:27420/session/2cf5151f26810885d723368074bec302/url'
06:03:08.509 [Forwarding getCurrentUrl on session 2cf5151f26810885d723368074bec302 to remote] DEBUG org.asynchttpclient.netty.request.NettyRequestSender - Using open Channel [id: 0xf9219739, L:/127.0.0.1:51463 - R:localhost/127.0.0.1:27420] for GET '/session/2cf5151f26810885d723368074bec302/url'
06:03:08.534 [AsyncHttpClient-1-2] DEBUG org.asynchttpclient.netty.handler.HttpHandler - 

Request DefaultFullHttpRequest(decodeResult: success, version: HTTP/1.1, content: EmptyByteBufBE)
GET /session/2cf5151f26810885d723368074bec302/url HTTP/1.1
User-Agent: selenium/4.8.1 (java windows)
Cache-Control: no-cache
Content-Type: application/json; charset=utf-8
host: localhost:27420
accept: */*

Response DefaultHttpResponse(decodeResult: success, version: HTTP/1.1)
HTTP/1.1 200 OK
Content-Length: 56
Content-Type: application/json; charset=utf-8
cache-control: no-cache

06:03:08.535 [AsyncHttpClient-1-2] DEBUG org.asynchttpclient.netty.channel.ChannelManager - Adding key: http://localhost:27420 for channel [id: 0xf9219739, L:/127.0.0.1:51463 - R:localhost/127.0.0.1:27420]
06:03:08.538 [Forwarding screenshot on session 2cf5151f26810885d723368074bec302 to remote] DEBUG org.asynchttpclient.netty.request.NettyRequestSender - Using pooled Channel '[id: 0xf9219739, L:/127.0.0.1:51463 - R:localhost/127.0.0.1:27420]' for 'GET' to 'http://localhost:27420/session/2cf5151f26810885d723368074bec302/screenshot'
06:03:08.538 [Forwarding screenshot on session 2cf5151f26810885d723368074bec302 to remote] DEBUG org.asynchttpclient.netty.request.NettyRequestSender - Using open Channel [id: 0xf9219739, L:/127.0.0.1:51463 - R:localhost/127.0.0.1:27420] for GET '/session/2cf5151f26810885d723368074bec302/screenshot'
06:03:08.860 [AsyncHttpClient-1-2] DEBUG org.asynchttpclient.netty.handler.HttpHandler - 

Request DefaultFullHttpRequest(decodeResult: success, version: HTTP/1.1, content: EmptyByteBufBE)
GET /session/2cf5151f26810885d723368074bec302/screenshot HTTP/1.1
User-Agent: selenium/4.8.1 (java windows)
Cache-Control: no-cache
Content-Type: application/json; charset=utf-8
host: localhost:27420
accept: */*

Response DefaultHttpResponse(decodeResult: success, version: HTTP/1.1)
HTTP/1.1 200 OK
Content-Length: 114268
Content-Type: application/json; charset=utf-8
cache-control: no-cache

06:03:08.862 [AsyncHttpClient-1-2] DEBUG org.asynchttpclient.netty.channel.ChannelManager - Adding key: http://localhost:27420 for channel [id: 0xf9219739, L:/127.0.0.1:51463 - R:localhost/127.0.0.1:27420]
06:03:08.869 [main] DEBUG net.serenitybdd.core.photography.Darkroom - Send negative for processing for target\site\serenity\8fe5bad04a93a7da9e3511717708a99e186c3658c4e11010d9ff19faed6d8531.png
06:03:08.871 [Darkroom Processing Line] DEBUG net.serenitybdd.core.photography.DarkroomProcessingLine - Processing screenshot image in /var/screenshots/screenshot-3801289780309750306
06:03:08.871 [Darkroom Processing Line] DEBUG net.serenitybdd.core.photography.DarkroomProcessingLine - Saving screenshot to target\site\serenity\8fe5bad04a93a7da9e3511717708a99e186c3658c4e11010d9ff19faed6d8531.png
06:03:08.874 [Forwarding getPageSource on session 2cf5151f26810885d723368074bec302 to remote] DEBUG org.asynchttpclient.netty.request.NettyRequestSender - Using pooled Channel '[id: 0xf9219739, L:/127.0.0.1:51463 - R:localhost/127.0.0.1:27420]' for 'POST' to 'http://localhost:27420/session/2cf5151f26810885d723368074bec302/execute/sync'
06:03:08.874 [Forwarding getPageSource on session 2cf5151f26810885d723368074bec302 to remote] DEBUG org.asynchttpclient.netty.request.NettyRequestSender - Using open Channel [id: 0xf9219739, L:/127.0.0.1:51463 - R:localhost/127.0.0.1:27420] for POST '/session/2cf5151f26810885d723368074bec302/execute/sync'
06:03:08.888 [AsyncHttpClient-1-2] DEBUG org.asynchttpclient.netty.handler.HttpHandler - 

Request DefaultHttpRequest(decodeResult: success, version: HTTP/1.1)
POST /session/2cf5151f26810885d723368074bec302/execute/sync HTTP/1.1
User-Agent: selenium/4.8.1 (java windows)
Content-Length: 176
Content-Type: application/json; charset=utf-8
host: localhost:27420
accept: */*

Response DefaultHttpResponse(decodeResult: success, version: HTTP/1.1)
HTTP/1.1 200 OK
Content-Length: 3427
Content-Type: application/json; charset=utf-8
cache-control: no-cache

06:03:08.889 [AsyncHttpClient-1-2] DEBUG org.asynchttpclient.netty.channel.ChannelManager - Adding key: http://localhost:27420 for channel [id: 0xf9219739, L:/127.0.0.1:51463 - R:localhost/127.0.0.1:27420]
06:03:08.895 [Forwarding getCurrentUrl on session 2cf5151f26810885d723368074bec302 to remote] DEBUG org.asynchttpclient.netty.request.NettyRequestSender - Using pooled Channel '[id: 0xf9219739, L:/127.0.0.1:51463 - R:localhost/127.0.0.1:27420]' for 'GET' to 'http://localhost:27420/session/2cf5151f26810885d723368074bec302/url'
06:03:08.895 [Forwarding getCurrentUrl on session 2cf5151f26810885d723368074bec302 to remote] DEBUG org.asynchttpclient.netty.request.NettyRequestSender - Using open Channel [id: 0xf9219739, L:/127.0.0.1:51463 - R:localhost/127.0.0.1:27420] for GET '/session/2cf5151f26810885d723368074bec302/url'
06:03:08.907 [AsyncHttpClient-1-2] DEBUG org.asynchttpclient.netty.handler.HttpHandler - 

Request DefaultFullHttpRequest(decodeResult: success, version: HTTP/1.1, content: EmptyByteBufBE)
GET /session/2cf5151f26810885d723368074bec302/url HTTP/1.1
User-Agent: selenium/4.8.1 (java windows)
Cache-Control: no-cache
Content-Type: application/json; charset=utf-8
host: localhost:27420
accept: */*

Response DefaultHttpResponse(decodeResult: success, version: HTTP/1.1)
HTTP/1.1 200 OK
Content-Length: 56
Content-Type: application/json; charset=utf-8
cache-control: no-cache

06:03:08.907 [AsyncHttpClient-1-2] DEBUG org.asynchttpclient.netty.channel.ChannelManager - Adding key: http://localhost:27420 for channel [id: 0xf9219739, L:/127.0.0.1:51463 - R:localhost/127.0.0.1:27420]
06:03:08.912 [main] DEBUG net.thucydides.core.steps.StepInterceptor - STARTING STEP: LoginSteps.doClickSignInButton - clickSignInButton
06:03:08.920 [AsyncHttpClient-1-1] DEBUG org.asynchttpclient.netty.channel.DefaultChannelPool - Entry count for : http://localhost:27420 : 1
06:03:08.921 [AsyncHttpClient-1-1] DEBUG org.asynchttpclient.netty.channel.DefaultChannelPool - Entry count for : http://localhost:51465 : 1
06:03:08.922 [Forwarding findElement on session 2cf5151f26810885d723368074bec302 to remote] DEBUG org.asynchttpclient.netty.request.NettyRequestSender - Using pooled Channel '[id: 0xf9219739, L:/127.0.0.1:51463 - R:localhost/127.0.0.1:27420]' for 'POST' to 'http://localhost:27420/session/2cf5151f26810885d723368074bec302/element'
06:03:08.923 [Forwarding findElement on session 2cf5151f26810885d723368074bec302 to remote] DEBUG org.asynchttpclient.netty.request.NettyRequestSender - Using open Channel [id: 0xf9219739, L:/127.0.0.1:51463 - R:localhost/127.0.0.1:27420] for POST '/session/2cf5151f26810885d723368074bec302/element'
06:03:08.959 [AsyncHttpClient-1-2] DEBUG org.asynchttpclient.netty.handler.HttpHandler - 

Request DefaultHttpRequest(decodeResult: success, version: HTTP/1.1)
POST /session/2cf5151f26810885d723368074bec302/element HTTP/1.1
User-Agent: selenium/4.8.1 (java windows)
Content-Length: 237
Content-Type: application/json; charset=utf-8
host: localhost:27420
accept: */*

Response DefaultHttpResponse(decodeResult: success, version: HTTP/1.1)
HTTP/1.1 200 OK
Content-Length: 95
Content-Type: application/json; charset=utf-8
cache-control: no-cache

06:03:08.959 [AsyncHttpClient-1-2] DEBUG org.asynchttpclient.netty.channel.ChannelManager - Adding key: http://localhost:27420 for channel [id: 0xf9219739, L:/127.0.0.1:51463 - R:localhost/127.0.0.1:27420]
06:03:08.962 [Forwarding getElementTagName on session 2cf5151f26810885d723368074bec302 to remote] DEBUG org.asynchttpclient.netty.request.NettyRequestSender - Using pooled Channel '[id: 0xf9219739, L:/127.0.0.1:51463 - R:localhost/127.0.0.1:27420]' for 'GET' to 'http://localhost:27420/session/2cf5151f26810885d723368074bec302/element/55F4A78BF08480C0A78762C2798D34E1_element_15/name'
06:03:08.962 [Forwarding getElementTagName on session 2cf5151f26810885d723368074bec302 to remote] DEBUG org.asynchttpclient.netty.request.NettyRequestSender - Using open Channel [id: 0xf9219739, L:/127.0.0.1:51463 - R:localhost/127.0.0.1:27420] for GET '/session/2cf5151f26810885d723368074bec302/element/55F4A78BF08480C0A78762C2798D34E1_element_15/name'
06:03:08.975 [AsyncHttpClient-1-2] DEBUG org.asynchttpclient.netty.handler.HttpHandler - 

Request DefaultFullHttpRequest(decodeResult: success, version: HTTP/1.1, content: EmptyByteBufBE)
GET /session/2cf5151f26810885d723368074bec302/element/55F4A78BF08480C0A78762C2798D34E1_element_15/name HTTP/1.1
User-Agent: selenium/4.8.1 (java windows)
Cache-Control: no-cache
Content-Type: application/json; charset=utf-8
host: localhost:27420
accept: */*

Response DefaultHttpResponse(decodeResult: success, version: HTTP/1.1)
HTTP/1.1 200 OK
Content-Length: 18
Content-Type: application/json; charset=utf-8
cache-control: no-cache

06:03:08.976 [AsyncHttpClient-1-2] DEBUG org.asynchttpclient.netty.channel.ChannelManager - Adding key: http://localhost:27420 for channel [id: 0xf9219739, L:/127.0.0.1:51463 - R:localhost/127.0.0.1:27420]
06:03:08.979 [Forwarding getElementTagName on session 2cf5151f26810885d723368074bec302 to remote] DEBUG org.asynchttpclient.netty.request.NettyRequestSender - Using pooled Channel '[id: 0xf9219739, L:/127.0.0.1:51463 - R:localhost/127.0.0.1:27420]' for 'GET' to 'http://localhost:27420/session/2cf5151f26810885d723368074bec302/element/55F4A78BF08480C0A78762C2798D34E1_element_15/name'
06:03:08.979 [Forwarding getElementTagName on session 2cf5151f26810885d723368074bec302 to remote] DEBUG org.asynchttpclient.netty.request.NettyRequestSender - Using open Channel [id: 0xf9219739, L:/127.0.0.1:51463 - R:localhost/127.0.0.1:27420] for GET '/session/2cf5151f26810885d723368074bec302/element/55F4A78BF08480C0A78762C2798D34E1_element_15/name'
06:03:08.993 [AsyncHttpClient-1-2] DEBUG org.asynchttpclient.netty.handler.HttpHandler - 

Request DefaultFullHttpRequest(decodeResult: success, version: HTTP/1.1, content: EmptyByteBufBE)
GET /session/2cf5151f26810885d723368074bec302/element/55F4A78BF08480C0A78762C2798D34E1_element_15/name HTTP/1.1
User-Agent: selenium/4.8.1 (java windows)
Cache-Control: no-cache
Content-Type: application/json; charset=utf-8
host: localhost:27420
accept: */*

Response DefaultHttpResponse(decodeResult: success, version: HTTP/1.1)
HTTP/1.1 200 OK
Content-Length: 18
Content-Type: application/json; charset=utf-8
cache-control: no-cache

06:03:08.993 [AsyncHttpClient-1-2] DEBUG org.asynchttpclient.netty.channel.ChannelManager - Adding key: http://localhost:27420 for channel [id: 0xf9219739, L:/127.0.0.1:51463 - R:localhost/127.0.0.1:27420]
06:03:09.001 [Forwarding isElementEnabled on session 2cf5151f26810885d723368074bec302 to remote] DEBUG org.asynchttpclient.netty.request.NettyRequestSender - Using pooled Channel '[id: 0xf9219739, L:/127.0.0.1:51463 - R:localhost/127.0.0.1:27420]' for 'GET' to 'http://localhost:27420/session/2cf5151f26810885d723368074bec302/element/55F4A78BF08480C0A78762C2798D34E1_element_15/enabled'
06:03:09.002 [Forwarding isElementEnabled on session 2cf5151f26810885d723368074bec302 to remote] DEBUG org.asynchttpclient.netty.request.NettyRequestSender - Using open Channel [id: 0xf9219739, L:/127.0.0.1:51463 - R:localhost/127.0.0.1:27420] for GET '/session/2cf5151f26810885d723368074bec302/element/55F4A78BF08480C0A78762C2798D34E1_element_15/enabled'
06:03:09.019 [AsyncHttpClient-1-2] DEBUG org.asynchttpclient.netty.handler.HttpHandler - 

Request DefaultFullHttpRequest(decodeResult: success, version: HTTP/1.1, content: EmptyByteBufBE)
GET /session/2cf5151f26810885d723368074bec302/element/55F4A78BF08480C0A78762C2798D34E1_element_15/enabled HTTP/1.1
User-Agent: selenium/4.8.1 (java windows)
Cache-Control: no-cache
Content-Type: application/json; charset=utf-8
host: localhost:27420
accept: */*

Response DefaultHttpResponse(decodeResult: success, version: HTTP/1.1)
HTTP/1.1 200 OK
Content-Length: 14
Content-Type: application/json; charset=utf-8
cache-control: no-cache

06:03:09.020 [AsyncHttpClient-1-2] DEBUG org.asynchttpclient.netty.channel.ChannelManager - Adding key: http://localhost:27420 for channel [id: 0xf9219739, L:/127.0.0.1:51463 - R:localhost/127.0.0.1:27420]
06:03:09.023 [Forwarding isElementEnabled on session 2cf5151f26810885d723368074bec302 to remote] DEBUG org.asynchttpclient.netty.request.NettyRequestSender - Using pooled Channel '[id: 0xf9219739, L:/127.0.0.1:51463 - R:localhost/127.0.0.1:27420]' for 'GET' to 'http://localhost:27420/session/2cf5151f26810885d723368074bec302/element/55F4A78BF08480C0A78762C2798D34E1_element_15/enabled'
06:03:09.024 [Forwarding isElementEnabled on session 2cf5151f26810885d723368074bec302 to remote] DEBUG org.asynchttpclient.netty.request.NettyRequestSender - Using open Channel [id: 0xf9219739, L:/127.0.0.1:51463 - R:localhost/127.0.0.1:27420] for GET '/session/2cf5151f26810885d723368074bec302/element/55F4A78BF08480C0A78762C2798D34E1_element_15/enabled'
06:03:09.043 [AsyncHttpClient-1-2] DEBUG org.asynchttpclient.netty.handler.HttpHandler - 

Request DefaultFullHttpRequest(decodeResult: success, version: HTTP/1.1, content: EmptyByteBufBE)
GET /session/2cf5151f26810885d723368074bec302/element/55F4A78BF08480C0A78762C2798D34E1_element_15/enabled HTTP/1.1
User-Agent: selenium/4.8.1 (java windows)
Cache-Control: no-cache
Content-Type: application/json; charset=utf-8
host: localhost:27420
accept: */*

Response DefaultHttpResponse(decodeResult: success, version: HTTP/1.1)
HTTP/1.1 200 OK
Content-Length: 14
Content-Type: application/json; charset=utf-8
cache-control: no-cache

06:03:09.044 [AsyncHttpClient-1-2] DEBUG org.asynchttpclient.netty.channel.ChannelManager - Adding key: http://localhost:27420 for channel [id: 0xf9219739, L:/127.0.0.1:51463 - R:localhost/127.0.0.1:27420]
06:03:09.049 [Forwarding findElement on session 2cf5151f26810885d723368074bec302 to remote] DEBUG org.asynchttpclient.netty.request.NettyRequestSender - Using pooled Channel '[id: 0xf9219739, L:/127.0.0.1:51463 - R:localhost/127.0.0.1:27420]' for 'POST' to 'http://localhost:27420/session/2cf5151f26810885d723368074bec302/element'
06:03:09.049 [Forwarding findElement on session 2cf5151f26810885d723368074bec302 to remote] DEBUG org.asynchttpclient.netty.request.NettyRequestSender - Using open Channel [id: 0xf9219739, L:/127.0.0.1:51463 - R:localhost/127.0.0.1:27420] for POST '/session/2cf5151f26810885d723368074bec302/element'
06:03:09.071 [AsyncHttpClient-1-2] DEBUG org.asynchttpclient.netty.handler.HttpHandler - 

Request DefaultHttpRequest(decodeResult: success, version: HTTP/1.1)
POST /session/2cf5151f26810885d723368074bec302/element HTTP/1.1
User-Agent: selenium/4.8.1 (java windows)
Content-Length: 237
Content-Type: application/json; charset=utf-8
host: localhost:27420
accept: */*

Response DefaultHttpResponse(decodeResult: success, version: HTTP/1.1)
HTTP/1.1 200 OK
Content-Length: 95
Content-Type: application/json; charset=utf-8
cache-control: no-cache

06:03:09.072 [AsyncHttpClient-1-2] DEBUG org.asynchttpclient.netty.channel.ChannelManager - Adding key: http://localhost:27420 for channel [id: 0xf9219739, L:/127.0.0.1:51463 - R:localhost/127.0.0.1:27420]
06:03:09.075 [Forwarding clickElement on session 2cf5151f26810885d723368074bec302 to remote] DEBUG org.asynchttpclient.netty.request.NettyRequestSender - Using pooled Channel '[id: 0xf9219739, L:/127.0.0.1:51463 - R:localhost/127.0.0.1:27420]' for 'POST' to 'http://localhost:27420/session/2cf5151f26810885d723368074bec302/element/55F4A78BF08480C0A78762C2798D34E1_element_15/click'
06:03:09.075 [Forwarding clickElement on session 2cf5151f26810885d723368074bec302 to remote] DEBUG org.asynchttpclient.netty.request.NettyRequestSender - Using open Channel [id: 0xf9219739, L:/127.0.0.1:51463 - R:localhost/127.0.0.1:27420] for POST '/session/2cf5151f26810885d723368074bec302/element/55F4A78BF08480C0A78762C2798D34E1_element_15/click'
06:03:09.188 [AsyncHttpClient-1-2] DEBUG org.asynchttpclient.netty.handler.HttpHandler - 

Request DefaultHttpRequest(decodeResult: success, version: HTTP/1.1)
POST /session/2cf5151f26810885d723368074bec302/element/55F4A78BF08480C0A78762C2798D34E1_element_15/click HTTP/1.1
User-Agent: selenium/4.8.1 (java windows)
Content-Length: 57
Content-Type: application/json; charset=utf-8
host: localhost:27420
accept: */*

Response DefaultHttpResponse(decodeResult: success, version: HTTP/1.1)
HTTP/1.1 200 OK
Content-Length: 14
Content-Type: application/json; charset=utf-8
cache-control: no-cache

06:03:09.189 [AsyncHttpClient-1-2] DEBUG org.asynchttpclient.netty.channel.ChannelManager - Adding key: http://localhost:27420 for channel [id: 0xf9219739, L:/127.0.0.1:51463 - R:localhost/127.0.0.1:27420]
06:03:09.202 [Forwarding getAlertText on session 2cf5151f26810885d723368074bec302 to remote] DEBUG org.asynchttpclient.netty.request.NettyRequestSender - Using pooled Channel '[id: 0xf9219739, L:/127.0.0.1:51463 - R:localhost/127.0.0.1:27420]' for 'GET' to 'http://localhost:27420/session/2cf5151f26810885d723368074bec302/alert/text'
06:03:09.203 [Forwarding getAlertText on session 2cf5151f26810885d723368074bec302 to remote] DEBUG org.asynchttpclient.netty.request.NettyRequestSender - Using open Channel [id: 0xf9219739, L:/127.0.0.1:51463 - R:localhost/127.0.0.1:27420] for GET '/session/2cf5151f26810885d723368074bec302/alert/text'
06:03:09.207 [AsyncHttpClient-1-2] DEBUG org.asynchttpclient.netty.handler.HttpHandler - 

Request DefaultFullHttpRequest(decodeResult: success, version: HTTP/1.1, content: EmptyByteBufBE)
GET /session/2cf5151f26810885d723368074bec302/alert/text HTTP/1.1
User-Agent: selenium/4.8.1 (java windows)
Cache-Control: no-cache
Content-Type: application/json; charset=utf-8
host: localhost:27420
accept: */*

Response DefaultHttpResponse(decodeResult: success, version: HTTP/1.1)
HTTP/1.1 404 Not Found
Content-Length: 828
Content-Type: application/json; charset=utf-8
cache-control: no-cache

06:03:09.207 [AsyncHttpClient-1-2] DEBUG org.asynchttpclient.netty.channel.ChannelManager - Adding key: http://localhost:27420 for channel [id: 0xf9219739, L:/127.0.0.1:51463 - R:localhost/127.0.0.1:27420]
06:03:09.211 [Forwarding getCurrentUrl on session 2cf5151f26810885d723368074bec302 to remote] DEBUG org.asynchttpclient.netty.request.NettyRequestSender - Using pooled Channel '[id: 0xf9219739, L:/127.0.0.1:51463 - R:localhost/127.0.0.1:27420]' for 'GET' to 'http://localhost:27420/session/2cf5151f26810885d723368074bec302/url'
06:03:09.211 [Forwarding getCurrentUrl on session 2cf5151f26810885d723368074bec302 to remote] DEBUG org.asynchttpclient.netty.request.NettyRequestSender - Using open Channel [id: 0xf9219739, L:/127.0.0.1:51463 - R:localhost/127.0.0.1:27420] for GET '/session/2cf5151f26810885d723368074bec302/url'
06:03:09.226 [AsyncHttpClient-1-2] DEBUG org.asynchttpclient.netty.handler.HttpHandler - 

Request DefaultFullHttpRequest(decodeResult: success, version: HTTP/1.1, content: EmptyByteBufBE)
GET /session/2cf5151f26810885d723368074bec302/url HTTP/1.1
User-Agent: selenium/4.8.1 (java windows)
Cache-Control: no-cache
Content-Type: application/json; charset=utf-8
host: localhost:27420
accept: */*

Response DefaultHttpResponse(decodeResult: success, version: HTTP/1.1)
HTTP/1.1 200 OK
Content-Length: 56
Content-Type: application/json; charset=utf-8
cache-control: no-cache

06:03:09.226 [AsyncHttpClient-1-2] DEBUG org.asynchttpclient.netty.channel.ChannelManager - Adding key: http://localhost:27420 for channel [id: 0xf9219739, L:/127.0.0.1:51463 - R:localhost/127.0.0.1:27420]
06:03:09.230 [Forwarding screenshot on session 2cf5151f26810885d723368074bec302 to remote] DEBUG org.asynchttpclient.netty.request.NettyRequestSender - Using pooled Channel '[id: 0xf9219739, L:/127.0.0.1:51463 - R:localhost/127.0.0.1:27420]' for 'GET' to 'http://localhost:27420/session/2cf5151f26810885d723368074bec302/screenshot'
06:03:09.230 [Forwarding screenshot on session 2cf5151f26810885d723368074bec302 to remote] DEBUG org.asynchttpclient.netty.request.NettyRequestSender - Using open Channel [id: 0xf9219739, L:/127.0.0.1:51463 - R:localhost/127.0.0.1:27420] for GET '/session/2cf5151f26810885d723368074bec302/screenshot'
06:03:09.518 [AsyncHttpClient-1-2] DEBUG org.asynchttpclient.netty.handler.HttpHandler - 

Request DefaultFullHttpRequest(decodeResult: success, version: HTTP/1.1, content: EmptyByteBufBE)
GET /session/2cf5151f26810885d723368074bec302/screenshot HTTP/1.1
User-Agent: selenium/4.8.1 (java windows)
Cache-Control: no-cache
Content-Type: application/json; charset=utf-8
host: localhost:27420
accept: */*

Response DefaultHttpResponse(decodeResult: success, version: HTTP/1.1)
HTTP/1.1 200 OK
Content-Length: 114428
Content-Type: application/json; charset=utf-8
cache-control: no-cache

06:03:09.520 [AsyncHttpClient-1-2] DEBUG org.asynchttpclient.netty.channel.ChannelManager - Adding key: http://localhost:27420 for channel [id: 0xf9219739, L:/127.0.0.1:51463 - R:localhost/127.0.0.1:27420]
06:03:09.527 [main] DEBUG net.serenitybdd.core.photography.Darkroom - Send negative for processing for target\site\serenity\16bb95de85743abc43b90fae4bff184084bf023ff8b99154399e844ff9b992d9.png
06:03:09.528 [Darkroom Processing Line] DEBUG net.serenitybdd.core.photography.DarkroomProcessingLine - Processing screenshot image in /var/screenshots/screenshot-8669838806462372284
06:03:09.528 [Darkroom Processing Line] DEBUG net.serenitybdd.core.photography.DarkroomProcessingLine - Saving screenshot to target\site\serenity\16bb95de85743abc43b90fae4bff184084bf023ff8b99154399e844ff9b992d9.png
06:03:09.532 [Forwarding getPageSource on session 2cf5151f26810885d723368074bec302 to remote] DEBUG org.asynchttpclient.netty.request.NettyRequestSender - Using pooled Channel '[id: 0xf9219739, L:/127.0.0.1:51463 - R:localhost/127.0.0.1:27420]' for 'POST' to 'http://localhost:27420/session/2cf5151f26810885d723368074bec302/execute/sync'
06:03:09.532 [Forwarding getPageSource on session 2cf5151f26810885d723368074bec302 to remote] DEBUG org.asynchttpclient.netty.request.NettyRequestSender - Using open Channel [id: 0xf9219739, L:/127.0.0.1:51463 - R:localhost/127.0.0.1:27420] for POST '/session/2cf5151f26810885d723368074bec302/execute/sync'
06:03:09.546 [AsyncHttpClient-1-2] DEBUG org.asynchttpclient.netty.handler.HttpHandler - 

Request DefaultHttpRequest(decodeResult: success, version: HTTP/1.1)
POST /session/2cf5151f26810885d723368074bec302/execute/sync HTTP/1.1
User-Agent: selenium/4.8.1 (java windows)
Content-Length: 176
Content-Type: application/json; charset=utf-8
host: localhost:27420
accept: */*

Response DefaultHttpResponse(decodeResult: success, version: HTTP/1.1)
HTTP/1.1 200 OK
Content-Length: 3444
Content-Type: application/json; charset=utf-8
cache-control: no-cache

06:03:09.547 [AsyncHttpClient-1-2] DEBUG org.asynchttpclient.netty.channel.ChannelManager - Adding key: http://localhost:27420 for channel [id: 0xf9219739, L:/127.0.0.1:51463 - R:localhost/127.0.0.1:27420]
06:03:09.552 [Forwarding getCurrentUrl on session 2cf5151f26810885d723368074bec302 to remote] DEBUG org.asynchttpclient.netty.request.NettyRequestSender - Using pooled Channel '[id: 0xf9219739, L:/127.0.0.1:51463 - R:localhost/127.0.0.1:27420]' for 'GET' to 'http://localhost:27420/session/2cf5151f26810885d723368074bec302/url'
06:03:09.553 [Forwarding getCurrentUrl on session 2cf5151f26810885d723368074bec302 to remote] DEBUG org.asynchttpclient.netty.request.NettyRequestSender - Using open Channel [id: 0xf9219739, L:/127.0.0.1:51463 - R:localhost/127.0.0.1:27420] for GET '/session/2cf5151f26810885d723368074bec302/url'
06:03:09.564 [AsyncHttpClient-1-2] DEBUG org.asynchttpclient.netty.handler.HttpHandler - 

Request DefaultFullHttpRequest(decodeResult: success, version: HTTP/1.1, content: EmptyByteBufBE)
GET /session/2cf5151f26810885d723368074bec302/url HTTP/1.1
User-Agent: selenium/4.8.1 (java windows)
Cache-Control: no-cache
Content-Type: application/json; charset=utf-8
host: localhost:27420
accept: */*

Response DefaultHttpResponse(decodeResult: success, version: HTTP/1.1)
HTTP/1.1 200 OK
Content-Length: 56
Content-Type: application/json; charset=utf-8
cache-control: no-cache

06:03:09.565 [AsyncHttpClient-1-2] DEBUG org.asynchttpclient.netty.channel.ChannelManager - Adding key: http://localhost:27420 for channel [id: 0xf9219739, L:/127.0.0.1:51463 - R:localhost/127.0.0.1:27420]
06:03:09.582 [Forwarding getAlertText on session 2cf5151f26810885d723368074bec302 to remote] DEBUG org.asynchttpclient.netty.request.NettyRequestSender - Using pooled Channel '[id: 0xf9219739, L:/127.0.0.1:51463 - R:localhost/127.0.0.1:27420]' for 'GET' to 'http://localhost:27420/session/2cf5151f26810885d723368074bec302/alert/text'
06:03:09.582 [Forwarding getAlertText on session 2cf5151f26810885d723368074bec302 to remote] DEBUG org.asynchttpclient.netty.request.NettyRequestSender - Using open Channel [id: 0xf9219739, L:/127.0.0.1:51463 - R:localhost/127.0.0.1:27420] for GET '/session/2cf5151f26810885d723368074bec302/alert/text'
06:03:09.587 [AsyncHttpClient-1-2] DEBUG org.asynchttpclient.netty.handler.HttpHandler - 

Request DefaultFullHttpRequest(decodeResult: success, version: HTTP/1.1, content: EmptyByteBufBE)
GET /session/2cf5151f26810885d723368074bec302/alert/text HTTP/1.1
User-Agent: selenium/4.8.1 (java windows)
Cache-Control: no-cache
Content-Type: application/json; charset=utf-8
host: localhost:27420
accept: */*

Response DefaultHttpResponse(decodeResult: success, version: HTTP/1.1)
HTTP/1.1 404 Not Found
Content-Length: 828
Content-Type: application/json; charset=utf-8
cache-control: no-cache

06:03:09.587 [AsyncHttpClient-1-2] DEBUG org.asynchttpclient.netty.channel.ChannelManager - Adding key: http://localhost:27420 for channel [id: 0xf9219739, L:/127.0.0.1:51463 - R:localhost/127.0.0.1:27420]
06:03:09.593 [Forwarding getCurrentUrl on session 2cf5151f26810885d723368074bec302 to remote] DEBUG org.asynchttpclient.netty.request.NettyRequestSender - Using pooled Channel '[id: 0xf9219739, L:/127.0.0.1:51463 - R:localhost/127.0.0.1:27420]' for 'GET' to 'http://localhost:27420/session/2cf5151f26810885d723368074bec302/url'
06:03:09.593 [Forwarding getCurrentUrl on session 2cf5151f26810885d723368074bec302 to remote] DEBUG org.asynchttpclient.netty.request.NettyRequestSender - Using open Channel [id: 0xf9219739, L:/127.0.0.1:51463 - R:localhost/127.0.0.1:27420] for GET '/session/2cf5151f26810885d723368074bec302/url'
06:03:09.607 [AsyncHttpClient-1-2] DEBUG org.asynchttpclient.netty.handler.HttpHandler - 

Request DefaultFullHttpRequest(decodeResult: success, version: HTTP/1.1, content: EmptyByteBufBE)
GET /session/2cf5151f26810885d723368074bec302/url HTTP/1.1
User-Agent: selenium/4.8.1 (java windows)
Cache-Control: no-cache
Content-Type: application/json; charset=utf-8
host: localhost:27420
accept: */*

Response DefaultHttpResponse(decodeResult: success, version: HTTP/1.1)
HTTP/1.1 200 OK
Content-Length: 56
Content-Type: application/json; charset=utf-8
cache-control: no-cache

06:03:09.608 [AsyncHttpClient-1-2] DEBUG org.asynchttpclient.netty.channel.ChannelManager - Adding key: http://localhost:27420 for channel [id: 0xf9219739, L:/127.0.0.1:51463 - R:localhost/127.0.0.1:27420]
06:03:09.611 [Forwarding screenshot on session 2cf5151f26810885d723368074bec302 to remote] DEBUG org.asynchttpclient.netty.request.NettyRequestSender - Using pooled Channel '[id: 0xf9219739, L:/127.0.0.1:51463 - R:localhost/127.0.0.1:27420]' for 'GET' to 'http://localhost:27420/session/2cf5151f26810885d723368074bec302/screenshot'
06:03:09.611 [Forwarding screenshot on session 2cf5151f26810885d723368074bec302 to remote] DEBUG org.asynchttpclient.netty.request.NettyRequestSender - Using open Channel [id: 0xf9219739, L:/127.0.0.1:51463 - R:localhost/127.0.0.1:27420] for GET '/session/2cf5151f26810885d723368074bec302/screenshot'
06:03:09.875 [AsyncHttpClient-1-2] DEBUG org.asynchttpclient.netty.handler.HttpHandler - 

Request DefaultFullHttpRequest(decodeResult: success, version: HTTP/1.1, content: EmptyByteBufBE)
GET /session/2cf5151f26810885d723368074bec302/screenshot HTTP/1.1
User-Agent: selenium/4.8.1 (java windows)
Cache-Control: no-cache
Content-Type: application/json; charset=utf-8
host: localhost:27420
accept: */*

Response DefaultHttpResponse(decodeResult: success, version: HTTP/1.1)
HTTP/1.1 200 OK
Content-Length: 114436
Content-Type: application/json; charset=utf-8
cache-control: no-cache

06:03:09.876 [AsyncHttpClient-1-2] DEBUG org.asynchttpclient.netty.channel.ChannelManager - Adding key: http://localhost:27420 for channel [id: 0xf9219739, L:/127.0.0.1:51463 - R:localhost/127.0.0.1:27420]
06:03:09.883 [main] DEBUG net.serenitybdd.core.photography.Darkroom - Send negative for processing for target\site\serenity\c179d7bf8dee180693b03b63cc8aa8fc781947dd954a8f8dfbefe0d08622cc89.png
06:03:09.883 [main] DEBUG net.thucydides.core.steps.StepInterceptor - STEP DONE: clickSignInButton
06:03:09.883 [Darkroom Processing Line] DEBUG net.serenitybdd.core.photography.DarkroomProcessingLine - Processing screenshot image in /var/screenshots/screenshot-14998582185497378593
06:03:09.884 [Darkroom Processing Line] DEBUG net.serenitybdd.core.photography.DarkroomProcessingLine - Saving screenshot to target\site\serenity\c179d7bf8dee180693b03b63cc8aa8fc781947dd954a8f8dfbefe0d08622cc89.png
  &amp#27;[32mAnd &amp#27;[0m&amp#27;[32mI click sign in button&amp#27;[0m                         &amp#27;[90m# starter.stepdefinitions.LoginSteps.doClickSignInButton()&amp#27;[0m
06:03:09.933 [Forwarding getPageSource on session 2cf5151f26810885d723368074bec302 to remote] DEBUG org.asynchttpclient.netty.request.NettyRequestSender - Using pooled Channel '[id: 0xf9219739, L:/127.0.0.1:51463 - R:localhost/127.0.0.1:27420]' for 'POST' to 'http://localhost:27420/session/2cf5151f26810885d723368074bec302/execute/sync'
06:03:09.934 [Forwarding getPageSource on session 2cf5151f26810885d723368074bec302 to remote] DEBUG org.asynchttpclient.netty.request.NettyRequestSender - Using open Channel [id: 0xf9219739, L:/127.0.0.1:51463 - R:localhost/127.0.0.1:27420] for POST '/session/2cf5151f26810885d723368074bec302/execute/sync'
06:03:09.948 [AsyncHttpClient-1-2] DEBUG org.asynchttpclient.netty.handler.HttpHandler - 

Request DefaultHttpRequest(decodeResult: success, version: HTTP/1.1)
POST /session/2cf5151f26810885d723368074bec302/execute/sync HTTP/1.1
User-Agent: selenium/4.8.1 (java windows)
Content-Length: 176
Content-Type: application/json; charset=utf-8
host: localhost:27420
accept: */*

Response DefaultHttpResponse(decodeResult: success, version: HTTP/1.1)
HTTP/1.1 200 OK
Content-Length: 3444
Content-Type: application/json; charset=utf-8
cache-control: no-cache

06:03:09.948 [AsyncHttpClient-1-2] DEBUG org.asynchttpclient.netty.channel.ChannelManager - Adding key: http://localhost:27420 for channel [id: 0xf9219739, L:/127.0.0.1:51463 - R:localhost/127.0.0.1:27420]
06:03:09.953 [Forwarding getCurrentUrl on session 2cf5151f26810885d723368074bec302 to remote] DEBUG org.asynchttpclient.netty.request.NettyRequestSender - Using pooled Channel '[id: 0xf9219739, L:/127.0.0.1:51463 - R:localhost/127.0.0.1:27420]' for 'GET' to 'http://localhost:27420/session/2cf5151f26810885d723368074bec302/url'
06:03:09.953 [Forwarding getCurrentUrl on session 2cf5151f26810885d723368074bec302 to remote] DEBUG org.asynchttpclient.netty.request.NettyRequestSender - Using open Channel [id: 0xf9219739, L:/127.0.0.1:51463 - R:localhost/127.0.0.1:27420] for GET '/session/2cf5151f26810885d723368074bec302/url'
06:03:09.965 [AsyncHttpClient-1-2] DEBUG org.asynchttpclient.netty.handler.HttpHandler - 

Request DefaultFullHttpRequest(decodeResult: success, version: HTTP/1.1, content: EmptyByteBufBE)
GET /session/2cf5151f26810885d723368074bec302/url HTTP/1.1
User-Agent: selenium/4.8.1 (java windows)
Cache-Control: no-cache
Content-Type: application/json; charset=utf-8
host: localhost:27420
accept: */*

Response DefaultHttpResponse(decodeResult: success, version: HTTP/1.1)
HTTP/1.1 200 OK
Content-Length: 56
Content-Type: application/json; charset=utf-8
cache-control: no-cache

06:03:09.965 [AsyncHttpClient-1-2] DEBUG org.asynchttpclient.netty.channel.ChannelManager - Adding key: http://localhost:27420 for channel [id: 0xf9219739, L:/127.0.0.1:51463 - R:localhost/127.0.0.1:27420]
06:03:09.974 [Forwarding findElement on session 2cf5151f26810885d723368074bec302 to remote] DEBUG org.asynchttpclient.netty.request.NettyRequestSender - Using pooled Channel '[id: 0xf9219739, L:/127.0.0.1:51463 - R:localhost/127.0.0.1:27420]' for 'POST' to 'http://localhost:27420/session/2cf5151f26810885d723368074bec302/element'
06:03:09.975 [Forwarding findElement on session 2cf5151f26810885d723368074bec302 to remote] DEBUG org.asynchttpclient.netty.request.NettyRequestSender - Using open Channel [id: 0xf9219739, L:/127.0.0.1:51463 - R:localhost/127.0.0.1:27420] for POST '/session/2cf5151f26810885d723368074bec302/element'
06:03:10.016 [AsyncHttpClient-1-1] DEBUG org.asynchttpclient.netty.channel.DefaultChannelPool - Entry count for : http://localhost:51465 : 1
06:03:11.111 [AsyncHttpClient-1-1] DEBUG org.asynchttpclient.netty.channel.DefaultChannelPool - Entry count for : http://localhost:51465 : 1
06:03:11.754 [AsyncHttpClient-1-2] DEBUG org.asynchttpclient.netty.handler.HttpHandler - 

Request DefaultHttpRequest(decodeResult: success, version: HTTP/1.1)
POST /session/2cf5151f26810885d723368074bec302/element HTTP/1.1
User-Agent: selenium/4.8.1 (java windows)
Content-Length: 81
Content-Type: application/json; charset=utf-8
host: localhost:27420
accept: */*

Response DefaultHttpResponse(decodeResult: success, version: HTTP/1.1)
HTTP/1.1 200 OK
Content-Length: 95
Content-Type: application/json; charset=utf-8
cache-control: no-cache

06:03:11.754 [AsyncHttpClient-1-2] DEBUG org.asynchttpclient.netty.channel.ChannelManager - Adding key: http://localhost:27420 for channel [id: 0xf9219739, L:/127.0.0.1:51463 - R:localhost/127.0.0.1:27420]
06:03:11.777 [Forwarding isElementDisplayed on session 2cf5151f26810885d723368074bec302 to remote] DEBUG org.asynchttpclient.netty.request.NettyRequestSender - Using pooled Channel '[id: 0xf9219739, L:/127.0.0.1:51463 - R:localhost/127.0.0.1:27420]' for 'POST' to 'http://localhost:27420/session/2cf5151f26810885d723368074bec302/execute/sync'
06:03:11.777 [Forwarding isElementDisplayed on session 2cf5151f26810885d723368074bec302 to remote] DEBUG org.asynchttpclient.netty.request.NettyRequestSender - Using open Channel [id: 0xf9219739, L:/127.0.0.1:51463 - R:localhost/127.0.0.1:27420] for POST '/session/2cf5151f26810885d723368074bec302/execute/sync'
06:03:11.820 [AsyncHttpClient-1-2] DEBUG org.asynchttpclient.netty.handler.HttpHandler - 

Request DefaultHttpRequest(decodeResult: success, version: HTTP/1.1)
POST /session/2cf5151f26810885d723368074bec302/execute/sync HTTP/1.1
User-Agent: selenium/4.8.1 (java windows)
Content-Length: 48814
Content-Type: application/json; charset=utf-8
host: localhost:27420
accept: */*

Response DefaultHttpResponse(decodeResult: success, version: HTTP/1.1)
HTTP/1.1 200 OK
Content-Length: 14
Content-Type: application/json; charset=utf-8
cache-control: no-cache

06:03:11.820 [AsyncHttpClient-1-2] DEBUG org.asynchttpclient.netty.channel.ChannelManager - Adding key: http://localhost:27420 for channel [id: 0xf9219739, L:/127.0.0.1:51463 - R:localhost/127.0.0.1:27420]
  &amp#27;[32mThen &amp#27;[0m&amp#27;[32mI am on the dashboard&amp#27;[0m                         &amp#27;[90m# starter.stepdefinitions.LoginSteps.onTheHomePage()&amp#27;[0m
06:03:11.833 [Forwarding getAlertText on session 2cf5151f26810885d723368074bec302 to remote] DEBUG org.asynchttpclient.netty.request.NettyRequestSender - Using pooled Channel '[id: 0xf9219739, L:/127.0.0.1:51463 - R:localhost/127.0.0.1:27420]' for 'GET' to 'http://localhost:27420/session/2cf5151f26810885d723368074bec302/alert/text'
06:03:11.833 [Forwarding getAlertText on session 2cf5151f26810885d723368074bec302 to remote] DEBUG org.asynchttpclient.netty.request.NettyRequestSender - Using open Channel [id: 0xf9219739, L:/127.0.0.1:51463 - R:localhost/127.0.0.1:27420] for GET '/session/2cf5151f26810885d723368074bec302/alert/text'
06:03:11.838 [AsyncHttpClient-1-2] DEBUG org.asynchttpclient.netty.handler.HttpHandler - 

Request DefaultFullHttpRequest(decodeResult: success, version: HTTP/1.1, content: EmptyByteBufBE)
GET /session/2cf5151f26810885d723368074bec302/alert/text HTTP/1.1
User-Agent: selenium/4.8.1 (java windows)
Cache-Control: no-cache
Content-Type: application/json; charset=utf-8
host: localhost:27420
accept: */*

Response DefaultHttpResponse(decodeResult: success, version: HTTP/1.1)
HTTP/1.1 404 Not Found
Content-Length: 828
Content-Type: application/json; charset=utf-8
cache-control: no-cache

06:03:11.838 [AsyncHttpClient-1-2] DEBUG org.asynchttpclient.netty.channel.ChannelManager - Adding key: http://localhost:27420 for channel [id: 0xf9219739, L:/127.0.0.1:51463 - R:localhost/127.0.0.1:27420]
06:03:11.842 [Forwarding getCurrentUrl on session 2cf5151f26810885d723368074bec302 to remote] DEBUG org.asynchttpclient.netty.request.NettyRequestSender - Using pooled Channel '[id: 0xf9219739, L:/127.0.0.1:51463 - R:localhost/127.0.0.1:27420]' for 'GET' to 'http://localhost:27420/session/2cf5151f26810885d723368074bec302/url'
06:03:11.842 [Forwarding getCurrentUrl on session 2cf5151f26810885d723368074bec302 to remote] DEBUG org.asynchttpclient.netty.request.NettyRequestSender - Using open Channel [id: 0xf9219739, L:/127.0.0.1:51463 - R:localhost/127.0.0.1:27420] for GET '/session/2cf5151f26810885d723368074bec302/url'
06:03:11.855 [AsyncHttpClient-1-2] DEBUG org.asynchttpclient.netty.handler.HttpHandler - 

Request DefaultFullHttpRequest(decodeResult: success, version: HTTP/1.1, content: EmptyByteBufBE)
GET /session/2cf5151f26810885d723368074bec302/url HTTP/1.1
User-Agent: selenium/4.8.1 (java windows)
Cache-Control: no-cache
Content-Type: application/json; charset=utf-8
host: localhost:27420
accept: */*

Response DefaultHttpResponse(decodeResult: success, version: HTTP/1.1)
HTTP/1.1 200 OK
Content-Length: 60
Content-Type: application/json; charset=utf-8
cache-control: no-cache

06:03:11.856 [AsyncHttpClient-1-2] DEBUG org.asynchttpclient.netty.channel.ChannelManager - Adding key: http://localhost:27420 for channel [id: 0xf9219739, L:/127.0.0.1:51463 - R:localhost/127.0.0.1:27420]
06:03:11.859 [Forwarding screenshot on session 2cf5151f26810885d723368074bec302 to remote] DEBUG org.asynchttpclient.netty.request.NettyRequestSender - Using pooled Channel '[id: 0xf9219739, L:/127.0.0.1:51463 - R:localhost/127.0.0.1:27420]' for 'GET' to 'http://localhost:27420/session/2cf5151f26810885d723368074bec302/screenshot'
06:03:11.859 [Forwarding screenshot on session 2cf5151f26810885d723368074bec302 to remote] DEBUG org.asynchttpclient.netty.request.NettyRequestSender - Using open Channel [id: 0xf9219739, L:/127.0.0.1:51463 - R:localhost/127.0.0.1:27420] for GET '/session/2cf5151f26810885d723368074bec302/screenshot'
06:03:12.120 [AsyncHttpClient-1-2] DEBUG org.asynchttpclient.netty.handler.HttpHandler - 

Request DefaultFullHttpRequest(decodeResult: success, version: HTTP/1.1, content: EmptyByteBufBE)
GET /session/2cf5151f26810885d723368074bec302/screenshot HTTP/1.1
User-Agent: selenium/4.8.1 (java windows)
Cache-Control: no-cache
Content-Type: application/json; charset=utf-8
host: localhost:27420
accept: */*

Response DefaultHttpResponse(decodeResult: success, version: HTTP/1.1)
HTTP/1.1 200 OK
Content-Length: 92960
Content-Type: application/json; charset=utf-8
cache-control: no-cache

06:03:12.123 [AsyncHttpClient-1-2] DEBUG org.asynchttpclient.netty.channel.ChannelManager - Adding key: http://localhost:27420 for channel [id: 0xf9219739, L:/127.0.0.1:51463 - R:localhost/127.0.0.1:27420]
06:03:12.129 [main] DEBUG net.serenitybdd.core.photography.Darkroom - Send negative for processing for target\site\serenity\7bd510f6cf07bf9429c8fbbb14a49589a09eedd87da6084ac891841dda171b04.png
06:03:12.130 [Darkroom Processing Line] DEBUG net.serenitybdd.core.photography.DarkroomProcessingLine - Processing screenshot image in /var/screenshots/screenshot-5434609003807071294
06:03:12.131 [Darkroom Processing Line] DEBUG net.serenitybdd.core.photography.DarkroomProcessingLine - Saving screenshot to target\site\serenity\7bd510f6cf07bf9429c8fbbb14a49589a09eedd87da6084ac891841dda171b04.png
06:03:12.147 [Forwarding getPageSource on session 2cf5151f26810885d723368074bec302 to remote] DEBUG org.asynchttpclient.netty.request.NettyRequestSender - Using pooled Channel '[id: 0xf9219739, L:/127.0.0.1:51463 - R:localhost/127.0.0.1:27420]' for 'POST' to 'http://localhost:27420/session/2cf5151f26810885d723368074bec302/execute/sync'
06:03:12.147 [Forwarding getPageSource on session 2cf5151f26810885d723368074bec302 to remote] DEBUG org.asynchttpclient.netty.request.NettyRequestSender - Using open Channel [id: 0xf9219739, L:/127.0.0.1:51463 - R:localhost/127.0.0.1:27420] for POST '/session/2cf5151f26810885d723368074bec302/execute/sync'
06:03:12.166 [AsyncHttpClient-1-2] DEBUG org.asynchttpclient.netty.handler.HttpHandler - 

Request DefaultHttpRequest(decodeResult: success, version: HTTP/1.1)
POST /session/2cf5151f26810885d723368074bec302/execute/sync HTTP/1.1
User-Agent: selenium/4.8.1 (java windows)
Content-Length: 176
Content-Type: application/json; charset=utf-8
host: localhost:27420
accept: */*

Response DefaultHttpResponse(decodeResult: success, version: HTTP/1.1)
HTTP/1.1 200 OK
Content-Length: 15149
Content-Type: application/json; charset=utf-8
cache-control: no-cache

06:03:12.167 [AsyncHttpClient-1-2] DEBUG org.asynchttpclient.netty.channel.ChannelManager - Adding key: http://localhost:27420 for channel [id: 0xf9219739, L:/127.0.0.1:51463 - R:localhost/127.0.0.1:27420]
06:03:12.211 [Forwarding getCurrentUrl on session 2cf5151f26810885d723368074bec302 to remote] DEBUG org.asynchttpclient.netty.request.NettyRequestSender - Using pooled Channel '[id: 0xf9219739, L:/127.0.0.1:51463 - R:localhost/127.0.0.1:27420]' for 'GET' to 'http://localhost:27420/session/2cf5151f26810885d723368074bec302/url'
06:03:12.211 [Forwarding getCurrentUrl on session 2cf5151f26810885d723368074bec302 to remote] DEBUG org.asynchttpclient.netty.request.NettyRequestSender - Using open Channel [id: 0xf9219739, L:/127.0.0.1:51463 - R:localhost/127.0.0.1:27420] for GET '/session/2cf5151f26810885d723368074bec302/url'
06:03:12.219 [AsyncHttpClient-1-1] DEBUG org.asynchttpclient.netty.channel.DefaultChannelPool - Entry count for : http://localhost:51465 : 1
06:03:12.224 [AsyncHttpClient-1-2] DEBUG org.asynchttpclient.netty.handler.HttpHandler - 

Request DefaultFullHttpRequest(decodeResult: success, version: HTTP/1.1, content: EmptyByteBufBE)
GET /session/2cf5151f26810885d723368074bec302/url HTTP/1.1
User-Agent: selenium/4.8.1 (java windows)
Cache-Control: no-cache
Content-Type: application/json; charset=utf-8
host: localhost:27420
accept: */*

Response DefaultHttpResponse(decodeResult: success, version: HTTP/1.1)
HTTP/1.1 200 OK
Content-Length: 60
Content-Type: application/json; charset=utf-8
cache-control: no-cache

06:03:12.225 [AsyncHttpClient-1-2] DEBUG org.asynchttpclient.netty.channel.ChannelManager - Adding key: http://localhost:27420 for channel [id: 0xf9219739, L:/127.0.0.1:51463 - R:localhost/127.0.0.1:27420]
06:03:12.619 [Forwarding get on session 2cf5151f26810885d723368074bec302 to remote] DEBUG org.asynchttpclient.netty.request.NettyRequestSender - Using pooled Channel '[id: 0xf9219739, L:/127.0.0.1:51463 - R:localhost/127.0.0.1:27420]' for 'POST' to 'http://localhost:27420/session/2cf5151f26810885d723368074bec302/url'
06:03:12.619 [Forwarding get on session 2cf5151f26810885d723368074bec302 to remote] DEBUG org.asynchttpclient.netty.request.NettyRequestSender - Using open Channel [id: 0xf9219739, L:/127.0.0.1:51463 - R:localhost/127.0.0.1:27420] for POST '/session/2cf5151f26810885d723368074bec302/url'
06:03:13.321 [AsyncHttpClient-1-1] DEBUG org.asynchttpclient.netty.channel.DefaultChannelPool - Entry count for : http://localhost:51465 : 1
06:03:13.448 [AsyncHttpClient-1-2] DEBUG org.asynchttpclient.netty.handler.HttpHandler - 

Request DefaultHttpRequest(decodeResult: success, version: HTTP/1.1)
POST /session/2cf5151f26810885d723368074bec302/url HTTP/1.1
User-Agent: selenium/4.8.1 (java windows)
Content-Length: 83
Content-Type: application/json; charset=utf-8
host: localhost:27420
accept: */*

Response DefaultHttpResponse(decodeResult: success, version: HTTP/1.1)
HTTP/1.1 200 OK
Content-Length: 14
Content-Type: application/json; charset=utf-8
cache-control: no-cache

06:03:13.449 [AsyncHttpClient-1-2] DEBUG org.asynchttpclient.netty.channel.ChannelManager - Adding key: http://localhost:27420 for channel [id: 0xf9219739, L:/127.0.0.1:51463 - R:localhost/127.0.0.1:27420]
  &amp#27;[32mGiven &amp#27;[0m&amp#27;[32mI click user and counselor button&amp#27;[0m            &amp#27;[90m# starter.stepdefinitions.UserSteps.clickUserAndCounselorButton()&amp#27;[0m
06:03:13.470 [Forwarding getAlertText on session 2cf5151f26810885d723368074bec302 to remote] DEBUG org.asynchttpclient.netty.request.NettyRequestSender - Using pooled Channel '[id: 0xf9219739, L:/127.0.0.1:51463 - R:localhost/127.0.0.1:27420]' for 'GET' to 'http://localhost:27420/session/2cf5151f26810885d723368074bec302/alert/text'
06:03:13.470 [Forwarding getAlertText on session 2cf5151f26810885d723368074bec302 to remote] DEBUG org.asynchttpclient.netty.request.NettyRequestSender - Using open Channel [id: 0xf9219739, L:/127.0.0.1:51463 - R:localhost/127.0.0.1:27420] for GET '/session/2cf5151f26810885d723368074bec302/alert/text'
06:03:13.475 [AsyncHttpClient-1-2] DEBUG org.asynchttpclient.netty.handler.HttpHandler - 

Request DefaultFullHttpRequest(decodeResult: success, version: HTTP/1.1, content: EmptyByteBufBE)
GET /session/2cf5151f26810885d723368074bec302/alert/text HTTP/1.1
User-Agent: selenium/4.8.1 (java windows)
Cache-Control: no-cache
Content-Type: application/json; charset=utf-8
host: localhost:27420
accept: */*

Response DefaultHttpResponse(decodeResult: success, version: HTTP/1.1)
HTTP/1.1 404 Not Found
Content-Length: 828
Content-Type: application/json; charset=utf-8
cache-control: no-cache

06:03:13.475 [AsyncHttpClient-1-2] DEBUG org.asynchttpclient.netty.channel.ChannelManager - Adding key: http://localhost:27420 for channel [id: 0xf9219739, L:/127.0.0.1:51463 - R:localhost/127.0.0.1:27420]
06:03:13.481 [Forwarding getCurrentUrl on session 2cf5151f26810885d723368074bec302 to remote] DEBUG org.asynchttpclient.netty.request.NettyRequestSender - Using pooled Channel '[id: 0xf9219739, L:/127.0.0.1:51463 - R:localhost/127.0.0.1:27420]' for 'GET' to 'http://localhost:27420/session/2cf5151f26810885d723368074bec302/url'
06:03:13.481 [Forwarding getCurrentUrl on session 2cf5151f26810885d723368074bec302 to remote] DEBUG org.asynchttpclient.netty.request.NettyRequestSender - Using open Channel [id: 0xf9219739, L:/127.0.0.1:51463 - R:localhost/127.0.0.1:27420] for GET '/session/2cf5151f26810885d723368074bec302/url'
06:03:13.495 [AsyncHttpClient-1-2] DEBUG org.asynchttpclient.netty.handler.HttpHandler - 

Request DefaultFullHttpRequest(decodeResult: success, version: HTTP/1.1, content: EmptyByteBufBE)
GET /session/2cf5151f26810885d723368074bec302/url HTTP/1.1
User-Agent: selenium/4.8.1 (java windows)
Cache-Control: no-cache
Content-Type: application/json; charset=utf-8
host: localhost:27420
accept: */*

Response DefaultHttpResponse(decodeResult: success, version: HTTP/1.1)
HTTP/1.1 200 OK
Content-Length: 65
Content-Type: application/json; charset=utf-8
cache-control: no-cache

06:03:13.495 [AsyncHttpClient-1-2] DEBUG org.asynchttpclient.netty.channel.ChannelManager - Adding key: http://localhost:27420 for channel [id: 0xf9219739, L:/127.0.0.1:51463 - R:localhost/127.0.0.1:27420]
06:03:13.498 [Forwarding screenshot on session 2cf5151f26810885d723368074bec302 to remote] DEBUG org.asynchttpclient.netty.request.NettyRequestSender - Using pooled Channel '[id: 0xf9219739, L:/127.0.0.1:51463 - R:localhost/127.0.0.1:27420]' for 'GET' to 'http://localhost:27420/session/2cf5151f26810885d723368074bec302/screenshot'
06:03:13.498 [Forwarding screenshot on session 2cf5151f26810885d723368074bec302 to remote] DEBUG org.asynchttpclient.netty.request.NettyRequestSender - Using open Channel [id: 0xf9219739, L:/127.0.0.1:51463 - R:localhost/127.0.0.1:27420] for GET '/session/2cf5151f26810885d723368074bec302/screenshot'
06:03:13.788 [AsyncHttpClient-1-2] DEBUG org.asynchttpclient.netty.handler.HttpHandler - 

Request DefaultFullHttpRequest(decodeResult: success, version: HTTP/1.1, content: EmptyByteBufBE)
GET /session/2cf5151f26810885d723368074bec302/screenshot HTTP/1.1
User-Agent: selenium/4.8.1 (java windows)
Cache-Control: no-cache
Content-Type: application/json; charset=utf-8
host: localhost:27420
accept: */*

Response DefaultHttpResponse(decodeResult: success, version: HTTP/1.1)
HTTP/1.1 200 OK
Content-Length: 92720
Content-Type: application/json; charset=utf-8
cache-control: no-cache

06:03:13.790 [AsyncHttpClient-1-2] DEBUG org.asynchttpclient.netty.channel.ChannelManager - Adding key: http://localhost:27420 for channel [id: 0xf9219739, L:/127.0.0.1:51463 - R:localhost/127.0.0.1:27420]
06:03:13.797 [main] DEBUG net.serenitybdd.core.photography.Darkroom - Send negative for processing for target\site\serenity\ffda67f0e35ddf4c79966214473deb395c3270dae960ecd1e6392e4beda112e6.png
06:03:13.797 [Darkroom Processing Line] DEBUG net.serenitybdd.core.photography.DarkroomProcessingLine - Processing screenshot image in /var/screenshots/screenshot-10493250241151293433
06:03:13.797 [Darkroom Processing Line] DEBUG net.serenitybdd.core.photography.DarkroomProcessingLine - Saving screenshot to target\site\serenity\ffda67f0e35ddf4c79966214473deb395c3270dae960ecd1e6392e4beda112e6.png
06:03:13.810 [Forwarding getPageSource on session 2cf5151f26810885d723368074bec302 to remote] DEBUG org.asynchttpclient.netty.request.NettyRequestSender - Using pooled Channel '[id: 0xf9219739, L:/127.0.0.1:51463 - R:localhost/127.0.0.1:27420]' for 'POST' to 'http://localhost:27420/session/2cf5151f26810885d723368074bec302/execute/sync'
06:03:13.810 [Forwarding getPageSource on session 2cf5151f26810885d723368074bec302 to remote] DEBUG org.asynchttpclient.netty.request.NettyRequestSender - Using open Channel [id: 0xf9219739, L:/127.0.0.1:51463 - R:localhost/127.0.0.1:27420] for POST '/session/2cf5151f26810885d723368074bec302/execute/sync'
06:03:13.829 [AsyncHttpClient-1-2] DEBUG org.asynchttpclient.netty.handler.HttpHandler - 

Request DefaultHttpRequest(decodeResult: success, version: HTTP/1.1)
POST /session/2cf5151f26810885d723368074bec302/execute/sync HTTP/1.1
User-Agent: selenium/4.8.1 (java windows)
Content-Length: 176
Content-Type: application/json; charset=utf-8
host: localhost:27420
accept: */*

Response DefaultHttpResponse(decodeResult: success, version: HTTP/1.1)
HTTP/1.1 200 OK
Content-Length: 21904
Content-Type: application/json; charset=utf-8
cache-control: no-cache

06:03:13.829 [AsyncHttpClient-1-2] DEBUG org.asynchttpclient.netty.channel.ChannelManager - Adding key: http://localhost:27420 for channel [id: 0xf9219739, L:/127.0.0.1:51463 - R:localhost/127.0.0.1:27420]
06:03:13.865 [Forwarding getCurrentUrl on session 2cf5151f26810885d723368074bec302 to remote] DEBUG org.asynchttpclient.netty.request.NettyRequestSender - Using pooled Channel '[id: 0xf9219739, L:/127.0.0.1:51463 - R:localhost/127.0.0.1:27420]' for 'GET' to 'http://localhost:27420/session/2cf5151f26810885d723368074bec302/url'
06:03:13.866 [Forwarding getCurrentUrl on session 2cf5151f26810885d723368074bec302 to remote] DEBUG org.asynchttpclient.netty.request.NettyRequestSender - Using open Channel [id: 0xf9219739, L:/127.0.0.1:51463 - R:localhost/127.0.0.1:27420] for GET '/session/2cf5151f26810885d723368074bec302/url'
06:03:13.882 [AsyncHttpClient-1-2] DEBUG org.asynchttpclient.netty.handler.HttpHandler - 

Request DefaultFullHttpRequest(decodeResult: success, version: HTTP/1.1, content: EmptyByteBufBE)
GET /session/2cf5151f26810885d723368074bec302/url HTTP/1.1
User-Agent: selenium/4.8.1 (java windows)
Cache-Control: no-cache
Content-Type: application/json; charset=utf-8
host: localhost:27420
accept: */*

Response DefaultHttpResponse(decodeResult: success, version: HTTP/1.1)
HTTP/1.1 200 OK
Content-Length: 65
Content-Type: application/json; charset=utf-8
cache-control: no-cache

06:03:13.883 [AsyncHttpClient-1-2] DEBUG org.asynchttpclient.netty.channel.ChannelManager - Adding key: http://localhost:27420 for channel [id: 0xf9219739, L:/127.0.0.1:51463 - R:localhost/127.0.0.1:27420]
06:03:13.910 [Forwarding getAlertText on session 2cf5151f26810885d723368074bec302 to remote] DEBUG org.asynchttpclient.netty.request.NettyRequestSender - Using pooled Channel '[id: 0xf9219739, L:/127.0.0.1:51463 - R:localhost/127.0.0.1:27420]' for 'GET' to 'http://localhost:27420/session/2cf5151f26810885d723368074bec302/alert/text'
06:03:13.911 [Forwarding getAlertText on session 2cf5151f26810885d723368074bec302 to remote] DEBUG org.asynchttpclient.netty.request.NettyRequestSender - Using open Channel [id: 0xf9219739, L:/127.0.0.1:51463 - R:localhost/127.0.0.1:27420] for GET '/session/2cf5151f26810885d723368074bec302/alert/text'
06:03:13.915 [AsyncHttpClient-1-2] DEBUG org.asynchttpclient.netty.handler.HttpHandler - 

Request DefaultFullHttpRequest(decodeResult: success, version: HTTP/1.1, content: EmptyByteBufBE)
GET /session/2cf5151f26810885d723368074bec302/alert/text HTTP/1.1
User-Agent: selenium/4.8.1 (java windows)
Cache-Control: no-cache
Content-Type: application/json; charset=utf-8
host: localhost:27420
accept: */*

Response DefaultHttpResponse(decodeResult: success, version: HTTP/1.1)
HTTP/1.1 404 Not Found
Content-Length: 828
Content-Type: application/json; charset=utf-8
cache-control: no-cache

06:03:13.916 [AsyncHttpClient-1-2] DEBUG org.asynchttpclient.netty.channel.ChannelManager - Adding key: http://localhost:27420 for channel [id: 0xf9219739, L:/127.0.0.1:51463 - R:localhost/127.0.0.1:27420]
06:03:13.921 [Forwarding getCurrentUrl on session 2cf5151f26810885d723368074bec302 to remote] DEBUG org.asynchttpclient.netty.request.NettyRequestSender - Using pooled Channel '[id: 0xf9219739, L:/127.0.0.1:51463 - R:localhost/127.0.0.1:27420]' for 'GET' to 'http://localhost:27420/session/2cf5151f26810885d723368074bec302/url'
06:03:13.921 [Forwarding getCurrentUrl on session 2cf5151f26810885d723368074bec302 to remote] DEBUG org.asynchttpclient.netty.request.NettyRequestSender - Using open Channel [id: 0xf9219739, L:/127.0.0.1:51463 - R:localhost/127.0.0.1:27420] for GET '/session/2cf5151f26810885d723368074bec302/url'
06:03:13.934 [AsyncHttpClient-1-2] DEBUG org.asynchttpclient.netty.handler.HttpHandler - 

Request DefaultFullHttpRequest(decodeResult: success, version: HTTP/1.1, content: EmptyByteBufBE)
GET /session/2cf5151f26810885d723368074bec302/url HTTP/1.1
User-Agent: selenium/4.8.1 (java windows)
Cache-Control: no-cache
Content-Type: application/json; charset=utf-8
host: localhost:27420
accept: */*

Response DefaultHttpResponse(decodeResult: success, version: HTTP/1.1)
HTTP/1.1 200 OK
Content-Length: 65
Content-Type: application/json; charset=utf-8
cache-control: no-cache

06:03:13.934 [AsyncHttpClient-1-2] DEBUG org.asynchttpclient.netty.channel.ChannelManager - Adding key: http://localhost:27420 for channel [id: 0xf9219739, L:/127.0.0.1:51463 - R:localhost/127.0.0.1:27420]
06:03:13.938 [Forwarding screenshot on session 2cf5151f26810885d723368074bec302 to remote] DEBUG org.asynchttpclient.netty.request.NettyRequestSender - Using pooled Channel '[id: 0xf9219739, L:/127.0.0.1:51463 - R:localhost/127.0.0.1:27420]' for 'GET' to 'http://localhost:27420/session/2cf5151f26810885d723368074bec302/screenshot'
06:03:13.938 [Forwarding screenshot on session 2cf5151f26810885d723368074bec302 to remote] DEBUG org.asynchttpclient.netty.request.NettyRequestSender - Using open Channel [id: 0xf9219739, L:/127.0.0.1:51463 - R:localhost/127.0.0.1:27420] for GET '/session/2cf5151f26810885d723368074bec302/screenshot'
06:03:14.194 [AsyncHttpClient-1-2] DEBUG org.asynchttpclient.netty.handler.HttpHandler - 

Request DefaultFullHttpRequest(decodeResult: success, version: HTTP/1.1, content: EmptyByteBufBE)
GET /session/2cf5151f26810885d723368074bec302/screenshot HTTP/1.1
User-Agent: selenium/4.8.1 (java windows)
Cache-Control: no-cache
Content-Type: application/json; charset=utf-8
host: localhost:27420
accept: */*

Response DefaultHttpResponse(decodeResult: success, version: HTTP/1.1)
HTTP/1.1 200 OK
Content-Length: 92340
Content-Type: application/json; charset=utf-8
cache-control: no-cache

06:03:14.196 [AsyncHttpClient-1-2] DEBUG org.asynchttpclient.netty.channel.ChannelManager - Adding key: http://localhost:27420 for channel [id: 0xf9219739, L:/127.0.0.1:51463 - R:localhost/127.0.0.1:27420]
06:03:14.205 [main] DEBUG net.serenitybdd.core.photography.Darkroom - Send negative for processing for target\site\serenity\49cc1961f2aefbe88647d592337151ae99b8abc3dd402e6e7097a77328bddf3a.png
06:03:14.206 [Darkroom Processing Line] DEBUG net.serenitybdd.core.photography.DarkroomProcessingLine - Processing screenshot image in /var/screenshots/screenshot-13715875574775453196
06:03:14.207 [Darkroom Processing Line] DEBUG net.serenitybdd.core.photography.DarkroomProcessingLine - Saving screenshot to target\site\serenity\49cc1961f2aefbe88647d592337151ae99b8abc3dd402e6e7097a77328bddf3a.png
06:03:14.211 [Forwarding getPageSource on session 2cf5151f26810885d723368074bec302 to remote] DEBUG org.asynchttpclient.netty.request.NettyRequestSender - Using pooled Channel '[id: 0xf9219739, L:/127.0.0.1:51463 - R:localhost/127.0.0.1:27420]' for 'POST' to 'http://localhost:27420/session/2cf5151f26810885d723368074bec302/execute/sync'
06:03:14.211 [Forwarding getPageSource on session 2cf5151f26810885d723368074bec302 to remote] DEBUG org.asynchttpclient.netty.request.NettyRequestSender - Using open Channel [id: 0xf9219739, L:/127.0.0.1:51463 - R:localhost/127.0.0.1:27420] for POST '/session/2cf5151f26810885d723368074bec302/execute/sync'
06:03:14.231 [AsyncHttpClient-1-2] DEBUG org.asynchttpclient.netty.handler.HttpHandler - 

Request DefaultHttpRequest(decodeResult: success, version: HTTP/1.1)
POST /session/2cf5151f26810885d723368074bec302/execute/sync HTTP/1.1
User-Agent: selenium/4.8.1 (java windows)
Content-Length: 176
Content-Type: application/json; charset=utf-8
host: localhost:27420
accept: */*

Response DefaultHttpResponse(decodeResult: success, version: HTTP/1.1)
HTTP/1.1 200 OK
Content-Length: 21904
Content-Type: application/json; charset=utf-8
cache-control: no-cache

06:03:14.231 [AsyncHttpClient-1-2] DEBUG org.asynchttpclient.netty.channel.ChannelManager - Adding key: http://localhost:27420 for channel [id: 0xf9219739, L:/127.0.0.1:51463 - R:localhost/127.0.0.1:27420]
06:03:14.260 [Forwarding getCurrentUrl on session 2cf5151f26810885d723368074bec302 to remote] DEBUG org.asynchttpclient.netty.request.NettyRequestSender - Using pooled Channel '[id: 0xf9219739, L:/127.0.0.1:51463 - R:localhost/127.0.0.1:27420]' for 'GET' to 'http://localhost:27420/session/2cf5151f26810885d723368074bec302/url'
06:03:14.261 [Forwarding getCurrentUrl on session 2cf5151f26810885d723368074bec302 to remote] DEBUG org.asynchttpclient.netty.request.NettyRequestSender - Using open Channel [id: 0xf9219739, L:/127.0.0.1:51463 - R:localhost/127.0.0.1:27420] for GET '/session/2cf5151f26810885d723368074bec302/url'
06:03:14.273 [AsyncHttpClient-1-2] DEBUG org.asynchttpclient.netty.handler.HttpHandler - 

Request DefaultFullHttpRequest(decodeResult: success, version: HTTP/1.1, content: EmptyByteBufBE)
GET /session/2cf5151f26810885d723368074bec302/url HTTP/1.1
User-Agent: selenium/4.8.1 (java windows)
Cache-Control: no-cache
Content-Type: application/json; charset=utf-8
host: localhost:27420
accept: */*

Response DefaultHttpResponse(decodeResult: success, version: HTTP/1.1)
HTTP/1.1 200 OK
Content-Length: 65
Content-Type: application/json; charset=utf-8
cache-control: no-cache

06:03:14.273 [AsyncHttpClient-1-2] DEBUG org.asynchttpclient.netty.channel.ChannelManager - Adding key: http://localhost:27420 for channel [id: 0xf9219739, L:/127.0.0.1:51463 - R:localhost/127.0.0.1:27420]
06:03:14.279 [main] DEBUG net.thucydides.core.steps.StepInterceptor - STARTING STEP: UserSteps.chooseUsers - clickDropdown
06:03:14.287 [Forwarding findElement on session 2cf5151f26810885d723368074bec302 to remote] DEBUG org.asynchttpclient.netty.request.NettyRequestSender - Using pooled Channel '[id: 0xf9219739, L:/127.0.0.1:51463 - R:localhost/127.0.0.1:27420]' for 'POST' to 'http://localhost:27420/session/2cf5151f26810885d723368074bec302/element'
06:03:14.287 [Forwarding findElement on session 2cf5151f26810885d723368074bec302 to remote] DEBUG org.asynchttpclient.netty.request.NettyRequestSender - Using open Channel [id: 0xf9219739, L:/127.0.0.1:51463 - R:localhost/127.0.0.1:27420] for POST '/session/2cf5151f26810885d723368074bec302/element'
06:03:14.319 [AsyncHttpClient-1-2] DEBUG org.asynchttpclient.netty.handler.HttpHandler - 

Request DefaultHttpRequest(decodeResult: success, version: HTTP/1.1)
POST /session/2cf5151f26810885d723368074bec302/element HTTP/1.1
User-Agent: selenium/4.8.1 (java windows)
Content-Length: 156
Content-Type: application/json; charset=utf-8
host: localhost:27420
accept: */*

Response DefaultHttpResponse(decodeResult: success, version: HTTP/1.1)
HTTP/1.1 200 OK
Content-Length: 95
Content-Type: application/json; charset=utf-8
cache-control: no-cache

06:03:14.320 [AsyncHttpClient-1-2] DEBUG org.asynchttpclient.netty.channel.ChannelManager - Adding key: http://localhost:27420 for channel [id: 0xf9219739, L:/127.0.0.1:51463 - R:localhost/127.0.0.1:27420]
06:03:14.324 [Forwarding getElementTagName on session 2cf5151f26810885d723368074bec302 to remote] DEBUG org.asynchttpclient.netty.request.NettyRequestSender - Using pooled Channel '[id: 0xf9219739, L:/127.0.0.1:51463 - R:localhost/127.0.0.1:27420]' for 'GET' to 'http://localhost:27420/session/2cf5151f26810885d723368074bec302/element/DC89BA0B6F64848C4C8C3DB31586A47F_element_38/name'
06:03:14.324 [Forwarding getElementTagName on session 2cf5151f26810885d723368074bec302 to remote] DEBUG org.asynchttpclient.netty.request.NettyRequestSender - Using open Channel [id: 0xf9219739, L:/127.0.0.1:51463 - R:localhost/127.0.0.1:27420] for GET '/session/2cf5151f26810885d723368074bec302/element/DC89BA0B6F64848C4C8C3DB31586A47F_element_38/name'
06:03:14.336 [AsyncHttpClient-1-2] DEBUG org.asynchttpclient.netty.handler.HttpHandler - 

Request DefaultFullHttpRequest(decodeResult: success, version: HTTP/1.1, content: EmptyByteBufBE)
GET /session/2cf5151f26810885d723368074bec302/element/DC89BA0B6F64848C4C8C3DB31586A47F_element_38/name HTTP/1.1
User-Agent: selenium/4.8.1 (java windows)
Cache-Control: no-cache
Content-Type: application/json; charset=utf-8
host: localhost:27420
accept: */*

Response DefaultHttpResponse(decodeResult: success, version: HTTP/1.1)
HTTP/1.1 200 OK
Content-Length: 15
Content-Type: application/json; charset=utf-8
cache-control: no-cache

06:03:14.337 [AsyncHttpClient-1-2] DEBUG org.asynchttpclient.netty.channel.ChannelManager - Adding key: http://localhost:27420 for channel [id: 0xf9219739, L:/127.0.0.1:51463 - R:localhost/127.0.0.1:27420]
06:03:14.340 [Forwarding getElementTagName on session 2cf5151f26810885d723368074bec302 to remote] DEBUG org.asynchttpclient.netty.request.NettyRequestSender - Using pooled Channel '[id: 0xf9219739, L:/127.0.0.1:51463 - R:localhost/127.0.0.1:27420]' for 'GET' to 'http://localhost:27420/session/2cf5151f26810885d723368074bec302/element/DC89BA0B6F64848C4C8C3DB31586A47F_element_38/name'
06:03:14.340 [Forwarding getElementTagName on session 2cf5151f26810885d723368074bec302 to remote] DEBUG org.asynchttpclient.netty.request.NettyRequestSender - Using open Channel [id: 0xf9219739, L:/127.0.0.1:51463 - R:localhost/127.0.0.1:27420] for GET '/session/2cf5151f26810885d723368074bec302/element/DC89BA0B6F64848C4C8C3DB31586A47F_element_38/name'
06:03:14.354 [AsyncHttpClient-1-2] DEBUG org.asynchttpclient.netty.handler.HttpHandler - 

Request DefaultFullHttpRequest(decodeResult: success, version: HTTP/1.1, content: EmptyByteBufBE)
GET /session/2cf5151f26810885d723368074bec302/element/DC89BA0B6F64848C4C8C3DB31586A47F_element_38/name HTTP/1.1
User-Agent: selenium/4.8.1 (java windows)
Cache-Control: no-cache
Content-Type: application/json; charset=utf-8
host: localhost:27420
accept: */*

Response DefaultHttpResponse(decodeResult: success, version: HTTP/1.1)
HTTP/1.1 200 OK
Content-Length: 15
Content-Type: application/json; charset=utf-8
cache-control: no-cache

06:03:14.355 [AsyncHttpClient-1-2] DEBUG org.asynchttpclient.netty.channel.ChannelManager - Adding key: http://localhost:27420 for channel [id: 0xf9219739, L:/127.0.0.1:51463 - R:localhost/127.0.0.1:27420]
06:03:14.360 [Forwarding findElement on session 2cf5151f26810885d723368074bec302 to remote] DEBUG org.asynchttpclient.netty.request.NettyRequestSender - Using pooled Channel '[id: 0xf9219739, L:/127.0.0.1:51463 - R:localhost/127.0.0.1:27420]' for 'POST' to 'http://localhost:27420/session/2cf5151f26810885d723368074bec302/element'
06:03:14.361 [Forwarding findElement on session 2cf5151f26810885d723368074bec302 to remote] DEBUG org.asynchttpclient.netty.request.NettyRequestSender - Using open Channel [id: 0xf9219739, L:/127.0.0.1:51463 - R:localhost/127.0.0.1:27420] for POST '/session/2cf5151f26810885d723368074bec302/element'
06:03:14.380 [AsyncHttpClient-1-2] DEBUG org.asynchttpclient.netty.handler.HttpHandler - 

Request DefaultHttpRequest(decodeResult: success, version: HTTP/1.1)
POST /session/2cf5151f26810885d723368074bec302/element HTTP/1.1
User-Agent: selenium/4.8.1 (java windows)
Content-Length: 156
Content-Type: application/json; charset=utf-8
host: localhost:27420
accept: */*

Response DefaultHttpResponse(decodeResult: success, version: HTTP/1.1)
HTTP/1.1 200 OK
Content-Length: 95
Content-Type: application/json; charset=utf-8
cache-control: no-cache

06:03:14.381 [AsyncHttpClient-1-2] DEBUG org.asynchttpclient.netty.channel.ChannelManager - Adding key: http://localhost:27420 for channel [id: 0xf9219739, L:/127.0.0.1:51463 - R:localhost/127.0.0.1:27420]
06:03:14.383 [Forwarding clickElement on session 2cf5151f26810885d723368074bec302 to remote] DEBUG org.asynchttpclient.netty.request.NettyRequestSender - Using pooled Channel '[id: 0xf9219739, L:/127.0.0.1:51463 - R:localhost/127.0.0.1:27420]' for 'POST' to 'http://localhost:27420/session/2cf5151f26810885d723368074bec302/element/DC89BA0B6F64848C4C8C3DB31586A47F_element_38/click'
06:03:14.383 [Forwarding clickElement on session 2cf5151f26810885d723368074bec302 to remote] DEBUG org.asynchttpclient.netty.request.NettyRequestSender - Using open Channel [id: 0xf9219739, L:/127.0.0.1:51463 - R:localhost/127.0.0.1:27420] for POST '/session/2cf5151f26810885d723368074bec302/element/DC89BA0B6F64848C4C8C3DB31586A47F_element_38/click'
06:03:14.421 [AsyncHttpClient-1-1] DEBUG org.asynchttpclient.netty.channel.DefaultChannelPool - Entry count for : http://localhost:51465 : 1
06:03:14.473 [AsyncHttpClient-1-2] DEBUG org.asynchttpclient.netty.handler.HttpHandler - 

Request DefaultHttpRequest(decodeResult: success, version: HTTP/1.1)
POST /session/2cf5151f26810885d723368074bec302/element/DC89BA0B6F64848C4C8C3DB31586A47F_element_38/click HTTP/1.1
User-Agent: selenium/4.8.1 (java windows)
Content-Length: 57
Content-Type: application/json; charset=utf-8
host: localhost:27420
accept: */*

Response DefaultHttpResponse(decodeResult: success, version: HTTP/1.1)
HTTP/1.1 200 OK
Content-Length: 14
Content-Type: application/json; charset=utf-8
cache-control: no-cache

06:03:14.473 [AsyncHttpClient-1-2] DEBUG org.asynchttpclient.netty.channel.ChannelManager - Adding key: http://localhost:27420 for channel [id: 0xf9219739, L:/127.0.0.1:51463 - R:localhost/127.0.0.1:27420]
06:03:14.484 [Forwarding getAlertText on session 2cf5151f26810885d723368074bec302 to remote] DEBUG org.asynchttpclient.netty.request.NettyRequestSender - Using pooled Channel '[id: 0xf9219739, L:/127.0.0.1:51463 - R:localhost/127.0.0.1:27420]' for 'GET' to 'http://localhost:27420/session/2cf5151f26810885d723368074bec302/alert/text'
06:03:14.485 [Forwarding getAlertText on session 2cf5151f26810885d723368074bec302 to remote] DEBUG org.asynchttpclient.netty.request.NettyRequestSender - Using open Channel [id: 0xf9219739, L:/127.0.0.1:51463 - R:localhost/127.0.0.1:27420] for GET '/session/2cf5151f26810885d723368074bec302/alert/text'
06:03:14.489 [AsyncHttpClient-1-2] DEBUG org.asynchttpclient.netty.handler.HttpHandler - 

Request DefaultFullHttpRequest(decodeResult: success, version: HTTP/1.1, content: EmptyByteBufBE)
GET /session/2cf5151f26810885d723368074bec302/alert/text HTTP/1.1
User-Agent: selenium/4.8.1 (java windows)
Cache-Control: no-cache
Content-Type: application/json; charset=utf-8
host: localhost:27420
accept: */*

Response DefaultHttpResponse(decodeResult: success, version: HTTP/1.1)
HTTP/1.1 404 Not Found
Content-Length: 828
Content-Type: application/json; charset=utf-8
cache-control: no-cache

06:03:14.489 [AsyncHttpClient-1-2] DEBUG org.asynchttpclient.netty.channel.ChannelManager - Adding key: http://localhost:27420 for channel [id: 0xf9219739, L:/127.0.0.1:51463 - R:localhost/127.0.0.1:27420]
06:03:14.492 [Forwarding getCurrentUrl on session 2cf5151f26810885d723368074bec302 to remote] DEBUG org.asynchttpclient.netty.request.NettyRequestSender - Using pooled Channel '[id: 0xf9219739, L:/127.0.0.1:51463 - R:localhost/127.0.0.1:27420]' for 'GET' to 'http://localhost:27420/session/2cf5151f26810885d723368074bec302/url'
06:03:14.492 [Forwarding getCurrentUrl on session 2cf5151f26810885d723368074bec302 to remote] DEBUG org.asynchttpclient.netty.request.NettyRequestSender - Using open Channel [id: 0xf9219739, L:/127.0.0.1:51463 - R:localhost/127.0.0.1:27420] for GET '/session/2cf5151f26810885d723368074bec302/url'
06:03:14.505 [AsyncHttpClient-1-2] DEBUG org.asynchttpclient.netty.handler.HttpHandler - 

Request DefaultFullHttpRequest(decodeResult: success, version: HTTP/1.1, content: EmptyByteBufBE)
GET /session/2cf5151f26810885d723368074bec302/url HTTP/1.1
User-Agent: selenium/4.8.1 (java windows)
Cache-Control: no-cache
Content-Type: application/json; charset=utf-8
host: localhost:27420
accept: */*

Response DefaultHttpResponse(decodeResult: success, version: HTTP/1.1)
HTTP/1.1 200 OK
Content-Length: 65
Content-Type: application/json; charset=utf-8
cache-control: no-cache

06:03:14.505 [AsyncHttpClient-1-2] DEBUG org.asynchttpclient.netty.channel.ChannelManager - Adding key: http://localhost:27420 for channel [id: 0xf9219739, L:/127.0.0.1:51463 - R:localhost/127.0.0.1:27420]
06:03:14.508 [Forwarding screenshot on session 2cf5151f26810885d723368074bec302 to remote] DEBUG org.asynchttpclient.netty.request.NettyRequestSender - Using pooled Channel '[id: 0xf9219739, L:/127.0.0.1:51463 - R:localhost/127.0.0.1:27420]' for 'GET' to 'http://localhost:27420/session/2cf5151f26810885d723368074bec302/screenshot'
06:03:14.508 [Forwarding screenshot on session 2cf5151f26810885d723368074bec302 to remote] DEBUG org.asynchttpclient.netty.request.NettyRequestSender - Using open Channel [id: 0xf9219739, L:/127.0.0.1:51463 - R:localhost/127.0.0.1:27420] for GET '/session/2cf5151f26810885d723368074bec302/screenshot'
06:03:14.761 [AsyncHttpClient-1-2] DEBUG org.asynchttpclient.netty.handler.HttpHandler - 

Request DefaultFullHttpRequest(decodeResult: success, version: HTTP/1.1, content: EmptyByteBufBE)
GET /session/2cf5151f26810885d723368074bec302/screenshot HTTP/1.1
User-Agent: selenium/4.8.1 (java windows)
Cache-Control: no-cache
Content-Type: application/json; charset=utf-8
host: localhost:27420
accept: */*

Response DefaultHttpResponse(decodeResult: success, version: HTTP/1.1)
HTTP/1.1 200 OK
Content-Length: 91096
Content-Type: application/json; charset=utf-8
cache-control: no-cache

06:03:14.762 [AsyncHttpClient-1-2] DEBUG org.asynchttpclient.netty.channel.ChannelManager - Adding key: http://localhost:27420 for channel [id: 0xf9219739, L:/127.0.0.1:51463 - R:localhost/127.0.0.1:27420]
06:03:14.768 [main] DEBUG net.serenitybdd.core.photography.Darkroom - Send negative for processing for target\site\serenity\b4537d1575b9c12111dbbae32423c651cd780e1eeb2a486ab40e6e18459692a6.png
06:03:14.769 [Darkroom Processing Line] DEBUG net.serenitybdd.core.photography.DarkroomProcessingLine - Processing screenshot image in /var/screenshots/screenshot-12333200505167134807
06:03:14.770 [Darkroom Processing Line] DEBUG net.serenitybdd.core.photography.DarkroomProcessingLine - Saving screenshot to target\site\serenity\b4537d1575b9c12111dbbae32423c651cd780e1eeb2a486ab40e6e18459692a6.png
06:03:14.774 [Forwarding getPageSource on session 2cf5151f26810885d723368074bec302 to remote] DEBUG org.asynchttpclient.netty.request.NettyRequestSender - Using pooled Channel '[id: 0xf9219739, L:/127.0.0.1:51463 - R:localhost/127.0.0.1:27420]' for 'POST' to 'http://localhost:27420/session/2cf5151f26810885d723368074bec302/execute/sync'
06:03:14.774 [Forwarding getPageSource on session 2cf5151f26810885d723368074bec302 to remote] DEBUG org.asynchttpclient.netty.request.NettyRequestSender - Using open Channel [id: 0xf9219739, L:/127.0.0.1:51463 - R:localhost/127.0.0.1:27420] for POST '/session/2cf5151f26810885d723368074bec302/execute/sync'
06:03:14.793 [AsyncHttpClient-1-2] DEBUG org.asynchttpclient.netty.handler.HttpHandler - 

Request DefaultHttpRequest(decodeResult: success, version: HTTP/1.1)
POST /session/2cf5151f26810885d723368074bec302/execute/sync HTTP/1.1
User-Agent: selenium/4.8.1 (java windows)
Content-Length: 176
Content-Type: application/json; charset=utf-8
host: localhost:27420
accept: */*

Response DefaultHttpResponse(decodeResult: success, version: HTTP/1.1)
HTTP/1.1 200 OK
Content-Length: 22257
Content-Type: application/json; charset=utf-8
cache-control: no-cache

06:03:14.793 [AsyncHttpClient-1-2] DEBUG org.asynchttpclient.netty.channel.ChannelManager - Adding key: http://localhost:27420 for channel [id: 0xf9219739, L:/127.0.0.1:51463 - R:localhost/127.0.0.1:27420]
06:03:14.813 [Forwarding getCurrentUrl on session 2cf5151f26810885d723368074bec302 to remote] DEBUG org.asynchttpclient.netty.request.NettyRequestSender - Using pooled Channel '[id: 0xf9219739, L:/127.0.0.1:51463 - R:localhost/127.0.0.1:27420]' for 'GET' to 'http://localhost:27420/session/2cf5151f26810885d723368074bec302/url'
06:03:14.813 [Forwarding getCurrentUrl on session 2cf5151f26810885d723368074bec302 to remote] DEBUG org.asynchttpclient.netty.request.NettyRequestSender - Using open Channel [id: 0xf9219739, L:/127.0.0.1:51463 - R:localhost/127.0.0.1:27420] for GET '/session/2cf5151f26810885d723368074bec302/url'
06:03:14.826 [AsyncHttpClient-1-2] DEBUG org.asynchttpclient.netty.handler.HttpHandler - 

Request DefaultFullHttpRequest(decodeResult: success, version: HTTP/1.1, content: EmptyByteBufBE)
GET /session/2cf5151f26810885d723368074bec302/url HTTP/1.1
User-Agent: selenium/4.8.1 (java windows)
Cache-Control: no-cache
Content-Type: application/json; charset=utf-8
host: localhost:27420
accept: */*

Response DefaultHttpResponse(decodeResult: success, version: HTTP/1.1)
HTTP/1.1 200 OK
Content-Length: 65
Content-Type: application/json; charset=utf-8
cache-control: no-cache

06:03:14.826 [AsyncHttpClient-1-2] DEBUG org.asynchttpclient.netty.channel.ChannelManager - Adding key: http://localhost:27420 for channel [id: 0xf9219739, L:/127.0.0.1:51463 - R:localhost/127.0.0.1:27420]
06:03:14.842 [Forwarding getAlertText on session 2cf5151f26810885d723368074bec302 to remote] DEBUG org.asynchttpclient.netty.request.NettyRequestSender - Using pooled Channel '[id: 0xf9219739, L:/127.0.0.1:51463 - R:localhost/127.0.0.1:27420]' for 'GET' to 'http://localhost:27420/session/2cf5151f26810885d723368074bec302/alert/text'
06:03:14.842 [Forwarding getAlertText on session 2cf5151f26810885d723368074bec302 to remote] DEBUG org.asynchttpclient.netty.request.NettyRequestSender - Using open Channel [id: 0xf9219739, L:/127.0.0.1:51463 - R:localhost/127.0.0.1:27420] for GET '/session/2cf5151f26810885d723368074bec302/alert/text'
06:03:14.846 [AsyncHttpClient-1-2] DEBUG org.asynchttpclient.netty.handler.HttpHandler - 

Request DefaultFullHttpRequest(decodeResult: success, version: HTTP/1.1, content: EmptyByteBufBE)
GET /session/2cf5151f26810885d723368074bec302/alert/text HTTP/1.1
User-Agent: selenium/4.8.1 (java windows)
Cache-Control: no-cache
Content-Type: application/json; charset=utf-8
host: localhost:27420
accept: */*

Response DefaultHttpResponse(decodeResult: success, version: HTTP/1.1)
HTTP/1.1 404 Not Found
Content-Length: 828
Content-Type: application/json; charset=utf-8
cache-control: no-cache

06:03:14.846 [AsyncHttpClient-1-2] DEBUG org.asynchttpclient.netty.channel.ChannelManager - Adding key: http://localhost:27420 for channel [id: 0xf9219739, L:/127.0.0.1:51463 - R:localhost/127.0.0.1:27420]
06:03:14.850 [Forwarding getCurrentUrl on session 2cf5151f26810885d723368074bec302 to remote] DEBUG org.asynchttpclient.netty.request.NettyRequestSender - Using pooled Channel '[id: 0xf9219739, L:/127.0.0.1:51463 - R:localhost/127.0.0.1:27420]' for 'GET' to 'http://localhost:27420/session/2cf5151f26810885d723368074bec302/url'
06:03:14.850 [Forwarding getCurrentUrl on session 2cf5151f26810885d723368074bec302 to remote] DEBUG org.asynchttpclient.netty.request.NettyRequestSender - Using open Channel [id: 0xf9219739, L:/127.0.0.1:51463 - R:localhost/127.0.0.1:27420] for GET '/session/2cf5151f26810885d723368074bec302/url'
06:03:14.862 [AsyncHttpClient-1-2] DEBUG org.asynchttpclient.netty.handler.HttpHandler - 

Request DefaultFullHttpRequest(decodeResult: success, version: HTTP/1.1, content: EmptyByteBufBE)
GET /session/2cf5151f26810885d723368074bec302/url HTTP/1.1
User-Agent: selenium/4.8.1 (java windows)
Cache-Control: no-cache
Content-Type: application/json; charset=utf-8
host: localhost:27420
accept: */*

Response DefaultHttpResponse(decodeResult: success, version: HTTP/1.1)
HTTP/1.1 200 OK
Content-Length: 65
Content-Type: application/json; charset=utf-8
cache-control: no-cache

06:03:14.863 [AsyncHttpClient-1-2] DEBUG org.asynchttpclient.netty.channel.ChannelManager - Adding key: http://localhost:27420 for channel [id: 0xf9219739, L:/127.0.0.1:51463 - R:localhost/127.0.0.1:27420]
06:03:14.865 [Forwarding screenshot on session 2cf5151f26810885d723368074bec302 to remote] DEBUG org.asynchttpclient.netty.request.NettyRequestSender - Using pooled Channel '[id: 0xf9219739, L:/127.0.0.1:51463 - R:localhost/127.0.0.1:27420]' for 'GET' to 'http://localhost:27420/session/2cf5151f26810885d723368074bec302/screenshot'
06:03:14.865 [Forwarding screenshot on session 2cf5151f26810885d723368074bec302 to remote] DEBUG org.asynchttpclient.netty.request.NettyRequestSender - Using open Channel [id: 0xf9219739, L:/127.0.0.1:51463 - R:localhost/127.0.0.1:27420] for GET '/session/2cf5151f26810885d723368074bec302/screenshot'
06:03:15.129 [AsyncHttpClient-1-2] DEBUG org.asynchttpclient.netty.handler.HttpHandler - 

Request DefaultFullHttpRequest(decodeResult: success, version: HTTP/1.1, content: EmptyByteBufBE)
GET /session/2cf5151f26810885d723368074bec302/screenshot HTTP/1.1
User-Agent: selenium/4.8.1 (java windows)
Cache-Control: no-cache
Content-Type: application/json; charset=utf-8
host: localhost:27420
accept: */*

Response DefaultHttpResponse(decodeResult: success, version: HTTP/1.1)
HTTP/1.1 200 OK
Content-Length: 91096
Content-Type: application/json; charset=utf-8
cache-control: no-cache

06:03:15.130 [AsyncHttpClient-1-2] DEBUG org.asynchttpclient.netty.channel.ChannelManager - Adding key: http://localhost:27420 for channel [id: 0xf9219739, L:/127.0.0.1:51463 - R:localhost/127.0.0.1:27420]
06:03:15.136 [main] DEBUG net.serenitybdd.core.photography.Darkroom - Send negative for processing for target\site\serenity\b4537d1575b9c12111dbbae32423c651cd780e1eeb2a486ab40e6e18459692a6.png
06:03:15.137 [main] DEBUG net.thucydides.core.steps.StepInterceptor - STEP DONE: clickDropdown
06:03:15.157 [Forwarding getPageSource on session 2cf5151f26810885d723368074bec302 to remote] DEBUG org.asynchttpclient.netty.request.NettyRequestSender - Using pooled Channel '[id: 0xf9219739, L:/127.0.0.1:51463 - R:localhost/127.0.0.1:27420]' for 'POST' to 'http://localhost:27420/session/2cf5151f26810885d723368074bec302/execute/sync'
06:03:15.158 [Forwarding getPageSource on session 2cf5151f26810885d723368074bec302 to remote] DEBUG org.asynchttpclient.netty.request.NettyRequestSender - Using open Channel [id: 0xf9219739, L:/127.0.0.1:51463 - R:localhost/127.0.0.1:27420] for POST '/session/2cf5151f26810885d723368074bec302/execute/sync'
06:03:15.176 [AsyncHttpClient-1-2] DEBUG org.asynchttpclient.netty.handler.HttpHandler - 

Request DefaultHttpRequest(decodeResult: success, version: HTTP/1.1)
POST /session/2cf5151f26810885d723368074bec302/execute/sync HTTP/1.1
User-Agent: selenium/4.8.1 (java windows)
Content-Length: 176
Content-Type: application/json; charset=utf-8
host: localhost:27420
accept: */*

Response DefaultHttpResponse(decodeResult: success, version: HTTP/1.1)
HTTP/1.1 200 OK
Content-Length: 22257
Content-Type: application/json; charset=utf-8
cache-control: no-cache

06:03:15.177 [AsyncHttpClient-1-2] DEBUG org.asynchttpclient.netty.channel.ChannelManager - Adding key: http://localhost:27420 for channel [id: 0xf9219739, L:/127.0.0.1:51463 - R:localhost/127.0.0.1:27420]
06:03:15.195 [Forwarding getCurrentUrl on session 2cf5151f26810885d723368074bec302 to remote] DEBUG org.asynchttpclient.netty.request.NettyRequestSender - Using pooled Channel '[id: 0xf9219739, L:/127.0.0.1:51463 - R:localhost/127.0.0.1:27420]' for 'GET' to 'http://localhost:27420/session/2cf5151f26810885d723368074bec302/url'
06:03:15.195 [Forwarding getCurrentUrl on session 2cf5151f26810885d723368074bec302 to remote] DEBUG org.asynchttpclient.netty.request.NettyRequestSender - Using open Channel [id: 0xf9219739, L:/127.0.0.1:51463 - R:localhost/127.0.0.1:27420] for GET '/session/2cf5151f26810885d723368074bec302/url'
06:03:15.206 [AsyncHttpClient-1-2] DEBUG org.asynchttpclient.netty.handler.HttpHandler - 

Request DefaultFullHttpRequest(decodeResult: success, version: HTTP/1.1, content: EmptyByteBufBE)
GET /session/2cf5151f26810885d723368074bec302/url HTTP/1.1
User-Agent: selenium/4.8.1 (java windows)
Cache-Control: no-cache
Content-Type: application/json; charset=utf-8
host: localhost:27420
accept: */*

Response DefaultHttpResponse(decodeResult: success, version: HTTP/1.1)
HTTP/1.1 200 OK
Content-Length: 65
Content-Type: application/json; charset=utf-8
cache-control: no-cache

06:03:15.207 [AsyncHttpClient-1-2] DEBUG org.asynchttpclient.netty.channel.ChannelManager - Adding key: http://localhost:27420 for channel [id: 0xf9219739, L:/127.0.0.1:51463 - R:localhost/127.0.0.1:27420]
06:03:15.212 [main] DEBUG net.thucydides.core.steps.StepInterceptor - STARTING STEP: UserSteps.chooseUsers - chooseDropdownUsers
06:03:15.219 [Forwarding findElement on session 2cf5151f26810885d723368074bec302 to remote] DEBUG org.asynchttpclient.netty.request.NettyRequestSender - Using pooled Channel '[id: 0xf9219739, L:/127.0.0.1:51463 - R:localhost/127.0.0.1:27420]' for 'POST' to 'http://localhost:27420/session/2cf5151f26810885d723368074bec302/element'
06:03:15.219 [Forwarding findElement on session 2cf5151f26810885d723368074bec302 to remote] DEBUG org.asynchttpclient.netty.request.NettyRequestSender - Using open Channel [id: 0xf9219739, L:/127.0.0.1:51463 - R:localhost/127.0.0.1:27420] for POST '/session/2cf5151f26810885d723368074bec302/element'
06:03:15.251 [AsyncHttpClient-1-2] DEBUG org.asynchttpclient.netty.handler.HttpHandler - 

Request DefaultHttpRequest(decodeResult: success, version: HTTP/1.1)
POST /session/2cf5151f26810885d723368074bec302/element HTTP/1.1
User-Agent: selenium/4.8.1 (java windows)
Content-Length: 141
Content-Type: application/json; charset=utf-8
host: localhost:27420
accept: */*

Response DefaultHttpResponse(decodeResult: success, version: HTTP/1.1)
HTTP/1.1 200 OK
Content-Length: 95
Content-Type: application/json; charset=utf-8
cache-control: no-cache

06:03:15.251 [AsyncHttpClient-1-2] DEBUG org.asynchttpclient.netty.channel.ChannelManager - Adding key: http://localhost:27420 for channel [id: 0xf9219739, L:/127.0.0.1:51463 - R:localhost/127.0.0.1:27420]
06:03:15.255 [Forwarding getElementTagName on session 2cf5151f26810885d723368074bec302 to remote] DEBUG org.asynchttpclient.netty.request.NettyRequestSender - Using pooled Channel '[id: 0xf9219739, L:/127.0.0.1:51463 - R:localhost/127.0.0.1:27420]' for 'GET' to 'http://localhost:27420/session/2cf5151f26810885d723368074bec302/element/DC89BA0B6F64848C4C8C3DB31586A47F_element_39/name'
06:03:15.255 [Forwarding getElementTagName on session 2cf5151f26810885d723368074bec302 to remote] DEBUG org.asynchttpclient.netty.request.NettyRequestSender - Using open Channel [id: 0xf9219739, L:/127.0.0.1:51463 - R:localhost/127.0.0.1:27420] for GET '/session/2cf5151f26810885d723368074bec302/element/DC89BA0B6F64848C4C8C3DB31586A47F_element_39/name'
06:03:15.269 [AsyncHttpClient-1-2] DEBUG org.asynchttpclient.netty.handler.HttpHandler - 

Request DefaultFullHttpRequest(decodeResult: success, version: HTTP/1.1, content: EmptyByteBufBE)
GET /session/2cf5151f26810885d723368074bec302/element/DC89BA0B6F64848C4C8C3DB31586A47F_element_39/name HTTP/1.1
User-Agent: selenium/4.8.1 (java windows)
Cache-Control: no-cache
Content-Type: application/json; charset=utf-8
host: localhost:27420
accept: */*

Response DefaultHttpResponse(decodeResult: success, version: HTTP/1.1)
HTTP/1.1 200 OK
Content-Length: 14
Content-Type: application/json; charset=utf-8
cache-control: no-cache

06:03:15.270 [AsyncHttpClient-1-2] DEBUG org.asynchttpclient.netty.channel.ChannelManager - Adding key: http://localhost:27420 for channel [id: 0xf9219739, L:/127.0.0.1:51463 - R:localhost/127.0.0.1:27420]
06:03:15.274 [Forwarding getElementTagName on session 2cf5151f26810885d723368074bec302 to remote] DEBUG org.asynchttpclient.netty.request.NettyRequestSender - Using pooled Channel '[id: 0xf9219739, L:/127.0.0.1:51463 - R:localhost/127.0.0.1:27420]' for 'GET' to 'http://localhost:27420/session/2cf5151f26810885d723368074bec302/element/DC89BA0B6F64848C4C8C3DB31586A47F_element_39/name'
06:03:15.274 [Forwarding getElementTagName on session 2cf5151f26810885d723368074bec302 to remote] DEBUG org.asynchttpclient.netty.request.NettyRequestSender - Using open Channel [id: 0xf9219739, L:/127.0.0.1:51463 - R:localhost/127.0.0.1:27420] for GET '/session/2cf5151f26810885d723368074bec302/element/DC89BA0B6F64848C4C8C3DB31586A47F_element_39/name'
06:03:15.292 [AsyncHttpClient-1-2] DEBUG org.asynchttpclient.netty.handler.HttpHandler - 

Request DefaultFullHttpRequest(decodeResult: success, version: HTTP/1.1, content: EmptyByteBufBE)
GET /session/2cf5151f26810885d723368074bec302/element/DC89BA0B6F64848C4C8C3DB31586A47F_element_39/name HTTP/1.1
User-Agent: selenium/4.8.1 (java windows)
Cache-Control: no-cache
Content-Type: application/json; charset=utf-8
host: localhost:27420
accept: */*

Response DefaultHttpResponse(decodeResult: success, version: HTTP/1.1)
HTTP/1.1 200 OK
Content-Length: 14
Content-Type: application/json; charset=utf-8
cache-control: no-cache

06:03:15.292 [AsyncHttpClient-1-2] DEBUG org.asynchttpclient.netty.channel.ChannelManager - Adding key: http://localhost:27420 for channel [id: 0xf9219739, L:/127.0.0.1:51463 - R:localhost/127.0.0.1:27420]
06:03:15.297 [Forwarding findElement on session 2cf5151f26810885d723368074bec302 to remote] DEBUG org.asynchttpclient.netty.request.NettyRequestSender - Using pooled Channel '[id: 0xf9219739, L:/127.0.0.1:51463 - R:localhost/127.0.0.1:27420]' for 'POST' to 'http://localhost:27420/session/2cf5151f26810885d723368074bec302/element'
06:03:15.297 [Forwarding findElement on session 2cf5151f26810885d723368074bec302 to remote] DEBUG org.asynchttpclient.netty.request.NettyRequestSender - Using open Channel [id: 0xf9219739, L:/127.0.0.1:51463 - R:localhost/127.0.0.1:27420] for POST '/session/2cf5151f26810885d723368074bec302/element'
06:03:15.319 [AsyncHttpClient-1-2] DEBUG org.asynchttpclient.netty.handler.HttpHandler - 

Request DefaultHttpRequest(decodeResult: success, version: HTTP/1.1)
POST /session/2cf5151f26810885d723368074bec302/element HTTP/1.1
User-Agent: selenium/4.8.1 (java windows)
Content-Length: 141
Content-Type: application/json; charset=utf-8
host: localhost:27420
accept: */*

Response DefaultHttpResponse(decodeResult: success, version: HTTP/1.1)
HTTP/1.1 200 OK
Content-Length: 95
Content-Type: application/json; charset=utf-8
cache-control: no-cache

06:03:15.319 [AsyncHttpClient-1-2] DEBUG org.asynchttpclient.netty.channel.ChannelManager - Adding key: http://localhost:27420 for channel [id: 0xf9219739, L:/127.0.0.1:51463 - R:localhost/127.0.0.1:27420]
06:03:15.324 [Forwarding clickElement on session 2cf5151f26810885d723368074bec302 to remote] DEBUG org.asynchttpclient.netty.request.NettyRequestSender - Using pooled Channel '[id: 0xf9219739, L:/127.0.0.1:51463 - R:localhost/127.0.0.1:27420]' for 'POST' to 'http://localhost:27420/session/2cf5151f26810885d723368074bec302/element/DC89BA0B6F64848C4C8C3DB31586A47F_element_39/click'
06:03:15.324 [Forwarding clickElement on session 2cf5151f26810885d723368074bec302 to remote] DEBUG org.asynchttpclient.netty.request.NettyRequestSender - Using open Channel [id: 0xf9219739, L:/127.0.0.1:51463 - R:localhost/127.0.0.1:27420] for POST '/session/2cf5151f26810885d723368074bec302/element/DC89BA0B6F64848C4C8C3DB31586A47F_element_39/click'
06:03:15.488 [AsyncHttpClient-1-2] DEBUG org.asynchttpclient.netty.handler.HttpHandler - 

Request DefaultHttpRequest(decodeResult: success, version: HTTP/1.1)
POST /session/2cf5151f26810885d723368074bec302/element/DC89BA0B6F64848C4C8C3DB31586A47F_element_39/click HTTP/1.1
User-Agent: selenium/4.8.1 (java windows)
Content-Length: 57
Content-Type: application/json; charset=utf-8
host: localhost:27420
accept: */*

Response DefaultHttpResponse(decodeResult: success, version: HTTP/1.1)
HTTP/1.1 200 OK
Content-Length: 14
Content-Type: application/json; charset=utf-8
cache-control: no-cache

06:03:15.489 [AsyncHttpClient-1-2] DEBUG org.asynchttpclient.netty.channel.ChannelManager - Adding key: http://localhost:27420 for channel [id: 0xf9219739, L:/127.0.0.1:51463 - R:localhost/127.0.0.1:27420]
06:03:15.505 [Forwarding getAlertText on session 2cf5151f26810885d723368074bec302 to remote] DEBUG org.asynchttpclient.netty.request.NettyRequestSender - Using pooled Channel '[id: 0xf9219739, L:/127.0.0.1:51463 - R:localhost/127.0.0.1:27420]' for 'GET' to 'http://localhost:27420/session/2cf5151f26810885d723368074bec302/alert/text'
06:03:15.506 [Forwarding getAlertText on session 2cf5151f26810885d723368074bec302 to remote] DEBUG org.asynchttpclient.netty.request.NettyRequestSender - Using open Channel [id: 0xf9219739, L:/127.0.0.1:51463 - R:localhost/127.0.0.1:27420] for GET '/session/2cf5151f26810885d723368074bec302/alert/text'
06:03:15.510 [AsyncHttpClient-1-2] DEBUG org.asynchttpclient.netty.handler.HttpHandler - 

Request DefaultFullHttpRequest(decodeResult: success, version: HTTP/1.1, content: EmptyByteBufBE)
GET /session/2cf5151f26810885d723368074bec302/alert/text HTTP/1.1
User-Agent: selenium/4.8.1 (java windows)
Cache-Control: no-cache
Content-Type: application/json; charset=utf-8
host: localhost:27420
accept: */*

Response DefaultHttpResponse(decodeResult: success, version: HTTP/1.1)
HTTP/1.1 404 Not Found
Content-Length: 828
Content-Type: application/json; charset=utf-8
cache-control: no-cache

06:03:15.510 [AsyncHttpClient-1-2] DEBUG org.asynchttpclient.netty.channel.ChannelManager - Adding key: http://localhost:27420 for channel [id: 0xf9219739, L:/127.0.0.1:51463 - R:localhost/127.0.0.1:27420]
06:03:15.511 [AsyncHttpClient-1-1] DEBUG org.asynchttpclient.netty.channel.DefaultChannelPool - Entry count for : http://localhost:27420 : 1
06:03:15.511 [AsyncHttpClient-1-1] DEBUG org.asynchttpclient.netty.channel.DefaultChannelPool - Entry count for : http://localhost:51465 : 1
06:03:15.515 [Forwarding getCurrentUrl on session 2cf5151f26810885d723368074bec302 to remote] DEBUG org.asynchttpclient.netty.request.NettyRequestSender - Using pooled Channel '[id: 0xf9219739, L:/127.0.0.1:51463 - R:localhost/127.0.0.1:27420]' for 'GET' to 'http://localhost:27420/session/2cf5151f26810885d723368074bec302/url'
06:03:15.515 [Forwarding getCurrentUrl on session 2cf5151f26810885d723368074bec302 to remote] DEBUG org.asynchttpclient.netty.request.NettyRequestSender - Using open Channel [id: 0xf9219739, L:/127.0.0.1:51463 - R:localhost/127.0.0.1:27420] for GET '/session/2cf5151f26810885d723368074bec302/url'
06:03:15.529 [AsyncHttpClient-1-2] DEBUG org.asynchttpclient.netty.handler.HttpHandler - 

Request DefaultFullHttpRequest(decodeResult: success, version: HTTP/1.1, content: EmptyByteBufBE)
GET /session/2cf5151f26810885d723368074bec302/url HTTP/1.1
User-Agent: selenium/4.8.1 (java windows)
Cache-Control: no-cache
Content-Type: application/json; charset=utf-8
host: localhost:27420
accept: */*

Response DefaultHttpResponse(decodeResult: success, version: HTTP/1.1)
HTTP/1.1 200 OK
Content-Length: 65
Content-Type: application/json; charset=utf-8
cache-control: no-cache

06:03:15.529 [AsyncHttpClient-1-2] DEBUG org.asynchttpclient.netty.channel.ChannelManager - Adding key: http://localhost:27420 for channel [id: 0xf9219739, L:/127.0.0.1:51463 - R:localhost/127.0.0.1:27420]
06:03:15.532 [Forwarding screenshot on session 2cf5151f26810885d723368074bec302 to remote] DEBUG org.asynchttpclient.netty.request.NettyRequestSender - Using pooled Channel '[id: 0xf9219739, L:/127.0.0.1:51463 - R:localhost/127.0.0.1:27420]' for 'GET' to 'http://localhost:27420/session/2cf5151f26810885d723368074bec302/screenshot'
06:03:15.532 [Forwarding screenshot on session 2cf5151f26810885d723368074bec302 to remote] DEBUG org.asynchttpclient.netty.request.NettyRequestSender - Using open Channel [id: 0xf9219739, L:/127.0.0.1:51463 - R:localhost/127.0.0.1:27420] for GET '/session/2cf5151f26810885d723368074bec302/screenshot'
06:03:15.799 [AsyncHttpClient-1-2] DEBUG org.asynchttpclient.netty.handler.HttpHandler - 

Request DefaultFullHttpRequest(decodeResult: success, version: HTTP/1.1, content: EmptyByteBufBE)
GET /session/2cf5151f26810885d723368074bec302/screenshot HTTP/1.1
User-Agent: selenium/4.8.1 (java windows)
Cache-Control: no-cache
Content-Type: application/json; charset=utf-8
host: localhost:27420
accept: */*

Response DefaultHttpResponse(decodeResult: success, version: HTTP/1.1)
HTTP/1.1 200 OK
Content-Length: 85720
Content-Type: application/json; charset=utf-8
cache-control: no-cache

06:03:15.801 [AsyncHttpClient-1-2] DEBUG org.asynchttpclient.netty.channel.ChannelManager - Adding key: http://localhost:27420 for channel [id: 0xf9219739, L:/127.0.0.1:51463 - R:localhost/127.0.0.1:27420]
06:03:15.807 [main] DEBUG net.serenitybdd.core.photography.Darkroom - Send negative for processing for target\site\serenity\8d17254a5adde24e57ffa8bbc0ba0d0a5d17033a2963eb2aac4c724b67a32bf5.png
06:03:15.808 [Darkroom Processing Line] DEBUG net.serenitybdd.core.photography.DarkroomProcessingLine - Processing screenshot image in /var/screenshots/screenshot-5976092568854710152
06:03:15.808 [Darkroom Processing Line] DEBUG net.serenitybdd.core.photography.DarkroomProcessingLine - Saving screenshot to target\site\serenity\8d17254a5adde24e57ffa8bbc0ba0d0a5d17033a2963eb2aac4c724b67a32bf5.png
06:03:15.811 [Forwarding getPageSource on session 2cf5151f26810885d723368074bec302 to remote] DEBUG org.asynchttpclient.netty.request.NettyRequestSender - Using pooled Channel '[id: 0xf9219739, L:/127.0.0.1:51463 - R:localhost/127.0.0.1:27420]' for 'POST' to 'http://localhost:27420/session/2cf5151f26810885d723368074bec302/execute/sync'
06:03:15.811 [Forwarding getPageSource on session 2cf5151f26810885d723368074bec302 to remote] DEBUG org.asynchttpclient.netty.request.NettyRequestSender - Using open Channel [id: 0xf9219739, L:/127.0.0.1:51463 - R:localhost/127.0.0.1:27420] for POST '/session/2cf5151f26810885d723368074bec302/execute/sync'
06:03:15.832 [AsyncHttpClient-1-2] DEBUG org.asynchttpclient.netty.handler.HttpHandler - 

Request DefaultHttpRequest(decodeResult: success, version: HTTP/1.1)
POST /session/2cf5151f26810885d723368074bec302/execute/sync HTTP/1.1
User-Agent: selenium/4.8.1 (java windows)
Content-Length: 176
Content-Type: application/json; charset=utf-8
host: localhost:27420
accept: */*

Response DefaultHttpResponse(decodeResult: success, version: HTTP/1.1)
HTTP/1.1 200 OK
Content-Length: 20779
Content-Type: application/json; charset=utf-8
cache-control: no-cache

06:03:15.832 [AsyncHttpClient-1-2] DEBUG org.asynchttpclient.netty.channel.ChannelManager - Adding key: http://localhost:27420 for channel [id: 0xf9219739, L:/127.0.0.1:51463 - R:localhost/127.0.0.1:27420]
06:03:15.842 [Forwarding getCurrentUrl on session 2cf5151f26810885d723368074bec302 to remote] DEBUG org.asynchttpclient.netty.request.NettyRequestSender - Using pooled Channel '[id: 0xf9219739, L:/127.0.0.1:51463 - R:localhost/127.0.0.1:27420]' for 'GET' to 'http://localhost:27420/session/2cf5151f26810885d723368074bec302/url'
06:03:15.842 [Forwarding getCurrentUrl on session 2cf5151f26810885d723368074bec302 to remote] DEBUG org.asynchttpclient.netty.request.NettyRequestSender - Using open Channel [id: 0xf9219739, L:/127.0.0.1:51463 - R:localhost/127.0.0.1:27420] for GET '/session/2cf5151f26810885d723368074bec302/url'
06:03:15.856 [AsyncHttpClient-1-2] DEBUG org.asynchttpclient.netty.handler.HttpHandler - 

Request DefaultFullHttpRequest(decodeResult: success, version: HTTP/1.1, content: EmptyByteBufBE)
GET /session/2cf5151f26810885d723368074bec302/url HTTP/1.1
User-Agent: selenium/4.8.1 (java windows)
Cache-Control: no-cache
Content-Type: application/json; charset=utf-8
host: localhost:27420
accept: */*

Response DefaultHttpResponse(decodeResult: success, version: HTTP/1.1)
HTTP/1.1 200 OK
Content-Length: 65
Content-Type: application/json; charset=utf-8
cache-control: no-cache

06:03:15.857 [AsyncHttpClient-1-2] DEBUG org.asynchttpclient.netty.channel.ChannelManager - Adding key: http://localhost:27420 for channel [id: 0xf9219739, L:/127.0.0.1:51463 - R:localhost/127.0.0.1:27420]
06:03:15.871 [Forwarding getAlertText on session 2cf5151f26810885d723368074bec302 to remote] DEBUG org.asynchttpclient.netty.request.NettyRequestSender - Using pooled Channel '[id: 0xf9219739, L:/127.0.0.1:51463 - R:localhost/127.0.0.1:27420]' for 'GET' to 'http://localhost:27420/session/2cf5151f26810885d723368074bec302/alert/text'
06:03:15.871 [Forwarding getAlertText on session 2cf5151f26810885d723368074bec302 to remote] DEBUG org.asynchttpclient.netty.request.NettyRequestSender - Using open Channel [id: 0xf9219739, L:/127.0.0.1:51463 - R:localhost/127.0.0.1:27420] for GET '/session/2cf5151f26810885d723368074bec302/alert/text'
06:03:15.884 [AsyncHttpClient-1-2] DEBUG org.asynchttpclient.netty.handler.HttpHandler - 

Request DefaultFullHttpRequest(decodeResult: success, version: HTTP/1.1, content: EmptyByteBufBE)
GET /session/2cf5151f26810885d723368074bec302/alert/text HTTP/1.1
User-Agent: selenium/4.8.1 (java windows)
Cache-Control: no-cache
Content-Type: application/json; charset=utf-8
host: localhost:27420
accept: */*

Response DefaultHttpResponse(decodeResult: success, version: HTTP/1.1)
HTTP/1.1 404 Not Found
Content-Length: 828
Content-Type: application/json; charset=utf-8
cache-control: no-cache

06:03:15.885 [AsyncHttpClient-1-2] DEBUG org.asynchttpclient.netty.channel.ChannelManager - Adding key: http://localhost:27420 for channel [id: 0xf9219739, L:/127.0.0.1:51463 - R:localhost/127.0.0.1:27420]
06:03:15.889 [Forwarding getCurrentUrl on session 2cf5151f26810885d723368074bec302 to remote] DEBUG org.asynchttpclient.netty.request.NettyRequestSender - Using pooled Channel '[id: 0xf9219739, L:/127.0.0.1:51463 - R:localhost/127.0.0.1:27420]' for 'GET' to 'http://localhost:27420/session/2cf5151f26810885d723368074bec302/url'
06:03:15.889 [Forwarding getCurrentUrl on session 2cf5151f26810885d723368074bec302 to remote] DEBUG org.asynchttpclient.netty.request.NettyRequestSender - Using open Channel [id: 0xf9219739, L:/127.0.0.1:51463 - R:localhost/127.0.0.1:27420] for GET '/session/2cf5151f26810885d723368074bec302/url'
06:03:15.902 [AsyncHttpClient-1-2] DEBUG org.asynchttpclient.netty.handler.HttpHandler - 

Request DefaultFullHttpRequest(decodeResult: success, version: HTTP/1.1, content: EmptyByteBufBE)
GET /session/2cf5151f26810885d723368074bec302/url HTTP/1.1
User-Agent: selenium/4.8.1 (java windows)
Cache-Control: no-cache
Content-Type: application/json; charset=utf-8
host: localhost:27420
accept: */*

Response DefaultHttpResponse(decodeResult: success, version: HTTP/1.1)
HTTP/1.1 200 OK
Content-Length: 65
Content-Type: application/json; charset=utf-8
cache-control: no-cache

06:03:15.902 [AsyncHttpClient-1-2] DEBUG org.asynchttpclient.netty.channel.ChannelManager - Adding key: http://localhost:27420 for channel [id: 0xf9219739, L:/127.0.0.1:51463 - R:localhost/127.0.0.1:27420]
06:03:15.904 [Forwarding screenshot on session 2cf5151f26810885d723368074bec302 to remote] DEBUG org.asynchttpclient.netty.request.NettyRequestSender - Using pooled Channel '[id: 0xf9219739, L:/127.0.0.1:51463 - R:localhost/127.0.0.1:27420]' for 'GET' to 'http://localhost:27420/session/2cf5151f26810885d723368074bec302/screenshot'
06:03:15.904 [Forwarding screenshot on session 2cf5151f26810885d723368074bec302 to remote] DEBUG org.asynchttpclient.netty.request.NettyRequestSender - Using open Channel [id: 0xf9219739, L:/127.0.0.1:51463 - R:localhost/127.0.0.1:27420] for GET '/session/2cf5151f26810885d723368074bec302/screenshot'
06:03:16.154 [AsyncHttpClient-1-2] DEBUG org.asynchttpclient.netty.handler.HttpHandler - 

Request DefaultFullHttpRequest(decodeResult: success, version: HTTP/1.1, content: EmptyByteBufBE)
GET /session/2cf5151f26810885d723368074bec302/screenshot HTTP/1.1
User-Agent: selenium/4.8.1 (java windows)
Cache-Control: no-cache
Content-Type: application/json; charset=utf-8
host: localhost:27420
accept: */*

Response DefaultHttpResponse(decodeResult: success, version: HTTP/1.1)
HTTP/1.1 200 OK
Content-Length: 85720
Content-Type: application/json; charset=utf-8
cache-control: no-cache

06:03:16.155 [AsyncHttpClient-1-2] DEBUG org.asynchttpclient.netty.channel.ChannelManager - Adding key: http://localhost:27420 for channel [id: 0xf9219739, L:/127.0.0.1:51463 - R:localhost/127.0.0.1:27420]
06:03:16.160 [main] DEBUG net.serenitybdd.core.photography.Darkroom - Send negative for processing for target\site\serenity\8d17254a5adde24e57ffa8bbc0ba0d0a5d17033a2963eb2aac4c724b67a32bf5.png
06:03:16.161 [main] DEBUG net.thucydides.core.steps.StepInterceptor - STEP DONE: chooseDropdownUsers
  &amp#27;[32mWhen &amp#27;[0m&amp#27;[32mI choose users&amp#27;[0m                                &amp#27;[90m# starter.stepdefinitions.UserSteps.chooseUsers()&amp#27;[0m
06:03:16.180 [Forwarding getPageSource on session 2cf5151f26810885d723368074bec302 to remote] DEBUG org.asynchttpclient.netty.request.NettyRequestSender - Using pooled Channel '[id: 0xf9219739, L:/127.0.0.1:51463 - R:localhost/127.0.0.1:27420]' for 'POST' to 'http://localhost:27420/session/2cf5151f26810885d723368074bec302/execute/sync'
06:03:16.180 [Forwarding getPageSource on session 2cf5151f26810885d723368074bec302 to remote] DEBUG org.asynchttpclient.netty.request.NettyRequestSender - Using open Channel [id: 0xf9219739, L:/127.0.0.1:51463 - R:localhost/127.0.0.1:27420] for POST '/session/2cf5151f26810885d723368074bec302/execute/sync'
06:03:16.196 [AsyncHttpClient-1-2] DEBUG org.asynchttpclient.netty.handler.HttpHandler - 

Request DefaultHttpRequest(decodeResult: success, version: HTTP/1.1)
POST /session/2cf5151f26810885d723368074bec302/execute/sync HTTP/1.1
User-Agent: selenium/4.8.1 (java windows)
Content-Length: 176
Content-Type: application/json; charset=utf-8
host: localhost:27420
accept: */*

Response DefaultHttpResponse(decodeResult: success, version: HTTP/1.1)
HTTP/1.1 200 OK
Content-Length: 20779
Content-Type: application/json; charset=utf-8
cache-control: no-cache

06:03:16.196 [AsyncHttpClient-1-2] DEBUG org.asynchttpclient.netty.channel.ChannelManager - Adding key: http://localhost:27420 for channel [id: 0xf9219739, L:/127.0.0.1:51463 - R:localhost/127.0.0.1:27420]
06:03:16.207 [Forwarding getCurrentUrl on session 2cf5151f26810885d723368074bec302 to remote] DEBUG org.asynchttpclient.netty.request.NettyRequestSender - Using pooled Channel '[id: 0xf9219739, L:/127.0.0.1:51463 - R:localhost/127.0.0.1:27420]' for 'GET' to 'http://localhost:27420/session/2cf5151f26810885d723368074bec302/url'
06:03:16.208 [Forwarding getCurrentUrl on session 2cf5151f26810885d723368074bec302 to remote] DEBUG org.asynchttpclient.netty.request.NettyRequestSender - Using open Channel [id: 0xf9219739, L:/127.0.0.1:51463 - R:localhost/127.0.0.1:27420] for GET '/session/2cf5151f26810885d723368074bec302/url'
06:03:16.220 [AsyncHttpClient-1-2] DEBUG org.asynchttpclient.netty.handler.HttpHandler - 

Request DefaultFullHttpRequest(decodeResult: success, version: HTTP/1.1, content: EmptyByteBufBE)
GET /session/2cf5151f26810885d723368074bec302/url HTTP/1.1
User-Agent: selenium/4.8.1 (java windows)
Cache-Control: no-cache
Content-Type: application/json; charset=utf-8
host: localhost:27420
accept: */*

Response DefaultHttpResponse(decodeResult: success, version: HTTP/1.1)
HTTP/1.1 200 OK
Content-Length: 65
Content-Type: application/json; charset=utf-8
cache-control: no-cache

06:03:16.220 [AsyncHttpClient-1-2] DEBUG org.asynchttpclient.netty.channel.ChannelManager - Adding key: http://localhost:27420 for channel [id: 0xf9219739, L:/127.0.0.1:51463 - R:localhost/127.0.0.1:27420]
06:03:16.240 [Forwarding getAlertText on session 2cf5151f26810885d723368074bec302 to remote] DEBUG org.asynchttpclient.netty.request.NettyRequestSender - Using pooled Channel '[id: 0xf9219739, L:/127.0.0.1:51463 - R:localhost/127.0.0.1:27420]' for 'GET' to 'http://localhost:27420/session/2cf5151f26810885d723368074bec302/alert/text'
06:03:16.240 [Forwarding getAlertText on session 2cf5151f26810885d723368074bec302 to remote] DEBUG org.asynchttpclient.netty.request.NettyRequestSender - Using open Channel [id: 0xf9219739, L:/127.0.0.1:51463 - R:localhost/127.0.0.1:27420] for GET '/session/2cf5151f26810885d723368074bec302/alert/text'
06:03:16.244 [AsyncHttpClient-1-2] DEBUG org.asynchttpclient.netty.handler.HttpHandler - 

Request DefaultFullHttpRequest(decodeResult: success, version: HTTP/1.1, content: EmptyByteBufBE)
GET /session/2cf5151f26810885d723368074bec302/alert/text HTTP/1.1
User-Agent: selenium/4.8.1 (java windows)
Cache-Control: no-cache
Content-Type: application/json; charset=utf-8
host: localhost:27420
accept: */*

Response DefaultHttpResponse(decodeResult: success, version: HTTP/1.1)
HTTP/1.1 404 Not Found
Content-Length: 828
Content-Type: application/json; charset=utf-8
cache-control: no-cache

06:03:16.244 [AsyncHttpClient-1-2] DEBUG org.asynchttpclient.netty.channel.ChannelManager - Adding key: http://localhost:27420 for channel [id: 0xf9219739, L:/127.0.0.1:51463 - R:localhost/127.0.0.1:27420]
06:03:16.247 [Forwarding getCurrentUrl on session 2cf5151f26810885d723368074bec302 to remote] DEBUG org.asynchttpclient.netty.request.NettyRequestSender - Using pooled Channel '[id: 0xf9219739, L:/127.0.0.1:51463 - R:localhost/127.0.0.1:27420]' for 'GET' to 'http://localhost:27420/session/2cf5151f26810885d723368074bec302/url'
06:03:16.247 [Forwarding getCurrentUrl on session 2cf5151f26810885d723368074bec302 to remote] DEBUG org.asynchttpclient.netty.request.NettyRequestSender - Using open Channel [id: 0xf9219739, L:/127.0.0.1:51463 - R:localhost/127.0.0.1:27420] for GET '/session/2cf5151f26810885d723368074bec302/url'
06:03:16.260 [AsyncHttpClient-1-2] DEBUG org.asynchttpclient.netty.handler.HttpHandler - 

Request DefaultFullHttpRequest(decodeResult: success, version: HTTP/1.1, content: EmptyByteBufBE)
GET /session/2cf5151f26810885d723368074bec302/url HTTP/1.1
User-Agent: selenium/4.8.1 (java windows)
Cache-Control: no-cache
Content-Type: application/json; charset=utf-8
host: localhost:27420
accept: */*

Response DefaultHttpResponse(decodeResult: success, version: HTTP/1.1)
HTTP/1.1 200 OK
Content-Length: 65
Content-Type: application/json; charset=utf-8
cache-control: no-cache

06:03:16.260 [AsyncHttpClient-1-2] DEBUG org.asynchttpclient.netty.channel.ChannelManager - Adding key: http://localhost:27420 for channel [id: 0xf9219739, L:/127.0.0.1:51463 - R:localhost/127.0.0.1:27420]
06:03:16.262 [Forwarding screenshot on session 2cf5151f26810885d723368074bec302 to remote] DEBUG org.asynchttpclient.netty.request.NettyRequestSender - Using pooled Channel '[id: 0xf9219739, L:/127.0.0.1:51463 - R:localhost/127.0.0.1:27420]' for 'GET' to 'http://localhost:27420/session/2cf5151f26810885d723368074bec302/screenshot'
06:03:16.262 [Forwarding screenshot on session 2cf5151f26810885d723368074bec302 to remote] DEBUG org.asynchttpclient.netty.request.NettyRequestSender - Using open Channel [id: 0xf9219739, L:/127.0.0.1:51463 - R:localhost/127.0.0.1:27420] for GET '/session/2cf5151f26810885d723368074bec302/screenshot'
06:03:16.519 [AsyncHttpClient-1-2] DEBUG org.asynchttpclient.netty.handler.HttpHandler - 

Request DefaultFullHttpRequest(decodeResult: success, version: HTTP/1.1, content: EmptyByteBufBE)
GET /session/2cf5151f26810885d723368074bec302/screenshot HTTP/1.1
User-Agent: selenium/4.8.1 (java windows)
Cache-Control: no-cache
Content-Type: application/json; charset=utf-8
host: localhost:27420
accept: */*

Response DefaultHttpResponse(decodeResult: success, version: HTTP/1.1)
HTTP/1.1 200 OK
Content-Length: 85720
Content-Type: application/json; charset=utf-8
cache-control: no-cache

06:03:16.520 [AsyncHttpClient-1-2] DEBUG org.asynchttpclient.netty.channel.ChannelManager - Adding key: http://localhost:27420 for channel [id: 0xf9219739, L:/127.0.0.1:51463 - R:localhost/127.0.0.1:27420]
06:03:16.527 [main] DEBUG net.serenitybdd.core.photography.Darkroom - Send negative for processing for target\site\serenity\8d17254a5adde24e57ffa8bbc0ba0d0a5d17033a2963eb2aac4c724b67a32bf5.png
06:03:16.531 [Forwarding getPageSource on session 2cf5151f26810885d723368074bec302 to remote] DEBUG org.asynchttpclient.netty.request.NettyRequestSender - Using pooled Channel '[id: 0xf9219739, L:/127.0.0.1:51463 - R:localhost/127.0.0.1:27420]' for 'POST' to 'http://localhost:27420/session/2cf5151f26810885d723368074bec302/execute/sync'
06:03:16.531 [Forwarding getPageSource on session 2cf5151f26810885d723368074bec302 to remote] DEBUG org.asynchttpclient.netty.request.NettyRequestSender - Using open Channel [id: 0xf9219739, L:/127.0.0.1:51463 - R:localhost/127.0.0.1:27420] for POST '/session/2cf5151f26810885d723368074bec302/execute/sync'
06:03:16.548 [AsyncHttpClient-1-2] DEBUG org.asynchttpclient.netty.handler.HttpHandler - 

Request DefaultHttpRequest(decodeResult: success, version: HTTP/1.1)
POST /session/2cf5151f26810885d723368074bec302/execute/sync HTTP/1.1
User-Agent: selenium/4.8.1 (java windows)
Content-Length: 176
Content-Type: application/json; charset=utf-8
host: localhost:27420
accept: */*

Response DefaultHttpResponse(decodeResult: success, version: HTTP/1.1)
HTTP/1.1 200 OK
Content-Length: 20779
Content-Type: application/json; charset=utf-8
cache-control: no-cache

06:03:16.548 [AsyncHttpClient-1-2] DEBUG org.asynchttpclient.netty.channel.ChannelManager - Adding key: http://localhost:27420 for channel [id: 0xf9219739, L:/127.0.0.1:51463 - R:localhost/127.0.0.1:27420]
06:03:16.556 [Forwarding getCurrentUrl on session 2cf5151f26810885d723368074bec302 to remote] DEBUG org.asynchttpclient.netty.request.NettyRequestSender - Using pooled Channel '[id: 0xf9219739, L:/127.0.0.1:51463 - R:localhost/127.0.0.1:27420]' for 'GET' to 'http://localhost:27420/session/2cf5151f26810885d723368074bec302/url'
06:03:16.556 [Forwarding getCurrentUrl on session 2cf5151f26810885d723368074bec302 to remote] DEBUG org.asynchttpclient.netty.request.NettyRequestSender - Using open Channel [id: 0xf9219739, L:/127.0.0.1:51463 - R:localhost/127.0.0.1:27420] for GET '/session/2cf5151f26810885d723368074bec302/url'
06:03:16.576 [AsyncHttpClient-1-2] DEBUG org.asynchttpclient.netty.handler.HttpHandler - 

Request DefaultFullHttpRequest(decodeResult: success, version: HTTP/1.1, content: EmptyByteBufBE)
GET /session/2cf5151f26810885d723368074bec302/url HTTP/1.1
User-Agent: selenium/4.8.1 (java windows)
Cache-Control: no-cache
Content-Type: application/json; charset=utf-8
host: localhost:27420
accept: */*

Response DefaultHttpResponse(decodeResult: success, version: HTTP/1.1)
HTTP/1.1 200 OK
Content-Length: 65
Content-Type: application/json; charset=utf-8
cache-control: no-cache

06:03:16.577 [AsyncHttpClient-1-2] DEBUG org.asynchttpclient.netty.channel.ChannelManager - Adding key: http://localhost:27420 for channel [id: 0xf9219739, L:/127.0.0.1:51463 - R:localhost/127.0.0.1:27420]
06:03:16.581 [main] DEBUG net.thucydides.core.steps.StepInterceptor - STARTING STEP: UserSteps.clickSortByBox - clickSortByBox
06:03:16.587 [Forwarding findElement on session 2cf5151f26810885d723368074bec302 to remote] DEBUG org.asynchttpclient.netty.request.NettyRequestSender - Using pooled Channel '[id: 0xf9219739, L:/127.0.0.1:51463 - R:localhost/127.0.0.1:27420]' for 'POST' to 'http://localhost:27420/session/2cf5151f26810885d723368074bec302/element'
06:03:16.587 [Forwarding findElement on session 2cf5151f26810885d723368074bec302 to remote] DEBUG org.asynchttpclient.netty.request.NettyRequestSender - Using open Channel [id: 0xf9219739, L:/127.0.0.1:51463 - R:localhost/127.0.0.1:27420] for POST '/session/2cf5151f26810885d723368074bec302/element'
06:03:16.615 [AsyncHttpClient-1-2] DEBUG org.asynchttpclient.netty.handler.HttpHandler - 

Request DefaultHttpRequest(decodeResult: success, version: HTTP/1.1)
POST /session/2cf5151f26810885d723368074bec302/element HTTP/1.1
User-Agent: selenium/4.8.1 (java windows)
Content-Length: 141
Content-Type: application/json; charset=utf-8
host: localhost:27420
accept: */*

Response DefaultHttpResponse(decodeResult: success, version: HTTP/1.1)
HTTP/1.1 200 OK
Content-Length: 95
Content-Type: application/json; charset=utf-8
cache-control: no-cache

06:03:16.615 [AsyncHttpClient-1-2] DEBUG org.asynchttpclient.netty.channel.ChannelManager - Adding key: http://localhost:27420 for channel [id: 0xf9219739, L:/127.0.0.1:51463 - R:localhost/127.0.0.1:27420]
06:03:16.619 [Forwarding getElementTagName on session 2cf5151f26810885d723368074bec302 to remote] DEBUG org.asynchttpclient.netty.request.NettyRequestSender - Using pooled Channel '[id: 0xf9219739, L:/127.0.0.1:51463 - R:localhost/127.0.0.1:27420]' for 'GET' to 'http://localhost:27420/session/2cf5151f26810885d723368074bec302/element/DC89BA0B6F64848C4C8C3DB31586A47F_element_41/name'
06:03:16.619 [Forwarding getElementTagName on session 2cf5151f26810885d723368074bec302 to remote] DEBUG org.asynchttpclient.netty.request.NettyRequestSender - Using open Channel [id: 0xf9219739, L:/127.0.0.1:51463 - R:localhost/127.0.0.1:27420] for GET '/session/2cf5151f26810885d723368074bec302/element/DC89BA0B6F64848C4C8C3DB31586A47F_element_41/name'
06:03:16.621 [AsyncHttpClient-1-1] DEBUG org.asynchttpclient.netty.channel.DefaultChannelPool - Entry count for : http://localhost:51465 : 1
06:03:16.633 [AsyncHttpClient-1-2] DEBUG org.asynchttpclient.netty.handler.HttpHandler - 

Request DefaultFullHttpRequest(decodeResult: success, version: HTTP/1.1, content: EmptyByteBufBE)
GET /session/2cf5151f26810885d723368074bec302/element/DC89BA0B6F64848C4C8C3DB31586A47F_element_41/name HTTP/1.1
User-Agent: selenium/4.8.1 (java windows)
Cache-Control: no-cache
Content-Type: application/json; charset=utf-8
host: localhost:27420
accept: */*

Response DefaultHttpResponse(decodeResult: success, version: HTTP/1.1)
HTTP/1.1 200 OK
Content-Length: 15
Content-Type: application/json; charset=utf-8
cache-control: no-cache

06:03:16.634 [AsyncHttpClient-1-2] DEBUG org.asynchttpclient.netty.channel.ChannelManager - Adding key: http://localhost:27420 for channel [id: 0xf9219739, L:/127.0.0.1:51463 - R:localhost/127.0.0.1:27420]
06:03:16.636 [Forwarding getElementTagName on session 2cf5151f26810885d723368074bec302 to remote] DEBUG org.asynchttpclient.netty.request.NettyRequestSender - Using pooled Channel '[id: 0xf9219739, L:/127.0.0.1:51463 - R:localhost/127.0.0.1:27420]' for 'GET' to 'http://localhost:27420/session/2cf5151f26810885d723368074bec302/element/DC89BA0B6F64848C4C8C3DB31586A47F_element_41/name'
06:03:16.636 [Forwarding getElementTagName on session 2cf5151f26810885d723368074bec302 to remote] DEBUG org.asynchttpclient.netty.request.NettyRequestSender - Using open Channel [id: 0xf9219739, L:/127.0.0.1:51463 - R:localhost/127.0.0.1:27420] for GET '/session/2cf5151f26810885d723368074bec302/element/DC89BA0B6F64848C4C8C3DB31586A47F_element_41/name'
06:03:16.650 [AsyncHttpClient-1-2] DEBUG org.asynchttpclient.netty.handler.HttpHandler - 

Request DefaultFullHttpRequest(decodeResult: success, version: HTTP/1.1, content: EmptyByteBufBE)
GET /session/2cf5151f26810885d723368074bec302/element/DC89BA0B6F64848C4C8C3DB31586A47F_element_41/name HTTP/1.1
User-Agent: selenium/4.8.1 (java windows)
Cache-Control: no-cache
Content-Type: application/json; charset=utf-8
host: localhost:27420
accept: */*

Response DefaultHttpResponse(decodeResult: success, version: HTTP/1.1)
HTTP/1.1 200 OK
Content-Length: 15
Content-Type: application/json; charset=utf-8
cache-control: no-cache

06:03:16.651 [AsyncHttpClient-1-2] DEBUG org.asynchttpclient.netty.channel.ChannelManager - Adding key: http://localhost:27420 for channel [id: 0xf9219739, L:/127.0.0.1:51463 - R:localhost/127.0.0.1:27420]
06:03:16.656 [Forwarding findElement on session 2cf5151f26810885d723368074bec302 to remote] DEBUG org.asynchttpclient.netty.request.NettyRequestSender - Using pooled Channel '[id: 0xf9219739, L:/127.0.0.1:51463 - R:localhost/127.0.0.1:27420]' for 'POST' to 'http://localhost:27420/session/2cf5151f26810885d723368074bec302/element'
06:03:16.656 [Forwarding findElement on session 2cf5151f26810885d723368074bec302 to remote] DEBUG org.asynchttpclient.netty.request.NettyRequestSender - Using open Channel [id: 0xf9219739, L:/127.0.0.1:51463 - R:localhost/127.0.0.1:27420] for POST '/session/2cf5151f26810885d723368074bec302/element'
06:03:16.676 [AsyncHttpClient-1-2] DEBUG org.asynchttpclient.netty.handler.HttpHandler - 

Request DefaultHttpRequest(decodeResult: success, version: HTTP/1.1)
POST /session/2cf5151f26810885d723368074bec302/element HTTP/1.1
User-Agent: selenium/4.8.1 (java windows)
Content-Length: 141
Content-Type: application/json; charset=utf-8
host: localhost:27420
accept: */*

Response DefaultHttpResponse(decodeResult: success, version: HTTP/1.1)
HTTP/1.1 200 OK
Content-Length: 95
Content-Type: application/json; charset=utf-8
cache-control: no-cache

06:03:16.676 [AsyncHttpClient-1-2] DEBUG org.asynchttpclient.netty.channel.ChannelManager - Adding key: http://localhost:27420 for channel [id: 0xf9219739, L:/127.0.0.1:51463 - R:localhost/127.0.0.1:27420]
06:03:16.679 [Forwarding clickElement on session 2cf5151f26810885d723368074bec302 to remote] DEBUG org.asynchttpclient.netty.request.NettyRequestSender - Using pooled Channel '[id: 0xf9219739, L:/127.0.0.1:51463 - R:localhost/127.0.0.1:27420]' for 'POST' to 'http://localhost:27420/session/2cf5151f26810885d723368074bec302/element/DC89BA0B6F64848C4C8C3DB31586A47F_element_41/click'
06:03:16.679 [Forwarding clickElement on session 2cf5151f26810885d723368074bec302 to remote] DEBUG org.asynchttpclient.netty.request.NettyRequestSender - Using open Channel [id: 0xf9219739, L:/127.0.0.1:51463 - R:localhost/127.0.0.1:27420] for POST '/session/2cf5151f26810885d723368074bec302/element/DC89BA0B6F64848C4C8C3DB31586A47F_element_41/click'
06:03:16.841 [AsyncHttpClient-1-2] DEBUG org.asynchttpclient.netty.handler.HttpHandler - 

Request DefaultHttpRequest(decodeResult: success, version: HTTP/1.1)
POST /session/2cf5151f26810885d723368074bec302/element/DC89BA0B6F64848C4C8C3DB31586A47F_element_41/click HTTP/1.1
User-Agent: selenium/4.8.1 (java windows)
Content-Length: 57
Content-Type: application/json; charset=utf-8
host: localhost:27420
accept: */*

Response DefaultHttpResponse(decodeResult: success, version: HTTP/1.1)
HTTP/1.1 200 OK
Content-Length: 14
Content-Type: application/json; charset=utf-8
cache-control: no-cache

06:03:16.842 [AsyncHttpClient-1-2] DEBUG org.asynchttpclient.netty.channel.ChannelManager - Adding key: http://localhost:27420 for channel [id: 0xf9219739, L:/127.0.0.1:51463 - R:localhost/127.0.0.1:27420]
06:03:16.856 [Forwarding getAlertText on session 2cf5151f26810885d723368074bec302 to remote] DEBUG org.asynchttpclient.netty.request.NettyRequestSender - Using pooled Channel '[id: 0xf9219739, L:/127.0.0.1:51463 - R:localhost/127.0.0.1:27420]' for 'GET' to 'http://localhost:27420/session/2cf5151f26810885d723368074bec302/alert/text'
06:03:16.856 [Forwarding getAlertText on session 2cf5151f26810885d723368074bec302 to remote] DEBUG org.asynchttpclient.netty.request.NettyRequestSender - Using open Channel [id: 0xf9219739, L:/127.0.0.1:51463 - R:localhost/127.0.0.1:27420] for GET '/session/2cf5151f26810885d723368074bec302/alert/text'
06:03:16.860 [AsyncHttpClient-1-2] DEBUG org.asynchttpclient.netty.handler.HttpHandler - 

Request DefaultFullHttpRequest(decodeResult: success, version: HTTP/1.1, content: EmptyByteBufBE)
GET /session/2cf5151f26810885d723368074bec302/alert/text HTTP/1.1
User-Agent: selenium/4.8.1 (java windows)
Cache-Control: no-cache
Content-Type: application/json; charset=utf-8
host: localhost:27420
accept: */*

Response DefaultHttpResponse(decodeResult: success, version: HTTP/1.1)
HTTP/1.1 404 Not Found
Content-Length: 828
Content-Type: application/json; charset=utf-8
cache-control: no-cache

06:03:16.860 [AsyncHttpClient-1-2] DEBUG org.asynchttpclient.netty.channel.ChannelManager - Adding key: http://localhost:27420 for channel [id: 0xf9219739, L:/127.0.0.1:51463 - R:localhost/127.0.0.1:27420]
06:03:16.864 [Forwarding getCurrentUrl on session 2cf5151f26810885d723368074bec302 to remote] DEBUG org.asynchttpclient.netty.request.NettyRequestSender - Using pooled Channel '[id: 0xf9219739, L:/127.0.0.1:51463 - R:localhost/127.0.0.1:27420]' for 'GET' to 'http://localhost:27420/session/2cf5151f26810885d723368074bec302/url'
06:03:16.864 [Forwarding getCurrentUrl on session 2cf5151f26810885d723368074bec302 to remote] DEBUG org.asynchttpclient.netty.request.NettyRequestSender - Using open Channel [id: 0xf9219739, L:/127.0.0.1:51463 - R:localhost/127.0.0.1:27420] for GET '/session/2cf5151f26810885d723368074bec302/url'
06:03:16.881 [AsyncHttpClient-1-2] DEBUG org.asynchttpclient.netty.handler.HttpHandler - 

Request DefaultFullHttpRequest(decodeResult: success, version: HTTP/1.1, content: EmptyByteBufBE)
GET /session/2cf5151f26810885d723368074bec302/url HTTP/1.1
User-Agent: selenium/4.8.1 (java windows)
Cache-Control: no-cache
Content-Type: application/json; charset=utf-8
host: localhost:27420
accept: */*

Response DefaultHttpResponse(decodeResult: success, version: HTTP/1.1)
HTTP/1.1 200 OK
Content-Length: 65
Content-Type: application/json; charset=utf-8
cache-control: no-cache

06:03:16.882 [AsyncHttpClient-1-2] DEBUG org.asynchttpclient.netty.channel.ChannelManager - Adding key: http://localhost:27420 for channel [id: 0xf9219739, L:/127.0.0.1:51463 - R:localhost/127.0.0.1:27420]
06:03:16.885 [Forwarding screenshot on session 2cf5151f26810885d723368074bec302 to remote] DEBUG org.asynchttpclient.netty.request.NettyRequestSender - Using pooled Channel '[id: 0xf9219739, L:/127.0.0.1:51463 - R:localhost/127.0.0.1:27420]' for 'GET' to 'http://localhost:27420/session/2cf5151f26810885d723368074bec302/screenshot'
06:03:16.885 [Forwarding screenshot on session 2cf5151f26810885d723368074bec302 to remote] DEBUG org.asynchttpclient.netty.request.NettyRequestSender - Using open Channel [id: 0xf9219739, L:/127.0.0.1:51463 - R:localhost/127.0.0.1:27420] for GET '/session/2cf5151f26810885d723368074bec302/screenshot'
06:03:17.145 [AsyncHttpClient-1-2] DEBUG org.asynchttpclient.netty.handler.HttpHandler - 

Request DefaultFullHttpRequest(decodeResult: success, version: HTTP/1.1, content: EmptyByteBufBE)
GET /session/2cf5151f26810885d723368074bec302/screenshot HTTP/1.1
User-Agent: selenium/4.8.1 (java windows)
Cache-Control: no-cache
Content-Type: application/json; charset=utf-8
host: localhost:27420
accept: */*

Response DefaultHttpResponse(decodeResult: success, version: HTTP/1.1)
HTTP/1.1 200 OK
Content-Length: 95300
Content-Type: application/json; charset=utf-8
cache-control: no-cache

06:03:17.147 [AsyncHttpClient-1-2] DEBUG org.asynchttpclient.netty.channel.ChannelManager - Adding key: http://localhost:27420 for channel [id: 0xf9219739, L:/127.0.0.1:51463 - R:localhost/127.0.0.1:27420]
06:03:17.153 [main] DEBUG net.serenitybdd.core.photography.Darkroom - Send negative for processing for target\site\serenity\7f7c5dae6ea269ee2aeb5b90ac0b207cb77b40db2c9befcf61329526a49a7f09.png
06:03:17.153 [Darkroom Processing Line] DEBUG net.serenitybdd.core.photography.DarkroomProcessingLine - Processing screenshot image in /var/screenshots/screenshot-6919155243255154800
06:03:17.153 [Darkroom Processing Line] DEBUG net.serenitybdd.core.photography.DarkroomProcessingLine - Saving screenshot to target\site\serenity\7f7c5dae6ea269ee2aeb5b90ac0b207cb77b40db2c9befcf61329526a49a7f09.png
06:03:17.157 [Forwarding getPageSource on session 2cf5151f26810885d723368074bec302 to remote] DEBUG org.asynchttpclient.netty.request.NettyRequestSender - Using pooled Channel '[id: 0xf9219739, L:/127.0.0.1:51463 - R:localhost/127.0.0.1:27420]' for 'POST' to 'http://localhost:27420/session/2cf5151f26810885d723368074bec302/execute/sync'
06:03:17.157 [Forwarding getPageSource on session 2cf5151f26810885d723368074bec302 to remote] DEBUG org.asynchttpclient.netty.request.NettyRequestSender - Using open Channel [id: 0xf9219739, L:/127.0.0.1:51463 - R:localhost/127.0.0.1:27420] for POST '/session/2cf5151f26810885d723368074bec302/execute/sync'
06:03:17.174 [AsyncHttpClient-1-2] DEBUG org.asynchttpclient.netty.handler.HttpHandler - 

Request DefaultHttpRequest(decodeResult: success, version: HTTP/1.1)
POST /session/2cf5151f26810885d723368074bec302/execute/sync HTTP/1.1
User-Agent: selenium/4.8.1 (java windows)
Content-Length: 176
Content-Type: application/json; charset=utf-8
host: localhost:27420
accept: */*

Response DefaultHttpResponse(decodeResult: success, version: HTTP/1.1)
HTTP/1.1 200 OK
Content-Length: 22438
Content-Type: application/json; charset=utf-8
cache-control: no-cache

06:03:17.175 [AsyncHttpClient-1-2] DEBUG org.asynchttpclient.netty.channel.ChannelManager - Adding key: http://localhost:27420 for channel [id: 0xf9219739, L:/127.0.0.1:51463 - R:localhost/127.0.0.1:27420]
06:03:17.183 [Forwarding getCurrentUrl on session 2cf5151f26810885d723368074bec302 to remote] DEBUG org.asynchttpclient.netty.request.NettyRequestSender - Using pooled Channel '[id: 0xf9219739, L:/127.0.0.1:51463 - R:localhost/127.0.0.1:27420]' for 'GET' to 'http://localhost:27420/session/2cf5151f26810885d723368074bec302/url'
06:03:17.185 [Forwarding getCurrentUrl on session 2cf5151f26810885d723368074bec302 to remote] DEBUG org.asynchttpclient.netty.request.NettyRequestSender - Using open Channel [id: 0xf9219739, L:/127.0.0.1:51463 - R:localhost/127.0.0.1:27420] for GET '/session/2cf5151f26810885d723368074bec302/url'
06:03:17.199 [AsyncHttpClient-1-2] DEBUG org.asynchttpclient.netty.handler.HttpHandler - 

Request DefaultFullHttpRequest(decodeResult: success, version: HTTP/1.1, content: EmptyByteBufBE)
GET /session/2cf5151f26810885d723368074bec302/url HTTP/1.1
User-Agent: selenium/4.8.1 (java windows)
Cache-Control: no-cache
Content-Type: application/json; charset=utf-8
host: localhost:27420
accept: */*

Response DefaultHttpResponse(decodeResult: success, version: HTTP/1.1)
HTTP/1.1 200 OK
Content-Length: 65
Content-Type: application/json; charset=utf-8
cache-control: no-cache

06:03:17.199 [AsyncHttpClient-1-2] DEBUG org.asynchttpclient.netty.channel.ChannelManager - Adding key: http://localhost:27420 for channel [id: 0xf9219739, L:/127.0.0.1:51463 - R:localhost/127.0.0.1:27420]
06:03:17.215 [Forwarding getAlertText on session 2cf5151f26810885d723368074bec302 to remote] DEBUG org.asynchttpclient.netty.request.NettyRequestSender - Using pooled Channel '[id: 0xf9219739, L:/127.0.0.1:51463 - R:localhost/127.0.0.1:27420]' for 'GET' to 'http://localhost:27420/session/2cf5151f26810885d723368074bec302/alert/text'
06:03:17.215 [Forwarding getAlertText on session 2cf5151f26810885d723368074bec302 to remote] DEBUG org.asynchttpclient.netty.request.NettyRequestSender - Using open Channel [id: 0xf9219739, L:/127.0.0.1:51463 - R:localhost/127.0.0.1:27420] for GET '/session/2cf5151f26810885d723368074bec302/alert/text'
06:03:17.220 [AsyncHttpClient-1-2] DEBUG org.asynchttpclient.netty.handler.HttpHandler - 

Request DefaultFullHttpRequest(decodeResult: success, version: HTTP/1.1, content: EmptyByteBufBE)
GET /session/2cf5151f26810885d723368074bec302/alert/text HTTP/1.1
User-Agent: selenium/4.8.1 (java windows)
Cache-Control: no-cache
Content-Type: application/json; charset=utf-8
host: localhost:27420
accept: */*

Response DefaultHttpResponse(decodeResult: success, version: HTTP/1.1)
HTTP/1.1 404 Not Found
Content-Length: 828
Content-Type: application/json; charset=utf-8
cache-control: no-cache

06:03:17.220 [AsyncHttpClient-1-2] DEBUG org.asynchttpclient.netty.channel.ChannelManager - Adding key: http://localhost:27420 for channel [id: 0xf9219739, L:/127.0.0.1:51463 - R:localhost/127.0.0.1:27420]
06:03:17.224 [Forwarding getCurrentUrl on session 2cf5151f26810885d723368074bec302 to remote] DEBUG org.asynchttpclient.netty.request.NettyRequestSender - Using pooled Channel '[id: 0xf9219739, L:/127.0.0.1:51463 - R:localhost/127.0.0.1:27420]' for 'GET' to 'http://localhost:27420/session/2cf5151f26810885d723368074bec302/url'
06:03:17.224 [Forwarding getCurrentUrl on session 2cf5151f26810885d723368074bec302 to remote] DEBUG org.asynchttpclient.netty.request.NettyRequestSender - Using open Channel [id: 0xf9219739, L:/127.0.0.1:51463 - R:localhost/127.0.0.1:27420] for GET '/session/2cf5151f26810885d723368074bec302/url'
06:03:17.245 [AsyncHttpClient-1-2] DEBUG org.asynchttpclient.netty.handler.HttpHandler - 

Request DefaultFullHttpRequest(decodeResult: success, version: HTTP/1.1, content: EmptyByteBufBE)
GET /session/2cf5151f26810885d723368074bec302/url HTTP/1.1
User-Agent: selenium/4.8.1 (java windows)
Cache-Control: no-cache
Content-Type: application/json; charset=utf-8
host: localhost:27420
accept: */*

Response DefaultHttpResponse(decodeResult: success, version: HTTP/1.1)
HTTP/1.1 200 OK
Content-Length: 65
Content-Type: application/json; charset=utf-8
cache-control: no-cache

06:03:17.246 [AsyncHttpClient-1-2] DEBUG org.asynchttpclient.netty.channel.ChannelManager - Adding key: http://localhost:27420 for channel [id: 0xf9219739, L:/127.0.0.1:51463 - R:localhost/127.0.0.1:27420]
06:03:17.248 [Forwarding screenshot on session 2cf5151f26810885d723368074bec302 to remote] DEBUG org.asynchttpclient.netty.request.NettyRequestSender - Using pooled Channel '[id: 0xf9219739, L:/127.0.0.1:51463 - R:localhost/127.0.0.1:27420]' for 'GET' to 'http://localhost:27420/session/2cf5151f26810885d723368074bec302/screenshot'
06:03:17.248 [Forwarding screenshot on session 2cf5151f26810885d723368074bec302 to remote] DEBUG org.asynchttpclient.netty.request.NettyRequestSender - Using open Channel [id: 0xf9219739, L:/127.0.0.1:51463 - R:localhost/127.0.0.1:27420] for GET '/session/2cf5151f26810885d723368074bec302/screenshot'
06:03:17.531 [AsyncHttpClient-1-2] DEBUG org.asynchttpclient.netty.handler.HttpHandler - 

Request DefaultFullHttpRequest(decodeResult: success, version: HTTP/1.1, content: EmptyByteBufBE)
GET /session/2cf5151f26810885d723368074bec302/screenshot HTTP/1.1
User-Agent: selenium/4.8.1 (java windows)
Cache-Control: no-cache
Content-Type: application/json; charset=utf-8
host: localhost:27420
accept: */*

Response DefaultHttpResponse(decodeResult: success, version: HTTP/1.1)
HTTP/1.1 200 OK
Content-Length: 95292
Content-Type: application/json; charset=utf-8
cache-control: no-cache

06:03:17.533 [AsyncHttpClient-1-2] DEBUG org.asynchttpclient.netty.channel.ChannelManager - Adding key: http://localhost:27420 for channel [id: 0xf9219739, L:/127.0.0.1:51463 - R:localhost/127.0.0.1:27420]
06:03:17.539 [main] DEBUG net.serenitybdd.core.photography.Darkroom - Send negative for processing for target\site\serenity\45c4eec2367aa7bec9792ca2bd245d7a3fe44ae8669218140c89414d83152165.png
06:03:17.540 [Darkroom Processing Line] DEBUG net.serenitybdd.core.photography.DarkroomProcessingLine - Processing screenshot image in /var/screenshots/screenshot-9333102186182263960
06:03:17.540 [Darkroom Processing Line] DEBUG net.serenitybdd.core.photography.DarkroomProcessingLine - Saving screenshot to target\site\serenity\45c4eec2367aa7bec9792ca2bd245d7a3fe44ae8669218140c89414d83152165.png
06:03:17.540 [main] DEBUG net.thucydides.core.steps.StepInterceptor - STEP DONE: clickSortByBox
  &amp#27;[32mAnd &amp#27;[0m&amp#27;[32mI click sort by box&amp#27;[0m                            &amp#27;[90m# starter.stepdefinitions.UserSteps.clickSortByBox()&amp#27;[0m
06:03:17.592 [Forwarding getAlertText on session 2cf5151f26810885d723368074bec302 to remote] DEBUG org.asynchttpclient.netty.request.NettyRequestSender - Using pooled Channel '[id: 0xf9219739, L:/127.0.0.1:51463 - R:localhost/127.0.0.1:27420]' for 'GET' to 'http://localhost:27420/session/2cf5151f26810885d723368074bec302/alert/text'
06:03:17.592 [Forwarding getAlertText on session 2cf5151f26810885d723368074bec302 to remote] DEBUG org.asynchttpclient.netty.request.NettyRequestSender - Using open Channel [id: 0xf9219739, L:/127.0.0.1:51463 - R:localhost/127.0.0.1:27420] for GET '/session/2cf5151f26810885d723368074bec302/alert/text'
06:03:17.596 [AsyncHttpClient-1-2] DEBUG org.asynchttpclient.netty.handler.HttpHandler - 

Request DefaultFullHttpRequest(decodeResult: success, version: HTTP/1.1, content: EmptyByteBufBE)
GET /session/2cf5151f26810885d723368074bec302/alert/text HTTP/1.1
User-Agent: selenium/4.8.1 (java windows)
Cache-Control: no-cache
Content-Type: application/json; charset=utf-8
host: localhost:27420
accept: */*

Response DefaultHttpResponse(decodeResult: success, version: HTTP/1.1)
HTTP/1.1 404 Not Found
Content-Length: 828
Content-Type: application/json; charset=utf-8
cache-control: no-cache

06:03:17.596 [AsyncHttpClient-1-2] DEBUG org.asynchttpclient.netty.channel.ChannelManager - Adding key: http://localhost:27420 for channel [id: 0xf9219739, L:/127.0.0.1:51463 - R:localhost/127.0.0.1:27420]
06:03:17.601 [Forwarding getCurrentUrl on session 2cf5151f26810885d723368074bec302 to remote] DEBUG org.asynchttpclient.netty.request.NettyRequestSender - Using pooled Channel '[id: 0xf9219739, L:/127.0.0.1:51463 - R:localhost/127.0.0.1:27420]' for 'GET' to 'http://localhost:27420/session/2cf5151f26810885d723368074bec302/url'
06:03:17.601 [Forwarding getCurrentUrl on session 2cf5151f26810885d723368074bec302 to remote] DEBUG org.asynchttpclient.netty.request.NettyRequestSender - Using open Channel [id: 0xf9219739, L:/127.0.0.1:51463 - R:localhost/127.0.0.1:27420] for GET '/session/2cf5151f26810885d723368074bec302/url'
06:03:17.614 [AsyncHttpClient-1-2] DEBUG org.asynchttpclient.netty.handler.HttpHandler - 

Request DefaultFullHttpRequest(decodeResult: success, version: HTTP/1.1, content: EmptyByteBufBE)
GET /session/2cf5151f26810885d723368074bec302/url HTTP/1.1
User-Agent: selenium/4.8.1 (java windows)
Cache-Control: no-cache
Content-Type: application/json; charset=utf-8
host: localhost:27420
accept: */*

Response DefaultHttpResponse(decodeResult: success, version: HTTP/1.1)
HTTP/1.1 200 OK
Content-Length: 65
Content-Type: application/json; charset=utf-8
cache-control: no-cache

06:03:17.615 [AsyncHttpClient-1-2] DEBUG org.asynchttpclient.netty.channel.ChannelManager - Adding key: http://localhost:27420 for channel [id: 0xf9219739, L:/127.0.0.1:51463 - R:localhost/127.0.0.1:27420]
06:03:17.616 [Forwarding screenshot on session 2cf5151f26810885d723368074bec302 to remote] DEBUG org.asynchttpclient.netty.request.NettyRequestSender - Using pooled Channel '[id: 0xf9219739, L:/127.0.0.1:51463 - R:localhost/127.0.0.1:27420]' for 'GET' to 'http://localhost:27420/session/2cf5151f26810885d723368074bec302/screenshot'
06:03:17.616 [Forwarding screenshot on session 2cf5151f26810885d723368074bec302 to remote] DEBUG org.asynchttpclient.netty.request.NettyRequestSender - Using open Channel [id: 0xf9219739, L:/127.0.0.1:51463 - R:localhost/127.0.0.1:27420] for GET '/session/2cf5151f26810885d723368074bec302/screenshot'
06:03:17.724 [AsyncHttpClient-1-1] DEBUG org.asynchttpclient.netty.channel.DefaultChannelPool - Entry count for : http://localhost:51465 : 1
06:03:17.904 [AsyncHttpClient-1-2] DEBUG org.asynchttpclient.netty.handler.HttpHandler - 

Request DefaultFullHttpRequest(decodeResult: success, version: HTTP/1.1, content: EmptyByteBufBE)
GET /session/2cf5151f26810885d723368074bec302/screenshot HTTP/1.1
User-Agent: selenium/4.8.1 (java windows)
Cache-Control: no-cache
Content-Type: application/json; charset=utf-8
host: localhost:27420
accept: */*

Response DefaultHttpResponse(decodeResult: success, version: HTTP/1.1)
HTTP/1.1 200 OK
Content-Length: 95292
Content-Type: application/json; charset=utf-8
cache-control: no-cache

06:03:17.905 [AsyncHttpClient-1-2] DEBUG org.asynchttpclient.netty.channel.ChannelManager - Adding key: http://localhost:27420 for channel [id: 0xf9219739, L:/127.0.0.1:51463 - R:localhost/127.0.0.1:27420]
06:03:17.911 [main] DEBUG net.serenitybdd.core.photography.Darkroom - Send negative for processing for target\site\serenity\45c4eec2367aa7bec9792ca2bd245d7a3fe44ae8669218140c89414d83152165.png
06:03:17.916 [Forwarding getPageSource on session 2cf5151f26810885d723368074bec302 to remote] DEBUG org.asynchttpclient.netty.request.NettyRequestSender - Using pooled Channel '[id: 0xf9219739, L:/127.0.0.1:51463 - R:localhost/127.0.0.1:27420]' for 'POST' to 'http://localhost:27420/session/2cf5151f26810885d723368074bec302/execute/sync'
06:03:17.916 [Forwarding getPageSource on session 2cf5151f26810885d723368074bec302 to remote] DEBUG org.asynchttpclient.netty.request.NettyRequestSender - Using open Channel [id: 0xf9219739, L:/127.0.0.1:51463 - R:localhost/127.0.0.1:27420] for POST '/session/2cf5151f26810885d723368074bec302/execute/sync'
06:03:17.935 [AsyncHttpClient-1-2] DEBUG org.asynchttpclient.netty.handler.HttpHandler - 

Request DefaultHttpRequest(decodeResult: success, version: HTTP/1.1)
POST /session/2cf5151f26810885d723368074bec302/execute/sync HTTP/1.1
User-Agent: selenium/4.8.1 (java windows)
Content-Length: 176
Content-Type: application/json; charset=utf-8
host: localhost:27420
accept: */*

Response DefaultHttpResponse(decodeResult: success, version: HTTP/1.1)
HTTP/1.1 200 OK
Content-Length: 22438
Content-Type: application/json; charset=utf-8
cache-control: no-cache

06:03:17.935 [AsyncHttpClient-1-2] DEBUG org.asynchttpclient.netty.channel.ChannelManager - Adding key: http://localhost:27420 for channel [id: 0xf9219739, L:/127.0.0.1:51463 - R:localhost/127.0.0.1:27420]
06:03:17.943 [Forwarding getCurrentUrl on session 2cf5151f26810885d723368074bec302 to remote] DEBUG org.asynchttpclient.netty.request.NettyRequestSender - Using pooled Channel '[id: 0xf9219739, L:/127.0.0.1:51463 - R:localhost/127.0.0.1:27420]' for 'GET' to 'http://localhost:27420/session/2cf5151f26810885d723368074bec302/url'
06:03:17.944 [Forwarding getCurrentUrl on session 2cf5151f26810885d723368074bec302 to remote] DEBUG org.asynchttpclient.netty.request.NettyRequestSender - Using open Channel [id: 0xf9219739, L:/127.0.0.1:51463 - R:localhost/127.0.0.1:27420] for GET '/session/2cf5151f26810885d723368074bec302/url'
06:03:17.955 [AsyncHttpClient-1-2] DEBUG org.asynchttpclient.netty.handler.HttpHandler - 

Request DefaultFullHttpRequest(decodeResult: success, version: HTTP/1.1, content: EmptyByteBufBE)
GET /session/2cf5151f26810885d723368074bec302/url HTTP/1.1
User-Agent: selenium/4.8.1 (java windows)
Cache-Control: no-cache
Content-Type: application/json; charset=utf-8
host: localhost:27420
accept: */*

Response DefaultHttpResponse(decodeResult: success, version: HTTP/1.1)
HTTP/1.1 200 OK
Content-Length: 65
Content-Type: application/json; charset=utf-8
cache-control: no-cache

06:03:17.956 [AsyncHttpClient-1-2] DEBUG org.asynchttpclient.netty.channel.ChannelManager - Adding key: http://localhost:27420 for channel [id: 0xf9219739, L:/127.0.0.1:51463 - R:localhost/127.0.0.1:27420]
06:03:17.981 [Forwarding getAlertText on session 2cf5151f26810885d723368074bec302 to remote] DEBUG org.asynchttpclient.netty.request.NettyRequestSender - Using pooled Channel '[id: 0xf9219739, L:/127.0.0.1:51463 - R:localhost/127.0.0.1:27420]' for 'GET' to 'http://localhost:27420/session/2cf5151f26810885d723368074bec302/alert/text'
06:03:17.981 [Forwarding getAlertText on session 2cf5151f26810885d723368074bec302 to remote] DEBUG org.asynchttpclient.netty.request.NettyRequestSender - Using open Channel [id: 0xf9219739, L:/127.0.0.1:51463 - R:localhost/127.0.0.1:27420] for GET '/session/2cf5151f26810885d723368074bec302/alert/text'
06:03:17.985 [AsyncHttpClient-1-2] DEBUG org.asynchttpclient.netty.handler.HttpHandler - 

Request DefaultFullHttpRequest(decodeResult: success, version: HTTP/1.1, content: EmptyByteBufBE)
GET /session/2cf5151f26810885d723368074bec302/alert/text HTTP/1.1
User-Agent: selenium/4.8.1 (java windows)
Cache-Control: no-cache
Content-Type: application/json; charset=utf-8
host: localhost:27420
accept: */*

Response DefaultHttpResponse(decodeResult: success, version: HTTP/1.1)
HTTP/1.1 404 Not Found
Content-Length: 828
Content-Type: application/json; charset=utf-8
cache-control: no-cache

06:03:17.986 [AsyncHttpClient-1-2] DEBUG org.asynchttpclient.netty.channel.ChannelManager - Adding key: http://localhost:27420 for channel [id: 0xf9219739, L:/127.0.0.1:51463 - R:localhost/127.0.0.1:27420]
06:03:17.989 [Forwarding getCurrentUrl on session 2cf5151f26810885d723368074bec302 to remote] DEBUG org.asynchttpclient.netty.request.NettyRequestSender - Using pooled Channel '[id: 0xf9219739, L:/127.0.0.1:51463 - R:localhost/127.0.0.1:27420]' for 'GET' to 'http://localhost:27420/session/2cf5151f26810885d723368074bec302/url'
06:03:17.989 [Forwarding getCurrentUrl on session 2cf5151f26810885d723368074bec302 to remote] DEBUG org.asynchttpclient.netty.request.NettyRequestSender - Using open Channel [id: 0xf9219739, L:/127.0.0.1:51463 - R:localhost/127.0.0.1:27420] for GET '/session/2cf5151f26810885d723368074bec302/url'
06:03:18.004 [AsyncHttpClient-1-2] DEBUG org.asynchttpclient.netty.handler.HttpHandler - 

Request DefaultFullHttpRequest(decodeResult: success, version: HTTP/1.1, content: EmptyByteBufBE)
GET /session/2cf5151f26810885d723368074bec302/url HTTP/1.1
User-Agent: selenium/4.8.1 (java windows)
Cache-Control: no-cache
Content-Type: application/json; charset=utf-8
host: localhost:27420
accept: */*

Response DefaultHttpResponse(decodeResult: success, version: HTTP/1.1)
HTTP/1.1 200 OK
Content-Length: 65
Content-Type: application/json; charset=utf-8
cache-control: no-cache

06:03:18.004 [AsyncHttpClient-1-2] DEBUG org.asynchttpclient.netty.channel.ChannelManager - Adding key: http://localhost:27420 for channel [id: 0xf9219739, L:/127.0.0.1:51463 - R:localhost/127.0.0.1:27420]
06:03:18.006 [Forwarding screenshot on session 2cf5151f26810885d723368074bec302 to remote] DEBUG org.asynchttpclient.netty.request.NettyRequestSender - Using pooled Channel '[id: 0xf9219739, L:/127.0.0.1:51463 - R:localhost/127.0.0.1:27420]' for 'GET' to 'http://localhost:27420/session/2cf5151f26810885d723368074bec302/screenshot'
06:03:18.006 [Forwarding screenshot on session 2cf5151f26810885d723368074bec302 to remote] DEBUG org.asynchttpclient.netty.request.NettyRequestSender - Using open Channel [id: 0xf9219739, L:/127.0.0.1:51463 - R:localhost/127.0.0.1:27420] for GET '/session/2cf5151f26810885d723368074bec302/screenshot'
06:03:18.269 [AsyncHttpClient-1-2] DEBUG org.asynchttpclient.netty.handler.HttpHandler - 

Request DefaultFullHttpRequest(decodeResult: success, version: HTTP/1.1, content: EmptyByteBufBE)
GET /session/2cf5151f26810885d723368074bec302/screenshot HTTP/1.1
User-Agent: selenium/4.8.1 (java windows)
Cache-Control: no-cache
Content-Type: application/json; charset=utf-8
host: localhost:27420
accept: */*

Response DefaultHttpResponse(decodeResult: success, version: HTTP/1.1)
HTTP/1.1 200 OK
Content-Length: 95292
Content-Type: application/json; charset=utf-8
cache-control: no-cache

06:03:18.271 [AsyncHttpClient-1-2] DEBUG org.asynchttpclient.netty.channel.ChannelManager - Adding key: http://localhost:27420 for channel [id: 0xf9219739, L:/127.0.0.1:51463 - R:localhost/127.0.0.1:27420]
06:03:18.276 [main] DEBUG net.serenitybdd.core.photography.Darkroom - Send negative for processing for target\site\serenity\45c4eec2367aa7bec9792ca2bd245d7a3fe44ae8669218140c89414d83152165.png
06:03:18.280 [Forwarding getPageSource on session 2cf5151f26810885d723368074bec302 to remote] DEBUG org.asynchttpclient.netty.request.NettyRequestSender - Using pooled Channel '[id: 0xf9219739, L:/127.0.0.1:51463 - R:localhost/127.0.0.1:27420]' for 'POST' to 'http://localhost:27420/session/2cf5151f26810885d723368074bec302/execute/sync'
06:03:18.280 [Forwarding getPageSource on session 2cf5151f26810885d723368074bec302 to remote] DEBUG org.asynchttpclient.netty.request.NettyRequestSender - Using open Channel [id: 0xf9219739, L:/127.0.0.1:51463 - R:localhost/127.0.0.1:27420] for POST '/session/2cf5151f26810885d723368074bec302/execute/sync'
06:03:18.297 [AsyncHttpClient-1-2] DEBUG org.asynchttpclient.netty.handler.HttpHandler - 

Request DefaultHttpRequest(decodeResult: success, version: HTTP/1.1)
POST /session/2cf5151f26810885d723368074bec302/execute/sync HTTP/1.1
User-Agent: selenium/4.8.1 (java windows)
Content-Length: 176
Content-Type: application/json; charset=utf-8
host: localhost:27420
accept: */*

Response DefaultHttpResponse(decodeResult: success, version: HTTP/1.1)
HTTP/1.1 200 OK
Content-Length: 22438
Content-Type: application/json; charset=utf-8
cache-control: no-cache

06:03:18.297 [AsyncHttpClient-1-2] DEBUG org.asynchttpclient.netty.channel.ChannelManager - Adding key: http://localhost:27420 for channel [id: 0xf9219739, L:/127.0.0.1:51463 - R:localhost/127.0.0.1:27420]
06:03:18.306 [Forwarding getCurrentUrl on session 2cf5151f26810885d723368074bec302 to remote] DEBUG org.asynchttpclient.netty.request.NettyRequestSender - Using pooled Channel '[id: 0xf9219739, L:/127.0.0.1:51463 - R:localhost/127.0.0.1:27420]' for 'GET' to 'http://localhost:27420/session/2cf5151f26810885d723368074bec302/url'
06:03:18.306 [Forwarding getCurrentUrl on session 2cf5151f26810885d723368074bec302 to remote] DEBUG org.asynchttpclient.netty.request.NettyRequestSender - Using open Channel [id: 0xf9219739, L:/127.0.0.1:51463 - R:localhost/127.0.0.1:27420] for GET '/session/2cf5151f26810885d723368074bec302/url'
06:03:18.321 [AsyncHttpClient-1-2] DEBUG org.asynchttpclient.netty.handler.HttpHandler - 

Request DefaultFullHttpRequest(decodeResult: success, version: HTTP/1.1, content: EmptyByteBufBE)
GET /session/2cf5151f26810885d723368074bec302/url HTTP/1.1
User-Agent: selenium/4.8.1 (java windows)
Cache-Control: no-cache
Content-Type: application/json; charset=utf-8
host: localhost:27420
accept: */*

Response DefaultHttpResponse(decodeResult: success, version: HTTP/1.1)
HTTP/1.1 200 OK
Content-Length: 65
Content-Type: application/json; charset=utf-8
cache-control: no-cache

06:03:18.321 [AsyncHttpClient-1-2] DEBUG org.asynchttpclient.netty.channel.ChannelManager - Adding key: http://localhost:27420 for channel [id: 0xf9219739, L:/127.0.0.1:51463 - R:localhost/127.0.0.1:27420]
06:03:18.326 [main] DEBUG net.thucydides.core.steps.StepInterceptor - STARTING STEP: UserSteps.chooseNewest - clickNewest
06:03:18.338 [Forwarding getAlertText on session 2cf5151f26810885d723368074bec302 to remote] DEBUG org.asynchttpclient.netty.request.NettyRequestSender - Using pooled Channel '[id: 0xf9219739, L:/127.0.0.1:51463 - R:localhost/127.0.0.1:27420]' for 'GET' to 'http://localhost:27420/session/2cf5151f26810885d723368074bec302/alert/text'
06:03:18.338 [Forwarding getAlertText on session 2cf5151f26810885d723368074bec302 to remote] DEBUG org.asynchttpclient.netty.request.NettyRequestSender - Using open Channel [id: 0xf9219739, L:/127.0.0.1:51463 - R:localhost/127.0.0.1:27420] for GET '/session/2cf5151f26810885d723368074bec302/alert/text'
06:03:18.342 [AsyncHttpClient-1-2] DEBUG org.asynchttpclient.netty.handler.HttpHandler - 

Request DefaultFullHttpRequest(decodeResult: success, version: HTTP/1.1, content: EmptyByteBufBE)
GET /session/2cf5151f26810885d723368074bec302/alert/text HTTP/1.1
User-Agent: selenium/4.8.1 (java windows)
Cache-Control: no-cache
Content-Type: application/json; charset=utf-8
host: localhost:27420
accept: */*

Response DefaultHttpResponse(decodeResult: success, version: HTTP/1.1)
HTTP/1.1 404 Not Found
Content-Length: 828
Content-Type: application/json; charset=utf-8
cache-control: no-cache

06:03:18.342 [AsyncHttpClient-1-2] DEBUG org.asynchttpclient.netty.channel.ChannelManager - Adding key: http://localhost:27420 for channel [id: 0xf9219739, L:/127.0.0.1:51463 - R:localhost/127.0.0.1:27420]
06:03:18.345 [Forwarding getCurrentUrl on session 2cf5151f26810885d723368074bec302 to remote] DEBUG org.asynchttpclient.netty.request.NettyRequestSender - Using pooled Channel '[id: 0xf9219739, L:/127.0.0.1:51463 - R:localhost/127.0.0.1:27420]' for 'GET' to 'http://localhost:27420/session/2cf5151f26810885d723368074bec302/url'
06:03:18.346 [Forwarding getCurrentUrl on session 2cf5151f26810885d723368074bec302 to remote] DEBUG org.asynchttpclient.netty.request.NettyRequestSender - Using open Channel [id: 0xf9219739, L:/127.0.0.1:51463 - R:localhost/127.0.0.1:27420] for GET '/session/2cf5151f26810885d723368074bec302/url'
06:03:18.362 [AsyncHttpClient-1-2] DEBUG org.asynchttpclient.netty.handler.HttpHandler - 

Request DefaultFullHttpRequest(decodeResult: success, version: HTTP/1.1, content: EmptyByteBufBE)
GET /session/2cf5151f26810885d723368074bec302/url HTTP/1.1
User-Agent: selenium/4.8.1 (java windows)
Cache-Control: no-cache
Content-Type: application/json; charset=utf-8
host: localhost:27420
accept: */*

Response DefaultHttpResponse(decodeResult: success, version: HTTP/1.1)
HTTP/1.1 200 OK
Content-Length: 65
Content-Type: application/json; charset=utf-8
cache-control: no-cache

06:03:18.363 [AsyncHttpClient-1-2] DEBUG org.asynchttpclient.netty.channel.ChannelManager - Adding key: http://localhost:27420 for channel [id: 0xf9219739, L:/127.0.0.1:51463 - R:localhost/127.0.0.1:27420]
06:03:18.365 [Forwarding screenshot on session 2cf5151f26810885d723368074bec302 to remote] DEBUG org.asynchttpclient.netty.request.NettyRequestSender - Using pooled Channel '[id: 0xf9219739, L:/127.0.0.1:51463 - R:localhost/127.0.0.1:27420]' for 'GET' to 'http://localhost:27420/session/2cf5151f26810885d723368074bec302/screenshot'
06:03:18.365 [Forwarding screenshot on session 2cf5151f26810885d723368074bec302 to remote] DEBUG org.asynchttpclient.netty.request.NettyRequestSender - Using open Channel [id: 0xf9219739, L:/127.0.0.1:51463 - R:localhost/127.0.0.1:27420] for GET '/session/2cf5151f26810885d723368074bec302/screenshot'
06:03:18.663 [AsyncHttpClient-1-2] DEBUG org.asynchttpclient.netty.handler.HttpHandler - 

Request DefaultFullHttpRequest(decodeResult: success, version: HTTP/1.1, content: EmptyByteBufBE)
GET /session/2cf5151f26810885d723368074bec302/screenshot HTTP/1.1
User-Agent: selenium/4.8.1 (java windows)
Cache-Control: no-cache
Content-Type: application/json; charset=utf-8
host: localhost:27420
accept: */*

Response DefaultHttpResponse(decodeResult: success, version: HTTP/1.1)
HTTP/1.1 200 OK
Content-Length: 95292
Content-Type: application/json; charset=utf-8
cache-control: no-cache

06:03:18.665 [AsyncHttpClient-1-2] DEBUG org.asynchttpclient.netty.channel.ChannelManager - Adding key: http://localhost:27420 for channel [id: 0xf9219739, L:/127.0.0.1:51463 - R:localhost/127.0.0.1:27420]
06:03:18.672 [main] DEBUG net.serenitybdd.core.photography.Darkroom - Send negative for processing for target\site\serenity\45c4eec2367aa7bec9792ca2bd245d7a3fe44ae8669218140c89414d83152165.png
06:03:18.673 [main] DEBUG net.thucydides.core.steps.StepInterceptor - STEP DONE: clickNewest
  &amp#27;[32mAnd &amp#27;[0m&amp#27;[32mI choose newest&amp#27;[0m                                &amp#27;[90m# starter.stepdefinitions.UserSteps.chooseNewest()&amp#27;[0m
06:03:18.695 [Forwarding getPageSource on session 2cf5151f26810885d723368074bec302 to remote] DEBUG org.asynchttpclient.netty.request.NettyRequestSender - Using pooled Channel '[id: 0xf9219739, L:/127.0.0.1:51463 - R:localhost/127.0.0.1:27420]' for 'POST' to 'http://localhost:27420/session/2cf5151f26810885d723368074bec302/execute/sync'
06:03:18.695 [Forwarding getPageSource on session 2cf5151f26810885d723368074bec302 to remote] DEBUG org.asynchttpclient.netty.request.NettyRequestSender - Using open Channel [id: 0xf9219739, L:/127.0.0.1:51463 - R:localhost/127.0.0.1:27420] for POST '/session/2cf5151f26810885d723368074bec302/execute/sync'
06:03:18.716 [AsyncHttpClient-1-2] DEBUG org.asynchttpclient.netty.handler.HttpHandler - 

Request DefaultHttpRequest(decodeResult: success, version: HTTP/1.1)
POST /session/2cf5151f26810885d723368074bec302/execute/sync HTTP/1.1
User-Agent: selenium/4.8.1 (java windows)
Content-Length: 176
Content-Type: application/json; charset=utf-8
host: localhost:27420
accept: */*

Response DefaultHttpResponse(decodeResult: success, version: HTTP/1.1)
HTTP/1.1 200 OK
Content-Length: 22438
Content-Type: application/json; charset=utf-8
cache-control: no-cache

06:03:18.717 [AsyncHttpClient-1-2] DEBUG org.asynchttpclient.netty.channel.ChannelManager - Adding key: http://localhost:27420 for channel [id: 0xf9219739, L:/127.0.0.1:51463 - R:localhost/127.0.0.1:27420]
06:03:18.726 [Forwarding getCurrentUrl on session 2cf5151f26810885d723368074bec302 to remote] DEBUG org.asynchttpclient.netty.request.NettyRequestSender - Using pooled Channel '[id: 0xf9219739, L:/127.0.0.1:51463 - R:localhost/127.0.0.1:27420]' for 'GET' to 'http://localhost:27420/session/2cf5151f26810885d723368074bec302/url'
06:03:18.726 [Forwarding getCurrentUrl on session 2cf5151f26810885d723368074bec302 to remote] DEBUG org.asynchttpclient.netty.request.NettyRequestSender - Using open Channel [id: 0xf9219739, L:/127.0.0.1:51463 - R:localhost/127.0.0.1:27420] for GET '/session/2cf5151f26810885d723368074bec302/url'
06:03:18.743 [AsyncHttpClient-1-2] DEBUG org.asynchttpclient.netty.handler.HttpHandler - 

Request DefaultFullHttpRequest(decodeResult: success, version: HTTP/1.1, content: EmptyByteBufBE)
GET /session/2cf5151f26810885d723368074bec302/url HTTP/1.1
User-Agent: selenium/4.8.1 (java windows)
Cache-Control: no-cache
Content-Type: application/json; charset=utf-8
host: localhost:27420
accept: */*

Response DefaultHttpResponse(decodeResult: success, version: HTTP/1.1)
HTTP/1.1 200 OK
Content-Length: 65
Content-Type: application/json; charset=utf-8
cache-control: no-cache

06:03:18.743 [AsyncHttpClient-1-2] DEBUG org.asynchttpclient.netty.channel.ChannelManager - Adding key: http://localhost:27420 for channel [id: 0xf9219739, L:/127.0.0.1:51463 - R:localhost/127.0.0.1:27420]
  &amp#27;[32mThen &amp#27;[0m&amp#27;[32mI can filter user sort by newest&amp#27;[0m              &amp#27;[90m# starter.stepdefinitions.UserSteps.filterUserSortByNewest()&amp#27;[0m
06:03:18.765 [Forwarding getAlertText on session 2cf5151f26810885d723368074bec302 to remote] DEBUG org.asynchttpclient.netty.request.NettyRequestSender - Using pooled Channel '[id: 0xf9219739, L:/127.0.0.1:51463 - R:localhost/127.0.0.1:27420]' for 'GET' to 'http://localhost:27420/session/2cf5151f26810885d723368074bec302/alert/text'
06:03:18.765 [Forwarding getAlertText on session 2cf5151f26810885d723368074bec302 to remote] DEBUG org.asynchttpclient.netty.request.NettyRequestSender - Using open Channel [id: 0xf9219739, L:/127.0.0.1:51463 - R:localhost/127.0.0.1:27420] for GET '/session/2cf5151f26810885d723368074bec302/alert/text'
06:03:18.769 [AsyncHttpClient-1-2] DEBUG org.asynchttpclient.netty.handler.HttpHandler - 

Request DefaultFullHttpRequest(decodeResult: success, version: HTTP/1.1, content: EmptyByteBufBE)
GET /session/2cf5151f26810885d723368074bec302/alert/text HTTP/1.1
User-Agent: selenium/4.8.1 (java windows)
Cache-Control: no-cache
Content-Type: application/json; charset=utf-8
host: localhost:27420
accept: */*

Response DefaultHttpResponse(decodeResult: success, version: HTTP/1.1)
HTTP/1.1 404 Not Found
Content-Length: 828
Content-Type: application/json; charset=utf-8
cache-control: no-cache

06:03:18.770 [AsyncHttpClient-1-2] DEBUG org.asynchttpclient.netty.channel.ChannelManager - Adding key: http://localhost:27420 for channel [id: 0xf9219739, L:/127.0.0.1:51463 - R:localhost/127.0.0.1:27420]
06:03:18.773 [Forwarding getCurrentUrl on session 2cf5151f26810885d723368074bec302 to remote] DEBUG org.asynchttpclient.netty.request.NettyRequestSender - Using pooled Channel '[id: 0xf9219739, L:/127.0.0.1:51463 - R:localhost/127.0.0.1:27420]' for 'GET' to 'http://localhost:27420/session/2cf5151f26810885d723368074bec302/url'
06:03:18.773 [Forwarding getCurrentUrl on session 2cf5151f26810885d723368074bec302 to remote] DEBUG org.asynchttpclient.netty.request.NettyRequestSender - Using open Channel [id: 0xf9219739, L:/127.0.0.1:51463 - R:localhost/127.0.0.1:27420] for GET '/session/2cf5151f26810885d723368074bec302/url'
06:03:18.786 [AsyncHttpClient-1-2] DEBUG org.asynchttpclient.netty.handler.HttpHandler - 

Request DefaultFullHttpRequest(decodeResult: success, version: HTTP/1.1, content: EmptyByteBufBE)
GET /session/2cf5151f26810885d723368074bec302/url HTTP/1.1
User-Agent: selenium/4.8.1 (java windows)
Cache-Control: no-cache
Content-Type: application/json; charset=utf-8
host: localhost:27420
accept: */*

Response DefaultHttpResponse(decodeResult: success, version: HTTP/1.1)
HTTP/1.1 200 OK
Content-Length: 65
Content-Type: application/json; charset=utf-8
cache-control: no-cache

06:03:18.787 [AsyncHttpClient-1-2] DEBUG org.asynchttpclient.netty.channel.ChannelManager - Adding key: http://localhost:27420 for channel [id: 0xf9219739, L:/127.0.0.1:51463 - R:localhost/127.0.0.1:27420]
06:03:18.789 [Forwarding screenshot on session 2cf5151f26810885d723368074bec302 to remote] DEBUG org.asynchttpclient.netty.request.NettyRequestSender - Using pooled Channel '[id: 0xf9219739, L:/127.0.0.1:51463 - R:localhost/127.0.0.1:27420]' for 'GET' to 'http://localhost:27420/session/2cf5151f26810885d723368074bec302/screenshot'
06:03:18.789 [Forwarding screenshot on session 2cf5151f26810885d723368074bec302 to remote] DEBUG org.asynchttpclient.netty.request.NettyRequestSender - Using open Channel [id: 0xf9219739, L:/127.0.0.1:51463 - R:localhost/127.0.0.1:27420] for GET '/session/2cf5151f26810885d723368074bec302/screenshot'
06:03:18.826 [AsyncHttpClient-1-1] DEBUG org.asynchttpclient.netty.channel.DefaultChannelPool - Entry count for : http://localhost:51465 : 1
06:03:19.040 [AsyncHttpClient-1-2] DEBUG org.asynchttpclient.netty.handler.HttpHandler - 

Request DefaultFullHttpRequest(decodeResult: success, version: HTTP/1.1, content: EmptyByteBufBE)
GET /session/2cf5151f26810885d723368074bec302/screenshot HTTP/1.1
User-Agent: selenium/4.8.1 (java windows)
Cache-Control: no-cache
Content-Type: application/json; charset=utf-8
host: localhost:27420
accept: */*

Response DefaultHttpResponse(decodeResult: success, version: HTTP/1.1)
HTTP/1.1 200 OK
Content-Length: 95292
Content-Type: application/json; charset=utf-8
cache-control: no-cache

06:03:19.041 [AsyncHttpClient-1-2] DEBUG org.asynchttpclient.netty.channel.ChannelManager - Adding key: http://localhost:27420 for channel [id: 0xf9219739, L:/127.0.0.1:51463 - R:localhost/127.0.0.1:27420]
06:03:19.046 [main] DEBUG net.serenitybdd.core.photography.Darkroom - Send negative for processing for target\site\serenity\45c4eec2367aa7bec9792ca2bd245d7a3fe44ae8669218140c89414d83152165.png
06:03:19.059 [main] INFO  - 
  _____   ___   ___   _____     ___     _     ___   ___   ___   ___  
 |_   _| | __| / __| |_   _|   | _ \   /_\   / __| / __| | __| |   \ 
   | |   | _|  \__ \   | |     |  _/  / _ \  \__ \ \__ \ | _|  | |) |
   |_|   |___| |___/   |_|     |_|   /_/ \_\ |___/ |___/ |___| |___/ 

As Admin, I can filter user sort by newest
----------------------------------------------------------------------
06:03:19.196 [Driver Command Executor] DEBUG org.asynchttpclient.netty.request.NettyRequestSender - Using pooled Channel '[id: 0xf9219739, L:/127.0.0.1:51463 - R:localhost/127.0.0.1:27420]' for 'DELETE' to 'http://localhost:27420/session/2cf5151f26810885d723368074bec302'
06:03:19.197 [Driver Command Executor] DEBUG org.asynchttpclient.netty.request.NettyRequestSender - Using open Channel [id: 0xf9219739, L:/127.0.0.1:51463 - R:localhost/127.0.0.1:27420] for DELETE '/session/2cf5151f26810885d723368074bec302'
06:03:19.370 [AsyncHttpClient-1-3] DEBUG org.asynchttpclient.netty.handler.HttpHandler - Unexpected I/O exception on channel [id: 0xd00532b7, L:/127.0.0.1:51473 - R:localhost/127.0.0.1:51465]
java.io.IOException: An existing connection was forcibly closed by the remote host
	at java.base/sun.nio.ch.SocketDispatcher.read0(Native Method)
	at java.base/sun.nio.ch.SocketDispatcher.read(SocketDispatcher.java:43)
	at java.base/sun.nio.ch.IOUtil.readIntoNativeBuffer(IOUtil.java:276)
	at java.base/sun.nio.ch.IOUtil.read(IOUtil.java:233)
	at java.base/sun.nio.ch.IOUtil.read(IOUtil.java:223)
	at java.base/sun.nio.ch.SocketChannelImpl.read(SocketChannelImpl.java:356)
	at io.netty.buffer.PooledByteBuf.setBytes(PooledByteBuf.java:259)
	at io.netty.buffer.AbstractByteBuf.writeBytes(AbstractByteBuf.java:1132)
	at io.netty.channel.socket.nio.NioSocketChannel.doReadBytes(NioSocketChannel.java:357)
	at io.netty.channel.nio.AbstractNioByteChannel$NioByteUnsafe.read(AbstractNioByteChannel.java:151)
	at io.netty.channel.nio.NioEventLoop.processSelectedKey(NioEventLoop.java:788)
	at io.netty.channel.nio.NioEventLoop.processSelectedKeysOptimized(NioEventLoop.java:724)
	at io.netty.channel.nio.NioEventLoop.processSelectedKeys(NioEventLoop.java:650)
	at io.netty.channel.nio.NioEventLoop.run(NioEventLoop.java:562)
	at io.netty.util.concurrent.SingleThreadEventExecutor$4.run(SingleThreadEventExecutor.java:997)
	at io.netty.util.internal.ThreadExecutorMap$2.run(ThreadExecutorMap.java:74)
	at io.netty.util.concurrent.FastThreadLocalRunnable.run(FastThreadLocalRunnable.java:30)
	at java.base/java.lang.Thread.run(Thread.java:829)
06:03:19.371 [AsyncHttpClient-1-3] DEBUG org.asynchttpclient.netty.channel.ChannelManager - Closing Channel [id: 0xd00532b7, L:/127.0.0.1:51473 - R:localhost/127.0.0.1:51465] 
06:03:19.369 [AsyncHttpClient-1-4] DEBUG org.asynchttpclient.netty.handler.WebSocketHandler - Unexpected I/O exception on channel [id: 0x6c4fc173, L:/127.0.0.1:51474 - R:localhost/127.0.0.1:51465]
java.io.IOException: An existing connection was forcibly closed by the remote host
	at java.base/sun.nio.ch.SocketDispatcher.read0(Native Method)
	at java.base/sun.nio.ch.SocketDispatcher.read(SocketDispatcher.java:43)
	at java.base/sun.nio.ch.IOUtil.readIntoNativeBuffer(IOUtil.java:276)
	at java.base/sun.nio.ch.IOUtil.read(IOUtil.java:233)
	at java.base/sun.nio.ch.IOUtil.read(IOUtil.java:223)
	at java.base/sun.nio.ch.SocketChannelImpl.read(SocketChannelImpl.java:356)
	at io.netty.buffer.PooledByteBuf.setBytes(PooledByteBuf.java:259)
	at io.netty.buffer.AbstractByteBuf.writeBytes(AbstractByteBuf.java:1132)
	at io.netty.channel.socket.nio.NioSocketChannel.doReadBytes(NioSocketChannel.java:357)
	at io.netty.channel.nio.AbstractNioByteChannel$NioByteUnsafe.read(AbstractNioByteChannel.java:151)
	at io.netty.channel.nio.NioEventLoop.processSelectedKey(NioEventLoop.java:788)
	at io.netty.channel.nio.NioEventLoop.processSelectedKeysOptimized(NioEventLoop.java:724)
	at io.netty.channel.nio.NioEventLoop.processSelectedKeys(NioEventLoop.java:650)
	at io.netty.channel.nio.NioEventLoop.run(NioEventLoop.java:562)
	at io.netty.util.concurrent.SingleThreadEventExecutor$4.run(SingleThreadEventExecutor.java:997)
	at io.netty.util.internal.ThreadExecutorMap$2.run(ThreadExecutorMap.java:74)
	at io.netty.util.concurrent.FastThreadLocalRunnable.run(FastThreadLocalRunnable.java:30)
	at java.base/java.lang.Thread.run(Thread.java:829)
06:03:19.373 [AsyncHttpClient-1-4] DEBUG org.asynchttpclient.netty.handler.WebSocketHandler - Trying to recover from dead Channel: [id: 0x6c4fc173, L:/127.0.0.1:51474 - R:localhost/127.0.0.1:51465]
06:03:19.374 [AsyncHttpClient-1-4] DEBUG org.asynchttpclient.netty.handler.WebSocketHandler - Channel Closed: [id: 0x6c4fc173, L:/127.0.0.1:51474 ! R:localhost/127.0.0.1:51465] with attribute NettyResponseFuture{currentRetry=0,
	isDone=1,
	isCancelled=0,
	asyncHandler=org.asynchttpclient.ws.WebSocketUpgradeHandler@d1b8a4f,
	nettyRequest=org.asynchttpclient.netty.request.NettyRequest@627f03c5,
	future=java.util.concurrent.CompletableFuture@11c22f38[Completed normally],
	uri=ws://localhost:51465/devtools/browser/e3330292-4f86-4fa4-818e-cb2214c5cc0e,
	keepAlive=true,
	redirectCount=0,
	timeoutsHolder=null,
	inAuth=0,
	touch=1687647799371}
06:03:19.376 [AsyncHttpClient-1-4] DEBUG org.asynchttpclient.netty.channel.ChannelManager - Closing Channel [id: 0x6c4fc173, L:/127.0.0.1:51474 ! R:localhost/127.0.0.1:51465] 
06:03:19.377 [AsyncHttpClient-1-3] DEBUG org.asynchttpclient.netty.handler.HttpHandler - Channel Closed: [id: 0xd00532b7, L:/127.0.0.1:51473 ! R:localhost/127.0.0.1:51465] with attribute DISCARD
06:03:19.415 [AsyncHttpClient-1-2] DEBUG org.asynchttpclient.netty.handler.HttpHandler - 

Request DefaultFullHttpRequest(decodeResult: success, version: HTTP/1.1, content: EmptyByteBufBE)
DELETE /session/2cf5151f26810885d723368074bec302 HTTP/1.1
User-Agent: selenium/4.8.1 (java windows)
Content-Type: application/json; charset=utf-8
host: localhost:27420
accept: */*

Response DefaultHttpResponse(decodeResult: success, version: HTTP/1.1)
HTTP/1.1 200 OK
Content-Length: 14
Content-Type: application/json; charset=utf-8
cache-control: no-cache

06:03:19.415 [AsyncHttpClient-1-2] DEBUG org.asynchttpclient.netty.channel.ChannelManager - Adding key: http://localhost:27420 for channel [id: 0xf9219739, L:/127.0.0.1:51463 - R:localhost/127.0.0.1:27420]
06:03:19.646 [AsyncHttpClient-1-2] DEBUG org.asynchttpclient.netty.handler.HttpHandler - Channel Closed: [id: 0xf9219739, L:/127.0.0.1:51463 ! R:localhost/127.0.0.1:27420] with attribute DISCARD
06:03:19.919 [AsyncHttpClient-1-1] DEBUG org.asynchttpclient.netty.channel.DefaultChannelPool - Entry count for : http://localhost:27420 : 1
06:03:19.919 [AsyncHttpClient-1-1] DEBUG org.asynchttpclient.netty.channel.DefaultChannelPool - Entry count for : http://localhost:51465 : 1
06:03:19.919 [AsyncHttpClient-1-1] DEBUG org.asynchttpclient.netty.channel.DefaultChannelPool - Adding Candidate expired Channel [id: 0xf9219739, L:/127.0.0.1:51463 ! R:localhost/127.0.0.1:27420] isIdleTimeoutExpired=false isRemotelyClosed=true isTtlExpired=false
06:03:19.919 [AsyncHttpClient-1-1] DEBUG org.asynchttpclient.netty.channel.DefaultChannelPool - Closing Idle Channel [id: 0xf9219739, L:/127.0.0.1:51463 ! R:localhost/127.0.0.1:27420]
06:03:19.920 [AsyncHttpClient-1-1] DEBUG org.asynchttpclient.netty.channel.DefaultChannelPool - Adding Candidate expired Channel [id: 0xd00532b7, L:/127.0.0.1:51473 ! R:localhost/127.0.0.1:51465] isIdleTimeoutExpired=false isRemotelyClosed=true isTtlExpired=false
06:03:19.920 [AsyncHttpClient-1-1] DEBUG org.asynchttpclient.netty.channel.DefaultChannelPool - Closing Idle Channel [id: 0xd00532b7, L:/127.0.0.1:51473 ! R:localhost/127.0.0.1:51465]
06:03:19.921 [AsyncHttpClient-1-1] DEBUG org.asynchttpclient.netty.channel.DefaultChannelPool - Closed 2 connections out of 2 in 1 ms
]]></system-out>
    <system-err><![CDATA[Starting ChromeDriver 114.0.5735.90 (386bc09e8f4f2e025eddae123f36f6263096ae49-refs/branch-heads/5735@{#1052}) on port 27420
Only local connections are allowed.
Please see https://chromedriver.chromium.org/security-considerations for suggestions on keeping ChromeDriver safe.
ChromeDriver was started successfully.
Jun 25, 2023 6:03:01 AM org.openqa.selenium.devtools.CdpVersionFinder findNearestMatch
WARNING: Unable to find an exact match for CDP version 114, so returning the closest version found: 110
]]></system-err>
  </testcase>
</testsuite>